{"timestamp":"2026-02-09T20:20:09.006133","level":"info","event":"Filling up the DagBag from /opt/airflow/dags/27.Pipeline.py","logger":"airflow.models.dagbag.DagBag"}
{"timestamp":"2026-02-09T20:21:46.195860","level":"info","event":"Filling up the DagBag from /opt/airflow/dags/27.Pipeline.py","logger":"airflow.models.dagbag.DagBag"}
{"timestamp":"2026-02-09T20:21:52.088162","level":"info","event":"Filling up the DagBag from /opt/airflow/dags/27.Pipeline.py","logger":"airflow.models.dagbag.DagBag"}
{"timestamp":"2026-02-09T20:21:57.850189","level":"info","event":"Filling up the DagBag from /opt/airflow/dags/27.Pipeline.py","logger":"airflow.models.dagbag.DagBag"}
{"timestamp":"2026-02-09T20:22:04.046257","level":"info","event":"Filling up the DagBag from /opt/airflow/dags/27.Pipeline.py","logger":"airflow.models.dagbag.DagBag"}
{"timestamp":"2026-02-09T20:22:09.640307","level":"info","event":"Filling up the DagBag from /opt/airflow/dags/27.Pipeline.py","logger":"airflow.models.dagbag.DagBag"}
{"timestamp":"2026-02-09T20:22:15.834188","level":"info","event":"Filling up the DagBag from /opt/airflow/dags/27.Pipeline.py","logger":"airflow.models.dagbag.DagBag"}
{"timestamp":"2026-02-09T20:22:21.733329","level":"info","event":"Filling up the DagBag from /opt/airflow/dags/27.Pipeline.py","logger":"airflow.models.dagbag.DagBag"}
{"timestamp":"2026-02-09T20:22:27.194971","level":"info","event":"Filling up the DagBag from /opt/airflow/dags/27.Pipeline.py","logger":"airflow.models.dagbag.DagBag"}
{"timestamp":"2026-02-09T20:22:32.775691","level":"info","event":"Filling up the DagBag from /opt/airflow/dags/27.Pipeline.py","logger":"airflow.models.dagbag.DagBag"}
{"timestamp":"2026-02-09T20:22:38.339474","level":"info","event":"Filling up the DagBag from /opt/airflow/dags/27.Pipeline.py","logger":"airflow.models.dagbag.DagBag"}
{"timestamp":"2026-02-09T20:22:43.854675","level":"info","event":"Filling up the DagBag from /opt/airflow/dags/27.Pipeline.py","logger":"airflow.models.dagbag.DagBag"}
{"timestamp":"2026-02-09T20:22:49.595220","level":"info","event":"Filling up the DagBag from /opt/airflow/dags/27.Pipeline.py","logger":"airflow.models.dagbag.DagBag"}
{"timestamp":"2026-02-09T20:22:55.505569","level":"info","event":"Filling up the DagBag from /opt/airflow/dags/27.Pipeline.py","logger":"airflow.models.dagbag.DagBag"}
{"timestamp":"2026-02-09T20:27:10.370812","level":"info","event":"Filling up the DagBag from /opt/airflow/dags/27.Pipeline.py","logger":"airflow.models.dagbag.DagBag"}
{"timestamp":"2026-02-09T20:27:16.831821","level":"info","event":"Filling up the DagBag from /opt/airflow/dags/27.Pipeline.py","logger":"airflow.models.dagbag.DagBag"}
{"timestamp":"2026-02-09T20:27:22.702865","level":"info","event":"Filling up the DagBag from /opt/airflow/dags/27.Pipeline.py","logger":"airflow.models.dagbag.DagBag"}
{"timestamp":"2026-02-09T20:27:28.308875","level":"info","event":"Filling up the DagBag from /opt/airflow/dags/27.Pipeline.py","logger":"airflow.models.dagbag.DagBag"}
{"timestamp":"2026-02-09T20:27:37.519802","level":"info","event":"Filling up the DagBag from /opt/airflow/dags/27.Pipeline.py","logger":"airflow.models.dagbag.DagBag"}
{"timestamp":"2026-02-09T20:27:46.893254","level":"info","event":"Filling up the DagBag from /opt/airflow/dags/27.Pipeline.py","logger":"airflow.models.dagbag.DagBag"}
{"timestamp":"2026-02-09T20:27:52.608206","level":"info","event":"Filling up the DagBag from /opt/airflow/dags/27.Pipeline.py","logger":"airflow.models.dagbag.DagBag"}
{"timestamp":"2026-02-09T20:27:59.257597","level":"info","event":"Filling up the DagBag from /opt/airflow/dags/27.Pipeline.py","logger":"airflow.models.dagbag.DagBag"}
{"timestamp":"2026-02-09T20:28:05.470092","level":"info","event":"Filling up the DagBag from /opt/airflow/dags/27.Pipeline.py","logger":"airflow.models.dagbag.DagBag"}
{"timestamp":"2026-02-09T20:28:12.768893","level":"info","event":"Filling up the DagBag from /opt/airflow/dags/27.Pipeline.py","logger":"airflow.models.dagbag.DagBag"}
{"timestamp":"2026-02-09T20:28:19.414185","level":"info","event":"Filling up the DagBag from /opt/airflow/dags/27.Pipeline.py","logger":"airflow.models.dagbag.DagBag"}
{"timestamp":"2026-02-09T20:28:25.913810","level":"info","event":"Filling up the DagBag from /opt/airflow/dags/27.Pipeline.py","logger":"airflow.models.dagbag.DagBag"}
{"timestamp":"2026-02-09T20:28:31.441722","level":"info","event":"Filling up the DagBag from /opt/airflow/dags/27.Pipeline.py","logger":"airflow.models.dagbag.DagBag"}
{"timestamp":"2026-02-09T20:28:36.992983","level":"info","event":"Filling up the DagBag from /opt/airflow/dags/27.Pipeline.py","logger":"airflow.models.dagbag.DagBag"}
{"timestamp":"2026-02-09T20:28:42.967012","level":"info","event":"Filling up the DagBag from /opt/airflow/dags/27.Pipeline.py","logger":"airflow.models.dagbag.DagBag"}
{"timestamp":"2026-02-09T20:28:56.016425","level":"info","event":"Filling up the DagBag from /opt/airflow/dags/27.Pipeline.py","logger":"airflow.models.dagbag.DagBag"}
{"timestamp":"2026-02-09T20:29:02.540262","level":"info","event":"Filling up the DagBag from /opt/airflow/dags/27.Pipeline.py","logger":"airflow.models.dagbag.DagBag"}
{"timestamp":"2026-02-09T20:29:17.519553","level":"info","event":"Filling up the DagBag from /opt/airflow/dags/27.Pipeline.py","logger":"airflow.models.dagbag.DagBag"}
{"timestamp":"2026-02-09T20:29:33.826395","level":"info","event":"Filling up the DagBag from /opt/airflow/dags/27.Pipeline.py","logger":"airflow.models.dagbag.DagBag"}
{"timestamp":"2026-02-09T20:29:46.455444","level":"info","event":"Filling up the DagBag from /opt/airflow/dags/27.Pipeline.py","logger":"airflow.models.dagbag.DagBag"}
{"timestamp":"2026-02-09T20:29:56.086782","level":"info","event":"Filling up the DagBag from /opt/airflow/dags/27.Pipeline.py","logger":"airflow.models.dagbag.DagBag"}
{"timestamp":"2026-02-09T20:30:03.487416","level":"info","event":"Filling up the DagBag from /opt/airflow/dags/27.Pipeline.py","logger":"airflow.models.dagbag.DagBag"}
{"timestamp":"2026-02-09T20:30:09.095467","level":"info","event":"Filling up the DagBag from /opt/airflow/dags/27.Pipeline.py","logger":"airflow.models.dagbag.DagBag"}
{"timestamp":"2026-02-09T20:30:15.535619","level":"info","event":"Filling up the DagBag from /opt/airflow/dags/27.Pipeline.py","logger":"airflow.models.dagbag.DagBag"}
{"timestamp":"2026-02-09T20:30:21.346266","level":"info","event":"Filling up the DagBag from /opt/airflow/dags/27.Pipeline.py","logger":"airflow.models.dagbag.DagBag"}
{"timestamp":"2026-02-09T20:30:27.197883","level":"info","event":"Filling up the DagBag from /opt/airflow/dags/27.Pipeline.py","logger":"airflow.models.dagbag.DagBag"}
{"timestamp":"2026-02-09T20:30:33.215382","level":"info","event":"Filling up the DagBag from /opt/airflow/dags/27.Pipeline.py","logger":"airflow.models.dagbag.DagBag"}
{"timestamp":"2026-02-09T20:30:38.899542","level":"info","event":"Filling up the DagBag from /opt/airflow/dags/27.Pipeline.py","logger":"airflow.models.dagbag.DagBag"}
{"timestamp":"2026-02-09T20:30:44.587433","level":"info","event":"Filling up the DagBag from /opt/airflow/dags/27.Pipeline.py","logger":"airflow.models.dagbag.DagBag"}
{"timestamp":"2026-02-09T20:30:50.252857","level":"info","event":"Filling up the DagBag from /opt/airflow/dags/27.Pipeline.py","logger":"airflow.models.dagbag.DagBag"}
{"timestamp":"2026-02-09T20:30:56.799373","level":"info","event":"Filling up the DagBag from /opt/airflow/dags/27.Pipeline.py","logger":"airflow.models.dagbag.DagBag"}
{"timestamp":"2026-02-09T20:31:04.331519","level":"info","event":"Filling up the DagBag from /opt/airflow/dags/27.Pipeline.py","logger":"airflow.models.dagbag.DagBag"}
{"timestamp":"2026-02-09T20:31:10.638818","level":"info","event":"Filling up the DagBag from /opt/airflow/dags/27.Pipeline.py","logger":"airflow.models.dagbag.DagBag"}
{"timestamp":"2026-02-09T20:31:16.977040","level":"info","event":"Filling up the DagBag from /opt/airflow/dags/27.Pipeline.py","logger":"airflow.models.dagbag.DagBag"}
{"timestamp":"2026-02-09T20:31:22.727318","level":"info","event":"Filling up the DagBag from /opt/airflow/dags/27.Pipeline.py","logger":"airflow.models.dagbag.DagBag"}
{"timestamp":"2026-02-09T20:31:29.106380","level":"info","event":"Filling up the DagBag from /opt/airflow/dags/27.Pipeline.py","logger":"airflow.models.dagbag.DagBag"}
{"timestamp":"2026-02-09T20:31:35.433463","level":"info","event":"Filling up the DagBag from /opt/airflow/dags/27.Pipeline.py","logger":"airflow.models.dagbag.DagBag"}
{"timestamp":"2026-02-09T20:31:42.244485","level":"info","event":"Filling up the DagBag from /opt/airflow/dags/27.Pipeline.py","logger":"airflow.models.dagbag.DagBag"}
{"timestamp":"2026-02-09T20:31:48.298962","level":"info","event":"Filling up the DagBag from /opt/airflow/dags/27.Pipeline.py","logger":"airflow.models.dagbag.DagBag"}
{"timestamp":"2026-02-09T20:31:53.769408","level":"info","event":"Filling up the DagBag from /opt/airflow/dags/27.Pipeline.py","logger":"airflow.models.dagbag.DagBag"}
{"timestamp":"2026-02-09T20:31:59.696315","level":"info","event":"Filling up the DagBag from /opt/airflow/dags/27.Pipeline.py","logger":"airflow.models.dagbag.DagBag"}
{"timestamp":"2026-02-09T20:32:06.312197","level":"info","event":"Filling up the DagBag from /opt/airflow/dags/27.Pipeline.py","logger":"airflow.models.dagbag.DagBag"}
{"timestamp":"2026-02-09T20:32:11.668778","level":"info","event":"Filling up the DagBag from /opt/airflow/dags/27.Pipeline.py","logger":"airflow.models.dagbag.DagBag"}
{"timestamp":"2026-02-09T20:32:17.606347","level":"info","event":"Filling up the DagBag from /opt/airflow/dags/27.Pipeline.py","logger":"airflow.models.dagbag.DagBag"}
{"timestamp":"2026-02-09T20:32:23.499082","level":"info","event":"Filling up the DagBag from /opt/airflow/dags/27.Pipeline.py","logger":"airflow.models.dagbag.DagBag"}
{"timestamp":"2026-02-09T20:32:58.096933","level":"error","event":"Process timed out, PID: 12208","logger":"airflow.utils.timeout.TimeoutPosix"}
{"timestamp":"2026-02-09T20:33:06.803520","level":"error","event":"Failed to import: /opt/airflow/dags/27.Pipeline.py","logger":"airflow.models.dagbag.DagBag","error_detail":[{"exc_type":"AirflowTaskTimeout","exc_value":"DagBag import timeout for /opt/airflow/dags/27.Pipeline.py after 30.0s.\nPlease take a look at these docs to improve your DAG import time:\n* https://airflow.apache.org/docs/apache-airflow/3.0.1/best-practices.html#top-level-python-code\n* https://airflow.apache.org/docs/apache-airflow/3.0.1/best-practices.html#reducing-dag-complexity, PID: 12208","exc_notes":[],"syntax_error":null,"is_cause":false,"frames":[{"filename":"/home/airflow/.local/lib/python3.12/site-packages/airflow/models/dagbag.py","lineno":382,"name":"parse"},{"filename":"<frozen importlib._bootstrap_external>","lineno":999,"name":"exec_module"},{"filename":"<frozen importlib._bootstrap>","lineno":488,"name":"_call_with_frames_removed"},{"filename":"/opt/airflow/dags/27.Pipeline.py","lineno":72,"name":"<module>"},{"filename":"/home/airflow/.local/lib/python3.12/site-packages/airflow/sdk/bases/operator.py","lineno":513,"name":"apply_defaults"},{"filename":"/home/airflow/.local/lib/python3.12/site-packages/airflow/providers/common/sql/operators/sql.py","lineno":489,"name":"__init__"},{"filename":"/home/airflow/.local/lib/python3.12/site-packages/airflow/sdk/bases/operator.py","lineno":513,"name":"apply_defaults"},{"filename":"/home/airflow/.local/lib/python3.12/site-packages/airflow/providers/common/sql/operators/sql.py","lineno":148,"name":"__init__"},{"filename":"/home/airflow/.local/lib/python3.12/site-packages/airflow/sdk/bases/operator.py","lineno":513,"name":"apply_defaults"},{"filename":"/home/airflow/.local/lib/python3.12/site-packages/airflow/models/baseoperator.py","lineno":293,"name":"__init__"},{"filename":"/home/airflow/.local/lib/python3.12/site-packages/airflow/sdk/bases/operator.py","lineno":513,"name":"apply_defaults"},{"filename":"/home/airflow/.local/lib/python3.12/site-packages/airflow/sdk/bases/operator.py","lineno":1117,"name":"__init__"},{"filename":"/usr/local/lib/python3.12/enum.py","lineno":720,"name":"__call__"},{"filename":"/home/airflow/.local/lib/python3.12/site-packages/airflow/utils/timeout.py","lineno":69,"name":"handle_timeout"}]}]}
{"timestamp":"2026-02-09T20:33:18.237180","level":"info","event":"Filling up the DagBag from /opt/airflow/dags/27.Pipeline.py","logger":"airflow.models.dagbag.DagBag"}
{"timestamp":"2026-02-09T20:33:25.033688","level":"info","event":"Filling up the DagBag from /opt/airflow/dags/27.Pipeline.py","logger":"airflow.models.dagbag.DagBag"}
{"timestamp":"2026-02-09T20:33:31.016901","level":"info","event":"Filling up the DagBag from /opt/airflow/dags/27.Pipeline.py","logger":"airflow.models.dagbag.DagBag"}
{"timestamp":"2026-02-09T20:33:36.495577","level":"info","event":"Filling up the DagBag from /opt/airflow/dags/27.Pipeline.py","logger":"airflow.models.dagbag.DagBag"}
{"timestamp":"2026-02-09T20:33:42.844773","level":"info","event":"Filling up the DagBag from /opt/airflow/dags/27.Pipeline.py","logger":"airflow.models.dagbag.DagBag"}
{"timestamp":"2026-02-09T20:34:18.001880","level":"info","event":"Filling up the DagBag from /opt/airflow/dags/27.Pipeline.py","logger":"airflow.models.dagbag.DagBag"}
{"timestamp":"2026-02-09T20:34:25.867966","level":"info","event":"Filling up the DagBag from /opt/airflow/dags/27.Pipeline.py","logger":"airflow.models.dagbag.DagBag"}
{"timestamp":"2026-02-09T20:34:31.866058","level":"info","event":"Filling up the DagBag from /opt/airflow/dags/27.Pipeline.py","logger":"airflow.models.dagbag.DagBag"}
{"timestamp":"2026-02-09T20:34:37.790730","level":"info","event":"Filling up the DagBag from /opt/airflow/dags/27.Pipeline.py","logger":"airflow.models.dagbag.DagBag"}
{"timestamp":"2026-02-09T20:34:43.378528","level":"info","event":"Filling up the DagBag from /opt/airflow/dags/27.Pipeline.py","logger":"airflow.models.dagbag.DagBag"}
{"timestamp":"2026-02-09T20:34:49.523625","level":"info","event":"Filling up the DagBag from /opt/airflow/dags/27.Pipeline.py","logger":"airflow.models.dagbag.DagBag"}
{"timestamp":"2026-02-09T20:34:56.240940","level":"info","event":"Filling up the DagBag from /opt/airflow/dags/27.Pipeline.py","logger":"airflow.models.dagbag.DagBag"}
{"timestamp":"2026-02-09T20:35:26.159222","level":"info","event":"Filling up the DagBag from /opt/airflow/dags/27.Pipeline.py","logger":"airflow.models.dagbag.DagBag"}
{"timestamp":"2026-02-09T20:35:33.524311","level":"info","event":"Filling up the DagBag from /opt/airflow/dags/27.Pipeline.py","logger":"airflow.models.dagbag.DagBag"}
{"timestamp":"2026-02-09T20:35:39.948163","level":"info","event":"Filling up the DagBag from /opt/airflow/dags/27.Pipeline.py","logger":"airflow.models.dagbag.DagBag"}
{"timestamp":"2026-02-09T20:35:46.989994","level":"info","event":"Filling up the DagBag from /opt/airflow/dags/27.Pipeline.py","logger":"airflow.models.dagbag.DagBag"}
{"timestamp":"2026-02-09T20:35:55.145789","level":"info","event":"Filling up the DagBag from /opt/airflow/dags/27.Pipeline.py","logger":"airflow.models.dagbag.DagBag"}
{"timestamp":"2026-02-09T20:36:02.692473","level":"info","event":"Filling up the DagBag from /opt/airflow/dags/27.Pipeline.py","logger":"airflow.models.dagbag.DagBag"}
{"timestamp":"2026-02-09T20:36:08.548806","level":"info","event":"Filling up the DagBag from /opt/airflow/dags/27.Pipeline.py","logger":"airflow.models.dagbag.DagBag"}
{"timestamp":"2026-02-09T20:36:14.132648","level":"info","event":"Filling up the DagBag from /opt/airflow/dags/27.Pipeline.py","logger":"airflow.models.dagbag.DagBag"}
{"timestamp":"2026-02-09T20:36:20.331909","level":"info","event":"Filling up the DagBag from /opt/airflow/dags/27.Pipeline.py","logger":"airflow.models.dagbag.DagBag"}
{"timestamp":"2026-02-09T20:36:25.716466","level":"info","event":"Filling up the DagBag from /opt/airflow/dags/27.Pipeline.py","logger":"airflow.models.dagbag.DagBag"}
{"timestamp":"2026-02-09T20:36:31.626359","level":"info","event":"Filling up the DagBag from /opt/airflow/dags/27.Pipeline.py","logger":"airflow.models.dagbag.DagBag"}
{"timestamp":"2026-02-09T20:36:37.079921","level":"info","event":"Filling up the DagBag from /opt/airflow/dags/27.Pipeline.py","logger":"airflow.models.dagbag.DagBag"}
{"timestamp":"2026-02-09T20:36:43.006985","level":"info","event":"Filling up the DagBag from /opt/airflow/dags/27.Pipeline.py","logger":"airflow.models.dagbag.DagBag"}
{"timestamp":"2026-02-09T20:36:48.552527","level":"info","event":"Filling up the DagBag from /opt/airflow/dags/27.Pipeline.py","logger":"airflow.models.dagbag.DagBag"}
{"timestamp":"2026-02-09T20:36:54.095954","level":"info","event":"Filling up the DagBag from /opt/airflow/dags/27.Pipeline.py","logger":"airflow.models.dagbag.DagBag"}
{"timestamp":"2026-02-09T20:36:59.590090","level":"info","event":"Filling up the DagBag from /opt/airflow/dags/27.Pipeline.py","logger":"airflow.models.dagbag.DagBag"}
{"timestamp":"2026-02-09T20:37:05.206836","level":"info","event":"Filling up the DagBag from /opt/airflow/dags/27.Pipeline.py","logger":"airflow.models.dagbag.DagBag"}
{"timestamp":"2026-02-09T20:37:12.253527","level":"info","event":"Filling up the DagBag from /opt/airflow/dags/27.Pipeline.py","logger":"airflow.models.dagbag.DagBag"}
{"timestamp":"2026-02-09T20:38:23.834882","level":"info","event":"Filling up the DagBag from /opt/airflow/dags/27.Pipeline.py","logger":"airflow.models.dagbag.DagBag"}
{"timestamp":"2026-02-09T20:38:29.206761","level":"info","event":"Filling up the DagBag from /opt/airflow/dags/27.Pipeline.py","logger":"airflow.models.dagbag.DagBag"}
{"timestamp":"2026-02-09T20:38:34.842520","level":"info","event":"Filling up the DagBag from /opt/airflow/dags/27.Pipeline.py","logger":"airflow.models.dagbag.DagBag"}
{"timestamp":"2026-02-09T20:38:40.441525","level":"info","event":"Filling up the DagBag from /opt/airflow/dags/27.Pipeline.py","logger":"airflow.models.dagbag.DagBag"}
{"timestamp":"2026-02-09T20:38:50.209433","level":"info","event":"Filling up the DagBag from /opt/airflow/dags/27.Pipeline.py","logger":"airflow.models.dagbag.DagBag"}
{"timestamp":"2026-02-09T20:40:03.701266","level":"info","event":"Filling up the DagBag from /opt/airflow/dags/27.Pipeline.py","logger":"airflow.models.dagbag.DagBag"}
{"timestamp":"2026-02-09T20:40:15.583137","level":"info","event":"Filling up the DagBag from /opt/airflow/dags/27.Pipeline.py","logger":"airflow.models.dagbag.DagBag"}
{"timestamp":"2026-02-09T20:40:23.925624","level":"info","event":"Filling up the DagBag from /opt/airflow/dags/27.Pipeline.py","logger":"airflow.models.dagbag.DagBag"}
{"timestamp":"2026-02-09T20:40:30.241135","level":"info","event":"Filling up the DagBag from /opt/airflow/dags/27.Pipeline.py","logger":"airflow.models.dagbag.DagBag"}
{"timestamp":"2026-02-09T20:40:43.331173","level":"info","event":"Filling up the DagBag from /opt/airflow/dags/27.Pipeline.py","logger":"airflow.models.dagbag.DagBag"}
{"timestamp":"2026-02-09T20:40:48.695367","level":"info","event":"Filling up the DagBag from /opt/airflow/dags/27.Pipeline.py","logger":"airflow.models.dagbag.DagBag"}
{"timestamp":"2026-02-09T20:40:54.237093","level":"info","event":"Filling up the DagBag from /opt/airflow/dags/27.Pipeline.py","logger":"airflow.models.dagbag.DagBag"}
{"timestamp":"2026-02-09T20:40:59.639891","level":"info","event":"Filling up the DagBag from /opt/airflow/dags/27.Pipeline.py","logger":"airflow.models.dagbag.DagBag"}
{"timestamp":"2026-02-09T20:41:05.157213","level":"info","event":"Filling up the DagBag from /opt/airflow/dags/27.Pipeline.py","logger":"airflow.models.dagbag.DagBag"}
{"timestamp":"2026-02-09T20:41:10.679144","level":"info","event":"Filling up the DagBag from /opt/airflow/dags/27.Pipeline.py","logger":"airflow.models.dagbag.DagBag"}
{"timestamp":"2026-02-09T20:41:38.983423","level":"info","event":"Filling up the DagBag from /opt/airflow/dags/27.Pipeline.py","logger":"airflow.models.dagbag.DagBag"}
{"timestamp":"2026-02-09T20:41:45.048994","level":"info","event":"Filling up the DagBag from /opt/airflow/dags/27.Pipeline.py","logger":"airflow.models.dagbag.DagBag"}
{"timestamp":"2026-02-09T20:41:50.488982","level":"info","event":"Filling up the DagBag from /opt/airflow/dags/27.Pipeline.py","logger":"airflow.models.dagbag.DagBag"}
{"timestamp":"2026-02-09T20:41:55.944752","level":"info","event":"Filling up the DagBag from /opt/airflow/dags/27.Pipeline.py","logger":"airflow.models.dagbag.DagBag"}
{"timestamp":"2026-02-09T20:42:01.539853","level":"info","event":"Filling up the DagBag from /opt/airflow/dags/27.Pipeline.py","logger":"airflow.models.dagbag.DagBag"}
{"timestamp":"2026-02-09T20:42:07.086761","level":"info","event":"Filling up the DagBag from /opt/airflow/dags/27.Pipeline.py","logger":"airflow.models.dagbag.DagBag"}
{"timestamp":"2026-02-09T20:42:15.721656","level":"info","event":"Filling up the DagBag from /opt/airflow/dags/27.Pipeline.py","logger":"airflow.models.dagbag.DagBag"}
{"timestamp":"2026-02-09T20:43:00.403805","level":"info","event":"Filling up the DagBag from /opt/airflow/dags/27.Pipeline.py","logger":"airflow.models.dagbag.DagBag"}
{"timestamp":"2026-02-09T20:43:06.916052","level":"info","event":"Filling up the DagBag from /opt/airflow/dags/27.Pipeline.py","logger":"airflow.models.dagbag.DagBag"}
{"timestamp":"2026-02-09T20:43:12.799266","level":"info","event":"Filling up the DagBag from /opt/airflow/dags/27.Pipeline.py","logger":"airflow.models.dagbag.DagBag"}
{"timestamp":"2026-02-09T20:43:18.296146","level":"info","event":"Filling up the DagBag from /opt/airflow/dags/27.Pipeline.py","logger":"airflow.models.dagbag.DagBag"}
{"timestamp":"2026-02-09T20:43:23.915852","level":"info","event":"Filling up the DagBag from /opt/airflow/dags/27.Pipeline.py","logger":"airflow.models.dagbag.DagBag"}
{"timestamp":"2026-02-09T20:43:30.057389","level":"info","event":"Filling up the DagBag from /opt/airflow/dags/27.Pipeline.py","logger":"airflow.models.dagbag.DagBag"}
{"timestamp":"2026-02-09T20:43:35.939570","level":"info","event":"Filling up the DagBag from /opt/airflow/dags/27.Pipeline.py","logger":"airflow.models.dagbag.DagBag"}
{"timestamp":"2026-02-09T20:43:41.396469","level":"info","event":"Filling up the DagBag from /opt/airflow/dags/27.Pipeline.py","logger":"airflow.models.dagbag.DagBag"}
{"timestamp":"2026-02-09T20:43:46.767336","level":"info","event":"Filling up the DagBag from /opt/airflow/dags/27.Pipeline.py","logger":"airflow.models.dagbag.DagBag"}
{"timestamp":"2026-02-09T20:43:52.425480","level":"info","event":"Filling up the DagBag from /opt/airflow/dags/27.Pipeline.py","logger":"airflow.models.dagbag.DagBag"}
{"timestamp":"2026-02-09T20:43:57.863714","level":"info","event":"Filling up the DagBag from /opt/airflow/dags/27.Pipeline.py","logger":"airflow.models.dagbag.DagBag"}
{"timestamp":"2026-02-09T20:44:03.785596","level":"info","event":"Filling up the DagBag from /opt/airflow/dags/27.Pipeline.py","logger":"airflow.models.dagbag.DagBag"}
{"timestamp":"2026-02-09T20:44:09.531417","level":"info","event":"Filling up the DagBag from /opt/airflow/dags/27.Pipeline.py","logger":"airflow.models.dagbag.DagBag"}
{"timestamp":"2026-02-09T20:45:07.414111","level":"info","event":"Filling up the DagBag from /opt/airflow/dags/27.Pipeline.py","logger":"airflow.models.dagbag.DagBag"}
{"timestamp":"2026-02-09T20:45:15.014060","level":"info","event":"Filling up the DagBag from /opt/airflow/dags/27.Pipeline.py","logger":"airflow.models.dagbag.DagBag"}
{"timestamp":"2026-02-09T20:45:20.592713","level":"info","event":"Filling up the DagBag from /opt/airflow/dags/27.Pipeline.py","logger":"airflow.models.dagbag.DagBag"}
{"timestamp":"2026-02-09T20:45:26.071556","level":"info","event":"Filling up the DagBag from /opt/airflow/dags/27.Pipeline.py","logger":"airflow.models.dagbag.DagBag"}
{"timestamp":"2026-02-09T20:45:31.541181","level":"info","event":"Filling up the DagBag from /opt/airflow/dags/27.Pipeline.py","logger":"airflow.models.dagbag.DagBag"}
{"timestamp":"2026-02-09T20:45:36.891493","level":"info","event":"Filling up the DagBag from /opt/airflow/dags/27.Pipeline.py","logger":"airflow.models.dagbag.DagBag"}
{"timestamp":"2026-02-09T20:46:08.268205","level":"info","event":"Filling up the DagBag from /opt/airflow/dags/27.Pipeline.py","logger":"airflow.models.dagbag.DagBag"}
{"timestamp":"2026-02-09T20:46:15.550695","level":"info","event":"Filling up the DagBag from /opt/airflow/dags/27.Pipeline.py","logger":"airflow.models.dagbag.DagBag"}
{"timestamp":"2026-02-09T20:46:20.941249","level":"info","event":"Filling up the DagBag from /opt/airflow/dags/27.Pipeline.py","logger":"airflow.models.dagbag.DagBag"}
{"timestamp":"2026-02-09T20:46:28.207038","level":"info","event":"Filling up the DagBag from /opt/airflow/dags/27.Pipeline.py","logger":"airflow.models.dagbag.DagBag"}
{"timestamp":"2026-02-09T20:46:33.644241","level":"info","event":"Filling up the DagBag from /opt/airflow/dags/27.Pipeline.py","logger":"airflow.models.dagbag.DagBag"}
{"timestamp":"2026-02-09T20:46:39.036271","level":"info","event":"Filling up the DagBag from /opt/airflow/dags/27.Pipeline.py","logger":"airflow.models.dagbag.DagBag"}
{"timestamp":"2026-02-09T20:47:10.749278","level":"info","event":"Filling up the DagBag from /opt/airflow/dags/27.Pipeline.py","logger":"airflow.models.dagbag.DagBag"}
{"timestamp":"2026-02-09T20:47:18.936886","level":"info","event":"Filling up the DagBag from /opt/airflow/dags/27.Pipeline.py","logger":"airflow.models.dagbag.DagBag"}
{"timestamp":"2026-02-09T20:47:24.564025","level":"info","event":"Filling up the DagBag from /opt/airflow/dags/27.Pipeline.py","logger":"airflow.models.dagbag.DagBag"}
{"timestamp":"2026-02-09T20:47:30.891819","level":"info","event":"Filling up the DagBag from /opt/airflow/dags/27.Pipeline.py","logger":"airflow.models.dagbag.DagBag"}
{"timestamp":"2026-02-09T20:47:36.403527","level":"info","event":"Filling up the DagBag from /opt/airflow/dags/27.Pipeline.py","logger":"airflow.models.dagbag.DagBag"}
{"timestamp":"2026-02-09T20:47:41.765600","level":"info","event":"Filling up the DagBag from /opt/airflow/dags/27.Pipeline.py","logger":"airflow.models.dagbag.DagBag"}
{"timestamp":"2026-02-09T20:47:47.448526","level":"info","event":"Filling up the DagBag from /opt/airflow/dags/27.Pipeline.py","logger":"airflow.models.dagbag.DagBag"}
{"timestamp":"2026-02-09T20:48:30.641559","level":"info","event":"Filling up the DagBag from /opt/airflow/dags/27.Pipeline.py","logger":"airflow.models.dagbag.DagBag"}
{"timestamp":"2026-02-09T20:48:36.650844","level":"info","event":"Filling up the DagBag from /opt/airflow/dags/27.Pipeline.py","logger":"airflow.models.dagbag.DagBag"}
{"timestamp":"2026-02-09T20:48:42.115707","level":"info","event":"Filling up the DagBag from /opt/airflow/dags/27.Pipeline.py","logger":"airflow.models.dagbag.DagBag"}
{"timestamp":"2026-02-09T20:48:47.452276","level":"info","event":"Filling up the DagBag from /opt/airflow/dags/27.Pipeline.py","logger":"airflow.models.dagbag.DagBag"}
{"timestamp":"2026-02-09T20:48:52.910975","level":"info","event":"Filling up the DagBag from /opt/airflow/dags/27.Pipeline.py","logger":"airflow.models.dagbag.DagBag"}
{"timestamp":"2026-02-09T20:48:58.480477","level":"info","event":"Filling up the DagBag from /opt/airflow/dags/27.Pipeline.py","logger":"airflow.models.dagbag.DagBag"}
{"timestamp":"2026-02-09T20:49:44.047735","level":"info","event":"Filling up the DagBag from /opt/airflow/dags/27.Pipeline.py","logger":"airflow.models.dagbag.DagBag"}
{"timestamp":"2026-02-09T20:49:50.300939","level":"info","event":"Filling up the DagBag from /opt/airflow/dags/27.Pipeline.py","logger":"airflow.models.dagbag.DagBag"}
{"timestamp":"2026-02-09T20:49:56.053173","level":"info","event":"Filling up the DagBag from /opt/airflow/dags/27.Pipeline.py","logger":"airflow.models.dagbag.DagBag"}
{"timestamp":"2026-02-09T20:50:01.498722","level":"info","event":"Filling up the DagBag from /opt/airflow/dags/27.Pipeline.py","logger":"airflow.models.dagbag.DagBag"}
{"timestamp":"2026-02-09T20:50:06.852215","level":"info","event":"Filling up the DagBag from /opt/airflow/dags/27.Pipeline.py","logger":"airflow.models.dagbag.DagBag"}
{"timestamp":"2026-02-09T20:50:12.446983","level":"info","event":"Filling up the DagBag from /opt/airflow/dags/27.Pipeline.py","logger":"airflow.models.dagbag.DagBag"}
{"timestamp":"2026-02-09T20:51:25.679095","level":"info","event":"Filling up the DagBag from /opt/airflow/dags/27.Pipeline.py","logger":"airflow.models.dagbag.DagBag"}
{"timestamp":"2026-02-09T20:51:32.188519","level":"info","event":"Filling up the DagBag from /opt/airflow/dags/27.Pipeline.py","logger":"airflow.models.dagbag.DagBag"}
{"timestamp":"2026-02-09T20:51:37.627184","level":"info","event":"Filling up the DagBag from /opt/airflow/dags/27.Pipeline.py","logger":"airflow.models.dagbag.DagBag"}
{"timestamp":"2026-02-09T20:51:43.502904","level":"info","event":"Filling up the DagBag from /opt/airflow/dags/27.Pipeline.py","logger":"airflow.models.dagbag.DagBag"}
{"timestamp":"2026-02-09T20:51:49.293972","level":"info","event":"Filling up the DagBag from /opt/airflow/dags/27.Pipeline.py","logger":"airflow.models.dagbag.DagBag"}
{"timestamp":"2026-02-09T20:51:54.969577","level":"info","event":"Filling up the DagBag from /opt/airflow/dags/27.Pipeline.py","logger":"airflow.models.dagbag.DagBag"}
{"timestamp":"2026-02-09T20:52:46.100646","level":"info","event":"Filling up the DagBag from /opt/airflow/dags/27.Pipeline.py","logger":"airflow.models.dagbag.DagBag"}
{"timestamp":"2026-02-09T20:52:50.279543Z","level":"critical","event":"Process terminated by signal. For more information, see https://airflow.apache.org/docs/apache-airflow/stable/troubleshooting.html#TaskRunner-killed","signal":-9,"signal_name":"SIGKILL","logger":"processor"}
{"timestamp":"2026-02-09T20:52:57.102155","level":"info","event":"Filling up the DagBag from /opt/airflow/dags/27.Pipeline.py","logger":"airflow.models.dagbag.DagBag"}
{"timestamp":"2026-02-09T20:53:02.726351","level":"info","event":"Filling up the DagBag from /opt/airflow/dags/27.Pipeline.py","logger":"airflow.models.dagbag.DagBag"}
{"timestamp":"2026-02-09T20:53:08.710162","level":"info","event":"Filling up the DagBag from /opt/airflow/dags/27.Pipeline.py","logger":"airflow.models.dagbag.DagBag"}
{"timestamp":"2026-02-09T20:53:15.033450","level":"info","event":"Filling up the DagBag from /opt/airflow/dags/27.Pipeline.py","logger":"airflow.models.dagbag.DagBag"}
{"timestamp":"2026-02-09T20:53:56.658153","level":"info","event":"Filling up the DagBag from /opt/airflow/dags/27.Pipeline.py","logger":"airflow.models.dagbag.DagBag"}
{"timestamp":"2026-02-09T20:54:02.606324","level":"info","event":"Filling up the DagBag from /opt/airflow/dags/27.Pipeline.py","logger":"airflow.models.dagbag.DagBag"}
{"timestamp":"2026-02-09T20:54:08.027278","level":"info","event":"Filling up the DagBag from /opt/airflow/dags/27.Pipeline.py","logger":"airflow.models.dagbag.DagBag"}
{"timestamp":"2026-02-09T20:54:13.414534","level":"info","event":"Filling up the DagBag from /opt/airflow/dags/27.Pipeline.py","logger":"airflow.models.dagbag.DagBag"}
{"timestamp":"2026-02-09T20:54:19.204509","level":"info","event":"Filling up the DagBag from /opt/airflow/dags/27.Pipeline.py","logger":"airflow.models.dagbag.DagBag"}
{"timestamp":"2026-02-09T20:54:24.821869","level":"info","event":"Filling up the DagBag from /opt/airflow/dags/27.Pipeline.py","logger":"airflow.models.dagbag.DagBag"}
{"timestamp":"2026-02-09T20:54:30.296708","level":"info","event":"Filling up the DagBag from /opt/airflow/dags/27.Pipeline.py","logger":"airflow.models.dagbag.DagBag"}
{"timestamp":"2026-02-09T20:57:04.282993","level":"info","event":"Filling up the DagBag from /opt/airflow/dags/27.Pipeline.py","logger":"airflow.models.dagbag.DagBag"}
{"timestamp":"2026-02-09T20:57:09.978143","level":"info","event":"Filling up the DagBag from /opt/airflow/dags/27.Pipeline.py","logger":"airflow.models.dagbag.DagBag"}
{"timestamp":"2026-02-09T20:57:15.626375","level":"info","event":"Filling up the DagBag from /opt/airflow/dags/27.Pipeline.py","logger":"airflow.models.dagbag.DagBag"}
{"timestamp":"2026-02-09T20:57:21.033354","level":"info","event":"Filling up the DagBag from /opt/airflow/dags/27.Pipeline.py","logger":"airflow.models.dagbag.DagBag"}
{"timestamp":"2026-02-09T20:57:26.650942","level":"info","event":"Filling up the DagBag from /opt/airflow/dags/27.Pipeline.py","logger":"airflow.models.dagbag.DagBag"}
{"timestamp":"2026-02-09T20:57:32.098006","level":"info","event":"Filling up the DagBag from /opt/airflow/dags/27.Pipeline.py","logger":"airflow.models.dagbag.DagBag"}
{"timestamp":"2026-02-09T20:57:37.596189","level":"info","event":"Filling up the DagBag from /opt/airflow/dags/27.Pipeline.py","logger":"airflow.models.dagbag.DagBag"}
{"timestamp":"2026-02-09T20:58:18.338113","level":"info","event":"Filling up the DagBag from /opt/airflow/dags/27.Pipeline.py","logger":"airflow.models.dagbag.DagBag"}
{"timestamp":"2026-02-09T20:58:23.719318","level":"info","event":"Filling up the DagBag from /opt/airflow/dags/27.Pipeline.py","logger":"airflow.models.dagbag.DagBag"}
{"timestamp":"2026-02-09T20:58:29.350219","level":"info","event":"Filling up the DagBag from /opt/airflow/dags/27.Pipeline.py","logger":"airflow.models.dagbag.DagBag"}
{"timestamp":"2026-02-09T20:58:34.894297","level":"info","event":"Filling up the DagBag from /opt/airflow/dags/27.Pipeline.py","logger":"airflow.models.dagbag.DagBag"}
{"timestamp":"2026-02-09T20:58:40.498590","level":"info","event":"Filling up the DagBag from /opt/airflow/dags/27.Pipeline.py","logger":"airflow.models.dagbag.DagBag"}
{"timestamp":"2026-02-09T20:58:46.346362","level":"info","event":"Filling up the DagBag from /opt/airflow/dags/27.Pipeline.py","logger":"airflow.models.dagbag.DagBag"}
{"timestamp":"2026-02-09T20:59:26.740575","level":"info","event":"Filling up the DagBag from /opt/airflow/dags/27.Pipeline.py","logger":"airflow.models.dagbag.DagBag"}
{"timestamp":"2026-02-09T20:59:32.612957","level":"info","event":"Filling up the DagBag from /opt/airflow/dags/27.Pipeline.py","logger":"airflow.models.dagbag.DagBag"}
{"timestamp":"2026-02-09T20:59:37.939959","level":"info","event":"Filling up the DagBag from /opt/airflow/dags/27.Pipeline.py","logger":"airflow.models.dagbag.DagBag"}
{"timestamp":"2026-02-09T20:59:43.398211","level":"info","event":"Filling up the DagBag from /opt/airflow/dags/27.Pipeline.py","logger":"airflow.models.dagbag.DagBag"}
{"timestamp":"2026-02-09T20:59:49.181367","level":"info","event":"Filling up the DagBag from /opt/airflow/dags/27.Pipeline.py","logger":"airflow.models.dagbag.DagBag"}
{"timestamp":"2026-02-09T20:59:54.871573","level":"info","event":"Filling up the DagBag from /opt/airflow/dags/27.Pipeline.py","logger":"airflow.models.dagbag.DagBag"}
{"timestamp":"2026-02-09T21:00:08.414984","level":"info","event":"Filling up the DagBag from /opt/airflow/dags/27.Pipeline.py","logger":"airflow.models.dagbag.DagBag"}
{"timestamp":"2026-02-09T21:00:14.710506","level":"info","event":"Filling up the DagBag from /opt/airflow/dags/27.Pipeline.py","logger":"airflow.models.dagbag.DagBag"}
{"timestamp":"2026-02-09T21:00:20.250474","level":"info","event":"Filling up the DagBag from /opt/airflow/dags/27.Pipeline.py","logger":"airflow.models.dagbag.DagBag"}
{"timestamp":"2026-02-09T21:00:25.665887","level":"info","event":"Filling up the DagBag from /opt/airflow/dags/27.Pipeline.py","logger":"airflow.models.dagbag.DagBag"}
{"timestamp":"2026-02-09T21:00:31.496184","level":"info","event":"Filling up the DagBag from /opt/airflow/dags/27.Pipeline.py","logger":"airflow.models.dagbag.DagBag"}
{"timestamp":"2026-02-09T21:00:37.334251","level":"info","event":"Filling up the DagBag from /opt/airflow/dags/27.Pipeline.py","logger":"airflow.models.dagbag.DagBag"}
{"timestamp":"2026-02-09T21:00:58.410454Z","level":"critical","event":"Process terminated by signal. For more information, see https://airflow.apache.org/docs/apache-airflow/stable/troubleshooting.html#TaskRunner-killed","signal":-9,"signal_name":"SIGKILL","logger":"processor"}
{"timestamp":"2026-02-09T21:01:15.434321","level":"info","event":"Filling up the DagBag from /opt/airflow/dags/27.Pipeline.py","logger":"airflow.models.dagbag.DagBag"}
{"timestamp":"2026-02-09T21:01:20.785954","level":"info","event":"Filling up the DagBag from /opt/airflow/dags/27.Pipeline.py","logger":"airflow.models.dagbag.DagBag"}
{"timestamp":"2026-02-09T21:01:26.627981","level":"info","event":"Filling up the DagBag from /opt/airflow/dags/27.Pipeline.py","logger":"airflow.models.dagbag.DagBag"}
{"timestamp":"2026-02-09T21:01:33.026473","level":"info","event":"Filling up the DagBag from /opt/airflow/dags/27.Pipeline.py","logger":"airflow.models.dagbag.DagBag"}
{"timestamp":"2026-02-09T21:01:38.600451","level":"info","event":"Filling up the DagBag from /opt/airflow/dags/27.Pipeline.py","logger":"airflow.models.dagbag.DagBag"}
{"timestamp":"2026-02-09T21:01:44.222759","level":"info","event":"Filling up the DagBag from /opt/airflow/dags/27.Pipeline.py","logger":"airflow.models.dagbag.DagBag"}
{"timestamp":"2026-02-09T21:03:14.997825","level":"info","event":"Filling up the DagBag from /opt/airflow/dags/27.Pipeline.py","logger":"airflow.models.dagbag.DagBag"}
{"timestamp":"2026-02-09T21:03:21.017830","level":"info","event":"Filling up the DagBag from /opt/airflow/dags/27.Pipeline.py","logger":"airflow.models.dagbag.DagBag"}
{"timestamp":"2026-02-09T21:03:26.511243","level":"info","event":"Filling up the DagBag from /opt/airflow/dags/27.Pipeline.py","logger":"airflow.models.dagbag.DagBag"}
{"timestamp":"2026-02-09T21:03:32.143534","level":"info","event":"Filling up the DagBag from /opt/airflow/dags/27.Pipeline.py","logger":"airflow.models.dagbag.DagBag"}
{"timestamp":"2026-02-09T21:03:37.394719","level":"info","event":"Filling up the DagBag from /opt/airflow/dags/27.Pipeline.py","logger":"airflow.models.dagbag.DagBag"}
{"timestamp":"2026-02-09T21:03:43.456501","level":"info","event":"Filling up the DagBag from /opt/airflow/dags/27.Pipeline.py","logger":"airflow.models.dagbag.DagBag"}
{"timestamp":"2026-02-09T21:04:22.767625","level":"info","event":"Filling up the DagBag from /opt/airflow/dags/27.Pipeline.py","logger":"airflow.models.dagbag.DagBag"}
{"timestamp":"2026-02-09T21:04:28.876468","level":"info","event":"Filling up the DagBag from /opt/airflow/dags/27.Pipeline.py","logger":"airflow.models.dagbag.DagBag"}
{"timestamp":"2026-02-09T21:04:34.288841","level":"info","event":"Filling up the DagBag from /opt/airflow/dags/27.Pipeline.py","logger":"airflow.models.dagbag.DagBag"}
{"timestamp":"2026-02-09T21:04:39.759121","level":"info","event":"Filling up the DagBag from /opt/airflow/dags/27.Pipeline.py","logger":"airflow.models.dagbag.DagBag"}
{"timestamp":"2026-02-09T21:04:45.308652","level":"info","event":"Filling up the DagBag from /opt/airflow/dags/27.Pipeline.py","logger":"airflow.models.dagbag.DagBag"}
{"timestamp":"2026-02-09T21:04:51.116337","level":"info","event":"Filling up the DagBag from /opt/airflow/dags/27.Pipeline.py","logger":"airflow.models.dagbag.DagBag"}
{"timestamp":"2026-02-09T21:05:32.145989","level":"info","event":"Filling up the DagBag from /opt/airflow/dags/27.Pipeline.py","logger":"airflow.models.dagbag.DagBag"}
{"timestamp":"2026-02-09T21:05:37.760418","level":"info","event":"Filling up the DagBag from /opt/airflow/dags/27.Pipeline.py","logger":"airflow.models.dagbag.DagBag"}
{"timestamp":"2026-02-09T21:05:43.344303","level":"info","event":"Filling up the DagBag from /opt/airflow/dags/27.Pipeline.py","logger":"airflow.models.dagbag.DagBag"}
{"timestamp":"2026-02-09T21:05:48.836205","level":"info","event":"Filling up the DagBag from /opt/airflow/dags/27.Pipeline.py","logger":"airflow.models.dagbag.DagBag"}
{"timestamp":"2026-02-09T21:05:54.663828","level":"info","event":"Filling up the DagBag from /opt/airflow/dags/27.Pipeline.py","logger":"airflow.models.dagbag.DagBag"}
{"timestamp":"2026-02-09T21:06:00.278654","level":"info","event":"Filling up the DagBag from /opt/airflow/dags/27.Pipeline.py","logger":"airflow.models.dagbag.DagBag"}
{"timestamp":"2026-02-09T21:06:05.840574","level":"info","event":"Filling up the DagBag from /opt/airflow/dags/27.Pipeline.py","logger":"airflow.models.dagbag.DagBag"}
{"timestamp":"2026-02-09T21:06:24.616983","level":"info","event":"Filling up the DagBag from /opt/airflow/dags/27.Pipeline.py","logger":"airflow.models.dagbag.DagBag"}
{"timestamp":"2026-02-09T21:06:30.377892","level":"info","event":"Filling up the DagBag from /opt/airflow/dags/27.Pipeline.py","logger":"airflow.models.dagbag.DagBag"}
{"timestamp":"2026-02-09T21:06:35.818272","level":"info","event":"Filling up the DagBag from /opt/airflow/dags/27.Pipeline.py","logger":"airflow.models.dagbag.DagBag"}
{"timestamp":"2026-02-09T21:06:41.174798","level":"info","event":"Filling up the DagBag from /opt/airflow/dags/27.Pipeline.py","logger":"airflow.models.dagbag.DagBag"}
{"timestamp":"2026-02-09T21:06:46.885124","level":"info","event":"Filling up the DagBag from /opt/airflow/dags/27.Pipeline.py","logger":"airflow.models.dagbag.DagBag"}
{"timestamp":"2026-02-09T21:06:52.579475","level":"info","event":"Filling up the DagBag from /opt/airflow/dags/27.Pipeline.py","logger":"airflow.models.dagbag.DagBag"}
{"timestamp":"2026-02-09T21:06:58.531637","level":"info","event":"Filling up the DagBag from /opt/airflow/dags/27.Pipeline.py","logger":"airflow.models.dagbag.DagBag"}
{"timestamp":"2026-02-09T21:07:23.350535","level":"info","event":"Filling up the DagBag from /opt/airflow/dags/27.Pipeline.py","logger":"airflow.models.dagbag.DagBag"}
{"timestamp":"2026-02-09T21:07:30.894684","level":"info","event":"Filling up the DagBag from /opt/airflow/dags/27.Pipeline.py","logger":"airflow.models.dagbag.DagBag"}
{"timestamp":"2026-02-09T21:07:37.151496","level":"info","event":"Filling up the DagBag from /opt/airflow/dags/27.Pipeline.py","logger":"airflow.models.dagbag.DagBag"}
{"timestamp":"2026-02-09T21:07:43.683378","level":"info","event":"Filling up the DagBag from /opt/airflow/dags/27.Pipeline.py","logger":"airflow.models.dagbag.DagBag"}
{"timestamp":"2026-02-09T21:07:49.113777","level":"info","event":"Filling up the DagBag from /opt/airflow/dags/27.Pipeline.py","logger":"airflow.models.dagbag.DagBag"}
{"timestamp":"2026-02-09T21:10:05.526748","level":"info","event":"Filling up the DagBag from /opt/airflow/dags/27.Pipeline.py","logger":"airflow.models.dagbag.DagBag"}
{"timestamp":"2026-02-09T21:10:12.326306","level":"info","event":"Filling up the DagBag from /opt/airflow/dags/27.Pipeline.py","logger":"airflow.models.dagbag.DagBag"}
{"timestamp":"2026-02-09T21:10:17.942481","level":"info","event":"Filling up the DagBag from /opt/airflow/dags/27.Pipeline.py","logger":"airflow.models.dagbag.DagBag"}
{"timestamp":"2026-02-09T21:10:23.369731","level":"info","event":"Filling up the DagBag from /opt/airflow/dags/27.Pipeline.py","logger":"airflow.models.dagbag.DagBag"}
{"timestamp":"2026-02-09T21:10:28.851727","level":"info","event":"Filling up the DagBag from /opt/airflow/dags/27.Pipeline.py","logger":"airflow.models.dagbag.DagBag"}
{"timestamp":"2026-02-09T21:10:34.414224","level":"info","event":"Filling up the DagBag from /opt/airflow/dags/27.Pipeline.py","logger":"airflow.models.dagbag.DagBag"}
{"timestamp":"2026-02-09T21:11:11.375458","level":"info","event":"Filling up the DagBag from /opt/airflow/dags/27.Pipeline.py","logger":"airflow.models.dagbag.DagBag"}
{"timestamp":"2026-02-09T21:11:17.242488","level":"info","event":"Filling up the DagBag from /opt/airflow/dags/27.Pipeline.py","logger":"airflow.models.dagbag.DagBag"}
{"timestamp":"2026-02-09T21:11:23.263918","level":"info","event":"Filling up the DagBag from /opt/airflow/dags/27.Pipeline.py","logger":"airflow.models.dagbag.DagBag"}
{"timestamp":"2026-02-09T21:11:28.833312","level":"info","event":"Filling up the DagBag from /opt/airflow/dags/27.Pipeline.py","logger":"airflow.models.dagbag.DagBag"}
{"timestamp":"2026-02-09T21:11:34.897372","level":"info","event":"Filling up the DagBag from /opt/airflow/dags/27.Pipeline.py","logger":"airflow.models.dagbag.DagBag"}
{"timestamp":"2026-02-09T21:11:40.410539","level":"info","event":"Filling up the DagBag from /opt/airflow/dags/27.Pipeline.py","logger":"airflow.models.dagbag.DagBag"}
{"timestamp":"2026-02-09T21:12:12.794174","level":"info","event":"Filling up the DagBag from /opt/airflow/dags/27.Pipeline.py","logger":"airflow.models.dagbag.DagBag"}
{"timestamp":"2026-02-09T21:12:20.630592","level":"info","event":"Filling up the DagBag from /opt/airflow/dags/27.Pipeline.py","logger":"airflow.models.dagbag.DagBag"}
{"timestamp":"2026-02-09T21:12:26.039876","level":"info","event":"Filling up the DagBag from /opt/airflow/dags/27.Pipeline.py","logger":"airflow.models.dagbag.DagBag"}
{"timestamp":"2026-02-09T21:12:31.555351","level":"info","event":"Filling up the DagBag from /opt/airflow/dags/27.Pipeline.py","logger":"airflow.models.dagbag.DagBag"}
{"timestamp":"2026-02-09T21:12:36.858612","level":"info","event":"Filling up the DagBag from /opt/airflow/dags/27.Pipeline.py","logger":"airflow.models.dagbag.DagBag"}
{"timestamp":"2026-02-09T21:12:42.565414","level":"info","event":"Filling up the DagBag from /opt/airflow/dags/27.Pipeline.py","logger":"airflow.models.dagbag.DagBag"}
{"timestamp":"2026-02-09T21:13:18.684758","level":"info","event":"Filling up the DagBag from /opt/airflow/dags/27.Pipeline.py","logger":"airflow.models.dagbag.DagBag"}
{"timestamp":"2026-02-09T21:13:24.598807","level":"info","event":"Filling up the DagBag from /opt/airflow/dags/27.Pipeline.py","logger":"airflow.models.dagbag.DagBag"}
{"timestamp":"2026-02-09T21:13:30.766155","level":"info","event":"Filling up the DagBag from /opt/airflow/dags/27.Pipeline.py","logger":"airflow.models.dagbag.DagBag"}
{"timestamp":"2026-02-09T21:13:36.329248","level":"info","event":"Filling up the DagBag from /opt/airflow/dags/27.Pipeline.py","logger":"airflow.models.dagbag.DagBag"}
{"timestamp":"2026-02-09T21:13:41.804153","level":"info","event":"Filling up the DagBag from /opt/airflow/dags/27.Pipeline.py","logger":"airflow.models.dagbag.DagBag"}
{"timestamp":"2026-02-09T21:13:47.105876","level":"info","event":"Filling up the DagBag from /opt/airflow/dags/27.Pipeline.py","logger":"airflow.models.dagbag.DagBag"}
{"timestamp":"2026-02-09T21:14:23.169833","level":"info","event":"Filling up the DagBag from /opt/airflow/dags/27.Pipeline.py","logger":"airflow.models.dagbag.DagBag"}
{"timestamp":"2026-02-09T21:14:28.729568","level":"info","event":"Filling up the DagBag from /opt/airflow/dags/27.Pipeline.py","logger":"airflow.models.dagbag.DagBag"}
{"timestamp":"2026-02-09T21:14:34.138296","level":"info","event":"Filling up the DagBag from /opt/airflow/dags/27.Pipeline.py","logger":"airflow.models.dagbag.DagBag"}
{"timestamp":"2026-02-09T21:14:39.570283","level":"info","event":"Filling up the DagBag from /opt/airflow/dags/27.Pipeline.py","logger":"airflow.models.dagbag.DagBag"}
{"timestamp":"2026-02-09T21:14:45.117631","level":"info","event":"Filling up the DagBag from /opt/airflow/dags/27.Pipeline.py","logger":"airflow.models.dagbag.DagBag"}
{"timestamp":"2026-02-09T21:14:50.735565","level":"info","event":"Filling up the DagBag from /opt/airflow/dags/27.Pipeline.py","logger":"airflow.models.dagbag.DagBag"}
{"timestamp":"2026-02-09T21:14:56.250607","level":"info","event":"Filling up the DagBag from /opt/airflow/dags/27.Pipeline.py","logger":"airflow.models.dagbag.DagBag"}
{"timestamp":"2026-02-09T21:15:51.111583","level":"info","event":"Filling up the DagBag from /opt/airflow/dags/27.Pipeline.py","logger":"airflow.models.dagbag.DagBag"}
{"timestamp":"2026-02-09T21:15:56.970223","level":"info","event":"Filling up the DagBag from /opt/airflow/dags/27.Pipeline.py","logger":"airflow.models.dagbag.DagBag"}
{"timestamp":"2026-02-09T21:16:02.442206","level":"info","event":"Filling up the DagBag from /opt/airflow/dags/27.Pipeline.py","logger":"airflow.models.dagbag.DagBag"}
{"timestamp":"2026-02-09T21:16:08.168776","level":"info","event":"Filling up the DagBag from /opt/airflow/dags/27.Pipeline.py","logger":"airflow.models.dagbag.DagBag"}
{"timestamp":"2026-02-09T21:16:13.834600","level":"info","event":"Filling up the DagBag from /opt/airflow/dags/27.Pipeline.py","logger":"airflow.models.dagbag.DagBag"}
{"timestamp":"2026-02-09T21:16:19.796770","level":"info","event":"Filling up the DagBag from /opt/airflow/dags/27.Pipeline.py","logger":"airflow.models.dagbag.DagBag"}
{"timestamp":"2026-02-09T21:31:19.885278","level":"info","event":"Filling up the DagBag from /opt/airflow/dags/27.Pipeline.py","logger":"airflow.models.dagbag.DagBag"}
