{"timestamp":"2026-02-09T20:21:45.519230","level":"info","event":"Filling up the DagBag from /opt/airflow/dags/carga_supabase.py","logger":"airflow.models.dagbag.DagBag"}
{"timestamp":"2026-02-09T20:21:51.834600","level":"info","event":"Filling up the DagBag from /opt/airflow/dags/carga_supabase.py","logger":"airflow.models.dagbag.DagBag"}
{"timestamp":"2026-02-09T20:21:57.534293","level":"info","event":"Filling up the DagBag from /opt/airflow/dags/carga_supabase.py","logger":"airflow.models.dagbag.DagBag"}
{"timestamp":"2026-02-09T20:22:03.218185","level":"info","event":"Filling up the DagBag from /opt/airflow/dags/carga_supabase.py","logger":"airflow.models.dagbag.DagBag"}
{"timestamp":"2026-02-09T20:22:08.819523","level":"info","event":"Filling up the DagBag from /opt/airflow/dags/carga_supabase.py","logger":"airflow.models.dagbag.DagBag"}
{"timestamp":"2026-02-09T20:22:14.873450","level":"info","event":"Filling up the DagBag from /opt/airflow/dags/carga_supabase.py","logger":"airflow.models.dagbag.DagBag"}
{"timestamp":"2026-02-09T20:22:20.735008","level":"info","event":"Filling up the DagBag from /opt/airflow/dags/carga_supabase.py","logger":"airflow.models.dagbag.DagBag"}
{"timestamp":"2026-02-09T20:22:26.188931","level":"info","event":"Filling up the DagBag from /opt/airflow/dags/carga_supabase.py","logger":"airflow.models.dagbag.DagBag"}
{"timestamp":"2026-02-09T20:22:31.568863","level":"info","event":"Filling up the DagBag from /opt/airflow/dags/carga_supabase.py","logger":"airflow.models.dagbag.DagBag"}
{"timestamp":"2026-02-09T20:22:37.081238","level":"info","event":"Filling up the DagBag from /opt/airflow/dags/carga_supabase.py","logger":"airflow.models.dagbag.DagBag"}
{"timestamp":"2026-02-09T20:22:42.547797","level":"info","event":"Filling up the DagBag from /opt/airflow/dags/carga_supabase.py","logger":"airflow.models.dagbag.DagBag"}
{"timestamp":"2026-02-09T20:22:48.246944","level":"info","event":"Filling up the DagBag from /opt/airflow/dags/carga_supabase.py","logger":"airflow.models.dagbag.DagBag"}
{"timestamp":"2026-02-09T20:22:53.567711","level":"info","event":"Filling up the DagBag from /opt/airflow/dags/carga_supabase.py","logger":"airflow.models.dagbag.DagBag"}
{"timestamp":"2026-02-09T20:27:04.808157","level":"info","event":"Filling up the DagBag from /opt/airflow/dags/carga_supabase.py","logger":"airflow.models.dagbag.DagBag"}
{"timestamp":"2026-02-09T20:27:11.958224","level":"info","event":"Filling up the DagBag from /opt/airflow/dags/carga_supabase.py","logger":"airflow.models.dagbag.DagBag"}
{"timestamp":"2026-02-09T20:27:18.072435","level":"info","event":"Filling up the DagBag from /opt/airflow/dags/carga_supabase.py","logger":"airflow.models.dagbag.DagBag"}
{"timestamp":"2026-02-09T20:27:24.505403","level":"info","event":"Filling up the DagBag from /opt/airflow/dags/carga_supabase.py","logger":"airflow.models.dagbag.DagBag"}
{"timestamp":"2026-02-09T20:27:30.822337","level":"info","event":"Filling up the DagBag from /opt/airflow/dags/carga_supabase.py","logger":"airflow.models.dagbag.DagBag"}
{"timestamp":"2026-02-09T20:27:36.982769","level":"info","event":"Filling up the DagBag from /opt/airflow/dags/carga_supabase.py","logger":"airflow.models.dagbag.DagBag"}
{"timestamp":"2026-02-09T20:27:42.828340","level":"info","event":"Filling up the DagBag from /opt/airflow/dags/carga_supabase.py","logger":"airflow.models.dagbag.DagBag"}
{"timestamp":"2026-02-09T20:27:48.810614","level":"info","event":"Filling up the DagBag from /opt/airflow/dags/carga_supabase.py","logger":"airflow.models.dagbag.DagBag"}
{"timestamp":"2026-02-09T20:27:56.167682","level":"info","event":"Filling up the DagBag from /opt/airflow/dags/carga_supabase.py","logger":"airflow.models.dagbag.DagBag"}
{"timestamp":"2026-02-09T20:28:01.804979","level":"info","event":"Filling up the DagBag from /opt/airflow/dags/carga_supabase.py","logger":"airflow.models.dagbag.DagBag"}
{"timestamp":"2026-02-09T20:28:08.960260","level":"info","event":"Filling up the DagBag from /opt/airflow/dags/carga_supabase.py","logger":"airflow.models.dagbag.DagBag"}
{"timestamp":"2026-02-09T20:28:15.797680","level":"info","event":"Filling up the DagBag from /opt/airflow/dags/carga_supabase.py","logger":"airflow.models.dagbag.DagBag"}
{"timestamp":"2026-02-09T20:28:22.233038","level":"info","event":"Filling up the DagBag from /opt/airflow/dags/carga_supabase.py","logger":"airflow.models.dagbag.DagBag"}
{"timestamp":"2026-02-09T20:28:28.087975","level":"info","event":"Filling up the DagBag from /opt/airflow/dags/carga_supabase.py","logger":"airflow.models.dagbag.DagBag"}
{"timestamp":"2026-02-09T20:28:33.530427","level":"info","event":"Filling up the DagBag from /opt/airflow/dags/carga_supabase.py","logger":"airflow.models.dagbag.DagBag"}
{"timestamp":"2026-02-09T20:28:39.187135","level":"info","event":"Filling up the DagBag from /opt/airflow/dags/carga_supabase.py","logger":"airflow.models.dagbag.DagBag"}
{"timestamp":"2026-02-09T20:28:46.278160","level":"info","event":"Filling up the DagBag from /opt/airflow/dags/carga_supabase.py","logger":"airflow.models.dagbag.DagBag"}
{"timestamp":"2026-02-09T20:28:52.273449","level":"info","event":"Filling up the DagBag from /opt/airflow/dags/carga_supabase.py","logger":"airflow.models.dagbag.DagBag"}
{"timestamp":"2026-02-09T20:28:58.162365","level":"info","event":"Filling up the DagBag from /opt/airflow/dags/carga_supabase.py","logger":"airflow.models.dagbag.DagBag"}
{"timestamp":"2026-02-09T20:29:09.594622","level":"info","event":"Filling up the DagBag from /opt/airflow/dags/carga_supabase.py","logger":"airflow.models.dagbag.DagBag"}
{"timestamp":"2026-02-09T20:29:17.151867","level":"info","event":"Filling up the DagBag from /opt/airflow/dags/carga_supabase.py","logger":"airflow.models.dagbag.DagBag"}
{"timestamp":"2026-02-09T20:29:32.892388","level":"info","event":"Filling up the DagBag from /opt/airflow/dags/carga_supabase.py","logger":"airflow.models.dagbag.DagBag"}
{"timestamp":"2026-02-09T20:29:45.211772","level":"info","event":"Filling up the DagBag from /opt/airflow/dags/carga_supabase.py","logger":"airflow.models.dagbag.DagBag"}
{"timestamp":"2026-02-09T20:29:51.775440","level":"info","event":"Filling up the DagBag from /opt/airflow/dags/carga_supabase.py","logger":"airflow.models.dagbag.DagBag"}
{"timestamp":"2026-02-09T20:29:59.280300","level":"info","event":"Filling up the DagBag from /opt/airflow/dags/carga_supabase.py","logger":"airflow.models.dagbag.DagBag"}
{"timestamp":"2026-02-09T20:30:04.776820","level":"info","event":"Filling up the DagBag from /opt/airflow/dags/carga_supabase.py","logger":"airflow.models.dagbag.DagBag"}
{"timestamp":"2026-02-09T20:30:10.754504","level":"info","event":"Filling up the DagBag from /opt/airflow/dags/carga_supabase.py","logger":"airflow.models.dagbag.DagBag"}
{"timestamp":"2026-02-09T20:30:17.014776","level":"info","event":"Filling up the DagBag from /opt/airflow/dags/carga_supabase.py","logger":"airflow.models.dagbag.DagBag"}
{"timestamp":"2026-02-09T20:30:23.478371","level":"info","event":"Filling up the DagBag from /opt/airflow/dags/carga_supabase.py","logger":"airflow.models.dagbag.DagBag"}
{"timestamp":"2026-02-09T20:30:30.656670","level":"info","event":"Filling up the DagBag from /opt/airflow/dags/carga_supabase.py","logger":"airflow.models.dagbag.DagBag"}
{"timestamp":"2026-02-09T20:30:36.542105","level":"info","event":"Filling up the DagBag from /opt/airflow/dags/carga_supabase.py","logger":"airflow.models.dagbag.DagBag"}
{"timestamp":"2026-02-09T20:30:42.001440","level":"info","event":"Filling up the DagBag from /opt/airflow/dags/carga_supabase.py","logger":"airflow.models.dagbag.DagBag"}
{"timestamp":"2026-02-09T20:30:48.158817","level":"info","event":"Filling up the DagBag from /opt/airflow/dags/carga_supabase.py","logger":"airflow.models.dagbag.DagBag"}
{"timestamp":"2026-02-09T20:30:54.245410","level":"info","event":"Filling up the DagBag from /opt/airflow/dags/carga_supabase.py","logger":"airflow.models.dagbag.DagBag"}
{"timestamp":"2026-02-09T20:31:02.053976","level":"info","event":"Filling up the DagBag from /opt/airflow/dags/carga_supabase.py","logger":"airflow.models.dagbag.DagBag"}
{"timestamp":"2026-02-09T20:31:07.630557","level":"info","event":"Filling up the DagBag from /opt/airflow/dags/carga_supabase.py","logger":"airflow.models.dagbag.DagBag"}
{"timestamp":"2026-02-09T20:31:13.247144","level":"info","event":"Filling up the DagBag from /opt/airflow/dags/carga_supabase.py","logger":"airflow.models.dagbag.DagBag"}
{"timestamp":"2026-02-09T20:31:19.720417","level":"info","event":"Filling up the DagBag from /opt/airflow/dags/carga_supabase.py","logger":"airflow.models.dagbag.DagBag"}
{"timestamp":"2026-02-09T20:31:25.396793","level":"info","event":"Filling up the DagBag from /opt/airflow/dags/carga_supabase.py","logger":"airflow.models.dagbag.DagBag"}
{"timestamp":"2026-02-09T20:31:31.904468","level":"info","event":"Filling up the DagBag from /opt/airflow/dags/carga_supabase.py","logger":"airflow.models.dagbag.DagBag"}
{"timestamp":"2026-02-09T20:31:38.896066","level":"info","event":"Filling up the DagBag from /opt/airflow/dags/carga_supabase.py","logger":"airflow.models.dagbag.DagBag"}
{"timestamp":"2026-02-09T20:31:44.957230","level":"info","event":"Filling up the DagBag from /opt/airflow/dags/carga_supabase.py","logger":"airflow.models.dagbag.DagBag"}
{"timestamp":"2026-02-09T20:31:50.495871","level":"info","event":"Filling up the DagBag from /opt/airflow/dags/carga_supabase.py","logger":"airflow.models.dagbag.DagBag"}
{"timestamp":"2026-02-09T20:31:56.585478","level":"info","event":"Filling up the DagBag from /opt/airflow/dags/carga_supabase.py","logger":"airflow.models.dagbag.DagBag"}
{"timestamp":"2026-02-09T20:32:01.927124","level":"info","event":"Filling up the DagBag from /opt/airflow/dags/carga_supabase.py","logger":"airflow.models.dagbag.DagBag"}
{"timestamp":"2026-02-09T20:32:07.607503","level":"info","event":"Filling up the DagBag from /opt/airflow/dags/carga_supabase.py","logger":"airflow.models.dagbag.DagBag"}
{"timestamp":"2026-02-09T20:32:13.528657","level":"info","event":"Filling up the DagBag from /opt/airflow/dags/carga_supabase.py","logger":"airflow.models.dagbag.DagBag"}
{"timestamp":"2026-02-09T20:32:19.038544","level":"info","event":"Filling up the DagBag from /opt/airflow/dags/carga_supabase.py","logger":"airflow.models.dagbag.DagBag"}
{"timestamp":"2026-02-09T20:33:09.864820","level":"info","event":"Filling up the DagBag from /opt/airflow/dags/carga_supabase.py","logger":"airflow.models.dagbag.DagBag"}
{"timestamp":"2026-02-09T20:33:17.746355","level":"info","event":"Filling up the DagBag from /opt/airflow/dags/carga_supabase.py","logger":"airflow.models.dagbag.DagBag"}
{"timestamp":"2026-02-09T20:33:23.447036","level":"info","event":"Filling up the DagBag from /opt/airflow/dags/carga_supabase.py","logger":"airflow.models.dagbag.DagBag"}
{"timestamp":"2026-02-09T20:33:29.593359","level":"info","event":"Filling up the DagBag from /opt/airflow/dags/carga_supabase.py","logger":"airflow.models.dagbag.DagBag"}
{"timestamp":"2026-02-09T20:33:35.191299","level":"info","event":"Filling up the DagBag from /opt/airflow/dags/carga_supabase.py","logger":"airflow.models.dagbag.DagBag"}
{"timestamp":"2026-02-09T20:33:40.804951","level":"info","event":"Filling up the DagBag from /opt/airflow/dags/carga_supabase.py","logger":"airflow.models.dagbag.DagBag"}
{"timestamp":"2026-02-09T20:33:47.287199","level":"info","event":"Filling up the DagBag from /opt/airflow/dags/carga_supabase.py","logger":"airflow.models.dagbag.DagBag"}
{"timestamp":"2026-02-09T20:34:21.145482","level":"info","event":"Filling up the DagBag from /opt/airflow/dags/carga_supabase.py","logger":"airflow.models.dagbag.DagBag"}
{"timestamp":"2026-02-09T20:34:26.774914","level":"info","event":"Filling up the DagBag from /opt/airflow/dags/carga_supabase.py","logger":"airflow.models.dagbag.DagBag"}
{"timestamp":"2026-02-09T20:34:32.729642","level":"info","event":"Filling up the DagBag from /opt/airflow/dags/carga_supabase.py","logger":"airflow.models.dagbag.DagBag"}
{"timestamp":"2026-02-09T20:34:38.391887","level":"info","event":"Filling up the DagBag from /opt/airflow/dags/carga_supabase.py","logger":"airflow.models.dagbag.DagBag"}
{"timestamp":"2026-02-09T20:34:43.794634","level":"info","event":"Filling up the DagBag from /opt/airflow/dags/carga_supabase.py","logger":"airflow.models.dagbag.DagBag"}
{"timestamp":"2026-02-09T20:34:49.201946","level":"info","event":"Filling up the DagBag from /opt/airflow/dags/carga_supabase.py","logger":"airflow.models.dagbag.DagBag"}
{"timestamp":"2026-02-09T20:34:55.598783","level":"info","event":"Filling up the DagBag from /opt/airflow/dags/carga_supabase.py","logger":"airflow.models.dagbag.DagBag"}
{"timestamp":"2026-02-09T20:35:19.687923","level":"info","event":"Filling up the DagBag from /opt/airflow/dags/carga_supabase.py","logger":"airflow.models.dagbag.DagBag"}
{"timestamp":"2026-02-09T20:35:25.739561","level":"info","event":"Filling up the DagBag from /opt/airflow/dags/carga_supabase.py","logger":"airflow.models.dagbag.DagBag"}
{"timestamp":"2026-02-09T20:35:31.526737","level":"info","event":"Filling up the DagBag from /opt/airflow/dags/carga_supabase.py","logger":"airflow.models.dagbag.DagBag"}
{"timestamp":"2026-02-09T20:35:38.308285","level":"info","event":"Filling up the DagBag from /opt/airflow/dags/carga_supabase.py","logger":"airflow.models.dagbag.DagBag"}
{"timestamp":"2026-02-09T20:35:45.126937","level":"info","event":"Filling up the DagBag from /opt/airflow/dags/carga_supabase.py","logger":"airflow.models.dagbag.DagBag"}
{"timestamp":"2026-02-09T20:35:51.567376","level":"info","event":"Filling up the DagBag from /opt/airflow/dags/carga_supabase.py","logger":"airflow.models.dagbag.DagBag"}
{"timestamp":"2026-02-09T20:35:58.819971","level":"info","event":"Filling up the DagBag from /opt/airflow/dags/carga_supabase.py","logger":"airflow.models.dagbag.DagBag"}
{"timestamp":"2026-02-09T20:36:05.471136","level":"info","event":"Filling up the DagBag from /opt/airflow/dags/carga_supabase.py","logger":"airflow.models.dagbag.DagBag"}
{"timestamp":"2026-02-09T20:36:10.964955","level":"info","event":"Filling up the DagBag from /opt/airflow/dags/carga_supabase.py","logger":"airflow.models.dagbag.DagBag"}
{"timestamp":"2026-02-09T20:36:16.873393","level":"info","event":"Filling up the DagBag from /opt/airflow/dags/carga_supabase.py","logger":"airflow.models.dagbag.DagBag"}
{"timestamp":"2026-02-09T20:36:22.629908","level":"info","event":"Filling up the DagBag from /opt/airflow/dags/carga_supabase.py","logger":"airflow.models.dagbag.DagBag"}
{"timestamp":"2026-02-09T20:36:28.087870","level":"info","event":"Filling up the DagBag from /opt/airflow/dags/carga_supabase.py","logger":"airflow.models.dagbag.DagBag"}
{"timestamp":"2026-02-09T20:36:33.728956","level":"info","event":"Filling up the DagBag from /opt/airflow/dags/carga_supabase.py","logger":"airflow.models.dagbag.DagBag"}
{"timestamp":"2026-02-09T20:36:39.251992","level":"info","event":"Filling up the DagBag from /opt/airflow/dags/carga_supabase.py","logger":"airflow.models.dagbag.DagBag"}
{"timestamp":"2026-02-09T20:36:45.433246","level":"info","event":"Filling up the DagBag from /opt/airflow/dags/carga_supabase.py","logger":"airflow.models.dagbag.DagBag"}
{"timestamp":"2026-02-09T20:36:50.811613","level":"info","event":"Filling up the DagBag from /opt/airflow/dags/carga_supabase.py","logger":"airflow.models.dagbag.DagBag"}
{"timestamp":"2026-02-09T20:36:56.461289","level":"info","event":"Filling up the DagBag from /opt/airflow/dags/carga_supabase.py","logger":"airflow.models.dagbag.DagBag"}
{"timestamp":"2026-02-09T20:37:01.778623","level":"info","event":"Filling up the DagBag from /opt/airflow/dags/carga_supabase.py","logger":"airflow.models.dagbag.DagBag"}
{"timestamp":"2026-02-09T20:37:07.451577","level":"info","event":"Filling up the DagBag from /opt/airflow/dags/carga_supabase.py","logger":"airflow.models.dagbag.DagBag"}
{"timestamp":"2026-02-09T20:37:13.487760","level":"info","event":"Filling up the DagBag from /opt/airflow/dags/carga_supabase.py","logger":"airflow.models.dagbag.DagBag"}
{"timestamp":"2026-02-09T20:38:23.528174","level":"info","event":"Filling up the DagBag from /opt/airflow/dags/carga_supabase.py","logger":"airflow.models.dagbag.DagBag"}
{"timestamp":"2026-02-09T20:38:28.919541","level":"info","event":"Filling up the DagBag from /opt/airflow/dags/carga_supabase.py","logger":"airflow.models.dagbag.DagBag"}
{"timestamp":"2026-02-09T20:38:34.502325","level":"info","event":"Filling up the DagBag from /opt/airflow/dags/carga_supabase.py","logger":"airflow.models.dagbag.DagBag"}
{"timestamp":"2026-02-09T20:38:40.024775","level":"info","event":"Filling up the DagBag from /opt/airflow/dags/carga_supabase.py","logger":"airflow.models.dagbag.DagBag"}
{"timestamp":"2026-02-09T20:38:45.587272","level":"info","event":"Filling up the DagBag from /opt/airflow/dags/carga_supabase.py","logger":"airflow.models.dagbag.DagBag"}
{"timestamp":"2026-02-09T20:39:18.290536","level":"info","event":"Filling up the DagBag from /opt/airflow/dags/carga_supabase.py","logger":"airflow.models.dagbag.DagBag"}
{"timestamp":"2026-02-09T20:40:14.407220","level":"info","event":"Filling up the DagBag from /opt/airflow/dags/carga_supabase.py","logger":"airflow.models.dagbag.DagBag"}
{"timestamp":"2026-02-09T20:40:20.949502","level":"info","event":"Filling up the DagBag from /opt/airflow/dags/carga_supabase.py","logger":"airflow.models.dagbag.DagBag"}
{"timestamp":"2026-02-09T20:40:27.687821","level":"info","event":"Filling up the DagBag from /opt/airflow/dags/carga_supabase.py","logger":"airflow.models.dagbag.DagBag"}
{"timestamp":"2026-02-09T20:40:33.642592","level":"info","event":"Filling up the DagBag from /opt/airflow/dags/carga_supabase.py","logger":"airflow.models.dagbag.DagBag"}
{"timestamp":"2026-02-09T20:40:42.935204","level":"info","event":"Filling up the DagBag from /opt/airflow/dags/carga_supabase.py","logger":"airflow.models.dagbag.DagBag"}
{"timestamp":"2026-02-09T20:40:48.291858","level":"info","event":"Filling up the DagBag from /opt/airflow/dags/carga_supabase.py","logger":"airflow.models.dagbag.DagBag"}
{"timestamp":"2026-02-09T20:40:53.824177","level":"info","event":"Filling up the DagBag from /opt/airflow/dags/carga_supabase.py","logger":"airflow.models.dagbag.DagBag"}
{"timestamp":"2026-02-09T20:40:59.297826","level":"info","event":"Filling up the DagBag from /opt/airflow/dags/carga_supabase.py","logger":"airflow.models.dagbag.DagBag"}
{"timestamp":"2026-02-09T20:41:04.856840","level":"info","event":"Filling up the DagBag from /opt/airflow/dags/carga_supabase.py","logger":"airflow.models.dagbag.DagBag"}
{"timestamp":"2026-02-09T20:41:10.352837","level":"info","event":"Filling up the DagBag from /opt/airflow/dags/carga_supabase.py","logger":"airflow.models.dagbag.DagBag"}
{"timestamp":"2026-02-09T20:41:37.751910","level":"info","event":"Filling up the DagBag from /opt/airflow/dags/carga_supabase.py","logger":"airflow.models.dagbag.DagBag"}
{"timestamp":"2026-02-09T20:41:44.590631","level":"info","event":"Filling up the DagBag from /opt/airflow/dags/carga_supabase.py","logger":"airflow.models.dagbag.DagBag"}
{"timestamp":"2026-02-09T20:41:49.958242","level":"info","event":"Filling up the DagBag from /opt/airflow/dags/carga_supabase.py","logger":"airflow.models.dagbag.DagBag"}
{"timestamp":"2026-02-09T20:41:55.369467","level":"info","event":"Filling up the DagBag from /opt/airflow/dags/carga_supabase.py","logger":"airflow.models.dagbag.DagBag"}
{"timestamp":"2026-02-09T20:42:00.927336","level":"info","event":"Filling up the DagBag from /opt/airflow/dags/carga_supabase.py","logger":"airflow.models.dagbag.DagBag"}
{"timestamp":"2026-02-09T20:42:06.491983","level":"info","event":"Filling up the DagBag from /opt/airflow/dags/carga_supabase.py","logger":"airflow.models.dagbag.DagBag"}
{"timestamp":"2026-02-09T20:42:14.571139","level":"info","event":"Filling up the DagBag from /opt/airflow/dags/carga_supabase.py","logger":"airflow.models.dagbag.DagBag"}
{"timestamp":"2026-02-09T20:42:59.353025","level":"info","event":"Filling up the DagBag from /opt/airflow/dags/carga_supabase.py","logger":"airflow.models.dagbag.DagBag"}
{"timestamp":"2026-02-09T20:43:05.931735","level":"info","event":"Filling up the DagBag from /opt/airflow/dags/carga_supabase.py","logger":"airflow.models.dagbag.DagBag"}
{"timestamp":"2026-02-09T20:43:11.553600","level":"info","event":"Filling up the DagBag from /opt/airflow/dags/carga_supabase.py","logger":"airflow.models.dagbag.DagBag"}
{"timestamp":"2026-02-09T20:43:17.367478","level":"info","event":"Filling up the DagBag from /opt/airflow/dags/carga_supabase.py","logger":"airflow.models.dagbag.DagBag"}
{"timestamp":"2026-02-09T20:43:23.001268","level":"info","event":"Filling up the DagBag from /opt/airflow/dags/carga_supabase.py","logger":"airflow.models.dagbag.DagBag"}
{"timestamp":"2026-02-09T20:43:28.815566","level":"info","event":"Filling up the DagBag from /opt/airflow/dags/carga_supabase.py","logger":"airflow.models.dagbag.DagBag"}
{"timestamp":"2026-02-09T20:43:34.774398","level":"info","event":"Filling up the DagBag from /opt/airflow/dags/carga_supabase.py","logger":"airflow.models.dagbag.DagBag"}
{"timestamp":"2026-02-09T20:43:40.701430","level":"info","event":"Filling up the DagBag from /opt/airflow/dags/carga_supabase.py","logger":"airflow.models.dagbag.DagBag"}
{"timestamp":"2026-02-09T20:43:46.010857","level":"info","event":"Filling up the DagBag from /opt/airflow/dags/carga_supabase.py","logger":"airflow.models.dagbag.DagBag"}
{"timestamp":"2026-02-09T20:43:51.567890","level":"info","event":"Filling up the DagBag from /opt/airflow/dags/carga_supabase.py","logger":"airflow.models.dagbag.DagBag"}
{"timestamp":"2026-02-09T20:43:57.290743","level":"info","event":"Filling up the DagBag from /opt/airflow/dags/carga_supabase.py","logger":"airflow.models.dagbag.DagBag"}
{"timestamp":"2026-02-09T20:44:03.154334","level":"info","event":"Filling up the DagBag from /opt/airflow/dags/carga_supabase.py","logger":"airflow.models.dagbag.DagBag"}
{"timestamp":"2026-02-09T20:44:08.653600","level":"info","event":"Filling up the DagBag from /opt/airflow/dags/carga_supabase.py","logger":"airflow.models.dagbag.DagBag"}
{"timestamp":"2026-02-09T20:44:22.832747","level":"info","event":"Filling up the DagBag from /opt/airflow/dags/carga_supabase.py","logger":"airflow.models.dagbag.DagBag"}
{"timestamp":"2026-02-09T20:45:04.941126","level":"error","event":"Process timed out, PID: 14213","logger":"airflow.utils.timeout.TimeoutPosix"}
{"timestamp":"2026-02-09T20:45:04.977999","level":"error","event":"Failed to import: /opt/airflow/dags/carga_supabase.py","logger":"airflow.models.dagbag.DagBag","error_detail":[{"exc_type":"AirflowTaskTimeout","exc_value":"DagBag import timeout for /opt/airflow/dags/carga_supabase.py after 30.0s.\nPlease take a look at these docs to improve your DAG import time:\n* https://airflow.apache.org/docs/apache-airflow/3.0.1/best-practices.html#top-level-python-code\n* https://airflow.apache.org/docs/apache-airflow/3.0.1/best-practices.html#reducing-dag-complexity, PID: 14213","exc_notes":[],"syntax_error":null,"is_cause":false,"frames":[{"filename":"/home/airflow/.local/lib/python3.12/site-packages/airflow/models/dagbag.py","lineno":382,"name":"parse"},{"filename":"<frozen importlib._bootstrap_external>","lineno":999,"name":"exec_module"},{"filename":"<frozen importlib._bootstrap>","lineno":488,"name":"_call_with_frames_removed"},{"filename":"/opt/airflow/dags/carga_supabase.py","lineno":2,"name":"<module>"},{"filename":"/home/airflow/.local/lib/python3.12/site-packages/airflow/providers/postgres/hooks/postgres.py","lineno":32,"name":"<module>"},{"filename":"/home/airflow/.local/lib/python3.12/site-packages/airflow/providers/common/sql/hooks/sql.py","lineno":36,"name":"<module>"},{"filename":"<frozen importlib._bootstrap>","lineno":1360,"name":"_find_and_load"},{"filename":"<frozen importlib._bootstrap>","lineno":1331,"name":"_find_and_load_unlocked"},{"filename":"<frozen importlib._bootstrap>","lineno":935,"name":"_load_unlocked"},{"filename":"<frozen importlib._bootstrap_external>","lineno":995,"name":"exec_module"},{"filename":"<frozen importlib._bootstrap_external>","lineno":1128,"name":"get_code"},{"filename":"<frozen importlib._bootstrap_external>","lineno":757,"name":"_compile_bytecode"},{"filename":"/home/airflow/.local/lib/python3.12/site-packages/airflow/utils/timeout.py","lineno":69,"name":"handle_timeout"}]}]}
{"timestamp":"2026-02-09T20:45:14.221301","level":"info","event":"Filling up the DagBag from /opt/airflow/dags/carga_supabase.py","logger":"airflow.models.dagbag.DagBag"}
{"timestamp":"2026-02-09T20:45:19.978381","level":"info","event":"Filling up the DagBag from /opt/airflow/dags/carga_supabase.py","logger":"airflow.models.dagbag.DagBag"}
{"timestamp":"2026-02-09T20:45:25.482471","level":"info","event":"Filling up the DagBag from /opt/airflow/dags/carga_supabase.py","logger":"airflow.models.dagbag.DagBag"}
{"timestamp":"2026-02-09T20:45:30.916364","level":"info","event":"Filling up the DagBag from /opt/airflow/dags/carga_supabase.py","logger":"airflow.models.dagbag.DagBag"}
{"timestamp":"2026-02-09T20:45:36.263604","level":"info","event":"Filling up the DagBag from /opt/airflow/dags/carga_supabase.py","logger":"airflow.models.dagbag.DagBag"}
{"timestamp":"2026-02-09T20:45:43.235759","level":"info","event":"Filling up the DagBag from /opt/airflow/dags/carga_supabase.py","logger":"airflow.models.dagbag.DagBag"}
{"timestamp":"2026-02-09T20:46:15.215225","level":"info","event":"Filling up the DagBag from /opt/airflow/dags/carga_supabase.py","logger":"airflow.models.dagbag.DagBag"}
{"timestamp":"2026-02-09T20:46:20.655267","level":"info","event":"Filling up the DagBag from /opt/airflow/dags/carga_supabase.py","logger":"airflow.models.dagbag.DagBag"}
{"timestamp":"2026-02-09T20:46:27.875365","level":"info","event":"Filling up the DagBag from /opt/airflow/dags/carga_supabase.py","logger":"airflow.models.dagbag.DagBag"}
{"timestamp":"2026-02-09T20:46:33.318693","level":"info","event":"Filling up the DagBag from /opt/airflow/dags/carga_supabase.py","logger":"airflow.models.dagbag.DagBag"}
{"timestamp":"2026-02-09T20:46:38.735519","level":"info","event":"Filling up the DagBag from /opt/airflow/dags/carga_supabase.py","logger":"airflow.models.dagbag.DagBag"}
{"timestamp":"2026-02-09T20:46:45.054689","level":"info","event":"Filling up the DagBag from /opt/airflow/dags/carga_supabase.py","logger":"airflow.models.dagbag.DagBag"}
{"timestamp":"2026-02-09T20:47:18.475648","level":"info","event":"Filling up the DagBag from /opt/airflow/dags/carga_supabase.py","logger":"airflow.models.dagbag.DagBag"}
{"timestamp":"2026-02-09T20:47:24.179227","level":"info","event":"Filling up the DagBag from /opt/airflow/dags/carga_supabase.py","logger":"airflow.models.dagbag.DagBag"}
{"timestamp":"2026-02-09T20:47:30.499671","level":"info","event":"Filling up the DagBag from /opt/airflow/dags/carga_supabase.py","logger":"airflow.models.dagbag.DagBag"}
{"timestamp":"2026-02-09T20:47:35.915807","level":"info","event":"Filling up the DagBag from /opt/airflow/dags/carga_supabase.py","logger":"airflow.models.dagbag.DagBag"}
{"timestamp":"2026-02-09T20:47:41.344596","level":"info","event":"Filling up the DagBag from /opt/airflow/dags/carga_supabase.py","logger":"airflow.models.dagbag.DagBag"}
{"timestamp":"2026-02-09T20:47:46.864216","level":"info","event":"Filling up the DagBag from /opt/airflow/dags/carga_supabase.py","logger":"airflow.models.dagbag.DagBag"}
{"timestamp":"2026-02-09T20:48:30.099241","level":"info","event":"Filling up the DagBag from /opt/airflow/dags/carga_supabase.py","logger":"airflow.models.dagbag.DagBag"}
{"timestamp":"2026-02-09T20:48:36.313669","level":"info","event":"Filling up the DagBag from /opt/airflow/dags/carga_supabase.py","logger":"airflow.models.dagbag.DagBag"}
{"timestamp":"2026-02-09T20:48:41.712088","level":"info","event":"Filling up the DagBag from /opt/airflow/dags/carga_supabase.py","logger":"airflow.models.dagbag.DagBag"}
{"timestamp":"2026-02-09T20:48:47.080751","level":"info","event":"Filling up the DagBag from /opt/airflow/dags/carga_supabase.py","logger":"airflow.models.dagbag.DagBag"}
{"timestamp":"2026-02-09T20:48:52.494009","level":"info","event":"Filling up the DagBag from /opt/airflow/dags/carga_supabase.py","logger":"airflow.models.dagbag.DagBag"}
{"timestamp":"2026-02-09T20:48:58.091205","level":"info","event":"Filling up the DagBag from /opt/airflow/dags/carga_supabase.py","logger":"airflow.models.dagbag.DagBag"}
{"timestamp":"2026-02-09T20:49:43.087481","level":"info","event":"Filling up the DagBag from /opt/airflow/dags/carga_supabase.py","logger":"airflow.models.dagbag.DagBag"}
{"timestamp":"2026-02-09T20:49:49.933415","level":"info","event":"Filling up the DagBag from /opt/airflow/dags/carga_supabase.py","logger":"airflow.models.dagbag.DagBag"}
{"timestamp":"2026-02-09T20:49:55.714639","level":"info","event":"Filling up the DagBag from /opt/airflow/dags/carga_supabase.py","logger":"airflow.models.dagbag.DagBag"}
{"timestamp":"2026-02-09T20:50:01.172846","level":"info","event":"Filling up the DagBag from /opt/airflow/dags/carga_supabase.py","logger":"airflow.models.dagbag.DagBag"}
{"timestamp":"2026-02-09T20:50:06.503417","level":"info","event":"Filling up the DagBag from /opt/airflow/dags/carga_supabase.py","logger":"airflow.models.dagbag.DagBag"}
{"timestamp":"2026-02-09T20:50:12.125642","level":"info","event":"Filling up the DagBag from /opt/airflow/dags/carga_supabase.py","logger":"airflow.models.dagbag.DagBag"}
{"timestamp":"2026-02-09T20:50:17.621353","level":"info","event":"Filling up the DagBag from /opt/airflow/dags/carga_supabase.py","logger":"airflow.models.dagbag.DagBag"}
{"timestamp":"2026-02-09T20:51:25.756901","level":"info","event":"Filling up the DagBag from /opt/airflow/dags/carga_supabase.py","logger":"airflow.models.dagbag.DagBag"}
{"timestamp":"2026-02-09T20:51:32.164199","level":"info","event":"Filling up the DagBag from /opt/airflow/dags/carga_supabase.py","logger":"airflow.models.dagbag.DagBag"}
{"timestamp":"2026-02-09T20:51:37.609418","level":"info","event":"Filling up the DagBag from /opt/airflow/dags/carga_supabase.py","logger":"airflow.models.dagbag.DagBag"}
{"timestamp":"2026-02-09T20:51:43.469461","level":"info","event":"Filling up the DagBag from /opt/airflow/dags/carga_supabase.py","logger":"airflow.models.dagbag.DagBag"}
{"timestamp":"2026-02-09T20:51:49.264552","level":"info","event":"Filling up the DagBag from /opt/airflow/dags/carga_supabase.py","logger":"airflow.models.dagbag.DagBag"}
{"timestamp":"2026-02-09T20:51:54.942128","level":"info","event":"Filling up the DagBag from /opt/airflow/dags/carga_supabase.py","logger":"airflow.models.dagbag.DagBag"}
{"timestamp":"2026-02-09T20:52:44.662501","level":"info","event":"Filling up the DagBag from /opt/airflow/dags/carga_supabase.py","logger":"airflow.models.dagbag.DagBag"}
{"timestamp":"2026-02-09T20:52:56.417662","level":"info","event":"Filling up the DagBag from /opt/airflow/dags/carga_supabase.py","logger":"airflow.models.dagbag.DagBag"}
{"timestamp":"2026-02-09T20:53:02.387541","level":"info","event":"Filling up the DagBag from /opt/airflow/dags/carga_supabase.py","logger":"airflow.models.dagbag.DagBag"}
{"timestamp":"2026-02-09T20:53:08.451889","level":"info","event":"Filling up the DagBag from /opt/airflow/dags/carga_supabase.py","logger":"airflow.models.dagbag.DagBag"}
{"timestamp":"2026-02-09T20:53:13.891875","level":"info","event":"Filling up the DagBag from /opt/airflow/dags/carga_supabase.py","logger":"airflow.models.dagbag.DagBag"}
{"timestamp":"2026-02-09T20:53:54.945323","level":"info","event":"Filling up the DagBag from /opt/airflow/dags/carga_supabase.py","logger":"airflow.models.dagbag.DagBag"}
{"timestamp":"2026-02-09T20:54:02.329111","level":"info","event":"Filling up the DagBag from /opt/airflow/dags/carga_supabase.py","logger":"airflow.models.dagbag.DagBag"}
{"timestamp":"2026-02-09T20:54:07.725261","level":"info","event":"Filling up the DagBag from /opt/airflow/dags/carga_supabase.py","logger":"airflow.models.dagbag.DagBag"}
{"timestamp":"2026-02-09T20:54:13.140137","level":"info","event":"Filling up the DagBag from /opt/airflow/dags/carga_supabase.py","logger":"airflow.models.dagbag.DagBag"}
{"timestamp":"2026-02-09T20:54:18.656878","level":"info","event":"Filling up the DagBag from /opt/airflow/dags/carga_supabase.py","logger":"airflow.models.dagbag.DagBag"}
{"timestamp":"2026-02-09T20:54:24.353861","level":"info","event":"Filling up the DagBag from /opt/airflow/dags/carga_supabase.py","logger":"airflow.models.dagbag.DagBag"}
{"timestamp":"2026-02-09T20:54:29.771027","level":"info","event":"Filling up the DagBag from /opt/airflow/dags/carga_supabase.py","logger":"airflow.models.dagbag.DagBag"}
{"timestamp":"2026-02-09T20:57:03.674300","level":"info","event":"Filling up the DagBag from /opt/airflow/dags/carga_supabase.py","logger":"airflow.models.dagbag.DagBag"}
{"timestamp":"2026-02-09T20:57:09.710493","level":"info","event":"Filling up the DagBag from /opt/airflow/dags/carga_supabase.py","logger":"airflow.models.dagbag.DagBag"}
{"timestamp":"2026-02-09T20:57:15.264572","level":"info","event":"Filling up the DagBag from /opt/airflow/dags/carga_supabase.py","logger":"airflow.models.dagbag.DagBag"}
{"timestamp":"2026-02-09T20:57:20.638855","level":"info","event":"Filling up the DagBag from /opt/airflow/dags/carga_supabase.py","logger":"airflow.models.dagbag.DagBag"}
{"timestamp":"2026-02-09T20:57:26.059318","level":"info","event":"Filling up the DagBag from /opt/airflow/dags/carga_supabase.py","logger":"airflow.models.dagbag.DagBag"}
{"timestamp":"2026-02-09T20:57:31.702043","level":"info","event":"Filling up the DagBag from /opt/airflow/dags/carga_supabase.py","logger":"airflow.models.dagbag.DagBag"}
{"timestamp":"2026-02-09T20:57:37.023259","level":"info","event":"Filling up the DagBag from /opt/airflow/dags/carga_supabase.py","logger":"airflow.models.dagbag.DagBag"}
{"timestamp":"2026-02-09T20:58:17.992355","level":"info","event":"Filling up the DagBag from /opt/airflow/dags/carga_supabase.py","logger":"airflow.models.dagbag.DagBag"}
{"timestamp":"2026-02-09T20:58:23.440283","level":"info","event":"Filling up the DagBag from /opt/airflow/dags/carga_supabase.py","logger":"airflow.models.dagbag.DagBag"}
{"timestamp":"2026-02-09T20:58:29.106854","level":"info","event":"Filling up the DagBag from /opt/airflow/dags/carga_supabase.py","logger":"airflow.models.dagbag.DagBag"}
{"timestamp":"2026-02-09T20:58:34.677972","level":"info","event":"Filling up the DagBag from /opt/airflow/dags/carga_supabase.py","logger":"airflow.models.dagbag.DagBag"}
{"timestamp":"2026-02-09T20:58:40.294573","level":"info","event":"Filling up the DagBag from /opt/airflow/dags/carga_supabase.py","logger":"airflow.models.dagbag.DagBag"}
{"timestamp":"2026-02-09T20:58:46.127019","level":"info","event":"Filling up the DagBag from /opt/airflow/dags/carga_supabase.py","logger":"airflow.models.dagbag.DagBag"}
{"timestamp":"2026-02-09T20:58:51.514612","level":"info","event":"Filling up the DagBag from /opt/airflow/dags/carga_supabase.py","logger":"airflow.models.dagbag.DagBag"}
{"timestamp":"2026-02-09T20:59:26.235397","level":"error","event":"Process timed out, PID: 16041","logger":"airflow.utils.timeout.TimeoutPosix"}
{"timestamp":"2026-02-09T20:59:26.238618","level":"error","event":"Failed to import: /opt/airflow/dags/carga_supabase.py","logger":"airflow.models.dagbag.DagBag","error_detail":[{"exc_type":"AirflowTaskTimeout","exc_value":"DagBag import timeout for /opt/airflow/dags/carga_supabase.py after 30.0s.\nPlease take a look at these docs to improve your DAG import time:\n* https://airflow.apache.org/docs/apache-airflow/3.0.1/best-practices.html#top-level-python-code\n* https://airflow.apache.org/docs/apache-airflow/3.0.1/best-practices.html#reducing-dag-complexity, PID: 16041","exc_notes":[],"syntax_error":null,"is_cause":false,"frames":[{"filename":"/home/airflow/.local/lib/python3.12/site-packages/airflow/models/dagbag.py","lineno":382,"name":"parse"},{"filename":"<frozen importlib._bootstrap_external>","lineno":999,"name":"exec_module"},{"filename":"<frozen importlib._bootstrap>","lineno":488,"name":"_call_with_frames_removed"},{"filename":"/opt/airflow/dags/carga_supabase.py","lineno":2,"name":"<module>"},{"filename":"/home/airflow/.local/lib/python3.12/site-packages/airflow/providers/postgres/hooks/postgres.py","lineno":32,"name":"<module>"},{"filename":"/home/airflow/.local/lib/python3.12/site-packages/airflow/providers/common/sql/hooks/sql.py","lineno":137,"name":"<module>"},{"filename":"/home/airflow/.local/lib/python3.12/site-packages/airflow/providers/common/sql/hooks/sql.py","lineno":168,"name":"DbApiHook"},{"filename":"/home/airflow/.local/lib/python3.12/site-packages/airflow/providers/common/sql/hooks/sql.py","lineno":99,"name":"resolve_dialects"},{"filename":"/home/airflow/.local/lib/python3.12/site-packages/airflow/providers_manager.py","lineno":1183,"name":"dialects"},{"filename":"/home/airflow/.local/lib/python3.12/site-packages/airflow/providers_manager.py","lineno":357,"name":"wrapped_function"},{"filename":"/home/airflow/.local/lib/python3.12/site-packages/airflow/providers_manager.py","lineno":491,"name":"initialize_providers_hooks"},{"filename":"/home/airflow/.local/lib/python3.12/site-packages/airflow/providers_manager.py","lineno":754,"name":"_discover_hooks"},{"filename":"/home/airflow/.local/lib/python3.12/site-packages/airflow/providers_manager.py","lineno":644,"name":"_discover_hooks_from_connection_types"},{"filename":"/home/airflow/.local/lib/python3.12/site-packages/airflow/utils/timeout.py","lineno":69,"name":"handle_timeout"}]}]}
{"timestamp":"2026-02-09T20:59:32.415725","level":"info","event":"Filling up the DagBag from /opt/airflow/dags/carga_supabase.py","logger":"airflow.models.dagbag.DagBag"}
{"timestamp":"2026-02-09T20:59:37.718667","level":"info","event":"Filling up the DagBag from /opt/airflow/dags/carga_supabase.py","logger":"airflow.models.dagbag.DagBag"}
{"timestamp":"2026-02-09T20:59:43.163335","level":"info","event":"Filling up the DagBag from /opt/airflow/dags/carga_supabase.py","logger":"airflow.models.dagbag.DagBag"}
{"timestamp":"2026-02-09T20:59:48.998380","level":"info","event":"Filling up the DagBag from /opt/airflow/dags/carga_supabase.py","logger":"airflow.models.dagbag.DagBag"}
{"timestamp":"2026-02-09T20:59:54.678755","level":"info","event":"Filling up the DagBag from /opt/airflow/dags/carga_supabase.py","logger":"airflow.models.dagbag.DagBag"}
{"timestamp":"2026-02-09T21:00:07.731204","level":"info","event":"Filling up the DagBag from /opt/airflow/dags/carga_supabase.py","logger":"airflow.models.dagbag.DagBag"}
{"timestamp":"2026-02-09T21:00:13.216770","level":"info","event":"Filling up the DagBag from /opt/airflow/dags/carga_supabase.py","logger":"airflow.models.dagbag.DagBag"}
{"timestamp":"2026-02-09T21:00:18.560576","level":"info","event":"Filling up the DagBag from /opt/airflow/dags/carga_supabase.py","logger":"airflow.models.dagbag.DagBag"}
{"timestamp":"2026-02-09T21:00:24.087230","level":"info","event":"Filling up the DagBag from /opt/airflow/dags/carga_supabase.py","logger":"airflow.models.dagbag.DagBag"}
{"timestamp":"2026-02-09T21:00:29.521684","level":"info","event":"Filling up the DagBag from /opt/airflow/dags/carga_supabase.py","logger":"airflow.models.dagbag.DagBag"}
{"timestamp":"2026-02-09T21:00:35.181186","level":"info","event":"Filling up the DagBag from /opt/airflow/dags/carga_supabase.py","logger":"airflow.models.dagbag.DagBag"}
{"timestamp":"2026-02-09T21:00:40.608958","level":"info","event":"Filling up the DagBag from /opt/airflow/dags/carga_supabase.py","logger":"airflow.models.dagbag.DagBag"}
{"timestamp":"2026-02-09T21:01:15.023480","level":"info","event":"Filling up the DagBag from /opt/airflow/dags/carga_supabase.py","logger":"airflow.models.dagbag.DagBag"}
{"timestamp":"2026-02-09T21:01:20.444360","level":"info","event":"Filling up the DagBag from /opt/airflow/dags/carga_supabase.py","logger":"airflow.models.dagbag.DagBag"}
{"timestamp":"2026-02-09T21:01:26.404079","level":"info","event":"Filling up the DagBag from /opt/airflow/dags/carga_supabase.py","logger":"airflow.models.dagbag.DagBag"}
{"timestamp":"2026-02-09T21:01:32.723093","level":"info","event":"Filling up the DagBag from /opt/airflow/dags/carga_supabase.py","logger":"airflow.models.dagbag.DagBag"}
{"timestamp":"2026-02-09T21:01:38.155564","level":"info","event":"Filling up the DagBag from /opt/airflow/dags/carga_supabase.py","logger":"airflow.models.dagbag.DagBag"}
{"timestamp":"2026-02-09T21:01:43.978337","level":"info","event":"Filling up the DagBag from /opt/airflow/dags/carga_supabase.py","logger":"airflow.models.dagbag.DagBag"}
{"timestamp":"2026-02-09T21:03:14.222106","level":"info","event":"Filling up the DagBag from /opt/airflow/dags/carga_supabase.py","logger":"airflow.models.dagbag.DagBag"}
{"timestamp":"2026-02-09T21:03:20.381572","level":"info","event":"Filling up the DagBag from /opt/airflow/dags/carga_supabase.py","logger":"airflow.models.dagbag.DagBag"}
{"timestamp":"2026-02-09T21:03:25.872271","level":"info","event":"Filling up the DagBag from /opt/airflow/dags/carga_supabase.py","logger":"airflow.models.dagbag.DagBag"}
{"timestamp":"2026-02-09T21:03:31.388513","level":"info","event":"Filling up the DagBag from /opt/airflow/dags/carga_supabase.py","logger":"airflow.models.dagbag.DagBag"}
{"timestamp":"2026-02-09T21:03:36.716902","level":"info","event":"Filling up the DagBag from /opt/airflow/dags/carga_supabase.py","logger":"airflow.models.dagbag.DagBag"}
{"timestamp":"2026-02-09T21:03:42.264437","level":"info","event":"Filling up the DagBag from /opt/airflow/dags/carga_supabase.py","logger":"airflow.models.dagbag.DagBag"}
{"timestamp":"2026-02-09T21:03:48.104740","level":"info","event":"Filling up the DagBag from /opt/airflow/dags/carga_supabase.py","logger":"airflow.models.dagbag.DagBag"}
{"timestamp":"2026-02-09T21:04:21.069786","level":"error","event":"Process timed out, PID: 16793","logger":"airflow.utils.timeout.TimeoutPosix"}
{"timestamp":"2026-02-09T21:04:21.079635","level":"error","event":"Failed to import: /opt/airflow/dags/carga_supabase.py","logger":"airflow.models.dagbag.DagBag","error_detail":[{"exc_type":"AirflowTaskTimeout","exc_value":"DagBag import timeout for /opt/airflow/dags/carga_supabase.py after 30.0s.\nPlease take a look at these docs to improve your DAG import time:\n* https://airflow.apache.org/docs/apache-airflow/3.0.1/best-practices.html#top-level-python-code\n* https://airflow.apache.org/docs/apache-airflow/3.0.1/best-practices.html#reducing-dag-complexity, PID: 16793","exc_notes":[],"syntax_error":null,"is_cause":false,"frames":[{"filename":"/home/airflow/.local/lib/python3.12/site-packages/airflow/models/dagbag.py","lineno":382,"name":"parse"},{"filename":"<frozen importlib._bootstrap_external>","lineno":999,"name":"exec_module"},{"filename":"<frozen importlib._bootstrap>","lineno":488,"name":"_call_with_frames_removed"},{"filename":"/opt/airflow/dags/carga_supabase.py","lineno":2,"name":"<module>"},{"filename":"/home/airflow/.local/lib/python3.12/site-packages/airflow/providers/postgres/hooks/postgres.py","lineno":32,"name":"<module>"},{"filename":"/home/airflow/.local/lib/python3.12/site-packages/airflow/providers/common/sql/hooks/sql.py","lineno":52,"name":"<module>"},{"filename":"<frozen importlib._bootstrap>","lineno":1360,"name":"_find_and_load"},{"filename":"<frozen importlib._bootstrap>","lineno":1331,"name":"_find_and_load_unlocked"},{"filename":"<frozen importlib._bootstrap>","lineno":935,"name":"_load_unlocked"},{"filename":"<frozen importlib._bootstrap_external>","lineno":995,"name":"exec_module"},{"filename":"<frozen importlib._bootstrap_external>","lineno":1128,"name":"get_code"},{"filename":"<frozen importlib._bootstrap_external>","lineno":757,"name":"_compile_bytecode"},{"filename":"/home/airflow/.local/lib/python3.12/site-packages/airflow/utils/timeout.py","lineno":69,"name":"handle_timeout"}]}]}
{"timestamp":"2026-02-09T21:04:28.286891","level":"info","event":"Filling up the DagBag from /opt/airflow/dags/carga_supabase.py","logger":"airflow.models.dagbag.DagBag"}
{"timestamp":"2026-02-09T21:04:33.695901","level":"info","event":"Filling up the DagBag from /opt/airflow/dags/carga_supabase.py","logger":"airflow.models.dagbag.DagBag"}
{"timestamp":"2026-02-09T21:04:39.170635","level":"info","event":"Filling up the DagBag from /opt/airflow/dags/carga_supabase.py","logger":"airflow.models.dagbag.DagBag"}
{"timestamp":"2026-02-09T21:04:44.727723","level":"info","event":"Filling up the DagBag from /opt/airflow/dags/carga_supabase.py","logger":"airflow.models.dagbag.DagBag"}
{"timestamp":"2026-02-09T21:04:50.182776","level":"info","event":"Filling up the DagBag from /opt/airflow/dags/carga_supabase.py","logger":"airflow.models.dagbag.DagBag"}
{"timestamp":"2026-02-09T21:04:55.721195","level":"info","event":"Filling up the DagBag from /opt/airflow/dags/carga_supabase.py","logger":"airflow.models.dagbag.DagBag"}
{"timestamp":"2026-02-09T21:05:33.330646","level":"info","event":"Filling up the DagBag from /opt/airflow/dags/carga_supabase.py","logger":"airflow.models.dagbag.DagBag"}
{"timestamp":"2026-02-09T21:05:38.729257","level":"info","event":"Filling up the DagBag from /opt/airflow/dags/carga_supabase.py","logger":"airflow.models.dagbag.DagBag"}
{"timestamp":"2026-02-09T21:05:44.127696","level":"info","event":"Filling up the DagBag from /opt/airflow/dags/carga_supabase.py","logger":"airflow.models.dagbag.DagBag"}
{"timestamp":"2026-02-09T21:05:49.537769","level":"info","event":"Filling up the DagBag from /opt/airflow/dags/carga_supabase.py","logger":"airflow.models.dagbag.DagBag"}
{"timestamp":"2026-02-09T21:05:55.405303","level":"info","event":"Filling up the DagBag from /opt/airflow/dags/carga_supabase.py","logger":"airflow.models.dagbag.DagBag"}
{"timestamp":"2026-02-09T21:06:00.890559","level":"info","event":"Filling up the DagBag from /opt/airflow/dags/carga_supabase.py","logger":"airflow.models.dagbag.DagBag"}
{"timestamp":"2026-02-09T21:06:06.611128","level":"info","event":"Filling up the DagBag from /opt/airflow/dags/carga_supabase.py","logger":"airflow.models.dagbag.DagBag"}
{"timestamp":"2026-02-09T21:06:24.050679","level":"info","event":"Filling up the DagBag from /opt/airflow/dags/carga_supabase.py","logger":"airflow.models.dagbag.DagBag"}
{"timestamp":"2026-02-09T21:06:29.817690","level":"info","event":"Filling up the DagBag from /opt/airflow/dags/carga_supabase.py","logger":"airflow.models.dagbag.DagBag"}
{"timestamp":"2026-02-09T21:06:35.187033","level":"info","event":"Filling up the DagBag from /opt/airflow/dags/carga_supabase.py","logger":"airflow.models.dagbag.DagBag"}
{"timestamp":"2026-02-09T21:06:40.589635","level":"info","event":"Filling up the DagBag from /opt/airflow/dags/carga_supabase.py","logger":"airflow.models.dagbag.DagBag"}
{"timestamp":"2026-02-09T21:06:46.105699","level":"info","event":"Filling up the DagBag from /opt/airflow/dags/carga_supabase.py","logger":"airflow.models.dagbag.DagBag"}
{"timestamp":"2026-02-09T21:06:51.913140","level":"info","event":"Filling up the DagBag from /opt/airflow/dags/carga_supabase.py","logger":"airflow.models.dagbag.DagBag"}
{"timestamp":"2026-02-09T21:06:57.464328","level":"info","event":"Filling up the DagBag from /opt/airflow/dags/carga_supabase.py","logger":"airflow.models.dagbag.DagBag"}
{"timestamp":"2026-02-09T21:07:17.729200","level":"info","event":"Filling up the DagBag from /opt/airflow/dags/carga_supabase.py","logger":"airflow.models.dagbag.DagBag"}
{"timestamp":"2026-02-09T21:07:24.183678","level":"info","event":"Filling up the DagBag from /opt/airflow/dags/carga_supabase.py","logger":"airflow.models.dagbag.DagBag"}
{"timestamp":"2026-02-09T21:07:29.483173","level":"info","event":"Filling up the DagBag from /opt/airflow/dags/carga_supabase.py","logger":"airflow.models.dagbag.DagBag"}
{"timestamp":"2026-02-09T21:07:36.217699","level":"info","event":"Filling up the DagBag from /opt/airflow/dags/carga_supabase.py","logger":"airflow.models.dagbag.DagBag"}
{"timestamp":"2026-02-09T21:07:41.799567","level":"info","event":"Filling up the DagBag from /opt/airflow/dags/carga_supabase.py","logger":"airflow.models.dagbag.DagBag"}
{"timestamp":"2026-02-09T21:07:47.302971","level":"info","event":"Filling up the DagBag from /opt/airflow/dags/carga_supabase.py","logger":"airflow.models.dagbag.DagBag"}
{"timestamp":"2026-02-09T21:10:04.913642","level":"info","event":"Filling up the DagBag from /opt/airflow/dags/carga_supabase.py","logger":"airflow.models.dagbag.DagBag"}
{"timestamp":"2026-02-09T21:10:11.971520","level":"info","event":"Filling up the DagBag from /opt/airflow/dags/carga_supabase.py","logger":"airflow.models.dagbag.DagBag"}
{"timestamp":"2026-02-09T21:10:17.576561","level":"info","event":"Filling up the DagBag from /opt/airflow/dags/carga_supabase.py","logger":"airflow.models.dagbag.DagBag"}
{"timestamp":"2026-02-09T21:10:23.014631","level":"info","event":"Filling up the DagBag from /opt/airflow/dags/carga_supabase.py","logger":"airflow.models.dagbag.DagBag"}
{"timestamp":"2026-02-09T21:10:28.504880","level":"info","event":"Filling up the DagBag from /opt/airflow/dags/carga_supabase.py","logger":"airflow.models.dagbag.DagBag"}
{"timestamp":"2026-02-09T21:10:33.946653","level":"info","event":"Filling up the DagBag from /opt/airflow/dags/carga_supabase.py","logger":"airflow.models.dagbag.DagBag"}
{"timestamp":"2026-02-09T21:10:40.227579","level":"info","event":"Filling up the DagBag from /opt/airflow/dags/carga_supabase.py","logger":"airflow.models.dagbag.DagBag"}
{"timestamp":"2026-02-09T21:11:16.840008","level":"info","event":"Filling up the DagBag from /opt/airflow/dags/carga_supabase.py","logger":"airflow.models.dagbag.DagBag"}
{"timestamp":"2026-02-09T21:11:22.397319","level":"info","event":"Filling up the DagBag from /opt/airflow/dags/carga_supabase.py","logger":"airflow.models.dagbag.DagBag"}
{"timestamp":"2026-02-09T21:11:27.902927","level":"info","event":"Filling up the DagBag from /opt/airflow/dags/carga_supabase.py","logger":"airflow.models.dagbag.DagBag"}
{"timestamp":"2026-02-09T21:11:33.352842","level":"info","event":"Filling up the DagBag from /opt/airflow/dags/carga_supabase.py","logger":"airflow.models.dagbag.DagBag"}
{"timestamp":"2026-02-09T21:11:38.771835","level":"info","event":"Filling up the DagBag from /opt/airflow/dags/carga_supabase.py","logger":"airflow.models.dagbag.DagBag"}
{"timestamp":"2026-02-09T21:11:44.380760","level":"info","event":"Filling up the DagBag from /opt/airflow/dags/carga_supabase.py","logger":"airflow.models.dagbag.DagBag"}
{"timestamp":"2026-02-09T21:12:12.478141","level":"info","event":"Filling up the DagBag from /opt/airflow/dags/carga_supabase.py","logger":"airflow.models.dagbag.DagBag"}
{"timestamp":"2026-02-09T21:12:20.214234","level":"info","event":"Filling up the DagBag from /opt/airflow/dags/carga_supabase.py","logger":"airflow.models.dagbag.DagBag"}
{"timestamp":"2026-02-09T21:12:25.684934","level":"info","event":"Filling up the DagBag from /opt/airflow/dags/carga_supabase.py","logger":"airflow.models.dagbag.DagBag"}
{"timestamp":"2026-02-09T21:12:31.034714","level":"info","event":"Filling up the DagBag from /opt/airflow/dags/carga_supabase.py","logger":"airflow.models.dagbag.DagBag"}
{"timestamp":"2026-02-09T21:12:36.344390","level":"info","event":"Filling up the DagBag from /opt/airflow/dags/carga_supabase.py","logger":"airflow.models.dagbag.DagBag"}
{"timestamp":"2026-02-09T21:12:41.719947","level":"info","event":"Filling up the DagBag from /opt/airflow/dags/carga_supabase.py","logger":"airflow.models.dagbag.DagBag"}
{"timestamp":"2026-02-09T21:12:47.900241","level":"info","event":"Filling up the DagBag from /opt/airflow/dags/carga_supabase.py","logger":"airflow.models.dagbag.DagBag"}
{"timestamp":"2026-02-09T21:13:23.310965","level":"info","event":"Filling up the DagBag from /opt/airflow/dags/carga_supabase.py","logger":"airflow.models.dagbag.DagBag"}
{"timestamp":"2026-02-09T21:13:28.733057","level":"info","event":"Filling up the DagBag from /opt/airflow/dags/carga_supabase.py","logger":"airflow.models.dagbag.DagBag"}
{"timestamp":"2026-02-09T21:13:34.283506","level":"info","event":"Filling up the DagBag from /opt/airflow/dags/carga_supabase.py","logger":"airflow.models.dagbag.DagBag"}
{"timestamp":"2026-02-09T21:13:39.968127","level":"info","event":"Filling up the DagBag from /opt/airflow/dags/carga_supabase.py","logger":"airflow.models.dagbag.DagBag"}
{"timestamp":"2026-02-09T21:13:45.673888","level":"info","event":"Filling up the DagBag from /opt/airflow/dags/carga_supabase.py","logger":"airflow.models.dagbag.DagBag"}
{"timestamp":"2026-02-09T21:13:51.472079","level":"info","event":"Filling up the DagBag from /opt/airflow/dags/carga_supabase.py","logger":"airflow.models.dagbag.DagBag"}
{"timestamp":"2026-02-09T21:14:25.578585","level":"info","event":"Filling up the DagBag from /opt/airflow/dags/carga_supabase.py","logger":"airflow.models.dagbag.DagBag"}
{"timestamp":"2026-02-09T21:14:31.078665","level":"info","event":"Filling up the DagBag from /opt/airflow/dags/carga_supabase.py","logger":"airflow.models.dagbag.DagBag"}
{"timestamp":"2026-02-09T21:14:36.635794","level":"info","event":"Filling up the DagBag from /opt/airflow/dags/carga_supabase.py","logger":"airflow.models.dagbag.DagBag"}
{"timestamp":"2026-02-09T21:14:41.947313","level":"info","event":"Filling up the DagBag from /opt/airflow/dags/carga_supabase.py","logger":"airflow.models.dagbag.DagBag"}
{"timestamp":"2026-02-09T21:14:47.598474","level":"info","event":"Filling up the DagBag from /opt/airflow/dags/carga_supabase.py","logger":"airflow.models.dagbag.DagBag"}
{"timestamp":"2026-02-09T21:14:53.436248","level":"info","event":"Filling up the DagBag from /opt/airflow/dags/carga_supabase.py","logger":"airflow.models.dagbag.DagBag"}
{"timestamp":"2026-02-09T21:15:50.571003","level":"info","event":"Filling up the DagBag from /opt/airflow/dags/carga_supabase.py","logger":"airflow.models.dagbag.DagBag"}
{"timestamp":"2026-02-09T21:15:56.425867","level":"info","event":"Filling up the DagBag from /opt/airflow/dags/carga_supabase.py","logger":"airflow.models.dagbag.DagBag"}
{"timestamp":"2026-02-09T21:16:01.953458","level":"info","event":"Filling up the DagBag from /opt/airflow/dags/carga_supabase.py","logger":"airflow.models.dagbag.DagBag"}
{"timestamp":"2026-02-09T21:16:07.637558","level":"info","event":"Filling up the DagBag from /opt/airflow/dags/carga_supabase.py","logger":"airflow.models.dagbag.DagBag"}
{"timestamp":"2026-02-09T21:16:13.494154","level":"info","event":"Filling up the DagBag from /opt/airflow/dags/carga_supabase.py","logger":"airflow.models.dagbag.DagBag"}
{"timestamp":"2026-02-09T21:16:19.203631","level":"info","event":"Filling up the DagBag from /opt/airflow/dags/carga_supabase.py","logger":"airflow.models.dagbag.DagBag"}
{"timestamp":"2026-02-09T21:31:18.851227","level":"info","event":"Filling up the DagBag from /opt/airflow/dags/carga_supabase.py","logger":"airflow.models.dagbag.DagBag"}
