{"timestamp":"2026-02-17T19:11:59.171370","level":"info","event":"DAG bundles loaded: dags-folder","logger":"airflow.dag_processing.bundles.manager.DagBundlesManager"}
{"timestamp":"2026-02-17T19:11:59.173292","level":"info","event":"Filling up the DagBag from /opt/airflow/dags/carga_supabase.py","logger":"airflow.models.dagbag.DagBag"}
{"timestamp":"2026-02-17T19:12:01.250162Z","level":"info","event":"--- Iniciando Carga do Esquema Public ---","chan":"stdout","logger":"task"}
{"timestamp":"2026-02-17T19:12:01.250787Z","level":"info","event":"Lendo local: categories","chan":"stdout","logger":"task"}
{"timestamp":"2026-02-17T19:12:01.251181Z","level":"info","event":"AVISO: Nao foi possivel subir categories. Erro: 'utf-8' codec can't decode byte 0xe7 in position 1","chan":"stdout","logger":"task"}
{"timestamp":"2026-02-17T19:12:01.251722Z","level":"info","event":"Lendo local: customers","chan":"stdout","logger":"task"}
{"timestamp":"2026-02-17T19:12:01.252130Z","level":"info","event":"AVISO: Nao foi possivel subir customers. Erro: 'utf-8' codec can't decode byte 0xe7 in position 1","chan":"stdout","logger":"task"}
{"timestamp":"2026-02-17T19:12:01.252436Z","level":"info","event":"Lendo local: employees","chan":"stdout","logger":"task"}
{"timestamp":"2026-02-17T19:12:01.252873Z","level":"info","event":"AVISO: Nao foi possivel subir employees. Erro: 'utf-8' codec can't decode byte 0xe7 in position 1","chan":"stdout","logger":"task"}
{"timestamp":"2026-02-17T19:12:01.253257Z","level":"info","event":"Lendo local: orders","chan":"stdout","logger":"task"}
{"timestamp":"2026-02-17T19:12:01.253513Z","level":"info","event":"AVISO: Nao foi possivel subir orders. Erro: 'utf-8' codec can't decode byte 0xe7 in position 1","chan":"stdout","logger":"task"}
{"timestamp":"2026-02-17T19:12:01.253789Z","level":"info","event":"Lendo local: products","chan":"stdout","logger":"task"}
{"timestamp":"2026-02-17T19:12:01.254124Z","level":"info","event":"AVISO: Nao foi possivel subir products. Erro: 'utf-8' codec can't decode byte 0xe7 in position 1","chan":"stdout","logger":"task"}
{"timestamp":"2026-02-17T19:12:01.254441Z","level":"info","event":"Lendo local: shippers","chan":"stdout","logger":"task"}
{"timestamp":"2026-02-17T19:12:01.254764Z","level":"info","event":"AVISO: Nao foi possivel subir shippers. Erro: 'utf-8' codec can't decode byte 0xe7 in position 1","chan":"stdout","logger":"task"}
{"timestamp":"2026-02-17T19:12:01.255133Z","level":"info","event":"Lendo local: suppliers","chan":"stdout","logger":"task"}
{"timestamp":"2026-02-17T19:12:01.255531Z","level":"info","event":"AVISO: Nao foi possivel subir suppliers. Erro: 'utf-8' codec can't decode byte 0xe7 in position 1","chan":"stdout","logger":"task"}
{"timestamp":"2026-02-17T19:12:01.255887Z","level":"info","event":"Lendo local: territories","chan":"stdout","logger":"task"}
{"timestamp":"2026-02-17T19:12:01.256422Z","level":"info","event":"AVISO: Nao foi possivel subir territories. Erro: 'utf-8' codec can't decode byte 0xe7 in position 1","chan":"stdout","logger":"task"}
{"timestamp":"2026-02-17T19:12:01.256917Z","level":"info","event":"Lendo local: region","chan":"stdout","logger":"task"}
{"timestamp":"2026-02-17T19:12:01.257542Z","level":"info","event":"AVISO: Nao foi possivel subir region. Erro: 'utf-8' codec can't decode byte 0xe7 in position 1","chan":"stdout","logger":"task"}
{"timestamp":"2026-02-17T19:12:01.257937Z","level":"info","event":"Lendo local: order_details","chan":"stdout","logger":"task"}
{"timestamp":"2026-02-17T19:12:01.258393Z","level":"info","event":"AVISO: Nao foi possivel subir order_details. Erro: 'utf-8' codec can't decode byte 0xe7 in position 1","chan":"stdout","logger":"task"}
{"timestamp":"2026-02-17T19:12:01.258940Z","level":"info","event":"Lendo local: departamentos","chan":"stdout","logger":"task"}
{"timestamp":"2026-02-17T19:12:01.259307Z","level":"info","event":"AVISO: Nao foi possivel subir departamentos. Erro: 'utf-8' codec can't decode byte 0xe7 in position 1","chan":"stdout","logger":"task"}
{"timestamp":"2026-02-17T19:12:01.259762Z","level":"info","event":"Lendo local: funcionarios","chan":"stdout","logger":"task"}
{"timestamp":"2026-02-17T19:12:01.260741Z","level":"info","event":"AVISO: Nao foi possivel subir funcionarios. Erro: 'utf-8' codec can't decode byte 0xe7 in position 1","chan":"stdout","logger":"task"}
{"timestamp":"2026-02-17T19:12:00.234932","level":"info","event":"Done. Returned value was: None","logger":"airflow.task.operators.airflow.providers.standard.operators.python.PythonOperator"}
