{"timestamp":"2026-01-18T16:09:52.738922","level":"info","event":"Filling up the DagBag from /home/airflow/.local/lib/python3.12/site-packages/airflow/example_dags/example_dag_decorator.py","logger":"airflow.models.dagbag.DagBag"}
{"timestamp":"2026-01-18T16:10:23.546893","level":"info","event":"Filling up the DagBag from /home/airflow/.local/lib/python3.12/site-packages/airflow/example_dags/example_dag_decorator.py","logger":"airflow.models.dagbag.DagBag"}
{"timestamp":"2026-01-18T16:12:25.391226","level":"info","event":"Filling up the DagBag from /home/airflow/.local/lib/python3.12/site-packages/airflow/example_dags/example_dag_decorator.py","logger":"airflow.models.dagbag.DagBag"}
{"timestamp":"2026-01-18T16:13:34.525230","level":"info","event":"Filling up the DagBag from /home/airflow/.local/lib/python3.12/site-packages/airflow/example_dags/example_dag_decorator.py","logger":"airflow.models.dagbag.DagBag"}
{"timestamp":"2026-01-18T16:14:08.645112","level":"info","event":"Filling up the DagBag from /home/airflow/.local/lib/python3.12/site-packages/airflow/example_dags/example_dag_decorator.py","logger":"airflow.models.dagbag.DagBag"}
{"timestamp":"2026-01-18T16:15:14.219421","level":"info","event":"Filling up the DagBag from /home/airflow/.local/lib/python3.12/site-packages/airflow/example_dags/example_dag_decorator.py","logger":"airflow.models.dagbag.DagBag"}
{"timestamp":"2026-01-18T16:15:44.933288","level":"info","event":"Filling up the DagBag from /home/airflow/.local/lib/python3.12/site-packages/airflow/example_dags/example_dag_decorator.py","logger":"airflow.models.dagbag.DagBag"}
{"timestamp":"2026-01-18T16:16:15.206121","level":"info","event":"Filling up the DagBag from /home/airflow/.local/lib/python3.12/site-packages/airflow/example_dags/example_dag_decorator.py","logger":"airflow.models.dagbag.DagBag"}
{"timestamp":"2026-01-18T16:16:45.385867","level":"info","event":"Filling up the DagBag from /home/airflow/.local/lib/python3.12/site-packages/airflow/example_dags/example_dag_decorator.py","logger":"airflow.models.dagbag.DagBag"}
{"timestamp":"2026-01-18T16:17:16.273790","level":"info","event":"Filling up the DagBag from /home/airflow/.local/lib/python3.12/site-packages/airflow/example_dags/example_dag_decorator.py","logger":"airflow.models.dagbag.DagBag"}
{"timestamp":"2026-01-18T16:17:46.532371","level":"info","event":"Filling up the DagBag from /home/airflow/.local/lib/python3.12/site-packages/airflow/example_dags/example_dag_decorator.py","logger":"airflow.models.dagbag.DagBag"}
{"timestamp":"2026-01-18T16:18:17.437740","level":"info","event":"Filling up the DagBag from /home/airflow/.local/lib/python3.12/site-packages/airflow/example_dags/example_dag_decorator.py","logger":"airflow.models.dagbag.DagBag"}
{"timestamp":"2026-01-18T16:18:48.472619","level":"info","event":"Filling up the DagBag from /home/airflow/.local/lib/python3.12/site-packages/airflow/example_dags/example_dag_decorator.py","logger":"airflow.models.dagbag.DagBag"}
{"timestamp":"2026-01-18T16:19:20.268133","level":"info","event":"Filling up the DagBag from /home/airflow/.local/lib/python3.12/site-packages/airflow/example_dags/example_dag_decorator.py","logger":"airflow.models.dagbag.DagBag"}
{"timestamp":"2026-01-18T16:19:51.320246","level":"info","event":"Filling up the DagBag from /home/airflow/.local/lib/python3.12/site-packages/airflow/example_dags/example_dag_decorator.py","logger":"airflow.models.dagbag.DagBag"}
{"timestamp":"2026-01-18T16:20:21.879707","level":"info","event":"Filling up the DagBag from /home/airflow/.local/lib/python3.12/site-packages/airflow/example_dags/example_dag_decorator.py","logger":"airflow.models.dagbag.DagBag"}
{"timestamp":"2026-01-18T16:20:52.114865","level":"info","event":"Filling up the DagBag from /home/airflow/.local/lib/python3.12/site-packages/airflow/example_dags/example_dag_decorator.py","logger":"airflow.models.dagbag.DagBag"}
{"timestamp":"2026-01-18T16:21:22.509521","level":"info","event":"Filling up the DagBag from /home/airflow/.local/lib/python3.12/site-packages/airflow/example_dags/example_dag_decorator.py","logger":"airflow.models.dagbag.DagBag"}
{"timestamp":"2026-01-18T16:21:53.998129","level":"info","event":"Filling up the DagBag from /home/airflow/.local/lib/python3.12/site-packages/airflow/example_dags/example_dag_decorator.py","logger":"airflow.models.dagbag.DagBag"}
{"timestamp":"2026-01-18T16:22:25.055947","level":"info","event":"Filling up the DagBag from /home/airflow/.local/lib/python3.12/site-packages/airflow/example_dags/example_dag_decorator.py","logger":"airflow.models.dagbag.DagBag"}
{"timestamp":"2026-01-18T16:33:52.003383","level":"info","event":"Filling up the DagBag from /home/airflow/.local/lib/python3.12/site-packages/airflow/example_dags/example_dag_decorator.py","logger":"airflow.models.dagbag.DagBag"}
{"timestamp":"2026-01-18T16:36:15.422356","level":"info","event":"Filling up the DagBag from /home/airflow/.local/lib/python3.12/site-packages/airflow/example_dags/example_dag_decorator.py","logger":"airflow.models.dagbag.DagBag"}
{"timestamp":"2026-01-18T16:36:16.652551Z","level":"critical","event":"Process terminated by signal. For more information, see https://airflow.apache.org/docs/apache-airflow/stable/troubleshooting.html#TaskRunner-killed","signal":-9,"signal_name":"SIGKILL","logger":"processor"}
{"timestamp":"2026-01-18T16:37:08.124468","level":"info","event":"Filling up the DagBag from /home/airflow/.local/lib/python3.12/site-packages/airflow/example_dags/example_dag_decorator.py","logger":"airflow.models.dagbag.DagBag"}
{"timestamp":"2026-01-18T16:37:39.625204","level":"info","event":"Filling up the DagBag from /home/airflow/.local/lib/python3.12/site-packages/airflow/example_dags/example_dag_decorator.py","logger":"airflow.models.dagbag.DagBag"}
{"timestamp":"2026-01-18T16:38:12.061786","level":"info","event":"Filling up the DagBag from /home/airflow/.local/lib/python3.12/site-packages/airflow/example_dags/example_dag_decorator.py","logger":"airflow.models.dagbag.DagBag"}
{"timestamp":"2026-01-18T16:38:42.950690","level":"info","event":"Filling up the DagBag from /home/airflow/.local/lib/python3.12/site-packages/airflow/example_dags/example_dag_decorator.py","logger":"airflow.models.dagbag.DagBag"}
{"timestamp":"2026-01-18T16:40:08.697103","level":"info","event":"Filling up the DagBag from /home/airflow/.local/lib/python3.12/site-packages/airflow/example_dags/example_dag_decorator.py","logger":"airflow.models.dagbag.DagBag"}
{"timestamp":"2026-01-18T16:40:40.139438","level":"info","event":"Filling up the DagBag from /home/airflow/.local/lib/python3.12/site-packages/airflow/example_dags/example_dag_decorator.py","logger":"airflow.models.dagbag.DagBag"}
{"timestamp":"2026-01-18T16:41:10.497596","level":"info","event":"Filling up the DagBag from /home/airflow/.local/lib/python3.12/site-packages/airflow/example_dags/example_dag_decorator.py","logger":"airflow.models.dagbag.DagBag"}
{"timestamp":"2026-01-18T16:41:41.459216","level":"info","event":"Filling up the DagBag from /home/airflow/.local/lib/python3.12/site-packages/airflow/example_dags/example_dag_decorator.py","logger":"airflow.models.dagbag.DagBag"}
{"timestamp":"2026-01-18T16:42:11.675233","level":"info","event":"Filling up the DagBag from /home/airflow/.local/lib/python3.12/site-packages/airflow/example_dags/example_dag_decorator.py","logger":"airflow.models.dagbag.DagBag"}
{"timestamp":"2026-01-18T16:42:42.270976","level":"info","event":"Filling up the DagBag from /home/airflow/.local/lib/python3.12/site-packages/airflow/example_dags/example_dag_decorator.py","logger":"airflow.models.dagbag.DagBag"}
{"timestamp":"2026-01-18T16:43:12.503003","level":"info","event":"Filling up the DagBag from /home/airflow/.local/lib/python3.12/site-packages/airflow/example_dags/example_dag_decorator.py","logger":"airflow.models.dagbag.DagBag"}
{"timestamp":"2026-01-18T16:43:42.731692","level":"info","event":"Filling up the DagBag from /home/airflow/.local/lib/python3.12/site-packages/airflow/example_dags/example_dag_decorator.py","logger":"airflow.models.dagbag.DagBag"}
{"timestamp":"2026-01-18T16:44:12.974710","level":"info","event":"Filling up the DagBag from /home/airflow/.local/lib/python3.12/site-packages/airflow/example_dags/example_dag_decorator.py","logger":"airflow.models.dagbag.DagBag"}
{"timestamp":"2026-01-18T16:44:44.117287","level":"info","event":"Filling up the DagBag from /home/airflow/.local/lib/python3.12/site-packages/airflow/example_dags/example_dag_decorator.py","logger":"airflow.models.dagbag.DagBag"}
{"timestamp":"2026-01-18T16:45:14.425421","level":"info","event":"Filling up the DagBag from /home/airflow/.local/lib/python3.12/site-packages/airflow/example_dags/example_dag_decorator.py","logger":"airflow.models.dagbag.DagBag"}
{"timestamp":"2026-01-18T16:45:45.580962","level":"info","event":"Filling up the DagBag from /home/airflow/.local/lib/python3.12/site-packages/airflow/example_dags/example_dag_decorator.py","logger":"airflow.models.dagbag.DagBag"}
{"timestamp":"2026-01-18T16:47:03.978706","level":"info","event":"Filling up the DagBag from /home/airflow/.local/lib/python3.12/site-packages/airflow/example_dags/example_dag_decorator.py","logger":"airflow.models.dagbag.DagBag"}
{"timestamp":"2026-01-18T16:47:35.074098","level":"info","event":"Filling up the DagBag from /home/airflow/.local/lib/python3.12/site-packages/airflow/example_dags/example_dag_decorator.py","logger":"airflow.models.dagbag.DagBag"}
{"timestamp":"2026-01-18T16:48:54.665028","level":"info","event":"Filling up the DagBag from /home/airflow/.local/lib/python3.12/site-packages/airflow/example_dags/example_dag_decorator.py","logger":"airflow.models.dagbag.DagBag"}
{"timestamp":"2026-01-18T16:49:30.519024","level":"error","event":"Process timed out, PID: 731","logger":"airflow.utils.timeout.TimeoutPosix"}
{"timestamp":"2026-01-18T16:49:44.414005","level":"error","event":"Failed to import: /home/airflow/.local/lib/python3.12/site-packages/airflow/example_dags/example_dag_decorator.py","logger":"airflow.models.dagbag.DagBag","error_detail":[{"exc_type":"AirflowTaskTimeout","exc_value":"DagBag import timeout for /home/airflow/.local/lib/python3.12/site-packages/airflow/example_dags/example_dag_decorator.py after 30.0s.\nPlease take a look at these docs to improve your DAG import time:\n* https://airflow.apache.org/docs/apache-airflow/3.0.1/best-practices.html#top-level-python-code\n* https://airflow.apache.org/docs/apache-airflow/3.0.1/best-practices.html#reducing-dag-complexity, PID: 731","exc_notes":[],"syntax_error":null,"is_cause":false,"frames":[{"filename":"/home/airflow/.local/lib/python3.12/site-packages/airflow/models/dagbag.py","lineno":382,"name":"parse"},{"filename":"<frozen importlib._bootstrap_external>","lineno":999,"name":"exec_module"},{"filename":"<frozen importlib._bootstrap>","lineno":488,"name":"_call_with_frames_removed"},{"filename":"/home/airflow/.local/lib/python3.12/site-packages/airflow/example_dags/example_dag_decorator.py","lineno":27,"name":"<module>"},{"filename":"<frozen importlib._bootstrap>","lineno":1412,"name":"_handle_fromlist"},{"filename":"/home/airflow/.local/lib/python3.12/site-packages/airflow/sdk/__init__.py","lineno":121,"name":"__getattr__"},{"filename":"/usr/local/lib/python3.12/importlib/__init__.py","lineno":90,"name":"import_module"},{"filename":"/home/airflow/.local/lib/python3.12/site-packages/airflow/sdk/definitions/decorators/__init__.py","lineno":22,"name":"<module>"},{"filename":"<frozen importlib._bootstrap>","lineno":1360,"name":"_find_and_load"},{"filename":"<frozen importlib._bootstrap>","lineno":1331,"name":"_find_and_load_unlocked"},{"filename":"<frozen importlib._bootstrap>","lineno":935,"name":"_load_unlocked"},{"filename":"<frozen importlib._bootstrap_external>","lineno":995,"name":"exec_module"},{"filename":"<frozen importlib._bootstrap_external>","lineno":1128,"name":"get_code"},{"filename":"<frozen importlib._bootstrap_external>","lineno":757,"name":"_compile_bytecode"},{"filename":"/home/airflow/.local/lib/python3.12/site-packages/airflow/utils/timeout.py","lineno":69,"name":"handle_timeout"}]}]}
{"timestamp":"2026-01-18T16:50:20.925892","level":"info","event":"Filling up the DagBag from /home/airflow/.local/lib/python3.12/site-packages/airflow/example_dags/example_dag_decorator.py","logger":"airflow.models.dagbag.DagBag"}
{"timestamp":"2026-01-18T16:51:00.770059","level":"info","event":"Filling up the DagBag from /home/airflow/.local/lib/python3.12/site-packages/airflow/example_dags/example_dag_decorator.py","logger":"airflow.models.dagbag.DagBag"}
{"timestamp":"2026-01-18T16:51:31.840583","level":"info","event":"Filling up the DagBag from /home/airflow/.local/lib/python3.12/site-packages/airflow/example_dags/example_dag_decorator.py","logger":"airflow.models.dagbag.DagBag"}
{"timestamp":"2026-01-18T16:52:03.408224","level":"info","event":"Filling up the DagBag from /home/airflow/.local/lib/python3.12/site-packages/airflow/example_dags/example_dag_decorator.py","logger":"airflow.models.dagbag.DagBag"}
{"timestamp":"2026-01-18T16:52:33.752870","level":"info","event":"Filling up the DagBag from /home/airflow/.local/lib/python3.12/site-packages/airflow/example_dags/example_dag_decorator.py","logger":"airflow.models.dagbag.DagBag"}
{"timestamp":"2026-01-18T16:53:33.983796","level":"info","event":"Filling up the DagBag from /home/airflow/.local/lib/python3.12/site-packages/airflow/example_dags/example_dag_decorator.py","logger":"airflow.models.dagbag.DagBag"}
{"timestamp":"2026-01-18T16:54:04.342013","level":"info","event":"Filling up the DagBag from /home/airflow/.local/lib/python3.12/site-packages/airflow/example_dags/example_dag_decorator.py","logger":"airflow.models.dagbag.DagBag"}
{"timestamp":"2026-01-18T16:54:34.568777","level":"info","event":"Filling up the DagBag from /home/airflow/.local/lib/python3.12/site-packages/airflow/example_dags/example_dag_decorator.py","logger":"airflow.models.dagbag.DagBag"}
{"timestamp":"2026-01-18T16:56:07.162601","level":"info","event":"Filling up the DagBag from /home/airflow/.local/lib/python3.12/site-packages/airflow/example_dags/example_dag_decorator.py","logger":"airflow.models.dagbag.DagBag"}
{"timestamp":"2026-01-18T16:56:37.892495","level":"info","event":"Filling up the DagBag from /home/airflow/.local/lib/python3.12/site-packages/airflow/example_dags/example_dag_decorator.py","logger":"airflow.models.dagbag.DagBag"}
{"timestamp":"2026-01-18T17:49:46.459422","level":"info","event":"Filling up the DagBag from /home/airflow/.local/lib/python3.12/site-packages/airflow/example_dags/example_dag_decorator.py","logger":"airflow.models.dagbag.DagBag"}
{"timestamp":"2026-01-18T17:50:17.583923","level":"info","event":"Filling up the DagBag from /home/airflow/.local/lib/python3.12/site-packages/airflow/example_dags/example_dag_decorator.py","logger":"airflow.models.dagbag.DagBag"}
{"timestamp":"2026-01-18T17:50:48.393222","level":"info","event":"Filling up the DagBag from /home/airflow/.local/lib/python3.12/site-packages/airflow/example_dags/example_dag_decorator.py","logger":"airflow.models.dagbag.DagBag"}
{"timestamp":"2026-01-18T17:51:18.891092","level":"info","event":"Filling up the DagBag from /home/airflow/.local/lib/python3.12/site-packages/airflow/example_dags/example_dag_decorator.py","logger":"airflow.models.dagbag.DagBag"}
{"timestamp":"2026-01-18T17:51:49.396759","level":"info","event":"Filling up the DagBag from /home/airflow/.local/lib/python3.12/site-packages/airflow/example_dags/example_dag_decorator.py","logger":"airflow.models.dagbag.DagBag"}
{"timestamp":"2026-01-18T17:52:20.182059","level":"info","event":"Filling up the DagBag from /home/airflow/.local/lib/python3.12/site-packages/airflow/example_dags/example_dag_decorator.py","logger":"airflow.models.dagbag.DagBag"}
{"timestamp":"2026-01-18T17:52:50.360716","level":"info","event":"Filling up the DagBag from /home/airflow/.local/lib/python3.12/site-packages/airflow/example_dags/example_dag_decorator.py","logger":"airflow.models.dagbag.DagBag"}
{"timestamp":"2026-01-18T17:53:20.601427","level":"info","event":"Filling up the DagBag from /home/airflow/.local/lib/python3.12/site-packages/airflow/example_dags/example_dag_decorator.py","logger":"airflow.models.dagbag.DagBag"}
{"timestamp":"2026-01-18T17:53:51.154682","level":"info","event":"Filling up the DagBag from /home/airflow/.local/lib/python3.12/site-packages/airflow/example_dags/example_dag_decorator.py","logger":"airflow.models.dagbag.DagBag"}
{"timestamp":"2026-01-18T17:54:21.287970","level":"info","event":"Filling up the DagBag from /home/airflow/.local/lib/python3.12/site-packages/airflow/example_dags/example_dag_decorator.py","logger":"airflow.models.dagbag.DagBag"}
{"timestamp":"2026-01-18T17:54:52.031345","level":"info","event":"Filling up the DagBag from /home/airflow/.local/lib/python3.12/site-packages/airflow/example_dags/example_dag_decorator.py","logger":"airflow.models.dagbag.DagBag"}
{"timestamp":"2026-01-18T17:55:22.277135","level":"info","event":"Filling up the DagBag from /home/airflow/.local/lib/python3.12/site-packages/airflow/example_dags/example_dag_decorator.py","logger":"airflow.models.dagbag.DagBag"}
{"timestamp":"2026-01-18T17:55:52.861083","level":"info","event":"Filling up the DagBag from /home/airflow/.local/lib/python3.12/site-packages/airflow/example_dags/example_dag_decorator.py","logger":"airflow.models.dagbag.DagBag"}
{"timestamp":"2026-01-18T17:56:23.136921","level":"info","event":"Filling up the DagBag from /home/airflow/.local/lib/python3.12/site-packages/airflow/example_dags/example_dag_decorator.py","logger":"airflow.models.dagbag.DagBag"}
{"timestamp":"2026-01-18T17:56:53.768118","level":"info","event":"Filling up the DagBag from /home/airflow/.local/lib/python3.12/site-packages/airflow/example_dags/example_dag_decorator.py","logger":"airflow.models.dagbag.DagBag"}
{"timestamp":"2026-01-18T17:57:27.693195","level":"info","event":"Filling up the DagBag from /home/airflow/.local/lib/python3.12/site-packages/airflow/example_dags/example_dag_decorator.py","logger":"airflow.models.dagbag.DagBag"}
{"timestamp":"2026-01-18T17:57:58.052616","level":"info","event":"Filling up the DagBag from /home/airflow/.local/lib/python3.12/site-packages/airflow/example_dags/example_dag_decorator.py","logger":"airflow.models.dagbag.DagBag"}
{"timestamp":"2026-01-18T17:58:51.475464","level":"info","event":"Filling up the DagBag from /home/airflow/.local/lib/python3.12/site-packages/airflow/example_dags/example_dag_decorator.py","logger":"airflow.models.dagbag.DagBag"}
{"timestamp":"2026-01-18T17:59:22.340461","level":"info","event":"Filling up the DagBag from /home/airflow/.local/lib/python3.12/site-packages/airflow/example_dags/example_dag_decorator.py","logger":"airflow.models.dagbag.DagBag"}
{"timestamp":"2026-01-18T17:59:53.333173","level":"info","event":"Filling up the DagBag from /home/airflow/.local/lib/python3.12/site-packages/airflow/example_dags/example_dag_decorator.py","logger":"airflow.models.dagbag.DagBag"}
{"timestamp":"2026-01-18T18:00:24.226628","level":"info","event":"Filling up the DagBag from /home/airflow/.local/lib/python3.12/site-packages/airflow/example_dags/example_dag_decorator.py","logger":"airflow.models.dagbag.DagBag"}
{"timestamp":"2026-01-18T18:00:54.888673","level":"info","event":"Filling up the DagBag from /home/airflow/.local/lib/python3.12/site-packages/airflow/example_dags/example_dag_decorator.py","logger":"airflow.models.dagbag.DagBag"}
{"timestamp":"2026-01-18T18:01:25.347965","level":"info","event":"Filling up the DagBag from /home/airflow/.local/lib/python3.12/site-packages/airflow/example_dags/example_dag_decorator.py","logger":"airflow.models.dagbag.DagBag"}
{"timestamp":"2026-01-18T18:01:56.690075","level":"info","event":"Filling up the DagBag from /home/airflow/.local/lib/python3.12/site-packages/airflow/example_dags/example_dag_decorator.py","logger":"airflow.models.dagbag.DagBag"}
{"timestamp":"2026-01-18T18:02:27.421517","level":"info","event":"Filling up the DagBag from /home/airflow/.local/lib/python3.12/site-packages/airflow/example_dags/example_dag_decorator.py","logger":"airflow.models.dagbag.DagBag"}
{"timestamp":"2026-01-18T18:02:58.658891","level":"info","event":"Filling up the DagBag from /home/airflow/.local/lib/python3.12/site-packages/airflow/example_dags/example_dag_decorator.py","logger":"airflow.models.dagbag.DagBag"}
{"timestamp":"2026-01-18T18:03:34.824585","level":"info","event":"Filling up the DagBag from /home/airflow/.local/lib/python3.12/site-packages/airflow/example_dags/example_dag_decorator.py","logger":"airflow.models.dagbag.DagBag"}
{"timestamp":"2026-01-18T18:04:05.820897","level":"info","event":"Filling up the DagBag from /home/airflow/.local/lib/python3.12/site-packages/airflow/example_dags/example_dag_decorator.py","logger":"airflow.models.dagbag.DagBag"}
{"timestamp":"2026-01-18T18:04:53.933015","level":"info","event":"Filling up the DagBag from /home/airflow/.local/lib/python3.12/site-packages/airflow/example_dags/example_dag_decorator.py","logger":"airflow.models.dagbag.DagBag"}
{"timestamp":"2026-01-18T18:05:36.587655","level":"info","event":"Filling up the DagBag from /home/airflow/.local/lib/python3.12/site-packages/airflow/example_dags/example_dag_decorator.py","logger":"airflow.models.dagbag.DagBag"}
{"timestamp":"2026-01-18T18:06:46.970604","level":"info","event":"Filling up the DagBag from /home/airflow/.local/lib/python3.12/site-packages/airflow/example_dags/example_dag_decorator.py","logger":"airflow.models.dagbag.DagBag"}
{"timestamp":"2026-01-18T18:07:45.720261","level":"info","event":"Filling up the DagBag from /home/airflow/.local/lib/python3.12/site-packages/airflow/example_dags/example_dag_decorator.py","logger":"airflow.models.dagbag.DagBag"}
{"timestamp":"2026-01-18T18:08:16.177270","level":"info","event":"Filling up the DagBag from /home/airflow/.local/lib/python3.12/site-packages/airflow/example_dags/example_dag_decorator.py","logger":"airflow.models.dagbag.DagBag"}
{"timestamp":"2026-01-18T18:08:46.881006","level":"info","event":"Filling up the DagBag from /home/airflow/.local/lib/python3.12/site-packages/airflow/example_dags/example_dag_decorator.py","logger":"airflow.models.dagbag.DagBag"}
{"timestamp":"2026-01-18T18:09:17.998276","level":"info","event":"Filling up the DagBag from /home/airflow/.local/lib/python3.12/site-packages/airflow/example_dags/example_dag_decorator.py","logger":"airflow.models.dagbag.DagBag"}
{"timestamp":"2026-01-18T18:09:49.164122","level":"info","event":"Filling up the DagBag from /home/airflow/.local/lib/python3.12/site-packages/airflow/example_dags/example_dag_decorator.py","logger":"airflow.models.dagbag.DagBag"}
{"timestamp":"2026-01-18T18:12:05.855609","level":"info","event":"Filling up the DagBag from /home/airflow/.local/lib/python3.12/site-packages/airflow/example_dags/example_dag_decorator.py","logger":"airflow.models.dagbag.DagBag"}
{"timestamp":"2026-01-18T18:12:36.368447","level":"info","event":"Filling up the DagBag from /home/airflow/.local/lib/python3.12/site-packages/airflow/example_dags/example_dag_decorator.py","logger":"airflow.models.dagbag.DagBag"}
{"timestamp":"2026-01-18T18:13:06.917511","level":"info","event":"Filling up the DagBag from /home/airflow/.local/lib/python3.12/site-packages/airflow/example_dags/example_dag_decorator.py","logger":"airflow.models.dagbag.DagBag"}
{"timestamp":"2026-01-18T18:14:37.098547","level":"info","event":"Filling up the DagBag from /home/airflow/.local/lib/python3.12/site-packages/airflow/example_dags/example_dag_decorator.py","logger":"airflow.models.dagbag.DagBag"}
{"timestamp":"2026-01-18T18:15:07.689672","level":"info","event":"Filling up the DagBag from /home/airflow/.local/lib/python3.12/site-packages/airflow/example_dags/example_dag_decorator.py","logger":"airflow.models.dagbag.DagBag"}
{"timestamp":"2026-01-18T18:15:44.967792","level":"info","event":"Filling up the DagBag from /home/airflow/.local/lib/python3.12/site-packages/airflow/example_dags/example_dag_decorator.py","logger":"airflow.models.dagbag.DagBag"}
{"timestamp":"2026-01-18T18:16:15.227730","level":"info","event":"Filling up the DagBag from /home/airflow/.local/lib/python3.12/site-packages/airflow/example_dags/example_dag_decorator.py","logger":"airflow.models.dagbag.DagBag"}
{"timestamp":"2026-01-18T18:17:05.047332","level":"info","event":"Filling up the DagBag from /home/airflow/.local/lib/python3.12/site-packages/airflow/example_dags/example_dag_decorator.py","logger":"airflow.models.dagbag.DagBag"}
{"timestamp":"2026-01-18T18:17:35.264225","level":"info","event":"Filling up the DagBag from /home/airflow/.local/lib/python3.12/site-packages/airflow/example_dags/example_dag_decorator.py","logger":"airflow.models.dagbag.DagBag"}
{"timestamp":"2026-01-18T18:18:35.344274","level":"info","event":"Filling up the DagBag from /home/airflow/.local/lib/python3.12/site-packages/airflow/example_dags/example_dag_decorator.py","logger":"airflow.models.dagbag.DagBag"}
{"timestamp":"2026-01-18T18:19:06.349370","level":"info","event":"Filling up the DagBag from /home/airflow/.local/lib/python3.12/site-packages/airflow/example_dags/example_dag_decorator.py","logger":"airflow.models.dagbag.DagBag"}
{"timestamp":"2026-01-18T18:20:07.245494","level":"info","event":"Filling up the DagBag from /home/airflow/.local/lib/python3.12/site-packages/airflow/example_dags/example_dag_decorator.py","logger":"airflow.models.dagbag.DagBag"}
{"timestamp":"2026-01-18T18:20:38.410899","level":"info","event":"Filling up the DagBag from /home/airflow/.local/lib/python3.12/site-packages/airflow/example_dags/example_dag_decorator.py","logger":"airflow.models.dagbag.DagBag"}
{"timestamp":"2026-01-18T18:21:11.078829","level":"info","event":"Filling up the DagBag from /home/airflow/.local/lib/python3.12/site-packages/airflow/example_dags/example_dag_decorator.py","logger":"airflow.models.dagbag.DagBag"}
{"timestamp":"2026-01-18T18:22:06.319534","level":"info","event":"Filling up the DagBag from /home/airflow/.local/lib/python3.12/site-packages/airflow/example_dags/example_dag_decorator.py","logger":"airflow.models.dagbag.DagBag"}
{"timestamp":"2026-01-18T18:22:36.926614","level":"info","event":"Filling up the DagBag from /home/airflow/.local/lib/python3.12/site-packages/airflow/example_dags/example_dag_decorator.py","logger":"airflow.models.dagbag.DagBag"}
{"timestamp":"2026-01-18T18:23:55.282541","level":"info","event":"Filling up the DagBag from /home/airflow/.local/lib/python3.12/site-packages/airflow/example_dags/example_dag_decorator.py","logger":"airflow.models.dagbag.DagBag"}
{"timestamp":"2026-01-18T18:24:27.073678","level":"info","event":"Filling up the DagBag from /home/airflow/.local/lib/python3.12/site-packages/airflow/example_dags/example_dag_decorator.py","logger":"airflow.models.dagbag.DagBag"}
{"timestamp":"2026-01-18T18:24:57.792196","level":"info","event":"Filling up the DagBag from /home/airflow/.local/lib/python3.12/site-packages/airflow/example_dags/example_dag_decorator.py","logger":"airflow.models.dagbag.DagBag"}
{"timestamp":"2026-01-18T18:25:28.652366","level":"info","event":"Filling up the DagBag from /home/airflow/.local/lib/python3.12/site-packages/airflow/example_dags/example_dag_decorator.py","logger":"airflow.models.dagbag.DagBag"}
{"timestamp":"2026-01-18T18:25:58.942558","level":"info","event":"Filling up the DagBag from /home/airflow/.local/lib/python3.12/site-packages/airflow/example_dags/example_dag_decorator.py","logger":"airflow.models.dagbag.DagBag"}
{"timestamp":"2026-01-18T18:26:29.254207","level":"info","event":"Filling up the DagBag from /home/airflow/.local/lib/python3.12/site-packages/airflow/example_dags/example_dag_decorator.py","logger":"airflow.models.dagbag.DagBag"}
{"timestamp":"2026-01-18T18:27:00.416481","level":"info","event":"Filling up the DagBag from /home/airflow/.local/lib/python3.12/site-packages/airflow/example_dags/example_dag_decorator.py","logger":"airflow.models.dagbag.DagBag"}
{"timestamp":"2026-01-18T18:27:32.404302","level":"info","event":"Filling up the DagBag from /home/airflow/.local/lib/python3.12/site-packages/airflow/example_dags/example_dag_decorator.py","logger":"airflow.models.dagbag.DagBag"}
{"timestamp":"2026-01-18T18:28:03.396651","level":"info","event":"Filling up the DagBag from /home/airflow/.local/lib/python3.12/site-packages/airflow/example_dags/example_dag_decorator.py","logger":"airflow.models.dagbag.DagBag"}
{"timestamp":"2026-01-18T18:28:33.593861","level":"info","event":"Filling up the DagBag from /home/airflow/.local/lib/python3.12/site-packages/airflow/example_dags/example_dag_decorator.py","logger":"airflow.models.dagbag.DagBag"}
{"timestamp":"2026-01-18T18:29:03.895382","level":"info","event":"Filling up the DagBag from /home/airflow/.local/lib/python3.12/site-packages/airflow/example_dags/example_dag_decorator.py","logger":"airflow.models.dagbag.DagBag"}
{"timestamp":"2026-01-18T18:29:34.131300","level":"info","event":"Filling up the DagBag from /home/airflow/.local/lib/python3.12/site-packages/airflow/example_dags/example_dag_decorator.py","logger":"airflow.models.dagbag.DagBag"}
{"timestamp":"2026-01-18T18:30:04.365570","level":"info","event":"Filling up the DagBag from /home/airflow/.local/lib/python3.12/site-packages/airflow/example_dags/example_dag_decorator.py","logger":"airflow.models.dagbag.DagBag"}
{"timestamp":"2026-01-18T18:31:17.619766","level":"info","event":"Filling up the DagBag from /home/airflow/.local/lib/python3.12/site-packages/airflow/example_dags/example_dag_decorator.py","logger":"airflow.models.dagbag.DagBag"}
{"timestamp":"2026-01-18T18:31:48.066836","level":"info","event":"Filling up the DagBag from /home/airflow/.local/lib/python3.12/site-packages/airflow/example_dags/example_dag_decorator.py","logger":"airflow.models.dagbag.DagBag"}
{"timestamp":"2026-01-18T18:32:18.349179","level":"info","event":"Filling up the DagBag from /home/airflow/.local/lib/python3.12/site-packages/airflow/example_dags/example_dag_decorator.py","logger":"airflow.models.dagbag.DagBag"}
{"timestamp":"2026-01-18T18:32:48.729472","level":"info","event":"Filling up the DagBag from /home/airflow/.local/lib/python3.12/site-packages/airflow/example_dags/example_dag_decorator.py","logger":"airflow.models.dagbag.DagBag"}
{"timestamp":"2026-01-18T18:34:23.255062","level":"info","event":"Filling up the DagBag from /home/airflow/.local/lib/python3.12/site-packages/airflow/example_dags/example_dag_decorator.py","logger":"airflow.models.dagbag.DagBag"}
{"timestamp":"2026-01-18T18:34:53.506334","level":"info","event":"Filling up the DagBag from /home/airflow/.local/lib/python3.12/site-packages/airflow/example_dags/example_dag_decorator.py","logger":"airflow.models.dagbag.DagBag"}
{"timestamp":"2026-01-18T18:35:39.916800","level":"info","event":"Filling up the DagBag from /home/airflow/.local/lib/python3.12/site-packages/airflow/example_dags/example_dag_decorator.py","logger":"airflow.models.dagbag.DagBag"}
{"timestamp":"2026-01-18T18:36:10.481250","level":"info","event":"Filling up the DagBag from /home/airflow/.local/lib/python3.12/site-packages/airflow/example_dags/example_dag_decorator.py","logger":"airflow.models.dagbag.DagBag"}
{"timestamp":"2026-01-18T18:38:06.022090","level":"info","event":"Filling up the DagBag from /home/airflow/.local/lib/python3.12/site-packages/airflow/example_dags/example_dag_decorator.py","logger":"airflow.models.dagbag.DagBag"}
{"timestamp":"2026-01-18T18:38:39.013722","level":"info","event":"Filling up the DagBag from /home/airflow/.local/lib/python3.12/site-packages/airflow/example_dags/example_dag_decorator.py","logger":"airflow.models.dagbag.DagBag"}
{"timestamp":"2026-01-18T18:39:09.946763","level":"info","event":"Filling up the DagBag from /home/airflow/.local/lib/python3.12/site-packages/airflow/example_dags/example_dag_decorator.py","logger":"airflow.models.dagbag.DagBag"}
{"timestamp":"2026-01-18T18:40:46.170646","level":"info","event":"Filling up the DagBag from /home/airflow/.local/lib/python3.12/site-packages/airflow/example_dags/example_dag_decorator.py","logger":"airflow.models.dagbag.DagBag"}
{"timestamp":"2026-01-18T18:41:16.878614","level":"info","event":"Filling up the DagBag from /home/airflow/.local/lib/python3.12/site-packages/airflow/example_dags/example_dag_decorator.py","logger":"airflow.models.dagbag.DagBag"}
{"timestamp":"2026-01-18T18:42:09.312761","level":"info","event":"Filling up the DagBag from /home/airflow/.local/lib/python3.12/site-packages/airflow/example_dags/example_dag_decorator.py","logger":"airflow.models.dagbag.DagBag"}
{"timestamp":"2026-01-18T18:42:40.846268","level":"info","event":"Filling up the DagBag from /home/airflow/.local/lib/python3.12/site-packages/airflow/example_dags/example_dag_decorator.py","logger":"airflow.models.dagbag.DagBag"}
{"timestamp":"2026-01-18T18:43:52.356369","level":"info","event":"Filling up the DagBag from /home/airflow/.local/lib/python3.12/site-packages/airflow/example_dags/example_dag_decorator.py","logger":"airflow.models.dagbag.DagBag"}
{"timestamp":"2026-01-18T18:44:22.659485","level":"info","event":"Filling up the DagBag from /home/airflow/.local/lib/python3.12/site-packages/airflow/example_dags/example_dag_decorator.py","logger":"airflow.models.dagbag.DagBag"}
{"timestamp":"2026-01-18T18:44:53.434516","level":"info","event":"Filling up the DagBag from /home/airflow/.local/lib/python3.12/site-packages/airflow/example_dags/example_dag_decorator.py","logger":"airflow.models.dagbag.DagBag"}
{"timestamp":"2026-01-18T18:46:55.951191","level":"info","event":"Filling up the DagBag from /home/airflow/.local/lib/python3.12/site-packages/airflow/example_dags/example_dag_decorator.py","logger":"airflow.models.dagbag.DagBag"}
{"timestamp":"2026-01-18T18:47:26.898018","level":"info","event":"Filling up the DagBag from /home/airflow/.local/lib/python3.12/site-packages/airflow/example_dags/example_dag_decorator.py","logger":"airflow.models.dagbag.DagBag"}
{"timestamp":"2026-01-18T18:47:57.337976","level":"info","event":"Filling up the DagBag from /home/airflow/.local/lib/python3.12/site-packages/airflow/example_dags/example_dag_decorator.py","logger":"airflow.models.dagbag.DagBag"}
{"timestamp":"2026-01-18T18:48:27.776678","level":"info","event":"Filling up the DagBag from /home/airflow/.local/lib/python3.12/site-packages/airflow/example_dags/example_dag_decorator.py","logger":"airflow.models.dagbag.DagBag"}
{"timestamp":"2026-01-18T18:48:58.540343","level":"info","event":"Filling up the DagBag from /home/airflow/.local/lib/python3.12/site-packages/airflow/example_dags/example_dag_decorator.py","logger":"airflow.models.dagbag.DagBag"}
{"timestamp":"2026-01-18T18:49:29.106093","level":"info","event":"Filling up the DagBag from /home/airflow/.local/lib/python3.12/site-packages/airflow/example_dags/example_dag_decorator.py","logger":"airflow.models.dagbag.DagBag"}
{"timestamp":"2026-01-18T18:49:59.373273","level":"info","event":"Filling up the DagBag from /home/airflow/.local/lib/python3.12/site-packages/airflow/example_dags/example_dag_decorator.py","logger":"airflow.models.dagbag.DagBag"}
{"timestamp":"2026-01-18T18:50:29.684081","level":"info","event":"Filling up the DagBag from /home/airflow/.local/lib/python3.12/site-packages/airflow/example_dags/example_dag_decorator.py","logger":"airflow.models.dagbag.DagBag"}
{"timestamp":"2026-01-18T18:51:00.294063","level":"info","event":"Filling up the DagBag from /home/airflow/.local/lib/python3.12/site-packages/airflow/example_dags/example_dag_decorator.py","logger":"airflow.models.dagbag.DagBag"}
{"timestamp":"2026-01-18T18:51:31.419225","level":"info","event":"Filling up the DagBag from /home/airflow/.local/lib/python3.12/site-packages/airflow/example_dags/example_dag_decorator.py","logger":"airflow.models.dagbag.DagBag"}
{"timestamp":"2026-01-18T18:52:01.666166","level":"info","event":"Filling up the DagBag from /home/airflow/.local/lib/python3.12/site-packages/airflow/example_dags/example_dag_decorator.py","logger":"airflow.models.dagbag.DagBag"}
{"timestamp":"2026-01-18T18:52:32.557381","level":"info","event":"Filling up the DagBag from /home/airflow/.local/lib/python3.12/site-packages/airflow/example_dags/example_dag_decorator.py","logger":"airflow.models.dagbag.DagBag"}
{"timestamp":"2026-01-18T18:53:03.857037","level":"info","event":"Filling up the DagBag from /home/airflow/.local/lib/python3.12/site-packages/airflow/example_dags/example_dag_decorator.py","logger":"airflow.models.dagbag.DagBag"}
{"timestamp":"2026-01-18T18:53:35.106055","level":"info","event":"Filling up the DagBag from /home/airflow/.local/lib/python3.12/site-packages/airflow/example_dags/example_dag_decorator.py","logger":"airflow.models.dagbag.DagBag"}
{"timestamp":"2026-01-18T18:54:05.454644","level":"info","event":"Filling up the DagBag from /home/airflow/.local/lib/python3.12/site-packages/airflow/example_dags/example_dag_decorator.py","logger":"airflow.models.dagbag.DagBag"}
{"timestamp":"2026-01-18T18:54:35.667314","level":"info","event":"Filling up the DagBag from /home/airflow/.local/lib/python3.12/site-packages/airflow/example_dags/example_dag_decorator.py","logger":"airflow.models.dagbag.DagBag"}
{"timestamp":"2026-01-18T18:55:06.031960","level":"info","event":"Filling up the DagBag from /home/airflow/.local/lib/python3.12/site-packages/airflow/example_dags/example_dag_decorator.py","logger":"airflow.models.dagbag.DagBag"}
{"timestamp":"2026-01-18T18:55:42.790546","level":"info","event":"Filling up the DagBag from /home/airflow/.local/lib/python3.12/site-packages/airflow/example_dags/example_dag_decorator.py","logger":"airflow.models.dagbag.DagBag"}
{"timestamp":"2026-01-18T18:56:40.778999","level":"info","event":"Filling up the DagBag from /home/airflow/.local/lib/python3.12/site-packages/airflow/example_dags/example_dag_decorator.py","logger":"airflow.models.dagbag.DagBag"}
{"timestamp":"2026-01-18T18:57:10.904358","level":"info","event":"Filling up the DagBag from /home/airflow/.local/lib/python3.12/site-packages/airflow/example_dags/example_dag_decorator.py","logger":"airflow.models.dagbag.DagBag"}
{"timestamp":"2026-01-18T18:57:41.537597","level":"info","event":"Filling up the DagBag from /home/airflow/.local/lib/python3.12/site-packages/airflow/example_dags/example_dag_decorator.py","logger":"airflow.models.dagbag.DagBag"}
{"timestamp":"2026-01-18T18:58:12.607664","level":"info","event":"Filling up the DagBag from /home/airflow/.local/lib/python3.12/site-packages/airflow/example_dags/example_dag_decorator.py","logger":"airflow.models.dagbag.DagBag"}
{"timestamp":"2026-01-18T18:59:09.708002","level":"info","event":"Filling up the DagBag from /home/airflow/.local/lib/python3.12/site-packages/airflow/example_dags/example_dag_decorator.py","logger":"airflow.models.dagbag.DagBag"}
{"timestamp":"2026-01-18T18:59:39.906084","level":"info","event":"Filling up the DagBag from /home/airflow/.local/lib/python3.12/site-packages/airflow/example_dags/example_dag_decorator.py","logger":"airflow.models.dagbag.DagBag"}
{"timestamp":"2026-01-18T19:00:10.546742","level":"info","event":"Filling up the DagBag from /home/airflow/.local/lib/python3.12/site-packages/airflow/example_dags/example_dag_decorator.py","logger":"airflow.models.dagbag.DagBag"}
{"timestamp":"2026-01-18T19:00:41.776689","level":"info","event":"Filling up the DagBag from /home/airflow/.local/lib/python3.12/site-packages/airflow/example_dags/example_dag_decorator.py","logger":"airflow.models.dagbag.DagBag"}
{"timestamp":"2026-01-18T19:01:12.870150","level":"info","event":"Filling up the DagBag from /home/airflow/.local/lib/python3.12/site-packages/airflow/example_dags/example_dag_decorator.py","logger":"airflow.models.dagbag.DagBag"}
{"timestamp":"2026-01-18T19:01:44.006186","level":"info","event":"Filling up the DagBag from /home/airflow/.local/lib/python3.12/site-packages/airflow/example_dags/example_dag_decorator.py","logger":"airflow.models.dagbag.DagBag"}
{"timestamp":"2026-01-18T19:02:14.242612","level":"info","event":"Filling up the DagBag from /home/airflow/.local/lib/python3.12/site-packages/airflow/example_dags/example_dag_decorator.py","logger":"airflow.models.dagbag.DagBag"}
{"timestamp":"2026-01-18T19:02:44.973450","level":"info","event":"Filling up the DagBag from /home/airflow/.local/lib/python3.12/site-packages/airflow/example_dags/example_dag_decorator.py","logger":"airflow.models.dagbag.DagBag"}
{"timestamp":"2026-01-18T19:03:15.636286","level":"info","event":"Filling up the DagBag from /home/airflow/.local/lib/python3.12/site-packages/airflow/example_dags/example_dag_decorator.py","logger":"airflow.models.dagbag.DagBag"}
{"timestamp":"2026-01-18T19:03:46.339257","level":"info","event":"Filling up the DagBag from /home/airflow/.local/lib/python3.12/site-packages/airflow/example_dags/example_dag_decorator.py","logger":"airflow.models.dagbag.DagBag"}
{"timestamp":"2026-01-18T19:04:17.054228","level":"info","event":"Filling up the DagBag from /home/airflow/.local/lib/python3.12/site-packages/airflow/example_dags/example_dag_decorator.py","logger":"airflow.models.dagbag.DagBag"}
{"timestamp":"2026-01-18T19:04:47.553186","level":"info","event":"Filling up the DagBag from /home/airflow/.local/lib/python3.12/site-packages/airflow/example_dags/example_dag_decorator.py","logger":"airflow.models.dagbag.DagBag"}
{"timestamp":"2026-01-18T19:05:17.905337","level":"info","event":"Filling up the DagBag from /home/airflow/.local/lib/python3.12/site-packages/airflow/example_dags/example_dag_decorator.py","logger":"airflow.models.dagbag.DagBag"}
{"timestamp":"2026-01-18T19:05:49.011646","level":"info","event":"Filling up the DagBag from /home/airflow/.local/lib/python3.12/site-packages/airflow/example_dags/example_dag_decorator.py","logger":"airflow.models.dagbag.DagBag"}
{"timestamp":"2026-01-18T19:06:19.950152","level":"info","event":"Filling up the DagBag from /home/airflow/.local/lib/python3.12/site-packages/airflow/example_dags/example_dag_decorator.py","logger":"airflow.models.dagbag.DagBag"}
{"timestamp":"2026-01-18T19:06:50.155992","level":"info","event":"Filling up the DagBag from /home/airflow/.local/lib/python3.12/site-packages/airflow/example_dags/example_dag_decorator.py","logger":"airflow.models.dagbag.DagBag"}
{"timestamp":"2026-01-18T19:07:21.360270","level":"info","event":"Filling up the DagBag from /home/airflow/.local/lib/python3.12/site-packages/airflow/example_dags/example_dag_decorator.py","logger":"airflow.models.dagbag.DagBag"}
{"timestamp":"2026-01-18T19:09:01.227566","level":"info","event":"Filling up the DagBag from /home/airflow/.local/lib/python3.12/site-packages/airflow/example_dags/example_dag_decorator.py","logger":"airflow.models.dagbag.DagBag"}
{"timestamp":"2026-01-18T19:09:31.900375","level":"info","event":"Filling up the DagBag from /home/airflow/.local/lib/python3.12/site-packages/airflow/example_dags/example_dag_decorator.py","logger":"airflow.models.dagbag.DagBag"}
{"timestamp":"2026-01-18T19:10:02.947920","level":"info","event":"Filling up the DagBag from /home/airflow/.local/lib/python3.12/site-packages/airflow/example_dags/example_dag_decorator.py","logger":"airflow.models.dagbag.DagBag"}
{"timestamp":"2026-01-18T19:10:33.574269","level":"info","event":"Filling up the DagBag from /home/airflow/.local/lib/python3.12/site-packages/airflow/example_dags/example_dag_decorator.py","logger":"airflow.models.dagbag.DagBag"}
{"timestamp":"2026-01-18T19:11:04.160180","level":"info","event":"Filling up the DagBag from /home/airflow/.local/lib/python3.12/site-packages/airflow/example_dags/example_dag_decorator.py","logger":"airflow.models.dagbag.DagBag"}
{"timestamp":"2026-01-18T19:12:19.344950","level":"info","event":"Filling up the DagBag from /home/airflow/.local/lib/python3.12/site-packages/airflow/example_dags/example_dag_decorator.py","logger":"airflow.models.dagbag.DagBag"}
{"timestamp":"2026-01-18T19:12:50.181041","level":"info","event":"Filling up the DagBag from /home/airflow/.local/lib/python3.12/site-packages/airflow/example_dags/example_dag_decorator.py","logger":"airflow.models.dagbag.DagBag"}
{"timestamp":"2026-01-18T19:13:21.321541","level":"info","event":"Filling up the DagBag from /home/airflow/.local/lib/python3.12/site-packages/airflow/example_dags/example_dag_decorator.py","logger":"airflow.models.dagbag.DagBag"}
{"timestamp":"2026-01-18T19:17:43.253837","level":"info","event":"Filling up the DagBag from /home/airflow/.local/lib/python3.12/site-packages/airflow/example_dags/example_dag_decorator.py","logger":"airflow.models.dagbag.DagBag"}
{"timestamp":"2026-01-18T19:19:36.317192","level":"info","event":"Filling up the DagBag from /home/airflow/.local/lib/python3.12/site-packages/airflow/example_dags/example_dag_decorator.py","logger":"airflow.models.dagbag.DagBag"}
{"timestamp":"2026-01-18T19:20:14.770710","level":"info","event":"Filling up the DagBag from /home/airflow/.local/lib/python3.12/site-packages/airflow/example_dags/example_dag_decorator.py","logger":"airflow.models.dagbag.DagBag"}
{"timestamp":"2026-01-18T19:20:45.619145","level":"info","event":"Filling up the DagBag from /home/airflow/.local/lib/python3.12/site-packages/airflow/example_dags/example_dag_decorator.py","logger":"airflow.models.dagbag.DagBag"}
{"timestamp":"2026-01-18T19:21:24.758325","level":"info","event":"Filling up the DagBag from /home/airflow/.local/lib/python3.12/site-packages/airflow/example_dags/example_dag_decorator.py","logger":"airflow.models.dagbag.DagBag"}
{"timestamp":"2026-01-18T19:22:42.742445","level":"info","event":"Filling up the DagBag from /home/airflow/.local/lib/python3.12/site-packages/airflow/example_dags/example_dag_decorator.py","logger":"airflow.models.dagbag.DagBag"}
{"timestamp":"2026-01-18T19:23:13.206947","level":"info","event":"Filling up the DagBag from /home/airflow/.local/lib/python3.12/site-packages/airflow/example_dags/example_dag_decorator.py","logger":"airflow.models.dagbag.DagBag"}
{"timestamp":"2026-01-18T19:24:09.059321","level":"info","event":"Filling up the DagBag from /home/airflow/.local/lib/python3.12/site-packages/airflow/example_dags/example_dag_decorator.py","logger":"airflow.models.dagbag.DagBag"}
{"timestamp":"2026-01-18T19:24:39.895506","level":"info","event":"Filling up the DagBag from /home/airflow/.local/lib/python3.12/site-packages/airflow/example_dags/example_dag_decorator.py","logger":"airflow.models.dagbag.DagBag"}
{"timestamp":"2026-01-18T22:29:55.423331","level":"info","event":"Filling up the DagBag from /home/airflow/.local/lib/python3.12/site-packages/airflow/example_dags/example_dag_decorator.py","logger":"airflow.models.dagbag.DagBag"}
