{"timestamp":"2026-01-18T16:09:46.562557","level":"info","event":"Filling up the DagBag from /home/airflow/.local/lib/python3.12/site-packages/airflow/example_dags/example_inlet_event_extra.py","logger":"airflow.models.dagbag.DagBag"}
{"timestamp":"2026-01-18T16:10:17.498748","level":"info","event":"Filling up the DagBag from /home/airflow/.local/lib/python3.12/site-packages/airflow/example_dags/example_inlet_event_extra.py","logger":"airflow.models.dagbag.DagBag"}
{"timestamp":"2026-01-18T16:12:20.608135","level":"info","event":"Filling up the DagBag from /home/airflow/.local/lib/python3.12/site-packages/airflow/example_dags/example_inlet_event_extra.py","logger":"airflow.models.dagbag.DagBag"}
{"timestamp":"2026-01-18T16:13:13.711353","level":"info","event":"Filling up the DagBag from /home/airflow/.local/lib/python3.12/site-packages/airflow/example_dags/example_inlet_event_extra.py","logger":"airflow.models.dagbag.DagBag"}
{"timestamp":"2026-01-18T16:13:45.003411","level":"info","event":"Filling up the DagBag from /home/airflow/.local/lib/python3.12/site-packages/airflow/example_dags/example_inlet_event_extra.py","logger":"airflow.models.dagbag.DagBag"}
{"timestamp":"2026-01-18T16:14:08.268492","level":"info","event":"Filling up the DagBag from /home/airflow/.local/lib/python3.12/site-packages/airflow/example_dags/example_inlet_event_extra.py","logger":"airflow.models.dagbag.DagBag"}
{"timestamp":"2026-01-18T16:15:13.805312","level":"info","event":"Filling up the DagBag from /home/airflow/.local/lib/python3.12/site-packages/airflow/example_dags/example_inlet_event_extra.py","logger":"airflow.models.dagbag.DagBag"}
{"timestamp":"2026-01-18T16:15:44.651544","level":"info","event":"Filling up the DagBag from /home/airflow/.local/lib/python3.12/site-packages/airflow/example_dags/example_inlet_event_extra.py","logger":"airflow.models.dagbag.DagBag"}
{"timestamp":"2026-01-18T16:16:14.818570","level":"info","event":"Filling up the DagBag from /home/airflow/.local/lib/python3.12/site-packages/airflow/example_dags/example_inlet_event_extra.py","logger":"airflow.models.dagbag.DagBag"}
{"timestamp":"2026-01-18T16:16:45.015183","level":"info","event":"Filling up the DagBag from /home/airflow/.local/lib/python3.12/site-packages/airflow/example_dags/example_inlet_event_extra.py","logger":"airflow.models.dagbag.DagBag"}
{"timestamp":"2026-01-18T16:17:15.907132","level":"info","event":"Filling up the DagBag from /home/airflow/.local/lib/python3.12/site-packages/airflow/example_dags/example_inlet_event_extra.py","logger":"airflow.models.dagbag.DagBag"}
{"timestamp":"2026-01-18T16:17:46.190296","level":"info","event":"Filling up the DagBag from /home/airflow/.local/lib/python3.12/site-packages/airflow/example_dags/example_inlet_event_extra.py","logger":"airflow.models.dagbag.DagBag"}
{"timestamp":"2026-01-18T16:18:17.052671","level":"info","event":"Filling up the DagBag from /home/airflow/.local/lib/python3.12/site-packages/airflow/example_dags/example_inlet_event_extra.py","logger":"airflow.models.dagbag.DagBag"}
{"timestamp":"2026-01-18T16:18:48.071442","level":"info","event":"Filling up the DagBag from /home/airflow/.local/lib/python3.12/site-packages/airflow/example_dags/example_inlet_event_extra.py","logger":"airflow.models.dagbag.DagBag"}
{"timestamp":"2026-01-18T16:19:19.409063","level":"info","event":"Filling up the DagBag from /home/airflow/.local/lib/python3.12/site-packages/airflow/example_dags/example_inlet_event_extra.py","logger":"airflow.models.dagbag.DagBag"}
{"timestamp":"2026-01-18T16:19:49.916466","level":"info","event":"Filling up the DagBag from /home/airflow/.local/lib/python3.12/site-packages/airflow/example_dags/example_inlet_event_extra.py","logger":"airflow.models.dagbag.DagBag"}
{"timestamp":"2026-01-18T16:20:20.367137","level":"info","event":"Filling up the DagBag from /home/airflow/.local/lib/python3.12/site-packages/airflow/example_dags/example_inlet_event_extra.py","logger":"airflow.models.dagbag.DagBag"}
{"timestamp":"2026-01-18T16:20:50.713084","level":"info","event":"Filling up the DagBag from /home/airflow/.local/lib/python3.12/site-packages/airflow/example_dags/example_inlet_event_extra.py","logger":"airflow.models.dagbag.DagBag"}
{"timestamp":"2026-01-18T16:21:22.172921","level":"info","event":"Filling up the DagBag from /home/airflow/.local/lib/python3.12/site-packages/airflow/example_dags/example_inlet_event_extra.py","logger":"airflow.models.dagbag.DagBag"}
{"timestamp":"2026-01-18T16:21:53.528046","level":"info","event":"Filling up the DagBag from /home/airflow/.local/lib/python3.12/site-packages/airflow/example_dags/example_inlet_event_extra.py","logger":"airflow.models.dagbag.DagBag"}
{"timestamp":"2026-01-18T16:22:24.735660","level":"info","event":"Filling up the DagBag from /home/airflow/.local/lib/python3.12/site-packages/airflow/example_dags/example_inlet_event_extra.py","logger":"airflow.models.dagbag.DagBag"}
{"timestamp":"2026-01-18T16:33:51.240096","level":"info","event":"Filling up the DagBag from /home/airflow/.local/lib/python3.12/site-packages/airflow/example_dags/example_inlet_event_extra.py","logger":"airflow.models.dagbag.DagBag"}
{"timestamp":"2026-01-18T16:36:14.769324","level":"info","event":"Filling up the DagBag from /home/airflow/.local/lib/python3.12/site-packages/airflow/example_dags/example_inlet_event_extra.py","logger":"airflow.models.dagbag.DagBag"}
{"timestamp":"2026-01-18T16:36:45.051212","level":"info","event":"Filling up the DagBag from /home/airflow/.local/lib/python3.12/site-packages/airflow/example_dags/example_inlet_event_extra.py","logger":"airflow.models.dagbag.DagBag"}
{"timestamp":"2026-01-18T16:37:15.566867","level":"info","event":"Filling up the DagBag from /home/airflow/.local/lib/python3.12/site-packages/airflow/example_dags/example_inlet_event_extra.py","logger":"airflow.models.dagbag.DagBag"}
{"timestamp":"2026-01-18T16:38:10.711353","level":"info","event":"Filling up the DagBag from /home/airflow/.local/lib/python3.12/site-packages/airflow/example_dags/example_inlet_event_extra.py","logger":"airflow.models.dagbag.DagBag"}
{"timestamp":"2026-01-18T16:38:41.567544","level":"info","event":"Filling up the DagBag from /home/airflow/.local/lib/python3.12/site-packages/airflow/example_dags/example_inlet_event_extra.py","logger":"airflow.models.dagbag.DagBag"}
{"timestamp":"2026-01-18T16:40:13.874997","level":"info","event":"Filling up the DagBag from /home/airflow/.local/lib/python3.12/site-packages/airflow/example_dags/example_inlet_event_extra.py","logger":"airflow.models.dagbag.DagBag"}
{"timestamp":"2026-01-18T16:40:44.479848","level":"info","event":"Filling up the DagBag from /home/airflow/.local/lib/python3.12/site-packages/airflow/example_dags/example_inlet_event_extra.py","logger":"airflow.models.dagbag.DagBag"}
{"timestamp":"2026-01-18T16:41:15.118754","level":"info","event":"Filling up the DagBag from /home/airflow/.local/lib/python3.12/site-packages/airflow/example_dags/example_inlet_event_extra.py","logger":"airflow.models.dagbag.DagBag"}
{"timestamp":"2026-01-18T16:41:45.306461","level":"info","event":"Filling up the DagBag from /home/airflow/.local/lib/python3.12/site-packages/airflow/example_dags/example_inlet_event_extra.py","logger":"airflow.models.dagbag.DagBag"}
{"timestamp":"2026-01-18T16:42:16.042634","level":"info","event":"Filling up the DagBag from /home/airflow/.local/lib/python3.12/site-packages/airflow/example_dags/example_inlet_event_extra.py","logger":"airflow.models.dagbag.DagBag"}
{"timestamp":"2026-01-18T16:42:46.619342","level":"info","event":"Filling up the DagBag from /home/airflow/.local/lib/python3.12/site-packages/airflow/example_dags/example_inlet_event_extra.py","logger":"airflow.models.dagbag.DagBag"}
{"timestamp":"2026-01-18T16:43:17.724622","level":"info","event":"Filling up the DagBag from /home/airflow/.local/lib/python3.12/site-packages/airflow/example_dags/example_inlet_event_extra.py","logger":"airflow.models.dagbag.DagBag"}
{"timestamp":"2026-01-18T16:43:47.945643","level":"info","event":"Filling up the DagBag from /home/airflow/.local/lib/python3.12/site-packages/airflow/example_dags/example_inlet_event_extra.py","logger":"airflow.models.dagbag.DagBag"}
{"timestamp":"2026-01-18T16:44:19.079362","level":"info","event":"Filling up the DagBag from /home/airflow/.local/lib/python3.12/site-packages/airflow/example_dags/example_inlet_event_extra.py","logger":"airflow.models.dagbag.DagBag"}
{"timestamp":"2026-01-18T16:44:49.450208","level":"info","event":"Filling up the DagBag from /home/airflow/.local/lib/python3.12/site-packages/airflow/example_dags/example_inlet_event_extra.py","logger":"airflow.models.dagbag.DagBag"}
{"timestamp":"2026-01-18T16:45:20.409807","level":"info","event":"Filling up the DagBag from /home/airflow/.local/lib/python3.12/site-packages/airflow/example_dags/example_inlet_event_extra.py","logger":"airflow.models.dagbag.DagBag"}
{"timestamp":"2026-01-18T16:45:50.698835","level":"info","event":"Filling up the DagBag from /home/airflow/.local/lib/python3.12/site-packages/airflow/example_dags/example_inlet_event_extra.py","logger":"airflow.models.dagbag.DagBag"}
{"timestamp":"2026-01-18T16:47:06.795830","level":"info","event":"Filling up the DagBag from /home/airflow/.local/lib/python3.12/site-packages/airflow/example_dags/example_inlet_event_extra.py","logger":"airflow.models.dagbag.DagBag"}
{"timestamp":"2026-01-18T16:47:37.560674","level":"info","event":"Filling up the DagBag from /home/airflow/.local/lib/python3.12/site-packages/airflow/example_dags/example_inlet_event_extra.py","logger":"airflow.models.dagbag.DagBag"}
{"timestamp":"2026-01-18T16:49:56.353454","level":"info","event":"Filling up the DagBag from /home/airflow/.local/lib/python3.12/site-packages/airflow/example_dags/example_inlet_event_extra.py","logger":"airflow.models.dagbag.DagBag"}
{"timestamp":"2026-01-18T16:51:03.093143","level":"info","event":"Filling up the DagBag from /home/airflow/.local/lib/python3.12/site-packages/airflow/example_dags/example_inlet_event_extra.py","logger":"airflow.models.dagbag.DagBag"}
{"timestamp":"2026-01-18T16:52:01.360011","level":"info","event":"Filling up the DagBag from /home/airflow/.local/lib/python3.12/site-packages/airflow/example_dags/example_inlet_event_extra.py","logger":"airflow.models.dagbag.DagBag"}
{"timestamp":"2026-01-18T16:52:32.203456","level":"info","event":"Filling up the DagBag from /home/airflow/.local/lib/python3.12/site-packages/airflow/example_dags/example_inlet_event_extra.py","logger":"airflow.models.dagbag.DagBag"}
{"timestamp":"2026-01-18T16:53:36.790911","level":"info","event":"Filling up the DagBag from /home/airflow/.local/lib/python3.12/site-packages/airflow/example_dags/example_inlet_event_extra.py","logger":"airflow.models.dagbag.DagBag"}
{"timestamp":"2026-01-18T16:54:22.563291","level":"info","event":"Filling up the DagBag from /home/airflow/.local/lib/python3.12/site-packages/airflow/example_dags/example_inlet_event_extra.py","logger":"airflow.models.dagbag.DagBag"}
{"timestamp":"2026-01-18T16:54:53.338184","level":"info","event":"Filling up the DagBag from /home/airflow/.local/lib/python3.12/site-packages/airflow/example_dags/example_inlet_event_extra.py","logger":"airflow.models.dagbag.DagBag"}
{"timestamp":"2026-01-18T16:56:09.794953","level":"info","event":"Filling up the DagBag from /home/airflow/.local/lib/python3.12/site-packages/airflow/example_dags/example_inlet_event_extra.py","logger":"airflow.models.dagbag.DagBag"}
{"timestamp":"2026-01-18T16:56:41.195958","level":"info","event":"Filling up the DagBag from /home/airflow/.local/lib/python3.12/site-packages/airflow/example_dags/example_inlet_event_extra.py","logger":"airflow.models.dagbag.DagBag"}
{"timestamp":"2026-01-18T16:57:15.189853","level":"error","event":"Process timed out, PID: 1164","logger":"airflow.utils.timeout.TimeoutPosix"}
{"timestamp":"2026-01-18T16:57:24.256559","level":"error","event":"Failed to import: /home/airflow/.local/lib/python3.12/site-packages/airflow/example_dags/example_inlet_event_extra.py","logger":"airflow.models.dagbag.DagBag","error_detail":[{"exc_type":"AirflowTaskTimeout","exc_value":"DagBag import timeout for /home/airflow/.local/lib/python3.12/site-packages/airflow/example_dags/example_inlet_event_extra.py after 30.0s.\nPlease take a look at these docs to improve your DAG import time:\n* https://airflow.apache.org/docs/apache-airflow/3.0.1/best-practices.html#top-level-python-code\n* https://airflow.apache.org/docs/apache-airflow/3.0.1/best-practices.html#reducing-dag-complexity, PID: 1164","exc_notes":[],"syntax_error":null,"is_cause":false,"frames":[{"filename":"/home/airflow/.local/lib/python3.12/site-packages/airflow/models/dagbag.py","lineno":382,"name":"parse"},{"filename":"<frozen importlib._bootstrap_external>","lineno":999,"name":"exec_module"},{"filename":"<frozen importlib._bootstrap>","lineno":488,"name":"_call_with_frames_removed"},{"filename":"/home/airflow/.local/lib/python3.12/site-packages/airflow/example_dags/example_inlet_event_extra.py","lineno":55,"name":"<module>"},{"filename":"/home/airflow/.local/lib/python3.12/site-packages/airflow/sdk/bases/operator.py","lineno":513,"name":"apply_defaults"},{"filename":"/home/airflow/.local/lib/python3.12/site-packages/airflow/providers/standard/operators/bash.py","lineno":180,"name":"__init__"},{"filename":"<frozen abc>","lineno":119,"name":"__instancecheck__"},{"filename":"<frozen abc>","lineno":123,"name":"__subclasscheck__"},{"filename":"<frozen abc>","lineno":123,"name":"__subclasscheck__"},{"filename":"<frozen abc>","lineno":123,"name":"__subclasscheck__"},{"filename":"<frozen abc>","lineno":121,"name":"__subclasscheck__"},{"filename":"/home/airflow/.local/lib/python3.12/site-packages/airflow/utils/timeout.py","lineno":69,"name":"handle_timeout"}]}]}
{"timestamp":"2026-01-18T17:49:50.004161","level":"info","event":"Filling up the DagBag from /home/airflow/.local/lib/python3.12/site-packages/airflow/example_dags/example_inlet_event_extra.py","logger":"airflow.models.dagbag.DagBag"}
{"timestamp":"2026-01-18T17:50:20.599909","level":"info","event":"Filling up the DagBag from /home/airflow/.local/lib/python3.12/site-packages/airflow/example_dags/example_inlet_event_extra.py","logger":"airflow.models.dagbag.DagBag"}
{"timestamp":"2026-01-18T17:50:51.493583","level":"info","event":"Filling up the DagBag from /home/airflow/.local/lib/python3.12/site-packages/airflow/example_dags/example_inlet_event_extra.py","logger":"airflow.models.dagbag.DagBag"}
{"timestamp":"2026-01-18T17:51:21.605174","level":"info","event":"Filling up the DagBag from /home/airflow/.local/lib/python3.12/site-packages/airflow/example_dags/example_inlet_event_extra.py","logger":"airflow.models.dagbag.DagBag"}
{"timestamp":"2026-01-18T17:51:52.450614","level":"info","event":"Filling up the DagBag from /home/airflow/.local/lib/python3.12/site-packages/airflow/example_dags/example_inlet_event_extra.py","logger":"airflow.models.dagbag.DagBag"}
{"timestamp":"2026-01-18T17:52:23.252251","level":"info","event":"Filling up the DagBag from /home/airflow/.local/lib/python3.12/site-packages/airflow/example_dags/example_inlet_event_extra.py","logger":"airflow.models.dagbag.DagBag"}
{"timestamp":"2026-01-18T17:52:54.596763","level":"info","event":"Filling up the DagBag from /home/airflow/.local/lib/python3.12/site-packages/airflow/example_dags/example_inlet_event_extra.py","logger":"airflow.models.dagbag.DagBag"}
{"timestamp":"2026-01-18T17:53:25.275282","level":"info","event":"Filling up the DagBag from /home/airflow/.local/lib/python3.12/site-packages/airflow/example_dags/example_inlet_event_extra.py","logger":"airflow.models.dagbag.DagBag"}
{"timestamp":"2026-01-18T17:53:55.479766","level":"info","event":"Filling up the DagBag from /home/airflow/.local/lib/python3.12/site-packages/airflow/example_dags/example_inlet_event_extra.py","logger":"airflow.models.dagbag.DagBag"}
{"timestamp":"2026-01-18T17:54:25.618055","level":"info","event":"Filling up the DagBag from /home/airflow/.local/lib/python3.12/site-packages/airflow/example_dags/example_inlet_event_extra.py","logger":"airflow.models.dagbag.DagBag"}
{"timestamp":"2026-01-18T17:54:56.006796","level":"info","event":"Filling up the DagBag from /home/airflow/.local/lib/python3.12/site-packages/airflow/example_dags/example_inlet_event_extra.py","logger":"airflow.models.dagbag.DagBag"}
{"timestamp":"2026-01-18T17:55:26.428672","level":"info","event":"Filling up the DagBag from /home/airflow/.local/lib/python3.12/site-packages/airflow/example_dags/example_inlet_event_extra.py","logger":"airflow.models.dagbag.DagBag"}
{"timestamp":"2026-01-18T17:55:56.762505","level":"info","event":"Filling up the DagBag from /home/airflow/.local/lib/python3.12/site-packages/airflow/example_dags/example_inlet_event_extra.py","logger":"airflow.models.dagbag.DagBag"}
{"timestamp":"2026-01-18T17:56:27.407283","level":"info","event":"Filling up the DagBag from /home/airflow/.local/lib/python3.12/site-packages/airflow/example_dags/example_inlet_event_extra.py","logger":"airflow.models.dagbag.DagBag"}
{"timestamp":"2026-01-18T17:56:58.201617","level":"info","event":"Filling up the DagBag from /home/airflow/.local/lib/python3.12/site-packages/airflow/example_dags/example_inlet_event_extra.py","logger":"airflow.models.dagbag.DagBag"}
{"timestamp":"2026-01-18T17:57:31.602925","level":"info","event":"Filling up the DagBag from /home/airflow/.local/lib/python3.12/site-packages/airflow/example_dags/example_inlet_event_extra.py","logger":"airflow.models.dagbag.DagBag"}
{"timestamp":"2026-01-18T17:58:02.537698","level":"info","event":"Filling up the DagBag from /home/airflow/.local/lib/python3.12/site-packages/airflow/example_dags/example_inlet_event_extra.py","logger":"airflow.models.dagbag.DagBag"}
{"timestamp":"2026-01-18T17:58:53.751116","level":"info","event":"Filling up the DagBag from /home/airflow/.local/lib/python3.12/site-packages/airflow/example_dags/example_inlet_event_extra.py","logger":"airflow.models.dagbag.DagBag"}
{"timestamp":"2026-01-18T17:59:24.336719","level":"info","event":"Filling up the DagBag from /home/airflow/.local/lib/python3.12/site-packages/airflow/example_dags/example_inlet_event_extra.py","logger":"airflow.models.dagbag.DagBag"}
{"timestamp":"2026-01-18T17:59:55.416848","level":"info","event":"Filling up the DagBag from /home/airflow/.local/lib/python3.12/site-packages/airflow/example_dags/example_inlet_event_extra.py","logger":"airflow.models.dagbag.DagBag"}
{"timestamp":"2026-01-18T18:00:26.139799","level":"info","event":"Filling up the DagBag from /home/airflow/.local/lib/python3.12/site-packages/airflow/example_dags/example_inlet_event_extra.py","logger":"airflow.models.dagbag.DagBag"}
{"timestamp":"2026-01-18T18:00:56.921796","level":"info","event":"Filling up the DagBag from /home/airflow/.local/lib/python3.12/site-packages/airflow/example_dags/example_inlet_event_extra.py","logger":"airflow.models.dagbag.DagBag"}
{"timestamp":"2026-01-18T18:01:27.492111","level":"info","event":"Filling up the DagBag from /home/airflow/.local/lib/python3.12/site-packages/airflow/example_dags/example_inlet_event_extra.py","logger":"airflow.models.dagbag.DagBag"}
{"timestamp":"2026-01-18T18:01:58.995515","level":"info","event":"Filling up the DagBag from /home/airflow/.local/lib/python3.12/site-packages/airflow/example_dags/example_inlet_event_extra.py","logger":"airflow.models.dagbag.DagBag"}
{"timestamp":"2026-01-18T18:02:29.891424","level":"info","event":"Filling up the DagBag from /home/airflow/.local/lib/python3.12/site-packages/airflow/example_dags/example_inlet_event_extra.py","logger":"airflow.models.dagbag.DagBag"}
{"timestamp":"2026-01-18T18:03:01.074503","level":"info","event":"Filling up the DagBag from /home/airflow/.local/lib/python3.12/site-packages/airflow/example_dags/example_inlet_event_extra.py","logger":"airflow.models.dagbag.DagBag"}
{"timestamp":"2026-01-18T18:03:37.884180","level":"info","event":"Filling up the DagBag from /home/airflow/.local/lib/python3.12/site-packages/airflow/example_dags/example_inlet_event_extra.py","logger":"airflow.models.dagbag.DagBag"}
{"timestamp":"2026-01-18T18:04:51.801817","level":"info","event":"Filling up the DagBag from /home/airflow/.local/lib/python3.12/site-packages/airflow/example_dags/example_inlet_event_extra.py","logger":"airflow.models.dagbag.DagBag"}
{"timestamp":"2026-01-18T18:05:34.378344","level":"info","event":"Filling up the DagBag from /home/airflow/.local/lib/python3.12/site-packages/airflow/example_dags/example_inlet_event_extra.py","logger":"airflow.models.dagbag.DagBag"}
{"timestamp":"2026-01-18T18:06:05.516220","level":"info","event":"Filling up the DagBag from /home/airflow/.local/lib/python3.12/site-packages/airflow/example_dags/example_inlet_event_extra.py","logger":"airflow.models.dagbag.DagBag"}
{"timestamp":"2026-01-18T18:06:58.890973","level":"info","event":"Filling up the DagBag from /home/airflow/.local/lib/python3.12/site-packages/airflow/example_dags/example_inlet_event_extra.py","logger":"airflow.models.dagbag.DagBag"}
{"timestamp":"2026-01-18T18:07:49.112524","level":"info","event":"Filling up the DagBag from /home/airflow/.local/lib/python3.12/site-packages/airflow/example_dags/example_inlet_event_extra.py","logger":"airflow.models.dagbag.DagBag"}
{"timestamp":"2026-01-18T18:08:30.494684","level":"info","event":"Filling up the DagBag from /home/airflow/.local/lib/python3.12/site-packages/airflow/example_dags/example_inlet_event_extra.py","logger":"airflow.models.dagbag.DagBag"}
{"timestamp":"2026-01-18T18:09:01.539786","level":"info","event":"Filling up the DagBag from /home/airflow/.local/lib/python3.12/site-packages/airflow/example_dags/example_inlet_event_extra.py","logger":"airflow.models.dagbag.DagBag"}
{"timestamp":"2026-01-18T18:09:31.709038","level":"info","event":"Filling up the DagBag from /home/airflow/.local/lib/python3.12/site-packages/airflow/example_dags/example_inlet_event_extra.py","logger":"airflow.models.dagbag.DagBag"}
{"timestamp":"2026-01-18T18:10:01.917526","level":"info","event":"Filling up the DagBag from /home/airflow/.local/lib/python3.12/site-packages/airflow/example_dags/example_inlet_event_extra.py","logger":"airflow.models.dagbag.DagBag"}
{"timestamp":"2026-01-18T18:12:07.770935","level":"info","event":"Filling up the DagBag from /home/airflow/.local/lib/python3.12/site-packages/airflow/example_dags/example_inlet_event_extra.py","logger":"airflow.models.dagbag.DagBag"}
{"timestamp":"2026-01-18T18:12:38.307347","level":"info","event":"Filling up the DagBag from /home/airflow/.local/lib/python3.12/site-packages/airflow/example_dags/example_inlet_event_extra.py","logger":"airflow.models.dagbag.DagBag"}
{"timestamp":"2026-01-18T18:13:08.808455","level":"info","event":"Filling up the DagBag from /home/airflow/.local/lib/python3.12/site-packages/airflow/example_dags/example_inlet_event_extra.py","logger":"airflow.models.dagbag.DagBag"}
{"timestamp":"2026-01-18T18:14:39.026420","level":"info","event":"Filling up the DagBag from /home/airflow/.local/lib/python3.12/site-packages/airflow/example_dags/example_inlet_event_extra.py","logger":"airflow.models.dagbag.DagBag"}
{"timestamp":"2026-01-18T18:15:47.326281","level":"info","event":"Filling up the DagBag from /home/airflow/.local/lib/python3.12/site-packages/airflow/example_dags/example_inlet_event_extra.py","logger":"airflow.models.dagbag.DagBag"}
{"timestamp":"2026-01-18T18:17:06.696933","level":"info","event":"Filling up the DagBag from /home/airflow/.local/lib/python3.12/site-packages/airflow/example_dags/example_inlet_event_extra.py","logger":"airflow.models.dagbag.DagBag"}
{"timestamp":"2026-01-18T18:18:33.075077","level":"info","event":"Filling up the DagBag from /home/airflow/.local/lib/python3.12/site-packages/airflow/example_dags/example_inlet_event_extra.py","logger":"airflow.models.dagbag.DagBag"}
{"timestamp":"2026-01-18T18:19:03.701725","level":"info","event":"Filling up the DagBag from /home/airflow/.local/lib/python3.12/site-packages/airflow/example_dags/example_inlet_event_extra.py","logger":"airflow.models.dagbag.DagBag"}
{"timestamp":"2026-01-18T18:20:08.294889","level":"info","event":"Filling up the DagBag from /home/airflow/.local/lib/python3.12/site-packages/airflow/example_dags/example_inlet_event_extra.py","logger":"airflow.models.dagbag.DagBag"}
{"timestamp":"2026-01-18T18:21:07.211337","level":"info","event":"Filling up the DagBag from /home/airflow/.local/lib/python3.12/site-packages/airflow/example_dags/example_inlet_event_extra.py","logger":"airflow.models.dagbag.DagBag"}
{"timestamp":"2026-01-18T18:21:37.511289","level":"info","event":"Filling up the DagBag from /home/airflow/.local/lib/python3.12/site-packages/airflow/example_dags/example_inlet_event_extra.py","logger":"airflow.models.dagbag.DagBag"}
{"timestamp":"2026-01-18T18:22:09.107404","level":"info","event":"Filling up the DagBag from /home/airflow/.local/lib/python3.12/site-packages/airflow/example_dags/example_inlet_event_extra.py","logger":"airflow.models.dagbag.DagBag"}
{"timestamp":"2026-01-18T18:23:54.160389","level":"info","event":"Filling up the DagBag from /home/airflow/.local/lib/python3.12/site-packages/airflow/example_dags/example_inlet_event_extra.py","logger":"airflow.models.dagbag.DagBag"}
{"timestamp":"2026-01-18T18:24:26.418476","level":"info","event":"Filling up the DagBag from /home/airflow/.local/lib/python3.12/site-packages/airflow/example_dags/example_inlet_event_extra.py","logger":"airflow.models.dagbag.DagBag"}
{"timestamp":"2026-01-18T18:24:56.874926","level":"info","event":"Filling up the DagBag from /home/airflow/.local/lib/python3.12/site-packages/airflow/example_dags/example_inlet_event_extra.py","logger":"airflow.models.dagbag.DagBag"}
{"timestamp":"2026-01-18T18:25:28.849037","level":"info","event":"Filling up the DagBag from /home/airflow/.local/lib/python3.12/site-packages/airflow/example_dags/example_inlet_event_extra.py","logger":"airflow.models.dagbag.DagBag"}
{"timestamp":"2026-01-18T18:25:59.141007","level":"info","event":"Filling up the DagBag from /home/airflow/.local/lib/python3.12/site-packages/airflow/example_dags/example_inlet_event_extra.py","logger":"airflow.models.dagbag.DagBag"}
{"timestamp":"2026-01-18T18:26:29.478603","level":"info","event":"Filling up the DagBag from /home/airflow/.local/lib/python3.12/site-packages/airflow/example_dags/example_inlet_event_extra.py","logger":"airflow.models.dagbag.DagBag"}
{"timestamp":"2026-01-18T18:27:00.820495","level":"info","event":"Filling up the DagBag from /home/airflow/.local/lib/python3.12/site-packages/airflow/example_dags/example_inlet_event_extra.py","logger":"airflow.models.dagbag.DagBag"}
{"timestamp":"2026-01-18T18:27:33.297297","level":"info","event":"Filling up the DagBag from /home/airflow/.local/lib/python3.12/site-packages/airflow/example_dags/example_inlet_event_extra.py","logger":"airflow.models.dagbag.DagBag"}
{"timestamp":"2026-01-18T18:28:04.377009","level":"info","event":"Filling up the DagBag from /home/airflow/.local/lib/python3.12/site-packages/airflow/example_dags/example_inlet_event_extra.py","logger":"airflow.models.dagbag.DagBag"}
{"timestamp":"2026-01-18T18:28:34.585730","level":"info","event":"Filling up the DagBag from /home/airflow/.local/lib/python3.12/site-packages/airflow/example_dags/example_inlet_event_extra.py","logger":"airflow.models.dagbag.DagBag"}
{"timestamp":"2026-01-18T18:29:05.124677","level":"info","event":"Filling up the DagBag from /home/airflow/.local/lib/python3.12/site-packages/airflow/example_dags/example_inlet_event_extra.py","logger":"airflow.models.dagbag.DagBag"}
{"timestamp":"2026-01-18T18:29:35.294363","level":"info","event":"Filling up the DagBag from /home/airflow/.local/lib/python3.12/site-packages/airflow/example_dags/example_inlet_event_extra.py","logger":"airflow.models.dagbag.DagBag"}
{"timestamp":"2026-01-18T18:30:06.310476","level":"info","event":"Filling up the DagBag from /home/airflow/.local/lib/python3.12/site-packages/airflow/example_dags/example_inlet_event_extra.py","logger":"airflow.models.dagbag.DagBag"}
{"timestamp":"2026-01-18T18:31:20.057759","level":"info","event":"Filling up the DagBag from /home/airflow/.local/lib/python3.12/site-packages/airflow/example_dags/example_inlet_event_extra.py","logger":"airflow.models.dagbag.DagBag"}
{"timestamp":"2026-01-18T18:31:53.951513","level":"info","event":"Filling up the DagBag from /home/airflow/.local/lib/python3.12/site-packages/airflow/example_dags/example_inlet_event_extra.py","logger":"airflow.models.dagbag.DagBag"}
{"timestamp":"2026-01-18T18:32:24.781832","level":"info","event":"Filling up the DagBag from /home/airflow/.local/lib/python3.12/site-packages/airflow/example_dags/example_inlet_event_extra.py","logger":"airflow.models.dagbag.DagBag"}
{"timestamp":"2026-01-18T18:32:55.090300","level":"info","event":"Filling up the DagBag from /home/airflow/.local/lib/python3.12/site-packages/airflow/example_dags/example_inlet_event_extra.py","logger":"airflow.models.dagbag.DagBag"}
{"timestamp":"2026-01-18T18:34:25.450984","level":"info","event":"Filling up the DagBag from /home/airflow/.local/lib/python3.12/site-packages/airflow/example_dags/example_inlet_event_extra.py","logger":"airflow.models.dagbag.DagBag"}
{"timestamp":"2026-01-18T18:35:41.821812","level":"info","event":"Filling up the DagBag from /home/airflow/.local/lib/python3.12/site-packages/airflow/example_dags/example_inlet_event_extra.py","logger":"airflow.models.dagbag.DagBag"}
{"timestamp":"2026-01-18T18:38:04.148389","level":"info","event":"Filling up the DagBag from /home/airflow/.local/lib/python3.12/site-packages/airflow/example_dags/example_inlet_event_extra.py","logger":"airflow.models.dagbag.DagBag"}
{"timestamp":"2026-01-18T18:38:35.566322","level":"info","event":"Filling up the DagBag from /home/airflow/.local/lib/python3.12/site-packages/airflow/example_dags/example_inlet_event_extra.py","logger":"airflow.models.dagbag.DagBag"}
{"timestamp":"2026-01-18T18:39:07.153410","level":"info","event":"Filling up the DagBag from /home/airflow/.local/lib/python3.12/site-packages/airflow/example_dags/example_inlet_event_extra.py","logger":"airflow.models.dagbag.DagBag"}
{"timestamp":"2026-01-18T18:40:48.201585","level":"info","event":"Filling up the DagBag from /home/airflow/.local/lib/python3.12/site-packages/airflow/example_dags/example_inlet_event_extra.py","logger":"airflow.models.dagbag.DagBag"}
{"timestamp":"2026-01-18T18:42:07.124934","level":"info","event":"Filling up the DagBag from /home/airflow/.local/lib/python3.12/site-packages/airflow/example_dags/example_inlet_event_extra.py","logger":"airflow.models.dagbag.DagBag"}
{"timestamp":"2026-01-18T18:42:37.374980","level":"info","event":"Filling up the DagBag from /home/airflow/.local/lib/python3.12/site-packages/airflow/example_dags/example_inlet_event_extra.py","logger":"airflow.models.dagbag.DagBag"}
{"timestamp":"2026-01-18T18:43:54.010312","level":"info","event":"Filling up the DagBag from /home/airflow/.local/lib/python3.12/site-packages/airflow/example_dags/example_inlet_event_extra.py","logger":"airflow.models.dagbag.DagBag"}
{"timestamp":"2026-01-18T18:44:48.575739","level":"info","event":"Filling up the DagBag from /home/airflow/.local/lib/python3.12/site-packages/airflow/example_dags/example_inlet_event_extra.py","logger":"airflow.models.dagbag.DagBag"}
{"timestamp":"2026-01-18T18:45:19.107338","level":"info","event":"Filling up the DagBag from /home/airflow/.local/lib/python3.12/site-packages/airflow/example_dags/example_inlet_event_extra.py","logger":"airflow.models.dagbag.DagBag"}
{"timestamp":"2026-01-18T18:47:00.999665","level":"info","event":"Filling up the DagBag from /home/airflow/.local/lib/python3.12/site-packages/airflow/example_dags/example_inlet_event_extra.py","logger":"airflow.models.dagbag.DagBag"}
{"timestamp":"2026-01-18T18:47:31.477766","level":"info","event":"Filling up the DagBag from /home/airflow/.local/lib/python3.12/site-packages/airflow/example_dags/example_inlet_event_extra.py","logger":"airflow.models.dagbag.DagBag"}
{"timestamp":"2026-01-18T18:48:01.836862","level":"info","event":"Filling up the DagBag from /home/airflow/.local/lib/python3.12/site-packages/airflow/example_dags/example_inlet_event_extra.py","logger":"airflow.models.dagbag.DagBag"}
{"timestamp":"2026-01-18T18:48:32.643655","level":"info","event":"Filling up the DagBag from /home/airflow/.local/lib/python3.12/site-packages/airflow/example_dags/example_inlet_event_extra.py","logger":"airflow.models.dagbag.DagBag"}
{"timestamp":"2026-01-18T18:49:03.315062","level":"info","event":"Filling up the DagBag from /home/airflow/.local/lib/python3.12/site-packages/airflow/example_dags/example_inlet_event_extra.py","logger":"airflow.models.dagbag.DagBag"}
{"timestamp":"2026-01-18T18:49:33.669446","level":"info","event":"Filling up the DagBag from /home/airflow/.local/lib/python3.12/site-packages/airflow/example_dags/example_inlet_event_extra.py","logger":"airflow.models.dagbag.DagBag"}
{"timestamp":"2026-01-18T18:50:03.847862","level":"info","event":"Filling up the DagBag from /home/airflow/.local/lib/python3.12/site-packages/airflow/example_dags/example_inlet_event_extra.py","logger":"airflow.models.dagbag.DagBag"}
{"timestamp":"2026-01-18T18:50:34.223461","level":"info","event":"Filling up the DagBag from /home/airflow/.local/lib/python3.12/site-packages/airflow/example_dags/example_inlet_event_extra.py","logger":"airflow.models.dagbag.DagBag"}
{"timestamp":"2026-01-18T18:51:05.091417","level":"info","event":"Filling up the DagBag from /home/airflow/.local/lib/python3.12/site-packages/airflow/example_dags/example_inlet_event_extra.py","logger":"airflow.models.dagbag.DagBag"}
{"timestamp":"2026-01-18T18:51:35.269397","level":"info","event":"Filling up the DagBag from /home/airflow/.local/lib/python3.12/site-packages/airflow/example_dags/example_inlet_event_extra.py","logger":"airflow.models.dagbag.DagBag"}
{"timestamp":"2026-01-18T18:52:05.471339","level":"info","event":"Filling up the DagBag from /home/airflow/.local/lib/python3.12/site-packages/airflow/example_dags/example_inlet_event_extra.py","logger":"airflow.models.dagbag.DagBag"}
{"timestamp":"2026-01-18T18:52:36.175803","level":"info","event":"Filling up the DagBag from /home/airflow/.local/lib/python3.12/site-packages/airflow/example_dags/example_inlet_event_extra.py","logger":"airflow.models.dagbag.DagBag"}
{"timestamp":"2026-01-18T18:53:09.723040","level":"info","event":"Filling up the DagBag from /home/airflow/.local/lib/python3.12/site-packages/airflow/example_dags/example_inlet_event_extra.py","logger":"airflow.models.dagbag.DagBag"}
{"timestamp":"2026-01-18T18:53:10.624464Z","level":"critical","event":"Process terminated by signal. For more information, see https://airflow.apache.org/docs/apache-airflow/stable/troubleshooting.html#TaskRunner-killed","signal":-9,"signal_name":"SIGKILL","logger":"processor"}
{"timestamp":"2026-01-18T18:53:41.165330","level":"info","event":"Filling up the DagBag from /home/airflow/.local/lib/python3.12/site-packages/airflow/example_dags/example_inlet_event_extra.py","logger":"airflow.models.dagbag.DagBag"}
{"timestamp":"2026-01-18T18:54:11.400833","level":"info","event":"Filling up the DagBag from /home/airflow/.local/lib/python3.12/site-packages/airflow/example_dags/example_inlet_event_extra.py","logger":"airflow.models.dagbag.DagBag"}
{"timestamp":"2026-01-18T18:54:41.771148","level":"info","event":"Filling up the DagBag from /home/airflow/.local/lib/python3.12/site-packages/airflow/example_dags/example_inlet_event_extra.py","logger":"airflow.models.dagbag.DagBag"}
{"timestamp":"2026-01-18T18:55:12.051647","level":"info","event":"Filling up the DagBag from /home/airflow/.local/lib/python3.12/site-packages/airflow/example_dags/example_inlet_event_extra.py","logger":"airflow.models.dagbag.DagBag"}
{"timestamp":"2026-01-18T18:55:45.588308","level":"info","event":"Filling up the DagBag from /home/airflow/.local/lib/python3.12/site-packages/airflow/example_dags/example_inlet_event_extra.py","logger":"airflow.models.dagbag.DagBag"}
{"timestamp":"2026-01-18T18:56:43.799036","level":"info","event":"Filling up the DagBag from /home/airflow/.local/lib/python3.12/site-packages/airflow/example_dags/example_inlet_event_extra.py","logger":"airflow.models.dagbag.DagBag"}
{"timestamp":"2026-01-18T18:57:14.360588","level":"info","event":"Filling up the DagBag from /home/airflow/.local/lib/python3.12/site-packages/airflow/example_dags/example_inlet_event_extra.py","logger":"airflow.models.dagbag.DagBag"}
{"timestamp":"2026-01-18T18:57:45.122308","level":"info","event":"Filling up the DagBag from /home/airflow/.local/lib/python3.12/site-packages/airflow/example_dags/example_inlet_event_extra.py","logger":"airflow.models.dagbag.DagBag"}
{"timestamp":"2026-01-18T18:58:16.377274","level":"info","event":"Filling up the DagBag from /home/airflow/.local/lib/python3.12/site-packages/airflow/example_dags/example_inlet_event_extra.py","logger":"airflow.models.dagbag.DagBag"}
{"timestamp":"2026-01-18T18:59:12.728358","level":"info","event":"Filling up the DagBag from /home/airflow/.local/lib/python3.12/site-packages/airflow/example_dags/example_inlet_event_extra.py","logger":"airflow.models.dagbag.DagBag"}
{"timestamp":"2026-01-18T18:59:43.231169","level":"info","event":"Filling up the DagBag from /home/airflow/.local/lib/python3.12/site-packages/airflow/example_dags/example_inlet_event_extra.py","logger":"airflow.models.dagbag.DagBag"}
{"timestamp":"2026-01-18T19:00:13.442517","level":"info","event":"Filling up the DagBag from /home/airflow/.local/lib/python3.12/site-packages/airflow/example_dags/example_inlet_event_extra.py","logger":"airflow.models.dagbag.DagBag"}
{"timestamp":"2026-01-18T19:00:44.575939","level":"info","event":"Filling up the DagBag from /home/airflow/.local/lib/python3.12/site-packages/airflow/example_dags/example_inlet_event_extra.py","logger":"airflow.models.dagbag.DagBag"}
{"timestamp":"2026-01-18T19:01:15.547067","level":"info","event":"Filling up the DagBag from /home/airflow/.local/lib/python3.12/site-packages/airflow/example_dags/example_inlet_event_extra.py","logger":"airflow.models.dagbag.DagBag"}
{"timestamp":"2026-01-18T19:01:46.757682","level":"info","event":"Filling up the DagBag from /home/airflow/.local/lib/python3.12/site-packages/airflow/example_dags/example_inlet_event_extra.py","logger":"airflow.models.dagbag.DagBag"}
{"timestamp":"2026-01-18T19:02:16.986126","level":"info","event":"Filling up the DagBag from /home/airflow/.local/lib/python3.12/site-packages/airflow/example_dags/example_inlet_event_extra.py","logger":"airflow.models.dagbag.DagBag"}
{"timestamp":"2026-01-18T19:02:47.514063","level":"info","event":"Filling up the DagBag from /home/airflow/.local/lib/python3.12/site-packages/airflow/example_dags/example_inlet_event_extra.py","logger":"airflow.models.dagbag.DagBag"}
{"timestamp":"2026-01-18T19:03:18.270770","level":"info","event":"Filling up the DagBag from /home/airflow/.local/lib/python3.12/site-packages/airflow/example_dags/example_inlet_event_extra.py","logger":"airflow.models.dagbag.DagBag"}
{"timestamp":"2026-01-18T19:03:49.081620","level":"info","event":"Filling up the DagBag from /home/airflow/.local/lib/python3.12/site-packages/airflow/example_dags/example_inlet_event_extra.py","logger":"airflow.models.dagbag.DagBag"}
{"timestamp":"2026-01-18T19:04:19.570819","level":"info","event":"Filling up the DagBag from /home/airflow/.local/lib/python3.12/site-packages/airflow/example_dags/example_inlet_event_extra.py","logger":"airflow.models.dagbag.DagBag"}
{"timestamp":"2026-01-18T19:04:49.893858","level":"info","event":"Filling up the DagBag from /home/airflow/.local/lib/python3.12/site-packages/airflow/example_dags/example_inlet_event_extra.py","logger":"airflow.models.dagbag.DagBag"}
{"timestamp":"2026-01-18T19:05:20.506036","level":"info","event":"Filling up the DagBag from /home/airflow/.local/lib/python3.12/site-packages/airflow/example_dags/example_inlet_event_extra.py","logger":"airflow.models.dagbag.DagBag"}
{"timestamp":"2026-01-18T19:05:51.425556","level":"info","event":"Filling up the DagBag from /home/airflow/.local/lib/python3.12/site-packages/airflow/example_dags/example_inlet_event_extra.py","logger":"airflow.models.dagbag.DagBag"}
{"timestamp":"2026-01-18T19:06:22.914793","level":"info","event":"Filling up the DagBag from /home/airflow/.local/lib/python3.12/site-packages/airflow/example_dags/example_inlet_event_extra.py","logger":"airflow.models.dagbag.DagBag"}
{"timestamp":"2026-01-18T19:06:53.125531","level":"info","event":"Filling up the DagBag from /home/airflow/.local/lib/python3.12/site-packages/airflow/example_dags/example_inlet_event_extra.py","logger":"airflow.models.dagbag.DagBag"}
{"timestamp":"2026-01-18T19:07:23.844424","level":"info","event":"Filling up the DagBag from /home/airflow/.local/lib/python3.12/site-packages/airflow/example_dags/example_inlet_event_extra.py","logger":"airflow.models.dagbag.DagBag"}
{"timestamp":"2026-01-18T19:09:03.736876","level":"info","event":"Filling up the DagBag from /home/airflow/.local/lib/python3.12/site-packages/airflow/example_dags/example_inlet_event_extra.py","logger":"airflow.models.dagbag.DagBag"}
{"timestamp":"2026-01-18T19:09:34.922155","level":"info","event":"Filling up the DagBag from /home/airflow/.local/lib/python3.12/site-packages/airflow/example_dags/example_inlet_event_extra.py","logger":"airflow.models.dagbag.DagBag"}
{"timestamp":"2026-01-18T19:10:05.527963","level":"info","event":"Filling up the DagBag from /home/airflow/.local/lib/python3.12/site-packages/airflow/example_dags/example_inlet_event_extra.py","logger":"airflow.models.dagbag.DagBag"}
{"timestamp":"2026-01-18T19:10:36.141521","level":"info","event":"Filling up the DagBag from /home/airflow/.local/lib/python3.12/site-packages/airflow/example_dags/example_inlet_event_extra.py","logger":"airflow.models.dagbag.DagBag"}
{"timestamp":"2026-01-18T19:11:06.643579","level":"info","event":"Filling up the DagBag from /home/airflow/.local/lib/python3.12/site-packages/airflow/example_dags/example_inlet_event_extra.py","logger":"airflow.models.dagbag.DagBag"}
{"timestamp":"2026-01-18T19:12:22.432645","level":"info","event":"Filling up the DagBag from /home/airflow/.local/lib/python3.12/site-packages/airflow/example_dags/example_inlet_event_extra.py","logger":"airflow.models.dagbag.DagBag"}
{"timestamp":"2026-01-18T19:13:17.709630","level":"info","event":"Filling up the DagBag from /home/airflow/.local/lib/python3.12/site-packages/airflow/example_dags/example_inlet_event_extra.py","logger":"airflow.models.dagbag.DagBag"}
{"timestamp":"2026-01-18T19:13:48.065293","level":"info","event":"Filling up the DagBag from /home/airflow/.local/lib/python3.12/site-packages/airflow/example_dags/example_inlet_event_extra.py","logger":"airflow.models.dagbag.DagBag"}
{"timestamp":"2026-01-18T19:19:34.627097","level":"info","event":"Filling up the DagBag from /home/airflow/.local/lib/python3.12/site-packages/airflow/example_dags/example_inlet_event_extra.py","logger":"airflow.models.dagbag.DagBag"}
{"timestamp":"2026-01-18T19:20:20.875755","level":"info","event":"Filling up the DagBag from /home/airflow/.local/lib/python3.12/site-packages/airflow/example_dags/example_inlet_event_extra.py","logger":"airflow.models.dagbag.DagBag"}
{"timestamp":"2026-01-18T19:21:29.838804","level":"info","event":"Filling up the DagBag from /home/airflow/.local/lib/python3.12/site-packages/airflow/example_dags/example_inlet_event_extra.py","logger":"airflow.models.dagbag.DagBag"}
{"timestamp":"2026-01-18T19:22:50.219459","level":"info","event":"Filling up the DagBag from /home/airflow/.local/lib/python3.12/site-packages/airflow/example_dags/example_inlet_event_extra.py","logger":"airflow.models.dagbag.DagBag"}
{"timestamp":"2026-01-18T19:24:12.832536","level":"info","event":"Filling up the DagBag from /home/airflow/.local/lib/python3.12/site-packages/airflow/example_dags/example_inlet_event_extra.py","logger":"airflow.models.dagbag.DagBag"}
{"timestamp":"2026-01-18T19:25:09.472457","level":"info","event":"Filling up the DagBag from /home/airflow/.local/lib/python3.12/site-packages/airflow/example_dags/example_inlet_event_extra.py","logger":"airflow.models.dagbag.DagBag"}
{"timestamp":"2026-01-18T22:29:58.490089","level":"info","event":"Filling up the DagBag from /home/airflow/.local/lib/python3.12/site-packages/airflow/example_dags/example_inlet_event_extra.py","logger":"airflow.models.dagbag.DagBag"}
