{"timestamp":"2026-01-18T16:09:50.936208","level":"info","event":"Filling up the DagBag from /home/airflow/.local/lib/python3.12/site-packages/airflow/example_dags/example_outlet_event_extra.py","logger":"airflow.models.dagbag.DagBag"}
{"timestamp":"2026-01-18T16:10:21.231155","level":"info","event":"Filling up the DagBag from /home/airflow/.local/lib/python3.12/site-packages/airflow/example_dags/example_outlet_event_extra.py","logger":"airflow.models.dagbag.DagBag"}
{"timestamp":"2026-01-18T16:12:24.078852","level":"info","event":"Filling up the DagBag from /home/airflow/.local/lib/python3.12/site-packages/airflow/example_dags/example_outlet_event_extra.py","logger":"airflow.models.dagbag.DagBag"}
{"timestamp":"2026-01-18T16:13:33.238335","level":"info","event":"Filling up the DagBag from /home/airflow/.local/lib/python3.12/site-packages/airflow/example_dags/example_outlet_event_extra.py","logger":"airflow.models.dagbag.DagBag"}
{"timestamp":"2026-01-18T16:14:05.346358","level":"info","event":"Filling up the DagBag from /home/airflow/.local/lib/python3.12/site-packages/airflow/example_dags/example_outlet_event_extra.py","logger":"airflow.models.dagbag.DagBag"}
{"timestamp":"2026-01-18T16:15:11.436928","level":"info","event":"Filling up the DagBag from /home/airflow/.local/lib/python3.12/site-packages/airflow/example_dags/example_outlet_event_extra.py","logger":"airflow.models.dagbag.DagBag"}
{"timestamp":"2026-01-18T16:15:42.420411","level":"info","event":"Filling up the DagBag from /home/airflow/.local/lib/python3.12/site-packages/airflow/example_dags/example_outlet_event_extra.py","logger":"airflow.models.dagbag.DagBag"}
{"timestamp":"2026-01-18T16:16:12.738687","level":"info","event":"Filling up the DagBag from /home/airflow/.local/lib/python3.12/site-packages/airflow/example_dags/example_outlet_event_extra.py","logger":"airflow.models.dagbag.DagBag"}
{"timestamp":"2026-01-18T16:16:43.025201","level":"info","event":"Filling up the DagBag from /home/airflow/.local/lib/python3.12/site-packages/airflow/example_dags/example_outlet_event_extra.py","logger":"airflow.models.dagbag.DagBag"}
{"timestamp":"2026-01-18T16:17:13.517950","level":"info","event":"Filling up the DagBag from /home/airflow/.local/lib/python3.12/site-packages/airflow/example_dags/example_outlet_event_extra.py","logger":"airflow.models.dagbag.DagBag"}
{"timestamp":"2026-01-18T16:17:44.065774","level":"info","event":"Filling up the DagBag from /home/airflow/.local/lib/python3.12/site-packages/airflow/example_dags/example_outlet_event_extra.py","logger":"airflow.models.dagbag.DagBag"}
{"timestamp":"2026-01-18T16:18:14.339435","level":"info","event":"Filling up the DagBag from /home/airflow/.local/lib/python3.12/site-packages/airflow/example_dags/example_outlet_event_extra.py","logger":"airflow.models.dagbag.DagBag"}
{"timestamp":"2026-01-18T16:18:45.393292","level":"info","event":"Filling up the DagBag from /home/airflow/.local/lib/python3.12/site-packages/airflow/example_dags/example_outlet_event_extra.py","logger":"airflow.models.dagbag.DagBag"}
{"timestamp":"2026-01-18T16:19:15.715989","level":"info","event":"Filling up the DagBag from /home/airflow/.local/lib/python3.12/site-packages/airflow/example_dags/example_outlet_event_extra.py","logger":"airflow.models.dagbag.DagBag"}
{"timestamp":"2026-01-18T16:19:46.142748","level":"info","event":"Filling up the DagBag from /home/airflow/.local/lib/python3.12/site-packages/airflow/example_dags/example_outlet_event_extra.py","logger":"airflow.models.dagbag.DagBag"}
{"timestamp":"2026-01-18T16:20:17.978805","level":"info","event":"Filling up the DagBag from /home/airflow/.local/lib/python3.12/site-packages/airflow/example_dags/example_outlet_event_extra.py","logger":"airflow.models.dagbag.DagBag"}
{"timestamp":"2026-01-18T16:20:48.383587","level":"info","event":"Filling up the DagBag from /home/airflow/.local/lib/python3.12/site-packages/airflow/example_dags/example_outlet_event_extra.py","logger":"airflow.models.dagbag.DagBag"}
{"timestamp":"2026-01-18T16:21:20.110319","level":"info","event":"Filling up the DagBag from /home/airflow/.local/lib/python3.12/site-packages/airflow/example_dags/example_outlet_event_extra.py","logger":"airflow.models.dagbag.DagBag"}
{"timestamp":"2026-01-18T16:21:50.367908","level":"info","event":"Filling up the DagBag from /home/airflow/.local/lib/python3.12/site-packages/airflow/example_dags/example_outlet_event_extra.py","logger":"airflow.models.dagbag.DagBag"}
{"timestamp":"2026-01-18T16:22:21.332858","level":"info","event":"Filling up the DagBag from /home/airflow/.local/lib/python3.12/site-packages/airflow/example_dags/example_outlet_event_extra.py","logger":"airflow.models.dagbag.DagBag"}
{"timestamp":"2026-01-18T16:33:49.675120","level":"info","event":"Filling up the DagBag from /home/airflow/.local/lib/python3.12/site-packages/airflow/example_dags/example_outlet_event_extra.py","logger":"airflow.models.dagbag.DagBag"}
{"timestamp":"2026-01-18T16:34:49.494419","level":"info","event":"Filling up the DagBag from /home/airflow/.local/lib/python3.12/site-packages/airflow/example_dags/example_outlet_event_extra.py","logger":"airflow.models.dagbag.DagBag"}
{"timestamp":"2026-01-18T16:35:21.616496","level":"error","event":"Process timed out, PID: 882","logger":"airflow.utils.timeout.TimeoutPosix"}
{"timestamp":"2026-01-18T16:35:24.823379","level":"error","event":"Failed to import: /home/airflow/.local/lib/python3.12/site-packages/airflow/example_dags/example_outlet_event_extra.py","logger":"airflow.models.dagbag.DagBag","error_detail":[{"exc_type":"AirflowTaskTimeout","exc_value":"DagBag import timeout for /home/airflow/.local/lib/python3.12/site-packages/airflow/example_dags/example_outlet_event_extra.py after 30.0s.\nPlease take a look at these docs to improve your DAG import time:\n* https://airflow.apache.org/docs/apache-airflow/3.0.1/best-practices.html#top-level-python-code\n* https://airflow.apache.org/docs/apache-airflow/3.0.1/best-practices.html#reducing-dag-complexity, PID: 882","exc_notes":[],"syntax_error":null,"is_cause":false,"frames":[{"filename":"/home/airflow/.local/lib/python3.12/site-packages/airflow/models/dagbag.py","lineno":382,"name":"parse"},{"filename":"<frozen importlib._bootstrap_external>","lineno":999,"name":"exec_module"},{"filename":"<frozen importlib._bootstrap>","lineno":488,"name":"_call_with_frames_removed"},{"filename":"/home/airflow/.local/lib/python3.12/site-packages/airflow/example_dags/example_outlet_event_extra.py","lineno":29,"name":"<module>"},{"filename":"<frozen importlib._bootstrap>","lineno":1412,"name":"_handle_fromlist"},{"filename":"/home/airflow/.local/lib/python3.12/site-packages/airflow/sdk/__init__.py","lineno":121,"name":"__getattr__"},{"filename":"/usr/local/lib/python3.12/importlib/__init__.py","lineno":90,"name":"import_module"},{"filename":"/home/airflow/.local/lib/python3.12/site-packages/airflow/sdk/definitions/decorators/__init__.py","lineno":22,"name":"<module>"},{"filename":"/home/airflow/.local/lib/python3.12/site-packages/airflow/sdk/bases/decorator.py","lineno":301,"name":"<module>"},{"filename":"/home/airflow/.local/lib/python3.12/site-packages/attr/_next_gen.py","lineno":400,"name":"wrap"},{"filename":"/home/airflow/.local/lib/python3.12/site-packages/attr/_next_gen.py","lineno":346,"name":"do_it"},{"filename":"/home/airflow/.local/lib/python3.12/site-packages/attr/_make.py","lineno":1528,"name":"attrs"},{"filename":"/home/airflow/.local/lib/python3.12/site-packages/attr/_make.py","lineno":1426,"name":"wrap"},{"filename":"/home/airflow/.local/lib/python3.12/site-packages/attr/_make.py","lineno":667,"name":"__init__"},{"filename":"/home/airflow/.local/lib/python3.12/site-packages/attr/_make.py","lineno":432,"name":"_transform_attrs"},{"filename":"/home/airflow/.local/lib/python3.12/site-packages/attr/_make.py","lineno":2496,"name":"from_counting_attr"},{"filename":"/home/airflow/.local/lib/python3.12/site-packages/attr/_make.py","lineno":2461,"name":"__init__"},{"filename":"/home/airflow/.local/lib/python3.12/site-packages/airflow/utils/timeout.py","lineno":69,"name":"handle_timeout"}]}]}
{"timestamp":"2026-01-18T16:36:41.732936","level":"info","event":"Filling up the DagBag from /home/airflow/.local/lib/python3.12/site-packages/airflow/example_dags/example_outlet_event_extra.py","logger":"airflow.models.dagbag.DagBag"}
{"timestamp":"2026-01-18T16:37:13.327115","level":"info","event":"Filling up the DagBag from /home/airflow/.local/lib/python3.12/site-packages/airflow/example_dags/example_outlet_event_extra.py","logger":"airflow.models.dagbag.DagBag"}
{"timestamp":"2026-01-18T16:37:43.580766","level":"info","event":"Filling up the DagBag from /home/airflow/.local/lib/python3.12/site-packages/airflow/example_dags/example_outlet_event_extra.py","logger":"airflow.models.dagbag.DagBag"}
{"timestamp":"2026-01-18T16:38:14.069241","level":"info","event":"Filling up the DagBag from /home/airflow/.local/lib/python3.12/site-packages/airflow/example_dags/example_outlet_event_extra.py","logger":"airflow.models.dagbag.DagBag"}
{"timestamp":"2026-01-18T16:40:14.554649","level":"info","event":"Filling up the DagBag from /home/airflow/.local/lib/python3.12/site-packages/airflow/example_dags/example_outlet_event_extra.py","logger":"airflow.models.dagbag.DagBag"}
{"timestamp":"2026-01-18T16:40:45.247909","level":"info","event":"Filling up the DagBag from /home/airflow/.local/lib/python3.12/site-packages/airflow/example_dags/example_outlet_event_extra.py","logger":"airflow.models.dagbag.DagBag"}
{"timestamp":"2026-01-18T16:41:16.041850","level":"info","event":"Filling up the DagBag from /home/airflow/.local/lib/python3.12/site-packages/airflow/example_dags/example_outlet_event_extra.py","logger":"airflow.models.dagbag.DagBag"}
{"timestamp":"2026-01-18T16:41:46.205029","level":"info","event":"Filling up the DagBag from /home/airflow/.local/lib/python3.12/site-packages/airflow/example_dags/example_outlet_event_extra.py","logger":"airflow.models.dagbag.DagBag"}
{"timestamp":"2026-01-18T16:42:16.777763","level":"info","event":"Filling up the DagBag from /home/airflow/.local/lib/python3.12/site-packages/airflow/example_dags/example_outlet_event_extra.py","logger":"airflow.models.dagbag.DagBag"}
{"timestamp":"2026-01-18T16:42:47.326151","level":"info","event":"Filling up the DagBag from /home/airflow/.local/lib/python3.12/site-packages/airflow/example_dags/example_outlet_event_extra.py","logger":"airflow.models.dagbag.DagBag"}
{"timestamp":"2026-01-18T16:43:18.452463","level":"info","event":"Filling up the DagBag from /home/airflow/.local/lib/python3.12/site-packages/airflow/example_dags/example_outlet_event_extra.py","logger":"airflow.models.dagbag.DagBag"}
{"timestamp":"2026-01-18T16:43:48.764497","level":"info","event":"Filling up the DagBag from /home/airflow/.local/lib/python3.12/site-packages/airflow/example_dags/example_outlet_event_extra.py","logger":"airflow.models.dagbag.DagBag"}
{"timestamp":"2026-01-18T16:44:19.877053","level":"info","event":"Filling up the DagBag from /home/airflow/.local/lib/python3.12/site-packages/airflow/example_dags/example_outlet_event_extra.py","logger":"airflow.models.dagbag.DagBag"}
{"timestamp":"2026-01-18T16:44:50.187270","level":"info","event":"Filling up the DagBag from /home/airflow/.local/lib/python3.12/site-packages/airflow/example_dags/example_outlet_event_extra.py","logger":"airflow.models.dagbag.DagBag"}
{"timestamp":"2026-01-18T16:45:21.135808","level":"info","event":"Filling up the DagBag from /home/airflow/.local/lib/python3.12/site-packages/airflow/example_dags/example_outlet_event_extra.py","logger":"airflow.models.dagbag.DagBag"}
{"timestamp":"2026-01-18T16:45:51.457066","level":"info","event":"Filling up the DagBag from /home/airflow/.local/lib/python3.12/site-packages/airflow/example_dags/example_outlet_event_extra.py","logger":"airflow.models.dagbag.DagBag"}
{"timestamp":"2026-01-18T16:47:07.645952","level":"info","event":"Filling up the DagBag from /home/airflow/.local/lib/python3.12/site-packages/airflow/example_dags/example_outlet_event_extra.py","logger":"airflow.models.dagbag.DagBag"}
{"timestamp":"2026-01-18T16:47:39.658916","level":"info","event":"Filling up the DagBag from /home/airflow/.local/lib/python3.12/site-packages/airflow/example_dags/example_outlet_event_extra.py","logger":"airflow.models.dagbag.DagBag"}
{"timestamp":"2026-01-18T16:47:40.905395Z","level":"critical","event":"Process terminated by signal. For more information, see https://airflow.apache.org/docs/apache-airflow/stable/troubleshooting.html#TaskRunner-killed","signal":-9,"signal_name":"SIGKILL","logger":"processor"}
{"timestamp":"2026-01-18T16:49:58.560191","level":"info","event":"Filling up the DagBag from /home/airflow/.local/lib/python3.12/site-packages/airflow/example_dags/example_outlet_event_extra.py","logger":"airflow.models.dagbag.DagBag"}
{"timestamp":"2026-01-18T16:51:03.847535","level":"info","event":"Filling up the DagBag from /home/airflow/.local/lib/python3.12/site-packages/airflow/example_dags/example_outlet_event_extra.py","logger":"airflow.models.dagbag.DagBag"}
{"timestamp":"2026-01-18T16:52:02.309720","level":"info","event":"Filling up the DagBag from /home/airflow/.local/lib/python3.12/site-packages/airflow/example_dags/example_outlet_event_extra.py","logger":"airflow.models.dagbag.DagBag"}
{"timestamp":"2026-01-18T16:52:33.029796","level":"info","event":"Filling up the DagBag from /home/airflow/.local/lib/python3.12/site-packages/airflow/example_dags/example_outlet_event_extra.py","logger":"airflow.models.dagbag.DagBag"}
{"timestamp":"2026-01-18T16:53:37.596377","level":"info","event":"Filling up the DagBag from /home/airflow/.local/lib/python3.12/site-packages/airflow/example_dags/example_outlet_event_extra.py","logger":"airflow.models.dagbag.DagBag"}
{"timestamp":"2026-01-18T16:54:23.388493","level":"info","event":"Filling up the DagBag from /home/airflow/.local/lib/python3.12/site-packages/airflow/example_dags/example_outlet_event_extra.py","logger":"airflow.models.dagbag.DagBag"}
{"timestamp":"2026-01-18T16:54:54.139261","level":"info","event":"Filling up the DagBag from /home/airflow/.local/lib/python3.12/site-packages/airflow/example_dags/example_outlet_event_extra.py","logger":"airflow.models.dagbag.DagBag"}
{"timestamp":"2026-01-18T16:56:10.602695","level":"info","event":"Filling up the DagBag from /home/airflow/.local/lib/python3.12/site-packages/airflow/example_dags/example_outlet_event_extra.py","logger":"airflow.models.dagbag.DagBag"}
{"timestamp":"2026-01-18T17:49:46.273468","level":"info","event":"Filling up the DagBag from /home/airflow/.local/lib/python3.12/site-packages/airflow/example_dags/example_outlet_event_extra.py","logger":"airflow.models.dagbag.DagBag"}
{"timestamp":"2026-01-18T17:50:16.460904","level":"info","event":"Filling up the DagBag from /home/airflow/.local/lib/python3.12/site-packages/airflow/example_dags/example_outlet_event_extra.py","logger":"airflow.models.dagbag.DagBag"}
{"timestamp":"2026-01-18T17:50:47.231434","level":"info","event":"Filling up the DagBag from /home/airflow/.local/lib/python3.12/site-packages/airflow/example_dags/example_outlet_event_extra.py","logger":"airflow.models.dagbag.DagBag"}
{"timestamp":"2026-01-18T17:51:17.760035","level":"info","event":"Filling up the DagBag from /home/airflow/.local/lib/python3.12/site-packages/airflow/example_dags/example_outlet_event_extra.py","logger":"airflow.models.dagbag.DagBag"}
{"timestamp":"2026-01-18T17:51:48.131915","level":"info","event":"Filling up the DagBag from /home/airflow/.local/lib/python3.12/site-packages/airflow/example_dags/example_outlet_event_extra.py","logger":"airflow.models.dagbag.DagBag"}
{"timestamp":"2026-01-18T17:52:18.925992","level":"info","event":"Filling up the DagBag from /home/airflow/.local/lib/python3.12/site-packages/airflow/example_dags/example_outlet_event_extra.py","logger":"airflow.models.dagbag.DagBag"}
{"timestamp":"2026-01-18T17:52:49.145353","level":"info","event":"Filling up the DagBag from /home/airflow/.local/lib/python3.12/site-packages/airflow/example_dags/example_outlet_event_extra.py","logger":"airflow.models.dagbag.DagBag"}
{"timestamp":"2026-01-18T17:53:19.419439","level":"info","event":"Filling up the DagBag from /home/airflow/.local/lib/python3.12/site-packages/airflow/example_dags/example_outlet_event_extra.py","logger":"airflow.models.dagbag.DagBag"}
{"timestamp":"2026-01-18T17:53:49.899716","level":"info","event":"Filling up the DagBag from /home/airflow/.local/lib/python3.12/site-packages/airflow/example_dags/example_outlet_event_extra.py","logger":"airflow.models.dagbag.DagBag"}
{"timestamp":"2026-01-18T17:54:20.073563","level":"info","event":"Filling up the DagBag from /home/airflow/.local/lib/python3.12/site-packages/airflow/example_dags/example_outlet_event_extra.py","logger":"airflow.models.dagbag.DagBag"}
{"timestamp":"2026-01-18T17:54:50.845683","level":"info","event":"Filling up the DagBag from /home/airflow/.local/lib/python3.12/site-packages/airflow/example_dags/example_outlet_event_extra.py","logger":"airflow.models.dagbag.DagBag"}
{"timestamp":"2026-01-18T17:55:21.132120","level":"info","event":"Filling up the DagBag from /home/airflow/.local/lib/python3.12/site-packages/airflow/example_dags/example_outlet_event_extra.py","logger":"airflow.models.dagbag.DagBag"}
{"timestamp":"2026-01-18T17:55:51.603760","level":"info","event":"Filling up the DagBag from /home/airflow/.local/lib/python3.12/site-packages/airflow/example_dags/example_outlet_event_extra.py","logger":"airflow.models.dagbag.DagBag"}
{"timestamp":"2026-01-18T17:56:23.113917","level":"info","event":"Filling up the DagBag from /home/airflow/.local/lib/python3.12/site-packages/airflow/example_dags/example_outlet_event_extra.py","logger":"airflow.models.dagbag.DagBag"}
{"timestamp":"2026-01-18T17:56:53.744465","level":"info","event":"Filling up the DagBag from /home/airflow/.local/lib/python3.12/site-packages/airflow/example_dags/example_outlet_event_extra.py","logger":"airflow.models.dagbag.DagBag"}
{"timestamp":"2026-01-18T17:57:27.060283","level":"info","event":"Filling up the DagBag from /home/airflow/.local/lib/python3.12/site-packages/airflow/example_dags/example_outlet_event_extra.py","logger":"airflow.models.dagbag.DagBag"}
{"timestamp":"2026-01-18T17:57:57.937953","level":"info","event":"Filling up the DagBag from /home/airflow/.local/lib/python3.12/site-packages/airflow/example_dags/example_outlet_event_extra.py","logger":"airflow.models.dagbag.DagBag"}
{"timestamp":"2026-01-18T17:58:51.358265","level":"info","event":"Filling up the DagBag from /home/airflow/.local/lib/python3.12/site-packages/airflow/example_dags/example_outlet_event_extra.py","logger":"airflow.models.dagbag.DagBag"}
{"timestamp":"2026-01-18T17:59:22.258633","level":"info","event":"Filling up the DagBag from /home/airflow/.local/lib/python3.12/site-packages/airflow/example_dags/example_outlet_event_extra.py","logger":"airflow.models.dagbag.DagBag"}
{"timestamp":"2026-01-18T17:59:53.234110","level":"info","event":"Filling up the DagBag from /home/airflow/.local/lib/python3.12/site-packages/airflow/example_dags/example_outlet_event_extra.py","logger":"airflow.models.dagbag.DagBag"}
{"timestamp":"2026-01-18T18:00:24.152751","level":"info","event":"Filling up the DagBag from /home/airflow/.local/lib/python3.12/site-packages/airflow/example_dags/example_outlet_event_extra.py","logger":"airflow.models.dagbag.DagBag"}
{"timestamp":"2026-01-18T18:00:54.804163","level":"info","event":"Filling up the DagBag from /home/airflow/.local/lib/python3.12/site-packages/airflow/example_dags/example_outlet_event_extra.py","logger":"airflow.models.dagbag.DagBag"}
{"timestamp":"2026-01-18T18:01:25.284031","level":"info","event":"Filling up the DagBag from /home/airflow/.local/lib/python3.12/site-packages/airflow/example_dags/example_outlet_event_extra.py","logger":"airflow.models.dagbag.DagBag"}
{"timestamp":"2026-01-18T18:01:56.572317","level":"info","event":"Filling up the DagBag from /home/airflow/.local/lib/python3.12/site-packages/airflow/example_dags/example_outlet_event_extra.py","logger":"airflow.models.dagbag.DagBag"}
{"timestamp":"2026-01-18T18:02:27.327836","level":"info","event":"Filling up the DagBag from /home/airflow/.local/lib/python3.12/site-packages/airflow/example_dags/example_outlet_event_extra.py","logger":"airflow.models.dagbag.DagBag"}
{"timestamp":"2026-01-18T18:02:58.531255","level":"info","event":"Filling up the DagBag from /home/airflow/.local/lib/python3.12/site-packages/airflow/example_dags/example_outlet_event_extra.py","logger":"airflow.models.dagbag.DagBag"}
{"timestamp":"2026-01-18T18:03:34.710553","level":"info","event":"Filling up the DagBag from /home/airflow/.local/lib/python3.12/site-packages/airflow/example_dags/example_outlet_event_extra.py","logger":"airflow.models.dagbag.DagBag"}
{"timestamp":"2026-01-18T18:04:05.689195","level":"info","event":"Filling up the DagBag from /home/airflow/.local/lib/python3.12/site-packages/airflow/example_dags/example_outlet_event_extra.py","logger":"airflow.models.dagbag.DagBag"}
{"timestamp":"2026-01-18T18:04:53.830877","level":"info","event":"Filling up the DagBag from /home/airflow/.local/lib/python3.12/site-packages/airflow/example_dags/example_outlet_event_extra.py","logger":"airflow.models.dagbag.DagBag"}
{"timestamp":"2026-01-18T18:05:36.478180","level":"info","event":"Filling up the DagBag from /home/airflow/.local/lib/python3.12/site-packages/airflow/example_dags/example_outlet_event_extra.py","logger":"airflow.models.dagbag.DagBag"}
{"timestamp":"2026-01-18T18:06:46.803917","level":"info","event":"Filling up the DagBag from /home/airflow/.local/lib/python3.12/site-packages/airflow/example_dags/example_outlet_event_extra.py","logger":"airflow.models.dagbag.DagBag"}
{"timestamp":"2026-01-18T18:07:44.198382","level":"info","event":"Filling up the DagBag from /home/airflow/.local/lib/python3.12/site-packages/airflow/example_dags/example_outlet_event_extra.py","logger":"airflow.models.dagbag.DagBag"}
{"timestamp":"2026-01-18T18:08:14.897340","level":"info","event":"Filling up the DagBag from /home/airflow/.local/lib/python3.12/site-packages/airflow/example_dags/example_outlet_event_extra.py","logger":"airflow.models.dagbag.DagBag"}
{"timestamp":"2026-01-18T18:08:46.292468","level":"info","event":"Filling up the DagBag from /home/airflow/.local/lib/python3.12/site-packages/airflow/example_dags/example_outlet_event_extra.py","logger":"airflow.models.dagbag.DagBag"}
{"timestamp":"2026-01-18T18:09:17.572015","level":"info","event":"Filling up the DagBag from /home/airflow/.local/lib/python3.12/site-packages/airflow/example_dags/example_outlet_event_extra.py","logger":"airflow.models.dagbag.DagBag"}
{"timestamp":"2026-01-18T18:09:48.659200","level":"info","event":"Filling up the DagBag from /home/airflow/.local/lib/python3.12/site-packages/airflow/example_dags/example_outlet_event_extra.py","logger":"airflow.models.dagbag.DagBag"}
{"timestamp":"2026-01-18T18:12:04.788708","level":"info","event":"Filling up the DagBag from /home/airflow/.local/lib/python3.12/site-packages/airflow/example_dags/example_outlet_event_extra.py","logger":"airflow.models.dagbag.DagBag"}
{"timestamp":"2026-01-18T18:12:35.334469","level":"info","event":"Filling up the DagBag from /home/airflow/.local/lib/python3.12/site-packages/airflow/example_dags/example_outlet_event_extra.py","logger":"airflow.models.dagbag.DagBag"}
{"timestamp":"2026-01-18T18:13:05.934604","level":"info","event":"Filling up the DagBag from /home/airflow/.local/lib/python3.12/site-packages/airflow/example_dags/example_outlet_event_extra.py","logger":"airflow.models.dagbag.DagBag"}
{"timestamp":"2026-01-18T18:14:37.002935","level":"info","event":"Filling up the DagBag from /home/airflow/.local/lib/python3.12/site-packages/airflow/example_dags/example_outlet_event_extra.py","logger":"airflow.models.dagbag.DagBag"}
{"timestamp":"2026-01-18T18:15:07.588695","level":"info","event":"Filling up the DagBag from /home/airflow/.local/lib/python3.12/site-packages/airflow/example_dags/example_outlet_event_extra.py","logger":"airflow.models.dagbag.DagBag"}
{"timestamp":"2026-01-18T18:15:44.817689","level":"info","event":"Filling up the DagBag from /home/airflow/.local/lib/python3.12/site-packages/airflow/example_dags/example_outlet_event_extra.py","logger":"airflow.models.dagbag.DagBag"}
{"timestamp":"2026-01-18T18:16:15.090072","level":"info","event":"Filling up the DagBag from /home/airflow/.local/lib/python3.12/site-packages/airflow/example_dags/example_outlet_event_extra.py","logger":"airflow.models.dagbag.DagBag"}
{"timestamp":"2026-01-18T18:17:04.930725","level":"info","event":"Filling up the DagBag from /home/airflow/.local/lib/python3.12/site-packages/airflow/example_dags/example_outlet_event_extra.py","logger":"airflow.models.dagbag.DagBag"}
{"timestamp":"2026-01-18T18:17:35.149899","level":"info","event":"Filling up the DagBag from /home/airflow/.local/lib/python3.12/site-packages/airflow/example_dags/example_outlet_event_extra.py","logger":"airflow.models.dagbag.DagBag"}
{"timestamp":"2026-01-18T18:18:35.255399","level":"info","event":"Filling up the DagBag from /home/airflow/.local/lib/python3.12/site-packages/airflow/example_dags/example_outlet_event_extra.py","logger":"airflow.models.dagbag.DagBag"}
{"timestamp":"2026-01-18T18:19:06.129476","level":"info","event":"Filling up the DagBag from /home/airflow/.local/lib/python3.12/site-packages/airflow/example_dags/example_outlet_event_extra.py","logger":"airflow.models.dagbag.DagBag"}
{"timestamp":"2026-01-18T18:20:07.160066","level":"info","event":"Filling up the DagBag from /home/airflow/.local/lib/python3.12/site-packages/airflow/example_dags/example_outlet_event_extra.py","logger":"airflow.models.dagbag.DagBag"}
{"timestamp":"2026-01-18T18:20:38.286660","level":"info","event":"Filling up the DagBag from /home/airflow/.local/lib/python3.12/site-packages/airflow/example_dags/example_outlet_event_extra.py","logger":"airflow.models.dagbag.DagBag"}
{"timestamp":"2026-01-18T18:21:10.886008","level":"info","event":"Filling up the DagBag from /home/airflow/.local/lib/python3.12/site-packages/airflow/example_dags/example_outlet_event_extra.py","logger":"airflow.models.dagbag.DagBag"}
{"timestamp":"2026-01-18T18:22:06.218847","level":"info","event":"Filling up the DagBag from /home/airflow/.local/lib/python3.12/site-packages/airflow/example_dags/example_outlet_event_extra.py","logger":"airflow.models.dagbag.DagBag"}
{"timestamp":"2026-01-18T18:22:36.658875","level":"info","event":"Filling up the DagBag from /home/airflow/.local/lib/python3.12/site-packages/airflow/example_dags/example_outlet_event_extra.py","logger":"airflow.models.dagbag.DagBag"}
{"timestamp":"2026-01-18T18:23:55.157496","level":"info","event":"Filling up the DagBag from /home/airflow/.local/lib/python3.12/site-packages/airflow/example_dags/example_outlet_event_extra.py","logger":"airflow.models.dagbag.DagBag"}
{"timestamp":"2026-01-18T18:24:26.986989","level":"info","event":"Filling up the DagBag from /home/airflow/.local/lib/python3.12/site-packages/airflow/example_dags/example_outlet_event_extra.py","logger":"airflow.models.dagbag.DagBag"}
{"timestamp":"2026-01-18T18:24:57.679423","level":"info","event":"Filling up the DagBag from /home/airflow/.local/lib/python3.12/site-packages/airflow/example_dags/example_outlet_event_extra.py","logger":"airflow.models.dagbag.DagBag"}
{"timestamp":"2026-01-18T18:25:28.572334","level":"info","event":"Filling up the DagBag from /home/airflow/.local/lib/python3.12/site-packages/airflow/example_dags/example_outlet_event_extra.py","logger":"airflow.models.dagbag.DagBag"}
{"timestamp":"2026-01-18T18:25:58.850903","level":"info","event":"Filling up the DagBag from /home/airflow/.local/lib/python3.12/site-packages/airflow/example_dags/example_outlet_event_extra.py","logger":"airflow.models.dagbag.DagBag"}
{"timestamp":"2026-01-18T18:26:29.149892","level":"info","event":"Filling up the DagBag from /home/airflow/.local/lib/python3.12/site-packages/airflow/example_dags/example_outlet_event_extra.py","logger":"airflow.models.dagbag.DagBag"}
{"timestamp":"2026-01-18T18:27:00.329410","level":"info","event":"Filling up the DagBag from /home/airflow/.local/lib/python3.12/site-packages/airflow/example_dags/example_outlet_event_extra.py","logger":"airflow.models.dagbag.DagBag"}
{"timestamp":"2026-01-18T18:27:32.330039","level":"info","event":"Filling up the DagBag from /home/airflow/.local/lib/python3.12/site-packages/airflow/example_dags/example_outlet_event_extra.py","logger":"airflow.models.dagbag.DagBag"}
{"timestamp":"2026-01-18T18:28:03.235784","level":"info","event":"Filling up the DagBag from /home/airflow/.local/lib/python3.12/site-packages/airflow/example_dags/example_outlet_event_extra.py","logger":"airflow.models.dagbag.DagBag"}
{"timestamp":"2026-01-18T18:28:33.446169","level":"info","event":"Filling up the DagBag from /home/airflow/.local/lib/python3.12/site-packages/airflow/example_dags/example_outlet_event_extra.py","logger":"airflow.models.dagbag.DagBag"}
{"timestamp":"2026-01-18T18:29:03.743967","level":"info","event":"Filling up the DagBag from /home/airflow/.local/lib/python3.12/site-packages/airflow/example_dags/example_outlet_event_extra.py","logger":"airflow.models.dagbag.DagBag"}
{"timestamp":"2026-01-18T18:29:33.943059","level":"info","event":"Filling up the DagBag from /home/airflow/.local/lib/python3.12/site-packages/airflow/example_dags/example_outlet_event_extra.py","logger":"airflow.models.dagbag.DagBag"}
{"timestamp":"2026-01-18T18:30:04.230937","level":"info","event":"Filling up the DagBag from /home/airflow/.local/lib/python3.12/site-packages/airflow/example_dags/example_outlet_event_extra.py","logger":"airflow.models.dagbag.DagBag"}
{"timestamp":"2026-01-18T18:31:17.489871","level":"info","event":"Filling up the DagBag from /home/airflow/.local/lib/python3.12/site-packages/airflow/example_dags/example_outlet_event_extra.py","logger":"airflow.models.dagbag.DagBag"}
{"timestamp":"2026-01-18T18:31:47.881053","level":"info","event":"Filling up the DagBag from /home/airflow/.local/lib/python3.12/site-packages/airflow/example_dags/example_outlet_event_extra.py","logger":"airflow.models.dagbag.DagBag"}
{"timestamp":"2026-01-18T18:32:18.227249","level":"info","event":"Filling up the DagBag from /home/airflow/.local/lib/python3.12/site-packages/airflow/example_dags/example_outlet_event_extra.py","logger":"airflow.models.dagbag.DagBag"}
{"timestamp":"2026-01-18T18:32:48.651567","level":"info","event":"Filling up the DagBag from /home/airflow/.local/lib/python3.12/site-packages/airflow/example_dags/example_outlet_event_extra.py","logger":"airflow.models.dagbag.DagBag"}
{"timestamp":"2026-01-18T18:34:23.139412","level":"info","event":"Filling up the DagBag from /home/airflow/.local/lib/python3.12/site-packages/airflow/example_dags/example_outlet_event_extra.py","logger":"airflow.models.dagbag.DagBag"}
{"timestamp":"2026-01-18T18:34:53.388669","level":"info","event":"Filling up the DagBag from /home/airflow/.local/lib/python3.12/site-packages/airflow/example_dags/example_outlet_event_extra.py","logger":"airflow.models.dagbag.DagBag"}
{"timestamp":"2026-01-18T18:35:39.807685","level":"info","event":"Filling up the DagBag from /home/airflow/.local/lib/python3.12/site-packages/airflow/example_dags/example_outlet_event_extra.py","logger":"airflow.models.dagbag.DagBag"}
{"timestamp":"2026-01-18T18:36:10.368342","level":"info","event":"Filling up the DagBag from /home/airflow/.local/lib/python3.12/site-packages/airflow/example_dags/example_outlet_event_extra.py","logger":"airflow.models.dagbag.DagBag"}
{"timestamp":"2026-01-18T18:38:05.939786","level":"info","event":"Filling up the DagBag from /home/airflow/.local/lib/python3.12/site-packages/airflow/example_dags/example_outlet_event_extra.py","logger":"airflow.models.dagbag.DagBag"}
{"timestamp":"2026-01-18T18:38:38.928885","level":"info","event":"Filling up the DagBag from /home/airflow/.local/lib/python3.12/site-packages/airflow/example_dags/example_outlet_event_extra.py","logger":"airflow.models.dagbag.DagBag"}
{"timestamp":"2026-01-18T18:39:09.847606","level":"info","event":"Filling up the DagBag from /home/airflow/.local/lib/python3.12/site-packages/airflow/example_dags/example_outlet_event_extra.py","logger":"airflow.models.dagbag.DagBag"}
{"timestamp":"2026-01-18T18:40:46.079247","level":"info","event":"Filling up the DagBag from /home/airflow/.local/lib/python3.12/site-packages/airflow/example_dags/example_outlet_event_extra.py","logger":"airflow.models.dagbag.DagBag"}
{"timestamp":"2026-01-18T18:41:16.752798","level":"info","event":"Filling up the DagBag from /home/airflow/.local/lib/python3.12/site-packages/airflow/example_dags/example_outlet_event_extra.py","logger":"airflow.models.dagbag.DagBag"}
{"timestamp":"2026-01-18T18:42:09.237109","level":"info","event":"Filling up the DagBag from /home/airflow/.local/lib/python3.12/site-packages/airflow/example_dags/example_outlet_event_extra.py","logger":"airflow.models.dagbag.DagBag"}
{"timestamp":"2026-01-18T18:42:40.258614","level":"info","event":"Filling up the DagBag from /home/airflow/.local/lib/python3.12/site-packages/airflow/example_dags/example_outlet_event_extra.py","logger":"airflow.models.dagbag.DagBag"}
{"timestamp":"2026-01-18T18:43:52.233871","level":"info","event":"Filling up the DagBag from /home/airflow/.local/lib/python3.12/site-packages/airflow/example_dags/example_outlet_event_extra.py","logger":"airflow.models.dagbag.DagBag"}
{"timestamp":"2026-01-18T18:44:22.478866","level":"info","event":"Filling up the DagBag from /home/airflow/.local/lib/python3.12/site-packages/airflow/example_dags/example_outlet_event_extra.py","logger":"airflow.models.dagbag.DagBag"}
{"timestamp":"2026-01-18T18:44:53.322730","level":"info","event":"Filling up the DagBag from /home/airflow/.local/lib/python3.12/site-packages/airflow/example_dags/example_outlet_event_extra.py","logger":"airflow.models.dagbag.DagBag"}
{"timestamp":"2026-01-18T18:46:56.199904","level":"info","event":"Filling up the DagBag from /home/airflow/.local/lib/python3.12/site-packages/airflow/example_dags/example_outlet_event_extra.py","logger":"airflow.models.dagbag.DagBag"}
{"timestamp":"2026-01-18T18:47:28.231173","level":"info","event":"Filling up the DagBag from /home/airflow/.local/lib/python3.12/site-packages/airflow/example_dags/example_outlet_event_extra.py","logger":"airflow.models.dagbag.DagBag"}
{"timestamp":"2026-01-18T18:47:58.635791","level":"info","event":"Filling up the DagBag from /home/airflow/.local/lib/python3.12/site-packages/airflow/example_dags/example_outlet_event_extra.py","logger":"airflow.models.dagbag.DagBag"}
{"timestamp":"2026-01-18T18:48:29.185494","level":"info","event":"Filling up the DagBag from /home/airflow/.local/lib/python3.12/site-packages/airflow/example_dags/example_outlet_event_extra.py","logger":"airflow.models.dagbag.DagBag"}
{"timestamp":"2026-01-18T18:48:59.870944","level":"info","event":"Filling up the DagBag from /home/airflow/.local/lib/python3.12/site-packages/airflow/example_dags/example_outlet_event_extra.py","logger":"airflow.models.dagbag.DagBag"}
{"timestamp":"2026-01-18T18:49:30.386842","level":"info","event":"Filling up the DagBag from /home/airflow/.local/lib/python3.12/site-packages/airflow/example_dags/example_outlet_event_extra.py","logger":"airflow.models.dagbag.DagBag"}
{"timestamp":"2026-01-18T18:50:00.666675","level":"info","event":"Filling up the DagBag from /home/airflow/.local/lib/python3.12/site-packages/airflow/example_dags/example_outlet_event_extra.py","logger":"airflow.models.dagbag.DagBag"}
{"timestamp":"2026-01-18T18:50:31.023827","level":"info","event":"Filling up the DagBag from /home/airflow/.local/lib/python3.12/site-packages/airflow/example_dags/example_outlet_event_extra.py","logger":"airflow.models.dagbag.DagBag"}
{"timestamp":"2026-01-18T18:51:01.597214","level":"info","event":"Filling up the DagBag from /home/airflow/.local/lib/python3.12/site-packages/airflow/example_dags/example_outlet_event_extra.py","logger":"airflow.models.dagbag.DagBag"}
{"timestamp":"2026-01-18T18:51:31.799137","level":"info","event":"Filling up the DagBag from /home/airflow/.local/lib/python3.12/site-packages/airflow/example_dags/example_outlet_event_extra.py","logger":"airflow.models.dagbag.DagBag"}
{"timestamp":"2026-01-18T18:52:01.983013","level":"info","event":"Filling up the DagBag from /home/airflow/.local/lib/python3.12/site-packages/airflow/example_dags/example_outlet_event_extra.py","logger":"airflow.models.dagbag.DagBag"}
{"timestamp":"2026-01-18T18:52:32.809742","level":"info","event":"Filling up the DagBag from /home/airflow/.local/lib/python3.12/site-packages/airflow/example_dags/example_outlet_event_extra.py","logger":"airflow.models.dagbag.DagBag"}
{"timestamp":"2026-01-18T18:53:04.187213","level":"info","event":"Filling up the DagBag from /home/airflow/.local/lib/python3.12/site-packages/airflow/example_dags/example_outlet_event_extra.py","logger":"airflow.models.dagbag.DagBag"}
{"timestamp":"2026-01-18T18:53:35.367049","level":"info","event":"Filling up the DagBag from /home/airflow/.local/lib/python3.12/site-packages/airflow/example_dags/example_outlet_event_extra.py","logger":"airflow.models.dagbag.DagBag"}
{"timestamp":"2026-01-18T18:54:05.730536","level":"info","event":"Filling up the DagBag from /home/airflow/.local/lib/python3.12/site-packages/airflow/example_dags/example_outlet_event_extra.py","logger":"airflow.models.dagbag.DagBag"}
{"timestamp":"2026-01-18T18:54:35.963392","level":"info","event":"Filling up the DagBag from /home/airflow/.local/lib/python3.12/site-packages/airflow/example_dags/example_outlet_event_extra.py","logger":"airflow.models.dagbag.DagBag"}
{"timestamp":"2026-01-18T18:55:06.284015","level":"info","event":"Filling up the DagBag from /home/airflow/.local/lib/python3.12/site-packages/airflow/example_dags/example_outlet_event_extra.py","logger":"airflow.models.dagbag.DagBag"}
{"timestamp":"2026-01-18T18:55:43.109575","level":"info","event":"Filling up the DagBag from /home/airflow/.local/lib/python3.12/site-packages/airflow/example_dags/example_outlet_event_extra.py","logger":"airflow.models.dagbag.DagBag"}
{"timestamp":"2026-01-18T18:56:41.103962","level":"info","event":"Filling up the DagBag from /home/airflow/.local/lib/python3.12/site-packages/airflow/example_dags/example_outlet_event_extra.py","logger":"airflow.models.dagbag.DagBag"}
{"timestamp":"2026-01-18T18:57:12.193886","level":"info","event":"Filling up the DagBag from /home/airflow/.local/lib/python3.12/site-packages/airflow/example_dags/example_outlet_event_extra.py","logger":"airflow.models.dagbag.DagBag"}
{"timestamp":"2026-01-18T18:57:42.870420","level":"info","event":"Filling up the DagBag from /home/airflow/.local/lib/python3.12/site-packages/airflow/example_dags/example_outlet_event_extra.py","logger":"airflow.models.dagbag.DagBag"}
{"timestamp":"2026-01-18T18:58:13.968354","level":"info","event":"Filling up the DagBag from /home/airflow/.local/lib/python3.12/site-packages/airflow/example_dags/example_outlet_event_extra.py","logger":"airflow.models.dagbag.DagBag"}
{"timestamp":"2026-01-18T18:59:10.023756","level":"info","event":"Filling up the DagBag from /home/airflow/.local/lib/python3.12/site-packages/airflow/example_dags/example_outlet_event_extra.py","logger":"airflow.models.dagbag.DagBag"}
{"timestamp":"2026-01-18T18:59:40.227541","level":"info","event":"Filling up the DagBag from /home/airflow/.local/lib/python3.12/site-packages/airflow/example_dags/example_outlet_event_extra.py","logger":"airflow.models.dagbag.DagBag"}
{"timestamp":"2026-01-18T19:00:10.800917","level":"info","event":"Filling up the DagBag from /home/airflow/.local/lib/python3.12/site-packages/airflow/example_dags/example_outlet_event_extra.py","logger":"airflow.models.dagbag.DagBag"}
{"timestamp":"2026-01-18T19:00:42.040964","level":"info","event":"Filling up the DagBag from /home/airflow/.local/lib/python3.12/site-packages/airflow/example_dags/example_outlet_event_extra.py","logger":"airflow.models.dagbag.DagBag"}
{"timestamp":"2026-01-18T19:01:13.150857","level":"info","event":"Filling up the DagBag from /home/airflow/.local/lib/python3.12/site-packages/airflow/example_dags/example_outlet_event_extra.py","logger":"airflow.models.dagbag.DagBag"}
{"timestamp":"2026-01-18T19:01:44.328877","level":"info","event":"Filling up the DagBag from /home/airflow/.local/lib/python3.12/site-packages/airflow/example_dags/example_outlet_event_extra.py","logger":"airflow.models.dagbag.DagBag"}
{"timestamp":"2026-01-18T19:02:14.497875","level":"info","event":"Filling up the DagBag from /home/airflow/.local/lib/python3.12/site-packages/airflow/example_dags/example_outlet_event_extra.py","logger":"airflow.models.dagbag.DagBag"}
{"timestamp":"2026-01-18T19:02:45.207617","level":"info","event":"Filling up the DagBag from /home/airflow/.local/lib/python3.12/site-packages/airflow/example_dags/example_outlet_event_extra.py","logger":"airflow.models.dagbag.DagBag"}
{"timestamp":"2026-01-18T19:03:15.905521","level":"info","event":"Filling up the DagBag from /home/airflow/.local/lib/python3.12/site-packages/airflow/example_dags/example_outlet_event_extra.py","logger":"airflow.models.dagbag.DagBag"}
{"timestamp":"2026-01-18T19:03:46.607589","level":"info","event":"Filling up the DagBag from /home/airflow/.local/lib/python3.12/site-packages/airflow/example_dags/example_outlet_event_extra.py","logger":"airflow.models.dagbag.DagBag"}
{"timestamp":"2026-01-18T19:04:17.304138","level":"info","event":"Filling up the DagBag from /home/airflow/.local/lib/python3.12/site-packages/airflow/example_dags/example_outlet_event_extra.py","logger":"airflow.models.dagbag.DagBag"}
{"timestamp":"2026-01-18T19:04:47.773429","level":"info","event":"Filling up the DagBag from /home/airflow/.local/lib/python3.12/site-packages/airflow/example_dags/example_outlet_event_extra.py","logger":"airflow.models.dagbag.DagBag"}
{"timestamp":"2026-01-18T19:05:18.156556","level":"info","event":"Filling up the DagBag from /home/airflow/.local/lib/python3.12/site-packages/airflow/example_dags/example_outlet_event_extra.py","logger":"airflow.models.dagbag.DagBag"}
{"timestamp":"2026-01-18T19:05:49.281285","level":"info","event":"Filling up the DagBag from /home/airflow/.local/lib/python3.12/site-packages/airflow/example_dags/example_outlet_event_extra.py","logger":"airflow.models.dagbag.DagBag"}
{"timestamp":"2026-01-18T19:06:20.219594","level":"info","event":"Filling up the DagBag from /home/airflow/.local/lib/python3.12/site-packages/airflow/example_dags/example_outlet_event_extra.py","logger":"airflow.models.dagbag.DagBag"}
{"timestamp":"2026-01-18T19:06:50.450412","level":"info","event":"Filling up the DagBag from /home/airflow/.local/lib/python3.12/site-packages/airflow/example_dags/example_outlet_event_extra.py","logger":"airflow.models.dagbag.DagBag"}
{"timestamp":"2026-01-18T19:07:21.596409","level":"info","event":"Filling up the DagBag from /home/airflow/.local/lib/python3.12/site-packages/airflow/example_dags/example_outlet_event_extra.py","logger":"airflow.models.dagbag.DagBag"}
{"timestamp":"2026-01-18T19:09:01.474120","level":"info","event":"Filling up the DagBag from /home/airflow/.local/lib/python3.12/site-packages/airflow/example_dags/example_outlet_event_extra.py","logger":"airflow.models.dagbag.DagBag"}
{"timestamp":"2026-01-18T19:09:32.161824","level":"info","event":"Filling up the DagBag from /home/airflow/.local/lib/python3.12/site-packages/airflow/example_dags/example_outlet_event_extra.py","logger":"airflow.models.dagbag.DagBag"}
{"timestamp":"2026-01-18T19:10:03.189256","level":"info","event":"Filling up the DagBag from /home/airflow/.local/lib/python3.12/site-packages/airflow/example_dags/example_outlet_event_extra.py","logger":"airflow.models.dagbag.DagBag"}
{"timestamp":"2026-01-18T19:10:33.819072","level":"info","event":"Filling up the DagBag from /home/airflow/.local/lib/python3.12/site-packages/airflow/example_dags/example_outlet_event_extra.py","logger":"airflow.models.dagbag.DagBag"}
{"timestamp":"2026-01-18T19:11:04.420578","level":"info","event":"Filling up the DagBag from /home/airflow/.local/lib/python3.12/site-packages/airflow/example_dags/example_outlet_event_extra.py","logger":"airflow.models.dagbag.DagBag"}
{"timestamp":"2026-01-18T19:12:19.648033","level":"info","event":"Filling up the DagBag from /home/airflow/.local/lib/python3.12/site-packages/airflow/example_dags/example_outlet_event_extra.py","logger":"airflow.models.dagbag.DagBag"}
{"timestamp":"2026-01-18T19:12:50.464641","level":"info","event":"Filling up the DagBag from /home/airflow/.local/lib/python3.12/site-packages/airflow/example_dags/example_outlet_event_extra.py","logger":"airflow.models.dagbag.DagBag"}
{"timestamp":"2026-01-18T19:13:21.605906","level":"info","event":"Filling up the DagBag from /home/airflow/.local/lib/python3.12/site-packages/airflow/example_dags/example_outlet_event_extra.py","logger":"airflow.models.dagbag.DagBag"}
{"timestamp":"2026-01-18T19:17:47.663467","level":"info","event":"Filling up the DagBag from /home/airflow/.local/lib/python3.12/site-packages/airflow/example_dags/example_outlet_event_extra.py","logger":"airflow.models.dagbag.DagBag"}
{"timestamp":"2026-01-18T19:19:36.578112","level":"info","event":"Filling up the DagBag from /home/airflow/.local/lib/python3.12/site-packages/airflow/example_dags/example_outlet_event_extra.py","logger":"airflow.models.dagbag.DagBag"}
{"timestamp":"2026-01-18T19:20:15.122247","level":"info","event":"Filling up the DagBag from /home/airflow/.local/lib/python3.12/site-packages/airflow/example_dags/example_outlet_event_extra.py","logger":"airflow.models.dagbag.DagBag"}
{"timestamp":"2026-01-18T19:21:22.666005","level":"info","event":"Filling up the DagBag from /home/airflow/.local/lib/python3.12/site-packages/airflow/example_dags/example_outlet_event_extra.py","logger":"airflow.models.dagbag.DagBag"}
{"timestamp":"2026-01-18T19:21:52.927588","level":"info","event":"Filling up the DagBag from /home/airflow/.local/lib/python3.12/site-packages/airflow/example_dags/example_outlet_event_extra.py","logger":"airflow.models.dagbag.DagBag"}
{"timestamp":"2026-01-18T19:22:44.641008","level":"info","event":"Filling up the DagBag from /home/airflow/.local/lib/python3.12/site-packages/airflow/example_dags/example_outlet_event_extra.py","logger":"airflow.models.dagbag.DagBag"}
{"timestamp":"2026-01-18T19:23:15.358524","level":"info","event":"Filling up the DagBag from /home/airflow/.local/lib/python3.12/site-packages/airflow/example_dags/example_outlet_event_extra.py","logger":"airflow.models.dagbag.DagBag"}
{"timestamp":"2026-01-18T19:24:09.668863","level":"info","event":"Filling up the DagBag from /home/airflow/.local/lib/python3.12/site-packages/airflow/example_dags/example_outlet_event_extra.py","logger":"airflow.models.dagbag.DagBag"}
{"timestamp":"2026-01-18T19:25:04.407413","level":"info","event":"Filling up the DagBag from /home/airflow/.local/lib/python3.12/site-packages/airflow/example_dags/example_outlet_event_extra.py","logger":"airflow.models.dagbag.DagBag"}
{"timestamp":"2026-01-18T22:29:55.772124","level":"info","event":"Filling up the DagBag from /home/airflow/.local/lib/python3.12/site-packages/airflow/example_dags/example_outlet_event_extra.py","logger":"airflow.models.dagbag.DagBag"}
