{"timestamp":"2026-01-18T16:09:50.499901","level":"info","event":"Filling up the DagBag from /home/airflow/.local/lib/python3.12/site-packages/airflow/example_dags/example_skip_dag.py","logger":"airflow.models.dagbag.DagBag"}
{"timestamp":"2026-01-18T16:10:20.975077","level":"info","event":"Filling up the DagBag from /home/airflow/.local/lib/python3.12/site-packages/airflow/example_dags/example_skip_dag.py","logger":"airflow.models.dagbag.DagBag"}
{"timestamp":"2026-01-18T16:12:23.550741","level":"info","event":"Filling up the DagBag from /home/airflow/.local/lib/python3.12/site-packages/airflow/example_dags/example_skip_dag.py","logger":"airflow.models.dagbag.DagBag"}
{"timestamp":"2026-01-18T16:13:32.877761","level":"info","event":"Filling up the DagBag from /home/airflow/.local/lib/python3.12/site-packages/airflow/example_dags/example_skip_dag.py","logger":"airflow.models.dagbag.DagBag"}
{"timestamp":"2026-01-18T16:14:10.746855","level":"info","event":"Filling up the DagBag from /home/airflow/.local/lib/python3.12/site-packages/airflow/example_dags/example_skip_dag.py","logger":"airflow.models.dagbag.DagBag"}
{"timestamp":"2026-01-18T16:15:16.542730","level":"info","event":"Filling up the DagBag from /home/airflow/.local/lib/python3.12/site-packages/airflow/example_dags/example_skip_dag.py","logger":"airflow.models.dagbag.DagBag"}
{"timestamp":"2026-01-18T16:15:47.475732","level":"info","event":"Filling up the DagBag from /home/airflow/.local/lib/python3.12/site-packages/airflow/example_dags/example_skip_dag.py","logger":"airflow.models.dagbag.DagBag"}
{"timestamp":"2026-01-18T16:16:17.665938","level":"info","event":"Filling up the DagBag from /home/airflow/.local/lib/python3.12/site-packages/airflow/example_dags/example_skip_dag.py","logger":"airflow.models.dagbag.DagBag"}
{"timestamp":"2026-01-18T16:16:47.927987","level":"info","event":"Filling up the DagBag from /home/airflow/.local/lib/python3.12/site-packages/airflow/example_dags/example_skip_dag.py","logger":"airflow.models.dagbag.DagBag"}
{"timestamp":"2026-01-18T16:17:18.695854","level":"info","event":"Filling up the DagBag from /home/airflow/.local/lib/python3.12/site-packages/airflow/example_dags/example_skip_dag.py","logger":"airflow.models.dagbag.DagBag"}
{"timestamp":"2026-01-18T16:17:48.861061","level":"info","event":"Filling up the DagBag from /home/airflow/.local/lib/python3.12/site-packages/airflow/example_dags/example_skip_dag.py","logger":"airflow.models.dagbag.DagBag"}
{"timestamp":"2026-01-18T16:18:20.050440","level":"info","event":"Filling up the DagBag from /home/airflow/.local/lib/python3.12/site-packages/airflow/example_dags/example_skip_dag.py","logger":"airflow.models.dagbag.DagBag"}
{"timestamp":"2026-01-18T16:18:51.077263","level":"info","event":"Filling up the DagBag from /home/airflow/.local/lib/python3.12/site-packages/airflow/example_dags/example_skip_dag.py","logger":"airflow.models.dagbag.DagBag"}
{"timestamp":"2026-01-18T16:19:21.829747","level":"info","event":"Filling up the DagBag from /home/airflow/.local/lib/python3.12/site-packages/airflow/example_dags/example_skip_dag.py","logger":"airflow.models.dagbag.DagBag"}
{"timestamp":"2026-01-18T16:19:52.718190","level":"info","event":"Filling up the DagBag from /home/airflow/.local/lib/python3.12/site-packages/airflow/example_dags/example_skip_dag.py","logger":"airflow.models.dagbag.DagBag"}
{"timestamp":"2026-01-18T16:20:23.396888","level":"info","event":"Filling up the DagBag from /home/airflow/.local/lib/python3.12/site-packages/airflow/example_dags/example_skip_dag.py","logger":"airflow.models.dagbag.DagBag"}
{"timestamp":"2026-01-18T16:20:53.590742","level":"info","event":"Filling up the DagBag from /home/airflow/.local/lib/python3.12/site-packages/airflow/example_dags/example_skip_dag.py","logger":"airflow.models.dagbag.DagBag"}
{"timestamp":"2026-01-18T16:21:24.038841","level":"info","event":"Filling up the DagBag from /home/airflow/.local/lib/python3.12/site-packages/airflow/example_dags/example_skip_dag.py","logger":"airflow.models.dagbag.DagBag"}
{"timestamp":"2026-01-18T16:21:56.023968","level":"info","event":"Filling up the DagBag from /home/airflow/.local/lib/python3.12/site-packages/airflow/example_dags/example_skip_dag.py","logger":"airflow.models.dagbag.DagBag"}
{"timestamp":"2026-01-18T16:22:26.448554","level":"info","event":"Filling up the DagBag from /home/airflow/.local/lib/python3.12/site-packages/airflow/example_dags/example_skip_dag.py","logger":"airflow.models.dagbag.DagBag"}
{"timestamp":"2026-01-18T16:34:16.205919","level":"info","event":"Filling up the DagBag from /home/airflow/.local/lib/python3.12/site-packages/airflow/example_dags/example_skip_dag.py","logger":"airflow.models.dagbag.DagBag"}
{"timestamp":"2026-01-18T16:36:25.152430","level":"info","event":"Filling up the DagBag from /home/airflow/.local/lib/python3.12/site-packages/airflow/example_dags/example_skip_dag.py","logger":"airflow.models.dagbag.DagBag"}
{"timestamp":"2026-01-18T16:37:12.444132","level":"info","event":"Filling up the DagBag from /home/airflow/.local/lib/python3.12/site-packages/airflow/example_dags/example_skip_dag.py","logger":"airflow.models.dagbag.DagBag"}
{"timestamp":"2026-01-18T16:37:42.854940","level":"info","event":"Filling up the DagBag from /home/airflow/.local/lib/python3.12/site-packages/airflow/example_dags/example_skip_dag.py","logger":"airflow.models.dagbag.DagBag"}
{"timestamp":"2026-01-18T16:38:13.965088","level":"info","event":"Filling up the DagBag from /home/airflow/.local/lib/python3.12/site-packages/airflow/example_dags/example_skip_dag.py","logger":"airflow.models.dagbag.DagBag"}
{"timestamp":"2026-01-18T16:40:08.694444","level":"info","event":"Filling up the DagBag from /home/airflow/.local/lib/python3.12/site-packages/airflow/example_dags/example_skip_dag.py","logger":"airflow.models.dagbag.DagBag"}
{"timestamp":"2026-01-18T16:40:40.139438","level":"info","event":"Filling up the DagBag from /home/airflow/.local/lib/python3.12/site-packages/airflow/example_dags/example_skip_dag.py","logger":"airflow.models.dagbag.DagBag"}
{"timestamp":"2026-01-18T16:41:10.497619","level":"info","event":"Filling up the DagBag from /home/airflow/.local/lib/python3.12/site-packages/airflow/example_dags/example_skip_dag.py","logger":"airflow.models.dagbag.DagBag"}
{"timestamp":"2026-01-18T16:41:41.456660","level":"info","event":"Filling up the DagBag from /home/airflow/.local/lib/python3.12/site-packages/airflow/example_dags/example_skip_dag.py","logger":"airflow.models.dagbag.DagBag"}
{"timestamp":"2026-01-18T16:42:11.651111","level":"info","event":"Filling up the DagBag from /home/airflow/.local/lib/python3.12/site-packages/airflow/example_dags/example_skip_dag.py","logger":"airflow.models.dagbag.DagBag"}
{"timestamp":"2026-01-18T16:42:42.270976","level":"info","event":"Filling up the DagBag from /home/airflow/.local/lib/python3.12/site-packages/airflow/example_dags/example_skip_dag.py","logger":"airflow.models.dagbag.DagBag"}
{"timestamp":"2026-01-18T16:43:12.431010","level":"info","event":"Filling up the DagBag from /home/airflow/.local/lib/python3.12/site-packages/airflow/example_dags/example_skip_dag.py","logger":"airflow.models.dagbag.DagBag"}
{"timestamp":"2026-01-18T16:43:42.731683","level":"info","event":"Filling up the DagBag from /home/airflow/.local/lib/python3.12/site-packages/airflow/example_dags/example_skip_dag.py","logger":"airflow.models.dagbag.DagBag"}
{"timestamp":"2026-01-18T16:44:12.974703","level":"info","event":"Filling up the DagBag from /home/airflow/.local/lib/python3.12/site-packages/airflow/example_dags/example_skip_dag.py","logger":"airflow.models.dagbag.DagBag"}
{"timestamp":"2026-01-18T16:44:44.116990","level":"info","event":"Filling up the DagBag from /home/airflow/.local/lib/python3.12/site-packages/airflow/example_dags/example_skip_dag.py","logger":"airflow.models.dagbag.DagBag"}
{"timestamp":"2026-01-18T16:45:14.418872","level":"info","event":"Filling up the DagBag from /home/airflow/.local/lib/python3.12/site-packages/airflow/example_dags/example_skip_dag.py","logger":"airflow.models.dagbag.DagBag"}
{"timestamp":"2026-01-18T16:45:45.573107","level":"info","event":"Filling up the DagBag from /home/airflow/.local/lib/python3.12/site-packages/airflow/example_dags/example_skip_dag.py","logger":"airflow.models.dagbag.DagBag"}
{"timestamp":"2026-01-18T16:46:47.103549","level":"info","event":"Filling up the DagBag from /home/airflow/.local/lib/python3.12/site-packages/airflow/example_dags/example_skip_dag.py","logger":"airflow.models.dagbag.DagBag"}
{"timestamp":"2026-01-18T16:47:35.074085","level":"info","event":"Filling up the DagBag from /home/airflow/.local/lib/python3.12/site-packages/airflow/example_dags/example_skip_dag.py","logger":"airflow.models.dagbag.DagBag"}
{"timestamp":"2026-01-18T16:48:54.641951","level":"info","event":"Filling up the DagBag from /home/airflow/.local/lib/python3.12/site-packages/airflow/example_dags/example_skip_dag.py","logger":"airflow.models.dagbag.DagBag"}
{"timestamp":"2026-01-18T16:49:30.009813","level":"error","event":"Process timed out, PID: 730","logger":"airflow.utils.timeout.TimeoutPosix"}
{"timestamp":"2026-01-18T16:49:42.597982","level":"error","event":"Failed to import: /home/airflow/.local/lib/python3.12/site-packages/airflow/example_dags/example_skip_dag.py","logger":"airflow.models.dagbag.DagBag","error_detail":[{"exc_type":"AirflowTaskTimeout","exc_value":"DagBag import timeout for /home/airflow/.local/lib/python3.12/site-packages/airflow/example_dags/example_skip_dag.py after 30.0s.\nPlease take a look at these docs to improve your DAG import time:\n* https://airflow.apache.org/docs/apache-airflow/3.0.1/best-practices.html#top-level-python-code\n* https://airflow.apache.org/docs/apache-airflow/3.0.1/best-practices.html#reducing-dag-complexity, PID: 730","exc_notes":[],"syntax_error":null,"is_cause":false,"frames":[{"filename":"/home/airflow/.local/lib/python3.12/site-packages/airflow/models/dagbag.py","lineno":382,"name":"parse"},{"filename":"<frozen importlib._bootstrap_external>","lineno":999,"name":"exec_module"},{"filename":"<frozen importlib._bootstrap>","lineno":488,"name":"_call_with_frames_removed"},{"filename":"/home/airflow/.local/lib/python3.12/site-packages/airflow/example_dags/example_skip_dag.py","lineno":72,"name":"<module>"},{"filename":"/home/airflow/.local/lib/python3.12/site-packages/airflow/example_dags/example_skip_dag.py","lineno":60,"name":"create_test_pipeline"},{"filename":"/home/airflow/.local/lib/python3.12/site-packages/airflow/sdk/definitions/_internal/mixins.py","lineno":97,"name":"__rshift__"},{"filename":"/home/airflow/.local/lib/python3.12/site-packages/airflow/sdk/definitions/_internal/node.py","lineno":216,"name":"set_downstream"},{"filename":"/home/airflow/.local/lib/python3.12/site-packages/airflow/sdk/definitions/_internal/node.py","lineno":163,"name":"_set_relatives"},{"filename":"<frozen abc>","lineno":119,"name":"__instancecheck__"},{"filename":"<frozen abc>","lineno":123,"name":"__subclasscheck__"},{"filename":"<frozen abc>","lineno":123,"name":"__subclasscheck__"},{"filename":"<frozen abc>","lineno":123,"name":"__subclasscheck__"},{"filename":"<frozen abc>","lineno":123,"name":"__subclasscheck__"},{"filename":"<frozen _collections_abc>","lineno":341,"name":"__subclasshook__"},{"filename":"/home/airflow/.local/lib/python3.12/site-packages/airflow/utils/timeout.py","lineno":69,"name":"handle_timeout"}]}]}
{"timestamp":"2026-01-18T16:50:20.925914","level":"info","event":"Filling up the DagBag from /home/airflow/.local/lib/python3.12/site-packages/airflow/example_dags/example_skip_dag.py","logger":"airflow.models.dagbag.DagBag"}
{"timestamp":"2026-01-18T16:51:00.595993","level":"info","event":"Filling up the DagBag from /home/airflow/.local/lib/python3.12/site-packages/airflow/example_dags/example_skip_dag.py","logger":"airflow.models.dagbag.DagBag"}
{"timestamp":"2026-01-18T16:51:31.840532","level":"info","event":"Filling up the DagBag from /home/airflow/.local/lib/python3.12/site-packages/airflow/example_dags/example_skip_dag.py","logger":"airflow.models.dagbag.DagBag"}
{"timestamp":"2026-01-18T16:52:03.316337","level":"info","event":"Filling up the DagBag from /home/airflow/.local/lib/python3.12/site-packages/airflow/example_dags/example_skip_dag.py","logger":"airflow.models.dagbag.DagBag"}
{"timestamp":"2026-01-18T16:52:33.637945","level":"info","event":"Filling up the DagBag from /home/airflow/.local/lib/python3.12/site-packages/airflow/example_dags/example_skip_dag.py","logger":"airflow.models.dagbag.DagBag"}
{"timestamp":"2026-01-18T16:53:33.725784","level":"info","event":"Filling up the DagBag from /home/airflow/.local/lib/python3.12/site-packages/airflow/example_dags/example_skip_dag.py","logger":"airflow.models.dagbag.DagBag"}
{"timestamp":"2026-01-18T16:54:04.228749","level":"info","event":"Filling up the DagBag from /home/airflow/.local/lib/python3.12/site-packages/airflow/example_dags/example_skip_dag.py","logger":"airflow.models.dagbag.DagBag"}
{"timestamp":"2026-01-18T16:54:34.558570","level":"info","event":"Filling up the DagBag from /home/airflow/.local/lib/python3.12/site-packages/airflow/example_dags/example_skip_dag.py","logger":"airflow.models.dagbag.DagBag"}
{"timestamp":"2026-01-18T16:56:07.160571","level":"info","event":"Filling up the DagBag from /home/airflow/.local/lib/python3.12/site-packages/airflow/example_dags/example_skip_dag.py","logger":"airflow.models.dagbag.DagBag"}
{"timestamp":"2026-01-18T16:56:37.892662","level":"info","event":"Filling up the DagBag from /home/airflow/.local/lib/python3.12/site-packages/airflow/example_dags/example_skip_dag.py","logger":"airflow.models.dagbag.DagBag"}
{"timestamp":"2026-01-18T17:49:49.273202","level":"info","event":"Filling up the DagBag from /home/airflow/.local/lib/python3.12/site-packages/airflow/example_dags/example_skip_dag.py","logger":"airflow.models.dagbag.DagBag"}
{"timestamp":"2026-01-18T17:50:20.065480","level":"info","event":"Filling up the DagBag from /home/airflow/.local/lib/python3.12/site-packages/airflow/example_dags/example_skip_dag.py","logger":"airflow.models.dagbag.DagBag"}
{"timestamp":"2026-01-18T17:50:50.908573","level":"info","event":"Filling up the DagBag from /home/airflow/.local/lib/python3.12/site-packages/airflow/example_dags/example_skip_dag.py","logger":"airflow.models.dagbag.DagBag"}
{"timestamp":"2026-01-18T17:51:21.135402","level":"info","event":"Filling up the DagBag from /home/airflow/.local/lib/python3.12/site-packages/airflow/example_dags/example_skip_dag.py","logger":"airflow.models.dagbag.DagBag"}
{"timestamp":"2026-01-18T17:51:51.962659","level":"info","event":"Filling up the DagBag from /home/airflow/.local/lib/python3.12/site-packages/airflow/example_dags/example_skip_dag.py","logger":"airflow.models.dagbag.DagBag"}
{"timestamp":"2026-01-18T17:52:22.682464","level":"info","event":"Filling up the DagBag from /home/airflow/.local/lib/python3.12/site-packages/airflow/example_dags/example_skip_dag.py","logger":"airflow.models.dagbag.DagBag"}
{"timestamp":"2026-01-18T17:52:53.440262","level":"info","event":"Filling up the DagBag from /home/airflow/.local/lib/python3.12/site-packages/airflow/example_dags/example_skip_dag.py","logger":"airflow.models.dagbag.DagBag"}
{"timestamp":"2026-01-18T17:53:23.661910","level":"info","event":"Filling up the DagBag from /home/airflow/.local/lib/python3.12/site-packages/airflow/example_dags/example_skip_dag.py","logger":"airflow.models.dagbag.DagBag"}
{"timestamp":"2026-01-18T17:53:53.843112","level":"info","event":"Filling up the DagBag from /home/airflow/.local/lib/python3.12/site-packages/airflow/example_dags/example_skip_dag.py","logger":"airflow.models.dagbag.DagBag"}
{"timestamp":"2026-01-18T17:54:24.066920","level":"info","event":"Filling up the DagBag from /home/airflow/.local/lib/python3.12/site-packages/airflow/example_dags/example_skip_dag.py","logger":"airflow.models.dagbag.DagBag"}
{"timestamp":"2026-01-18T17:54:54.509746","level":"info","event":"Filling up the DagBag from /home/airflow/.local/lib/python3.12/site-packages/airflow/example_dags/example_skip_dag.py","logger":"airflow.models.dagbag.DagBag"}
{"timestamp":"2026-01-18T17:55:24.658440","level":"info","event":"Filling up the DagBag from /home/airflow/.local/lib/python3.12/site-packages/airflow/example_dags/example_skip_dag.py","logger":"airflow.models.dagbag.DagBag"}
{"timestamp":"2026-01-18T17:55:55.265291","level":"info","event":"Filling up the DagBag from /home/airflow/.local/lib/python3.12/site-packages/airflow/example_dags/example_skip_dag.py","logger":"airflow.models.dagbag.DagBag"}
{"timestamp":"2026-01-18T17:56:25.790924","level":"info","event":"Filling up the DagBag from /home/airflow/.local/lib/python3.12/site-packages/airflow/example_dags/example_skip_dag.py","logger":"airflow.models.dagbag.DagBag"}
{"timestamp":"2026-01-18T17:56:56.530273","level":"info","event":"Filling up the DagBag from /home/airflow/.local/lib/python3.12/site-packages/airflow/example_dags/example_skip_dag.py","logger":"airflow.models.dagbag.DagBag"}
{"timestamp":"2026-01-18T17:57:30.439550","level":"info","event":"Filling up the DagBag from /home/airflow/.local/lib/python3.12/site-packages/airflow/example_dags/example_skip_dag.py","logger":"airflow.models.dagbag.DagBag"}
{"timestamp":"2026-01-18T17:58:02.011546","level":"info","event":"Filling up the DagBag from /home/airflow/.local/lib/python3.12/site-packages/airflow/example_dags/example_skip_dag.py","logger":"airflow.models.dagbag.DagBag"}
{"timestamp":"2026-01-18T17:58:53.202639","level":"info","event":"Filling up the DagBag from /home/airflow/.local/lib/python3.12/site-packages/airflow/example_dags/example_skip_dag.py","logger":"airflow.models.dagbag.DagBag"}
{"timestamp":"2026-01-18T17:59:23.746434","level":"info","event":"Filling up the DagBag from /home/airflow/.local/lib/python3.12/site-packages/airflow/example_dags/example_skip_dag.py","logger":"airflow.models.dagbag.DagBag"}
{"timestamp":"2026-01-18T17:59:54.819748","level":"info","event":"Filling up the DagBag from /home/airflow/.local/lib/python3.12/site-packages/airflow/example_dags/example_skip_dag.py","logger":"airflow.models.dagbag.DagBag"}
{"timestamp":"2026-01-18T18:00:25.578385","level":"info","event":"Filling up the DagBag from /home/airflow/.local/lib/python3.12/site-packages/airflow/example_dags/example_skip_dag.py","logger":"airflow.models.dagbag.DagBag"}
{"timestamp":"2026-01-18T18:00:56.342178","level":"info","event":"Filling up the DagBag from /home/airflow/.local/lib/python3.12/site-packages/airflow/example_dags/example_skip_dag.py","logger":"airflow.models.dagbag.DagBag"}
{"timestamp":"2026-01-18T18:01:26.915438","level":"info","event":"Filling up the DagBag from /home/airflow/.local/lib/python3.12/site-packages/airflow/example_dags/example_skip_dag.py","logger":"airflow.models.dagbag.DagBag"}
{"timestamp":"2026-01-18T18:01:58.361773","level":"info","event":"Filling up the DagBag from /home/airflow/.local/lib/python3.12/site-packages/airflow/example_dags/example_skip_dag.py","logger":"airflow.models.dagbag.DagBag"}
{"timestamp":"2026-01-18T18:02:29.311214","level":"info","event":"Filling up the DagBag from /home/airflow/.local/lib/python3.12/site-packages/airflow/example_dags/example_skip_dag.py","logger":"airflow.models.dagbag.DagBag"}
{"timestamp":"2026-01-18T18:03:00.484373","level":"info","event":"Filling up the DagBag from /home/airflow/.local/lib/python3.12/site-packages/airflow/example_dags/example_skip_dag.py","logger":"airflow.models.dagbag.DagBag"}
{"timestamp":"2026-01-18T18:03:37.254843","level":"info","event":"Filling up the DagBag from /home/airflow/.local/lib/python3.12/site-packages/airflow/example_dags/example_skip_dag.py","logger":"airflow.models.dagbag.DagBag"}
{"timestamp":"2026-01-18T18:04:21.634084","level":"info","event":"Filling up the DagBag from /home/airflow/.local/lib/python3.12/site-packages/airflow/example_dags/example_skip_dag.py","logger":"airflow.models.dagbag.DagBag"}
{"timestamp":"2026-01-18T18:04:55.684230","level":"info","event":"Filling up the DagBag from /home/airflow/.local/lib/python3.12/site-packages/airflow/example_dags/example_skip_dag.py","logger":"airflow.models.dagbag.DagBag"}
{"timestamp":"2026-01-18T18:05:42.785374","level":"info","event":"Filling up the DagBag from /home/airflow/.local/lib/python3.12/site-packages/airflow/example_dags/example_skip_dag.py","logger":"airflow.models.dagbag.DagBag"}
{"timestamp":"2026-01-18T18:06:58.035766","level":"info","event":"Filling up the DagBag from /home/airflow/.local/lib/python3.12/site-packages/airflow/example_dags/example_skip_dag.py","logger":"airflow.models.dagbag.DagBag"}
{"timestamp":"2026-01-18T18:07:48.463953","level":"info","event":"Filling up the DagBag from /home/airflow/.local/lib/python3.12/site-packages/airflow/example_dags/example_skip_dag.py","logger":"airflow.models.dagbag.DagBag"}
{"timestamp":"2026-01-18T18:08:29.753756","level":"info","event":"Filling up the DagBag from /home/airflow/.local/lib/python3.12/site-packages/airflow/example_dags/example_skip_dag.py","logger":"airflow.models.dagbag.DagBag"}
{"timestamp":"2026-01-18T18:09:00.695999","level":"info","event":"Filling up the DagBag from /home/airflow/.local/lib/python3.12/site-packages/airflow/example_dags/example_skip_dag.py","logger":"airflow.models.dagbag.DagBag"}
{"timestamp":"2026-01-18T18:09:31.034323","level":"info","event":"Filling up the DagBag from /home/airflow/.local/lib/python3.12/site-packages/airflow/example_dags/example_skip_dag.py","logger":"airflow.models.dagbag.DagBag"}
{"timestamp":"2026-01-18T18:10:01.322096","level":"info","event":"Filling up the DagBag from /home/airflow/.local/lib/python3.12/site-packages/airflow/example_dags/example_skip_dag.py","logger":"airflow.models.dagbag.DagBag"}
{"timestamp":"2026-01-18T18:12:07.254435","level":"info","event":"Filling up the DagBag from /home/airflow/.local/lib/python3.12/site-packages/airflow/example_dags/example_skip_dag.py","logger":"airflow.models.dagbag.DagBag"}
{"timestamp":"2026-01-18T18:12:37.728657","level":"info","event":"Filling up the DagBag from /home/airflow/.local/lib/python3.12/site-packages/airflow/example_dags/example_skip_dag.py","logger":"airflow.models.dagbag.DagBag"}
{"timestamp":"2026-01-18T18:13:08.329332","level":"info","event":"Filling up the DagBag from /home/airflow/.local/lib/python3.12/site-packages/airflow/example_dags/example_skip_dag.py","logger":"airflow.models.dagbag.DagBag"}
{"timestamp":"2026-01-18T18:14:38.468121","level":"info","event":"Filling up the DagBag from /home/airflow/.local/lib/python3.12/site-packages/airflow/example_dags/example_skip_dag.py","logger":"airflow.models.dagbag.DagBag"}
{"timestamp":"2026-01-18T18:15:46.695164","level":"info","event":"Filling up the DagBag from /home/airflow/.local/lib/python3.12/site-packages/airflow/example_dags/example_skip_dag.py","logger":"airflow.models.dagbag.DagBag"}
{"timestamp":"2026-01-18T18:16:17.426916","level":"info","event":"Filling up the DagBag from /home/airflow/.local/lib/python3.12/site-packages/airflow/example_dags/example_skip_dag.py","logger":"airflow.models.dagbag.DagBag"}
{"timestamp":"2026-01-18T18:17:06.488208","level":"info","event":"Filling up the DagBag from /home/airflow/.local/lib/python3.12/site-packages/airflow/example_dags/example_skip_dag.py","logger":"airflow.models.dagbag.DagBag"}
{"timestamp":"2026-01-18T18:18:32.703107","level":"info","event":"Filling up the DagBag from /home/airflow/.local/lib/python3.12/site-packages/airflow/example_dags/example_skip_dag.py","logger":"airflow.models.dagbag.DagBag"}
{"timestamp":"2026-01-18T18:19:03.454284","level":"info","event":"Filling up the DagBag from /home/airflow/.local/lib/python3.12/site-packages/airflow/example_dags/example_skip_dag.py","logger":"airflow.models.dagbag.DagBag"}
{"timestamp":"2026-01-18T18:20:08.045483","level":"info","event":"Filling up the DagBag from /home/airflow/.local/lib/python3.12/site-packages/airflow/example_dags/example_skip_dag.py","logger":"airflow.models.dagbag.DagBag"}
{"timestamp":"2026-01-18T18:20:39.602247","level":"info","event":"Filling up the DagBag from /home/airflow/.local/lib/python3.12/site-packages/airflow/example_dags/example_skip_dag.py","logger":"airflow.models.dagbag.DagBag"}
{"timestamp":"2026-01-18T18:21:14.378363","level":"info","event":"Filling up the DagBag from /home/airflow/.local/lib/python3.12/site-packages/airflow/example_dags/example_skip_dag.py","logger":"airflow.models.dagbag.DagBag"}
{"timestamp":"2026-01-18T18:22:07.266451","level":"info","event":"Filling up the DagBag from /home/airflow/.local/lib/python3.12/site-packages/airflow/example_dags/example_skip_dag.py","logger":"airflow.models.dagbag.DagBag"}
{"timestamp":"2026-01-18T18:23:53.902281","level":"info","event":"Filling up the DagBag from /home/airflow/.local/lib/python3.12/site-packages/airflow/example_dags/example_skip_dag.py","logger":"airflow.models.dagbag.DagBag"}
{"timestamp":"2026-01-18T18:24:26.171552","level":"info","event":"Filling up the DagBag from /home/airflow/.local/lib/python3.12/site-packages/airflow/example_dags/example_skip_dag.py","logger":"airflow.models.dagbag.DagBag"}
{"timestamp":"2026-01-18T18:24:56.591463","level":"info","event":"Filling up the DagBag from /home/airflow/.local/lib/python3.12/site-packages/airflow/example_dags/example_skip_dag.py","logger":"airflow.models.dagbag.DagBag"}
{"timestamp":"2026-01-18T18:25:26.765331","level":"info","event":"Filling up the DagBag from /home/airflow/.local/lib/python3.12/site-packages/airflow/example_dags/example_skip_dag.py","logger":"airflow.models.dagbag.DagBag"}
{"timestamp":"2026-01-18T18:25:57.098854","level":"info","event":"Filling up the DagBag from /home/airflow/.local/lib/python3.12/site-packages/airflow/example_dags/example_skip_dag.py","logger":"airflow.models.dagbag.DagBag"}
{"timestamp":"2026-01-18T18:26:27.424279","level":"info","event":"Filling up the DagBag from /home/airflow/.local/lib/python3.12/site-packages/airflow/example_dags/example_skip_dag.py","logger":"airflow.models.dagbag.DagBag"}
{"timestamp":"2026-01-18T18:26:57.551733","level":"info","event":"Filling up the DagBag from /home/airflow/.local/lib/python3.12/site-packages/airflow/example_dags/example_skip_dag.py","logger":"airflow.models.dagbag.DagBag"}
{"timestamp":"2026-01-18T18:27:31.873217","level":"info","event":"Filling up the DagBag from /home/airflow/.local/lib/python3.12/site-packages/airflow/example_dags/example_skip_dag.py","logger":"airflow.models.dagbag.DagBag"}
{"timestamp":"2026-01-18T18:28:02.968247","level":"info","event":"Filling up the DagBag from /home/airflow/.local/lib/python3.12/site-packages/airflow/example_dags/example_skip_dag.py","logger":"airflow.models.dagbag.DagBag"}
{"timestamp":"2026-01-18T18:28:33.210911","level":"info","event":"Filling up the DagBag from /home/airflow/.local/lib/python3.12/site-packages/airflow/example_dags/example_skip_dag.py","logger":"airflow.models.dagbag.DagBag"}
{"timestamp":"2026-01-18T18:29:03.477139","level":"info","event":"Filling up the DagBag from /home/airflow/.local/lib/python3.12/site-packages/airflow/example_dags/example_skip_dag.py","logger":"airflow.models.dagbag.DagBag"}
{"timestamp":"2026-01-18T18:29:33.705466","level":"info","event":"Filling up the DagBag from /home/airflow/.local/lib/python3.12/site-packages/airflow/example_dags/example_skip_dag.py","logger":"airflow.models.dagbag.DagBag"}
{"timestamp":"2026-01-18T18:30:03.904557","level":"info","event":"Filling up the DagBag from /home/airflow/.local/lib/python3.12/site-packages/airflow/example_dags/example_skip_dag.py","logger":"airflow.models.dagbag.DagBag"}
{"timestamp":"2026-01-18T18:31:19.392542","level":"info","event":"Filling up the DagBag from /home/airflow/.local/lib/python3.12/site-packages/airflow/example_dags/example_skip_dag.py","logger":"airflow.models.dagbag.DagBag"}
{"timestamp":"2026-01-18T18:31:51.674561","level":"info","event":"Filling up the DagBag from /home/airflow/.local/lib/python3.12/site-packages/airflow/example_dags/example_skip_dag.py","logger":"airflow.models.dagbag.DagBag"}
{"timestamp":"2026-01-18T18:32:22.983065","level":"info","event":"Filling up the DagBag from /home/airflow/.local/lib/python3.12/site-packages/airflow/example_dags/example_skip_dag.py","logger":"airflow.models.dagbag.DagBag"}
{"timestamp":"2026-01-18T18:32:53.221461","level":"info","event":"Filling up the DagBag from /home/airflow/.local/lib/python3.12/site-packages/airflow/example_dags/example_skip_dag.py","logger":"airflow.models.dagbag.DagBag"}
{"timestamp":"2026-01-18T18:34:24.865212","level":"info","event":"Filling up the DagBag from /home/airflow/.local/lib/python3.12/site-packages/airflow/example_dags/example_skip_dag.py","logger":"airflow.models.dagbag.DagBag"}
{"timestamp":"2026-01-18T18:35:41.233255","level":"info","event":"Filling up the DagBag from /home/airflow/.local/lib/python3.12/site-packages/airflow/example_dags/example_skip_dag.py","logger":"airflow.models.dagbag.DagBag"}
{"timestamp":"2026-01-18T18:36:29.546385Z","level":"critical","event":"Process terminated by signal. For more information, see https://airflow.apache.org/docs/apache-airflow/stable/troubleshooting.html#TaskRunner-killed","signal":-9,"signal_name":"SIGKILL","logger":"processor"}
{"timestamp":"2026-01-18T18:38:07.458460","level":"info","event":"Filling up the DagBag from /home/airflow/.local/lib/python3.12/site-packages/airflow/example_dags/example_skip_dag.py","logger":"airflow.models.dagbag.DagBag"}
{"timestamp":"2026-01-18T18:38:40.597952","level":"info","event":"Filling up the DagBag from /home/airflow/.local/lib/python3.12/site-packages/airflow/example_dags/example_skip_dag.py","logger":"airflow.models.dagbag.DagBag"}
{"timestamp":"2026-01-18T18:39:11.660677","level":"info","event":"Filling up the DagBag from /home/airflow/.local/lib/python3.12/site-packages/airflow/example_dags/example_skip_dag.py","logger":"airflow.models.dagbag.DagBag"}
{"timestamp":"2026-01-18T18:40:47.689408","level":"info","event":"Filling up the DagBag from /home/airflow/.local/lib/python3.12/site-packages/airflow/example_dags/example_skip_dag.py","logger":"airflow.models.dagbag.DagBag"}
{"timestamp":"2026-01-18T18:42:06.269752","level":"info","event":"Filling up the DagBag from /home/airflow/.local/lib/python3.12/site-packages/airflow/example_dags/example_skip_dag.py","logger":"airflow.models.dagbag.DagBag"}
{"timestamp":"2026-01-18T18:42:36.505385","level":"info","event":"Filling up the DagBag from /home/airflow/.local/lib/python3.12/site-packages/airflow/example_dags/example_skip_dag.py","logger":"airflow.models.dagbag.DagBag"}
{"timestamp":"2026-01-18T18:43:53.493276","level":"info","event":"Filling up the DagBag from /home/airflow/.local/lib/python3.12/site-packages/airflow/example_dags/example_skip_dag.py","logger":"airflow.models.dagbag.DagBag"}
{"timestamp":"2026-01-18T18:44:47.883931","level":"info","event":"Filling up the DagBag from /home/airflow/.local/lib/python3.12/site-packages/airflow/example_dags/example_skip_dag.py","logger":"airflow.models.dagbag.DagBag"}
{"timestamp":"2026-01-18T18:45:18.414173","level":"info","event":"Filling up the DagBag from /home/airflow/.local/lib/python3.12/site-packages/airflow/example_dags/example_skip_dag.py","logger":"airflow.models.dagbag.DagBag"}
{"timestamp":"2026-01-18T18:46:59.955475","level":"info","event":"Filling up the DagBag from /home/airflow/.local/lib/python3.12/site-packages/airflow/example_dags/example_skip_dag.py","logger":"airflow.models.dagbag.DagBag"}
{"timestamp":"2026-01-18T18:47:30.649021","level":"info","event":"Filling up the DagBag from /home/airflow/.local/lib/python3.12/site-packages/airflow/example_dags/example_skip_dag.py","logger":"airflow.models.dagbag.DagBag"}
{"timestamp":"2026-01-18T18:48:01.054729","level":"info","event":"Filling up the DagBag from /home/airflow/.local/lib/python3.12/site-packages/airflow/example_dags/example_skip_dag.py","logger":"airflow.models.dagbag.DagBag"}
{"timestamp":"2026-01-18T18:48:31.776442","level":"info","event":"Filling up the DagBag from /home/airflow/.local/lib/python3.12/site-packages/airflow/example_dags/example_skip_dag.py","logger":"airflow.models.dagbag.DagBag"}
{"timestamp":"2026-01-18T18:49:02.410432","level":"info","event":"Filling up the DagBag from /home/airflow/.local/lib/python3.12/site-packages/airflow/example_dags/example_skip_dag.py","logger":"airflow.models.dagbag.DagBag"}
{"timestamp":"2026-01-18T18:49:32.754998","level":"info","event":"Filling up the DagBag from /home/airflow/.local/lib/python3.12/site-packages/airflow/example_dags/example_skip_dag.py","logger":"airflow.models.dagbag.DagBag"}
{"timestamp":"2026-01-18T18:50:03.022108","level":"info","event":"Filling up the DagBag from /home/airflow/.local/lib/python3.12/site-packages/airflow/example_dags/example_skip_dag.py","logger":"airflow.models.dagbag.DagBag"}
{"timestamp":"2026-01-18T18:50:33.395099","level":"info","event":"Filling up the DagBag from /home/airflow/.local/lib/python3.12/site-packages/airflow/example_dags/example_skip_dag.py","logger":"airflow.models.dagbag.DagBag"}
{"timestamp":"2026-01-18T18:51:04.156491","level":"info","event":"Filling up the DagBag from /home/airflow/.local/lib/python3.12/site-packages/airflow/example_dags/example_skip_dag.py","logger":"airflow.models.dagbag.DagBag"}
{"timestamp":"2026-01-18T18:51:34.381860","level":"info","event":"Filling up the DagBag from /home/airflow/.local/lib/python3.12/site-packages/airflow/example_dags/example_skip_dag.py","logger":"airflow.models.dagbag.DagBag"}
{"timestamp":"2026-01-18T18:52:04.548067","level":"info","event":"Filling up the DagBag from /home/airflow/.local/lib/python3.12/site-packages/airflow/example_dags/example_skip_dag.py","logger":"airflow.models.dagbag.DagBag"}
{"timestamp":"2026-01-18T18:52:35.303325","level":"info","event":"Filling up the DagBag from /home/airflow/.local/lib/python3.12/site-packages/airflow/example_dags/example_skip_dag.py","logger":"airflow.models.dagbag.DagBag"}
{"timestamp":"2026-01-18T18:53:07.148857","level":"info","event":"Filling up the DagBag from /home/airflow/.local/lib/python3.12/site-packages/airflow/example_dags/example_skip_dag.py","logger":"airflow.models.dagbag.DagBag"}
{"timestamp":"2026-01-18T18:53:38.073928","level":"info","event":"Filling up the DagBag from /home/airflow/.local/lib/python3.12/site-packages/airflow/example_dags/example_skip_dag.py","logger":"airflow.models.dagbag.DagBag"}
{"timestamp":"2026-01-18T18:54:08.319172","level":"info","event":"Filling up the DagBag from /home/airflow/.local/lib/python3.12/site-packages/airflow/example_dags/example_skip_dag.py","logger":"airflow.models.dagbag.DagBag"}
{"timestamp":"2026-01-18T18:54:38.678598","level":"info","event":"Filling up the DagBag from /home/airflow/.local/lib/python3.12/site-packages/airflow/example_dags/example_skip_dag.py","logger":"airflow.models.dagbag.DagBag"}
{"timestamp":"2026-01-18T18:55:08.926398","level":"info","event":"Filling up the DagBag from /home/airflow/.local/lib/python3.12/site-packages/airflow/example_dags/example_skip_dag.py","logger":"airflow.models.dagbag.DagBag"}
{"timestamp":"2026-01-18T18:55:44.771673","level":"info","event":"Filling up the DagBag from /home/airflow/.local/lib/python3.12/site-packages/airflow/example_dags/example_skip_dag.py","logger":"airflow.models.dagbag.DagBag"}
{"timestamp":"2026-01-18T18:56:42.938313","level":"info","event":"Filling up the DagBag from /home/airflow/.local/lib/python3.12/site-packages/airflow/example_dags/example_skip_dag.py","logger":"airflow.models.dagbag.DagBag"}
{"timestamp":"2026-01-18T18:57:13.542625","level":"info","event":"Filling up the DagBag from /home/airflow/.local/lib/python3.12/site-packages/airflow/example_dags/example_skip_dag.py","logger":"airflow.models.dagbag.DagBag"}
{"timestamp":"2026-01-18T18:57:44.250830","level":"info","event":"Filling up the DagBag from /home/airflow/.local/lib/python3.12/site-packages/airflow/example_dags/example_skip_dag.py","logger":"airflow.models.dagbag.DagBag"}
{"timestamp":"2026-01-18T18:58:15.536918","level":"info","event":"Filling up the DagBag from /home/airflow/.local/lib/python3.12/site-packages/airflow/example_dags/example_skip_dag.py","logger":"airflow.models.dagbag.DagBag"}
{"timestamp":"2026-01-18T18:59:11.723026","level":"info","event":"Filling up the DagBag from /home/airflow/.local/lib/python3.12/site-packages/airflow/example_dags/example_skip_dag.py","logger":"airflow.models.dagbag.DagBag"}
{"timestamp":"2026-01-18T18:59:42.098229","level":"info","event":"Filling up the DagBag from /home/airflow/.local/lib/python3.12/site-packages/airflow/example_dags/example_skip_dag.py","logger":"airflow.models.dagbag.DagBag"}
{"timestamp":"2026-01-18T19:00:12.353629","level":"info","event":"Filling up the DagBag from /home/airflow/.local/lib/python3.12/site-packages/airflow/example_dags/example_skip_dag.py","logger":"airflow.models.dagbag.DagBag"}
{"timestamp":"2026-01-18T19:00:43.533184","level":"info","event":"Filling up the DagBag from /home/airflow/.local/lib/python3.12/site-packages/airflow/example_dags/example_skip_dag.py","logger":"airflow.models.dagbag.DagBag"}
{"timestamp":"2026-01-18T19:01:14.663493","level":"info","event":"Filling up the DagBag from /home/airflow/.local/lib/python3.12/site-packages/airflow/example_dags/example_skip_dag.py","logger":"airflow.models.dagbag.DagBag"}
{"timestamp":"2026-01-18T19:01:45.824205","level":"info","event":"Filling up the DagBag from /home/airflow/.local/lib/python3.12/site-packages/airflow/example_dags/example_skip_dag.py","logger":"airflow.models.dagbag.DagBag"}
{"timestamp":"2026-01-18T19:02:16.045146","level":"info","event":"Filling up the DagBag from /home/airflow/.local/lib/python3.12/site-packages/airflow/example_dags/example_skip_dag.py","logger":"airflow.models.dagbag.DagBag"}
{"timestamp":"2026-01-18T19:02:46.706919","level":"info","event":"Filling up the DagBag from /home/airflow/.local/lib/python3.12/site-packages/airflow/example_dags/example_skip_dag.py","logger":"airflow.models.dagbag.DagBag"}
{"timestamp":"2026-01-18T19:03:17.390320","level":"info","event":"Filling up the DagBag from /home/airflow/.local/lib/python3.12/site-packages/airflow/example_dags/example_skip_dag.py","logger":"airflow.models.dagbag.DagBag"}
{"timestamp":"2026-01-18T19:03:48.199399","level":"info","event":"Filling up the DagBag from /home/airflow/.local/lib/python3.12/site-packages/airflow/example_dags/example_skip_dag.py","logger":"airflow.models.dagbag.DagBag"}
{"timestamp":"2026-01-18T19:04:18.688481","level":"info","event":"Filling up the DagBag from /home/airflow/.local/lib/python3.12/site-packages/airflow/example_dags/example_skip_dag.py","logger":"airflow.models.dagbag.DagBag"}
{"timestamp":"2026-01-18T19:04:49.103005","level":"info","event":"Filling up the DagBag from /home/airflow/.local/lib/python3.12/site-packages/airflow/example_dags/example_skip_dag.py","logger":"airflow.models.dagbag.DagBag"}
{"timestamp":"2026-01-18T19:05:19.542356","level":"info","event":"Filling up the DagBag from /home/airflow/.local/lib/python3.12/site-packages/airflow/example_dags/example_skip_dag.py","logger":"airflow.models.dagbag.DagBag"}
{"timestamp":"2026-01-18T19:05:50.581104","level":"info","event":"Filling up the DagBag from /home/airflow/.local/lib/python3.12/site-packages/airflow/example_dags/example_skip_dag.py","logger":"airflow.models.dagbag.DagBag"}
{"timestamp":"2026-01-18T19:06:21.816114","level":"info","event":"Filling up the DagBag from /home/airflow/.local/lib/python3.12/site-packages/airflow/example_dags/example_skip_dag.py","logger":"airflow.models.dagbag.DagBag"}
{"timestamp":"2026-01-18T19:06:52.162137","level":"info","event":"Filling up the DagBag from /home/airflow/.local/lib/python3.12/site-packages/airflow/example_dags/example_skip_dag.py","logger":"airflow.models.dagbag.DagBag"}
{"timestamp":"2026-01-18T19:07:23.004337","level":"info","event":"Filling up the DagBag from /home/airflow/.local/lib/python3.12/site-packages/airflow/example_dags/example_skip_dag.py","logger":"airflow.models.dagbag.DagBag"}
{"timestamp":"2026-01-18T19:09:02.878437","level":"info","event":"Filling up the DagBag from /home/airflow/.local/lib/python3.12/site-packages/airflow/example_dags/example_skip_dag.py","logger":"airflow.models.dagbag.DagBag"}
{"timestamp":"2026-01-18T19:09:33.602755","level":"info","event":"Filling up the DagBag from /home/airflow/.local/lib/python3.12/site-packages/airflow/example_dags/example_skip_dag.py","logger":"airflow.models.dagbag.DagBag"}
{"timestamp":"2026-01-18T19:10:04.671702","level":"info","event":"Filling up the DagBag from /home/airflow/.local/lib/python3.12/site-packages/airflow/example_dags/example_skip_dag.py","logger":"airflow.models.dagbag.DagBag"}
{"timestamp":"2026-01-18T19:10:35.286379","level":"info","event":"Filling up the DagBag from /home/airflow/.local/lib/python3.12/site-packages/airflow/example_dags/example_skip_dag.py","logger":"airflow.models.dagbag.DagBag"}
{"timestamp":"2026-01-18T19:11:05.827698","level":"info","event":"Filling up the DagBag from /home/airflow/.local/lib/python3.12/site-packages/airflow/example_dags/example_skip_dag.py","logger":"airflow.models.dagbag.DagBag"}
{"timestamp":"2026-01-18T19:12:21.373903","level":"info","event":"Filling up the DagBag from /home/airflow/.local/lib/python3.12/site-packages/airflow/example_dags/example_skip_dag.py","logger":"airflow.models.dagbag.DagBag"}
{"timestamp":"2026-01-18T19:12:52.865205","level":"info","event":"Filling up the DagBag from /home/airflow/.local/lib/python3.12/site-packages/airflow/example_dags/example_skip_dag.py","logger":"airflow.models.dagbag.DagBag"}
{"timestamp":"2026-01-18T19:13:23.434667","level":"info","event":"Filling up the DagBag from /home/airflow/.local/lib/python3.12/site-packages/airflow/example_dags/example_skip_dag.py","logger":"airflow.models.dagbag.DagBag"}
{"timestamp":"2026-01-18T19:19:32.853142","level":"info","event":"Filling up the DagBag from /home/airflow/.local/lib/python3.12/site-packages/airflow/example_dags/example_skip_dag.py","logger":"airflow.models.dagbag.DagBag"}
{"timestamp":"2026-01-18T19:20:19.645821","level":"info","event":"Filling up the DagBag from /home/airflow/.local/lib/python3.12/site-packages/airflow/example_dags/example_skip_dag.py","logger":"airflow.models.dagbag.DagBag"}
{"timestamp":"2026-01-18T19:21:28.896144","level":"info","event":"Filling up the DagBag from /home/airflow/.local/lib/python3.12/site-packages/airflow/example_dags/example_skip_dag.py","logger":"airflow.models.dagbag.DagBag"}
{"timestamp":"2026-01-18T19:22:49.279429","level":"info","event":"Filling up the DagBag from /home/airflow/.local/lib/python3.12/site-packages/airflow/example_dags/example_skip_dag.py","logger":"airflow.models.dagbag.DagBag"}
{"timestamp":"2026-01-18T19:24:11.527970","level":"info","event":"Filling up the DagBag from /home/airflow/.local/lib/python3.12/site-packages/airflow/example_dags/example_skip_dag.py","logger":"airflow.models.dagbag.DagBag"}
{"timestamp":"2026-01-18T19:25:05.870798","level":"info","event":"Filling up the DagBag from /home/airflow/.local/lib/python3.12/site-packages/airflow/example_dags/example_skip_dag.py","logger":"airflow.models.dagbag.DagBag"}
{"timestamp":"2026-01-18T22:29:57.312836","level":"info","event":"Filling up the DagBag from /home/airflow/.local/lib/python3.12/site-packages/airflow/example_dags/example_skip_dag.py","logger":"airflow.models.dagbag.DagBag"}
