{"timestamp":"2026-01-18T16:09:52.072170","level":"info","event":"Filling up the DagBag from /home/airflow/.local/lib/python3.12/site-packages/airflow/example_dags/example_params_ui_tutorial.py","logger":"airflow.models.dagbag.DagBag"}
{"timestamp":"2026-01-18T16:10:23.146014","level":"info","event":"Filling up the DagBag from /home/airflow/.local/lib/python3.12/site-packages/airflow/example_dags/example_params_ui_tutorial.py","logger":"airflow.models.dagbag.DagBag"}
{"timestamp":"2026-01-18T16:12:24.899908","level":"info","event":"Filling up the DagBag from /home/airflow/.local/lib/python3.12/site-packages/airflow/example_dags/example_params_ui_tutorial.py","logger":"airflow.models.dagbag.DagBag"}
{"timestamp":"2026-01-18T16:13:34.115150","level":"info","event":"Filling up the DagBag from /home/airflow/.local/lib/python3.12/site-packages/airflow/example_dags/example_params_ui_tutorial.py","logger":"airflow.models.dagbag.DagBag"}
{"timestamp":"2026-01-18T16:14:08.809272","level":"info","event":"Filling up the DagBag from /home/airflow/.local/lib/python3.12/site-packages/airflow/example_dags/example_params_ui_tutorial.py","logger":"airflow.models.dagbag.DagBag"}
{"timestamp":"2026-01-18T16:15:14.423407","level":"info","event":"Filling up the DagBag from /home/airflow/.local/lib/python3.12/site-packages/airflow/example_dags/example_params_ui_tutorial.py","logger":"airflow.models.dagbag.DagBag"}
{"timestamp":"2026-01-18T16:15:45.099064","level":"info","event":"Filling up the DagBag from /home/airflow/.local/lib/python3.12/site-packages/airflow/example_dags/example_params_ui_tutorial.py","logger":"airflow.models.dagbag.DagBag"}
{"timestamp":"2026-01-18T16:16:15.359270","level":"info","event":"Filling up the DagBag from /home/airflow/.local/lib/python3.12/site-packages/airflow/example_dags/example_params_ui_tutorial.py","logger":"airflow.models.dagbag.DagBag"}
{"timestamp":"2026-01-18T16:16:45.615033","level":"info","event":"Filling up the DagBag from /home/airflow/.local/lib/python3.12/site-packages/airflow/example_dags/example_params_ui_tutorial.py","logger":"airflow.models.dagbag.DagBag"}
{"timestamp":"2026-01-18T16:17:16.422361","level":"info","event":"Filling up the DagBag from /home/airflow/.local/lib/python3.12/site-packages/airflow/example_dags/example_params_ui_tutorial.py","logger":"airflow.models.dagbag.DagBag"}
{"timestamp":"2026-01-18T16:17:46.662312","level":"info","event":"Filling up the DagBag from /home/airflow/.local/lib/python3.12/site-packages/airflow/example_dags/example_params_ui_tutorial.py","logger":"airflow.models.dagbag.DagBag"}
{"timestamp":"2026-01-18T16:18:17.587752","level":"info","event":"Filling up the DagBag from /home/airflow/.local/lib/python3.12/site-packages/airflow/example_dags/example_params_ui_tutorial.py","logger":"airflow.models.dagbag.DagBag"}
{"timestamp":"2026-01-18T16:18:48.653998","level":"info","event":"Filling up the DagBag from /home/airflow/.local/lib/python3.12/site-packages/airflow/example_dags/example_params_ui_tutorial.py","logger":"airflow.models.dagbag.DagBag"}
{"timestamp":"2026-01-18T16:19:20.567996","level":"info","event":"Filling up the DagBag from /home/airflow/.local/lib/python3.12/site-packages/airflow/example_dags/example_params_ui_tutorial.py","logger":"airflow.models.dagbag.DagBag"}
{"timestamp":"2026-01-18T16:19:51.507302","level":"info","event":"Filling up the DagBag from /home/airflow/.local/lib/python3.12/site-packages/airflow/example_dags/example_params_ui_tutorial.py","logger":"airflow.models.dagbag.DagBag"}
{"timestamp":"2026-01-18T16:20:22.031569","level":"info","event":"Filling up the DagBag from /home/airflow/.local/lib/python3.12/site-packages/airflow/example_dags/example_params_ui_tutorial.py","logger":"airflow.models.dagbag.DagBag"}
{"timestamp":"2026-01-18T16:20:52.252305","level":"info","event":"Filling up the DagBag from /home/airflow/.local/lib/python3.12/site-packages/airflow/example_dags/example_params_ui_tutorial.py","logger":"airflow.models.dagbag.DagBag"}
{"timestamp":"2026-01-18T16:21:22.698571","level":"info","event":"Filling up the DagBag from /home/airflow/.local/lib/python3.12/site-packages/airflow/example_dags/example_params_ui_tutorial.py","logger":"airflow.models.dagbag.DagBag"}
{"timestamp":"2026-01-18T16:21:54.289074","level":"info","event":"Filling up the DagBag from /home/airflow/.local/lib/python3.12/site-packages/airflow/example_dags/example_params_ui_tutorial.py","logger":"airflow.models.dagbag.DagBag"}
{"timestamp":"2026-01-18T16:22:25.192707","level":"info","event":"Filling up the DagBag from /home/airflow/.local/lib/python3.12/site-packages/airflow/example_dags/example_params_ui_tutorial.py","logger":"airflow.models.dagbag.DagBag"}
{"timestamp":"2026-01-18T16:33:52.348667","level":"info","event":"Filling up the DagBag from /home/airflow/.local/lib/python3.12/site-packages/airflow/example_dags/example_params_ui_tutorial.py","logger":"airflow.models.dagbag.DagBag"}
{"timestamp":"2026-01-18T16:36:16.825111","level":"info","event":"Filling up the DagBag from /home/airflow/.local/lib/python3.12/site-packages/airflow/example_dags/example_params_ui_tutorial.py","logger":"airflow.models.dagbag.DagBag"}
{"timestamp":"2026-01-18T16:36:17.436338Z","level":"critical","event":"Process terminated by signal. For more information, see https://airflow.apache.org/docs/apache-airflow/stable/troubleshooting.html#TaskRunner-killed","signal":-9,"signal_name":"SIGKILL","logger":"processor"}
{"timestamp":"2026-01-18T16:37:10.192519","level":"info","event":"Filling up the DagBag from /home/airflow/.local/lib/python3.12/site-packages/airflow/example_dags/example_params_ui_tutorial.py","logger":"airflow.models.dagbag.DagBag"}
{"timestamp":"2026-01-18T16:37:41.060900","level":"info","event":"Filling up the DagBag from /home/airflow/.local/lib/python3.12/site-packages/airflow/example_dags/example_params_ui_tutorial.py","logger":"airflow.models.dagbag.DagBag"}
{"timestamp":"2026-01-18T16:38:12.170292","level":"info","event":"Filling up the DagBag from /home/airflow/.local/lib/python3.12/site-packages/airflow/example_dags/example_params_ui_tutorial.py","logger":"airflow.models.dagbag.DagBag"}
{"timestamp":"2026-01-18T16:38:43.250515","level":"info","event":"Filling up the DagBag from /home/airflow/.local/lib/python3.12/site-packages/airflow/example_dags/example_params_ui_tutorial.py","logger":"airflow.models.dagbag.DagBag"}
{"timestamp":"2026-01-18T16:40:10.516247","level":"info","event":"Filling up the DagBag from /home/airflow/.local/lib/python3.12/site-packages/airflow/example_dags/example_params_ui_tutorial.py","logger":"airflow.models.dagbag.DagBag"}
{"timestamp":"2026-01-18T16:40:40.808775","level":"info","event":"Filling up the DagBag from /home/airflow/.local/lib/python3.12/site-packages/airflow/example_dags/example_params_ui_tutorial.py","logger":"airflow.models.dagbag.DagBag"}
{"timestamp":"2026-01-18T16:41:11.157607","level":"info","event":"Filling up the DagBag from /home/airflow/.local/lib/python3.12/site-packages/airflow/example_dags/example_params_ui_tutorial.py","logger":"airflow.models.dagbag.DagBag"}
{"timestamp":"2026-01-18T16:41:42.163167","level":"info","event":"Filling up the DagBag from /home/airflow/.local/lib/python3.12/site-packages/airflow/example_dags/example_params_ui_tutorial.py","logger":"airflow.models.dagbag.DagBag"}
{"timestamp":"2026-01-18T16:42:12.330224","level":"info","event":"Filling up the DagBag from /home/airflow/.local/lib/python3.12/site-packages/airflow/example_dags/example_params_ui_tutorial.py","logger":"airflow.models.dagbag.DagBag"}
{"timestamp":"2026-01-18T16:42:42.889978","level":"info","event":"Filling up the DagBag from /home/airflow/.local/lib/python3.12/site-packages/airflow/example_dags/example_params_ui_tutorial.py","logger":"airflow.models.dagbag.DagBag"}
{"timestamp":"2026-01-18T16:43:13.091888","level":"info","event":"Filling up the DagBag from /home/airflow/.local/lib/python3.12/site-packages/airflow/example_dags/example_params_ui_tutorial.py","logger":"airflow.models.dagbag.DagBag"}
{"timestamp":"2026-01-18T16:43:43.334523","level":"info","event":"Filling up the DagBag from /home/airflow/.local/lib/python3.12/site-packages/airflow/example_dags/example_params_ui_tutorial.py","logger":"airflow.models.dagbag.DagBag"}
{"timestamp":"2026-01-18T16:44:13.532630","level":"info","event":"Filling up the DagBag from /home/airflow/.local/lib/python3.12/site-packages/airflow/example_dags/example_params_ui_tutorial.py","logger":"airflow.models.dagbag.DagBag"}
{"timestamp":"2026-01-18T16:44:44.786533","level":"info","event":"Filling up the DagBag from /home/airflow/.local/lib/python3.12/site-packages/airflow/example_dags/example_params_ui_tutorial.py","logger":"airflow.models.dagbag.DagBag"}
{"timestamp":"2026-01-18T16:45:15.300830","level":"info","event":"Filling up the DagBag from /home/airflow/.local/lib/python3.12/site-packages/airflow/example_dags/example_params_ui_tutorial.py","logger":"airflow.models.dagbag.DagBag"}
{"timestamp":"2026-01-18T16:45:46.167882","level":"info","event":"Filling up the DagBag from /home/airflow/.local/lib/python3.12/site-packages/airflow/example_dags/example_params_ui_tutorial.py","logger":"airflow.models.dagbag.DagBag"}
{"timestamp":"2026-01-18T16:47:05.151149","level":"info","event":"Filling up the DagBag from /home/airflow/.local/lib/python3.12/site-packages/airflow/example_dags/example_params_ui_tutorial.py","logger":"airflow.models.dagbag.DagBag"}
{"timestamp":"2026-01-18T16:47:35.854845","level":"info","event":"Filling up the DagBag from /home/airflow/.local/lib/python3.12/site-packages/airflow/example_dags/example_params_ui_tutorial.py","logger":"airflow.models.dagbag.DagBag"}
{"timestamp":"2026-01-18T16:49:52.800130","level":"info","event":"Filling up the DagBag from /home/airflow/.local/lib/python3.12/site-packages/airflow/example_dags/example_params_ui_tutorial.py","logger":"airflow.models.dagbag.DagBag"}
{"timestamp":"2026-01-18T16:51:00.073950","level":"info","event":"Filling up the DagBag from /home/airflow/.local/lib/python3.12/site-packages/airflow/example_dags/example_params_ui_tutorial.py","logger":"airflow.models.dagbag.DagBag"}
{"timestamp":"2026-01-18T16:51:30.452733","level":"info","event":"Filling up the DagBag from /home/airflow/.local/lib/python3.12/site-packages/airflow/example_dags/example_params_ui_tutorial.py","logger":"airflow.models.dagbag.DagBag"}
{"timestamp":"2026-01-18T16:52:04.125245","level":"info","event":"Filling up the DagBag from /home/airflow/.local/lib/python3.12/site-packages/airflow/example_dags/example_params_ui_tutorial.py","logger":"airflow.models.dagbag.DagBag"}
{"timestamp":"2026-01-18T16:52:36.180644","level":"info","event":"Filling up the DagBag from /home/airflow/.local/lib/python3.12/site-packages/airflow/example_dags/example_params_ui_tutorial.py","logger":"airflow.models.dagbag.DagBag"}
{"timestamp":"2026-01-18T16:53:35.030210","level":"info","event":"Filling up the DagBag from /home/airflow/.local/lib/python3.12/site-packages/airflow/example_dags/example_params_ui_tutorial.py","logger":"airflow.models.dagbag.DagBag"}
{"timestamp":"2026-01-18T16:54:05.408083","level":"info","event":"Filling up the DagBag from /home/airflow/.local/lib/python3.12/site-packages/airflow/example_dags/example_params_ui_tutorial.py","logger":"airflow.models.dagbag.DagBag"}
{"timestamp":"2026-01-18T16:54:35.634285","level":"info","event":"Filling up the DagBag from /home/airflow/.local/lib/python3.12/site-packages/airflow/example_dags/example_params_ui_tutorial.py","logger":"airflow.models.dagbag.DagBag"}
{"timestamp":"2026-01-18T16:56:08.178443","level":"info","event":"Filling up the DagBag from /home/airflow/.local/lib/python3.12/site-packages/airflow/example_dags/example_params_ui_tutorial.py","logger":"airflow.models.dagbag.DagBag"}
{"timestamp":"2026-01-18T16:56:38.894933","level":"info","event":"Filling up the DagBag from /home/airflow/.local/lib/python3.12/site-packages/airflow/example_dags/example_params_ui_tutorial.py","logger":"airflow.models.dagbag.DagBag"}
{"timestamp":"2026-01-18T17:49:40.951459","level":"info","event":"Filling up the DagBag from /home/airflow/.local/lib/python3.12/site-packages/airflow/example_dags/example_params_ui_tutorial.py","logger":"airflow.models.dagbag.DagBag"}
{"timestamp":"2026-01-18T17:50:12.831087","level":"info","event":"Filling up the DagBag from /home/airflow/.local/lib/python3.12/site-packages/airflow/example_dags/example_params_ui_tutorial.py","logger":"airflow.models.dagbag.DagBag"}
{"timestamp":"2026-01-18T17:50:43.161113","level":"info","event":"Filling up the DagBag from /home/airflow/.local/lib/python3.12/site-packages/airflow/example_dags/example_params_ui_tutorial.py","logger":"airflow.models.dagbag.DagBag"}
{"timestamp":"2026-01-18T17:51:14.225234","level":"info","event":"Filling up the DagBag from /home/airflow/.local/lib/python3.12/site-packages/airflow/example_dags/example_params_ui_tutorial.py","logger":"airflow.models.dagbag.DagBag"}
{"timestamp":"2026-01-18T17:51:45.286589","level":"info","event":"Filling up the DagBag from /home/airflow/.local/lib/python3.12/site-packages/airflow/example_dags/example_params_ui_tutorial.py","logger":"airflow.models.dagbag.DagBag"}
{"timestamp":"2026-01-18T17:52:16.373913","level":"info","event":"Filling up the DagBag from /home/airflow/.local/lib/python3.12/site-packages/airflow/example_dags/example_params_ui_tutorial.py","logger":"airflow.models.dagbag.DagBag"}
{"timestamp":"2026-01-18T17:52:47.043934","level":"info","event":"Filling up the DagBag from /home/airflow/.local/lib/python3.12/site-packages/airflow/example_dags/example_params_ui_tutorial.py","logger":"airflow.models.dagbag.DagBag"}
{"timestamp":"2026-01-18T17:53:17.390213","level":"info","event":"Filling up the DagBag from /home/airflow/.local/lib/python3.12/site-packages/airflow/example_dags/example_params_ui_tutorial.py","logger":"airflow.models.dagbag.DagBag"}
{"timestamp":"2026-01-18T17:53:48.095485","level":"info","event":"Filling up the DagBag from /home/airflow/.local/lib/python3.12/site-packages/airflow/example_dags/example_params_ui_tutorial.py","logger":"airflow.models.dagbag.DagBag"}
{"timestamp":"2026-01-18T17:54:18.476541","level":"info","event":"Filling up the DagBag from /home/airflow/.local/lib/python3.12/site-packages/airflow/example_dags/example_params_ui_tutorial.py","logger":"airflow.models.dagbag.DagBag"}
{"timestamp":"2026-01-18T17:54:49.364482","level":"info","event":"Filling up the DagBag from /home/airflow/.local/lib/python3.12/site-packages/airflow/example_dags/example_params_ui_tutorial.py","logger":"airflow.models.dagbag.DagBag"}
{"timestamp":"2026-01-18T17:55:19.763934","level":"info","event":"Filling up the DagBag from /home/airflow/.local/lib/python3.12/site-packages/airflow/example_dags/example_params_ui_tutorial.py","logger":"airflow.models.dagbag.DagBag"}
{"timestamp":"2026-01-18T17:55:50.128981","level":"info","event":"Filling up the DagBag from /home/airflow/.local/lib/python3.12/site-packages/airflow/example_dags/example_params_ui_tutorial.py","logger":"airflow.models.dagbag.DagBag"}
{"timestamp":"2026-01-18T17:56:20.517235","level":"info","event":"Filling up the DagBag from /home/airflow/.local/lib/python3.12/site-packages/airflow/example_dags/example_params_ui_tutorial.py","logger":"airflow.models.dagbag.DagBag"}
{"timestamp":"2026-01-18T17:56:51.220402","level":"info","event":"Filling up the DagBag from /home/airflow/.local/lib/python3.12/site-packages/airflow/example_dags/example_params_ui_tutorial.py","logger":"airflow.models.dagbag.DagBag"}
{"timestamp":"2026-01-18T17:57:21.966860","level":"info","event":"Filling up the DagBag from /home/airflow/.local/lib/python3.12/site-packages/airflow/example_dags/example_params_ui_tutorial.py","logger":"airflow.models.dagbag.DagBag"}
{"timestamp":"2026-01-18T17:57:52.624049","level":"info","event":"Filling up the DagBag from /home/airflow/.local/lib/python3.12/site-packages/airflow/example_dags/example_params_ui_tutorial.py","logger":"airflow.models.dagbag.DagBag"}
{"timestamp":"2026-01-18T17:58:48.875939","level":"info","event":"Filling up the DagBag from /home/airflow/.local/lib/python3.12/site-packages/airflow/example_dags/example_params_ui_tutorial.py","logger":"airflow.models.dagbag.DagBag"}
{"timestamp":"2026-01-18T17:59:19.516862","level":"info","event":"Filling up the DagBag from /home/airflow/.local/lib/python3.12/site-packages/airflow/example_dags/example_params_ui_tutorial.py","logger":"airflow.models.dagbag.DagBag"}
{"timestamp":"2026-01-18T17:59:50.632952","level":"info","event":"Filling up the DagBag from /home/airflow/.local/lib/python3.12/site-packages/airflow/example_dags/example_params_ui_tutorial.py","logger":"airflow.models.dagbag.DagBag"}
{"timestamp":"2026-01-18T18:00:21.485911","level":"info","event":"Filling up the DagBag from /home/airflow/.local/lib/python3.12/site-packages/airflow/example_dags/example_params_ui_tutorial.py","logger":"airflow.models.dagbag.DagBag"}
{"timestamp":"2026-01-18T18:00:52.287782","level":"info","event":"Filling up the DagBag from /home/airflow/.local/lib/python3.12/site-packages/airflow/example_dags/example_params_ui_tutorial.py","logger":"airflow.models.dagbag.DagBag"}
{"timestamp":"2026-01-18T18:01:22.862322","level":"info","event":"Filling up the DagBag from /home/airflow/.local/lib/python3.12/site-packages/airflow/example_dags/example_params_ui_tutorial.py","logger":"airflow.models.dagbag.DagBag"}
{"timestamp":"2026-01-18T18:01:53.761421","level":"info","event":"Filling up the DagBag from /home/airflow/.local/lib/python3.12/site-packages/airflow/example_dags/example_params_ui_tutorial.py","logger":"airflow.models.dagbag.DagBag"}
{"timestamp":"2026-01-18T18:02:24.934250","level":"info","event":"Filling up the DagBag from /home/airflow/.local/lib/python3.12/site-packages/airflow/example_dags/example_params_ui_tutorial.py","logger":"airflow.models.dagbag.DagBag"}
{"timestamp":"2026-01-18T18:02:55.660394","level":"info","event":"Filling up the DagBag from /home/airflow/.local/lib/python3.12/site-packages/airflow/example_dags/example_params_ui_tutorial.py","logger":"airflow.models.dagbag.DagBag"}
{"timestamp":"2026-01-18T18:03:31.632027","level":"info","event":"Filling up the DagBag from /home/airflow/.local/lib/python3.12/site-packages/airflow/example_dags/example_params_ui_tutorial.py","logger":"airflow.models.dagbag.DagBag"}
{"timestamp":"2026-01-18T18:04:03.503266","level":"info","event":"Filling up the DagBag from /home/airflow/.local/lib/python3.12/site-packages/airflow/example_dags/example_params_ui_tutorial.py","logger":"airflow.models.dagbag.DagBag"}
{"timestamp":"2026-01-18T18:04:52.219137","level":"info","event":"Filling up the DagBag from /home/airflow/.local/lib/python3.12/site-packages/airflow/example_dags/example_params_ui_tutorial.py","logger":"airflow.models.dagbag.DagBag"}
{"timestamp":"2026-01-18T18:05:34.492658","level":"info","event":"Filling up the DagBag from /home/airflow/.local/lib/python3.12/site-packages/airflow/example_dags/example_params_ui_tutorial.py","logger":"airflow.models.dagbag.DagBag"}
{"timestamp":"2026-01-18T18:06:04.963142","level":"info","event":"Filling up the DagBag from /home/airflow/.local/lib/python3.12/site-packages/airflow/example_dags/example_params_ui_tutorial.py","logger":"airflow.models.dagbag.DagBag"}
{"timestamp":"2026-01-18T18:06:47.454667","level":"info","event":"Filling up the DagBag from /home/airflow/.local/lib/python3.12/site-packages/airflow/example_dags/example_params_ui_tutorial.py","logger":"airflow.models.dagbag.DagBag"}
{"timestamp":"2026-01-18T18:07:44.804419","level":"info","event":"Filling up the DagBag from /home/airflow/.local/lib/python3.12/site-packages/airflow/example_dags/example_params_ui_tutorial.py","logger":"airflow.models.dagbag.DagBag"}
{"timestamp":"2026-01-18T18:08:15.270188","level":"info","event":"Filling up the DagBag from /home/airflow/.local/lib/python3.12/site-packages/airflow/example_dags/example_params_ui_tutorial.py","logger":"airflow.models.dagbag.DagBag"}
{"timestamp":"2026-01-18T18:08:45.861465","level":"info","event":"Filling up the DagBag from /home/airflow/.local/lib/python3.12/site-packages/airflow/example_dags/example_params_ui_tutorial.py","logger":"airflow.models.dagbag.DagBag"}
{"timestamp":"2026-01-18T18:09:16.950600","level":"info","event":"Filling up the DagBag from /home/airflow/.local/lib/python3.12/site-packages/airflow/example_dags/example_params_ui_tutorial.py","logger":"airflow.models.dagbag.DagBag"}
{"timestamp":"2026-01-18T18:09:48.043194","level":"info","event":"Filling up the DagBag from /home/airflow/.local/lib/python3.12/site-packages/airflow/example_dags/example_params_ui_tutorial.py","logger":"airflow.models.dagbag.DagBag"}
{"timestamp":"2026-01-18T18:11:12.546085","level":"info","event":"Filling up the DagBag from /home/airflow/.local/lib/python3.12/site-packages/airflow/example_dags/example_params_ui_tutorial.py","logger":"airflow.models.dagbag.DagBag"}
{"timestamp":"2026-01-18T18:11:53.200819","level":"error","event":"Process timed out, PID: 1857","logger":"airflow.utils.timeout.TimeoutPosix"}
{"timestamp":"2026-01-18T18:12:03.736188","level":"error","event":"Failed to import: /home/airflow/.local/lib/python3.12/site-packages/airflow/example_dags/example_params_ui_tutorial.py","logger":"airflow.models.dagbag.DagBag","error_detail":[{"exc_type":"AirflowTaskTimeout","exc_value":"DagBag import timeout for /home/airflow/.local/lib/python3.12/site-packages/airflow/example_dags/example_params_ui_tutorial.py after 30.0s.\nPlease take a look at these docs to improve your DAG import time:\n* https://airflow.apache.org/docs/apache-airflow/3.0.1/best-practices.html#top-level-python-code\n* https://airflow.apache.org/docs/apache-airflow/3.0.1/best-practices.html#reducing-dag-complexity, PID: 1857","exc_notes":[],"syntax_error":null,"is_cause":false,"frames":[{"filename":"/home/airflow/.local/lib/python3.12/site-packages/airflow/models/dagbag.py","lineno":382,"name":"parse"},{"filename":"<frozen importlib._bootstrap_external>","lineno":999,"name":"exec_module"},{"filename":"<frozen importlib._bootstrap>","lineno":488,"name":"_call_with_frames_removed"},{"filename":"/home/airflow/.local/lib/python3.12/site-packages/airflow/example_dags/example_params_ui_tutorial.py","lineno":30,"name":"<module>"},{"filename":"<frozen importlib._bootstrap>","lineno":1412,"name":"_handle_fromlist"},{"filename":"/home/airflow/.local/lib/python3.12/site-packages/airflow/sdk/__init__.py","lineno":121,"name":"__getattr__"},{"filename":"/usr/local/lib/python3.12/importlib/__init__.py","lineno":90,"name":"import_module"},{"filename":"/home/airflow/.local/lib/python3.12/site-packages/airflow/sdk/definitions/decorators/__init__.py","lineno":22,"name":"<module>"},{"filename":"/home/airflow/.local/lib/python3.12/site-packages/airflow/sdk/bases/decorator.py","lineno":552,"name":"<module>"},{"filename":"/home/airflow/.local/lib/python3.12/site-packages/attr/_next_gen.py","lineno":400,"name":"wrap"},{"filename":"/home/airflow/.local/lib/python3.12/site-packages/attr/_next_gen.py","lineno":346,"name":"do_it"},{"filename":"/home/airflow/.local/lib/python3.12/site-packages/attr/_make.py","lineno":1528,"name":"attrs"},{"filename":"/home/airflow/.local/lib/python3.12/site-packages/attr/_make.py","lineno":1521,"name":"wrap"},{"filename":"/home/airflow/.local/lib/python3.12/site-packages/attr/_make.py","lineno":784,"name":"build_class"},{"filename":"/home/airflow/.local/lib/python3.12/site-packages/attr/_make.py","lineno":769,"name":"_eval_snippets"},{"filename":"/home/airflow/.local/lib/python3.12/site-packages/attr/_make.py","lineno":256,"name":"_linecache_and_compile"},{"filename":"/home/airflow/.local/lib/python3.12/site-packages/attr/_make.py","lineno":222,"name":"_compile_and_eval"},{"filename":"/home/airflow/.local/lib/python3.12/site-packages/airflow/utils/timeout.py","lineno":69,"name":"handle_timeout"}]}]}
{"timestamp":"2026-01-18T18:12:34.626312","level":"info","event":"Filling up the DagBag from /home/airflow/.local/lib/python3.12/site-packages/airflow/example_dags/example_params_ui_tutorial.py","logger":"airflow.models.dagbag.DagBag"}
{"timestamp":"2026-01-18T18:13:05.265436","level":"info","event":"Filling up the DagBag from /home/airflow/.local/lib/python3.12/site-packages/airflow/example_dags/example_params_ui_tutorial.py","logger":"airflow.models.dagbag.DagBag"}
{"timestamp":"2026-01-18T18:14:35.369658","level":"info","event":"Filling up the DagBag from /home/airflow/.local/lib/python3.12/site-packages/airflow/example_dags/example_params_ui_tutorial.py","logger":"airflow.models.dagbag.DagBag"}
{"timestamp":"2026-01-18T18:15:06.014117","level":"info","event":"Filling up the DagBag from /home/airflow/.local/lib/python3.12/site-packages/airflow/example_dags/example_params_ui_tutorial.py","logger":"airflow.models.dagbag.DagBag"}
{"timestamp":"2026-01-18T18:15:42.991687","level":"info","event":"Filling up the DagBag from /home/airflow/.local/lib/python3.12/site-packages/airflow/example_dags/example_params_ui_tutorial.py","logger":"airflow.models.dagbag.DagBag"}
{"timestamp":"2026-01-18T18:16:13.351930","level":"info","event":"Filling up the DagBag from /home/airflow/.local/lib/python3.12/site-packages/airflow/example_dags/example_params_ui_tutorial.py","logger":"airflow.models.dagbag.DagBag"}
{"timestamp":"2026-01-18T18:17:02.680203","level":"info","event":"Filling up the DagBag from /home/airflow/.local/lib/python3.12/site-packages/airflow/example_dags/example_params_ui_tutorial.py","logger":"airflow.models.dagbag.DagBag"}
{"timestamp":"2026-01-18T18:17:33.140002","level":"info","event":"Filling up the DagBag from /home/airflow/.local/lib/python3.12/site-packages/airflow/example_dags/example_params_ui_tutorial.py","logger":"airflow.models.dagbag.DagBag"}
{"timestamp":"2026-01-18T18:18:33.589908","level":"info","event":"Filling up the DagBag from /home/airflow/.local/lib/python3.12/site-packages/airflow/example_dags/example_params_ui_tutorial.py","logger":"airflow.models.dagbag.DagBag"}
{"timestamp":"2026-01-18T18:19:04.167148","level":"info","event":"Filling up the DagBag from /home/airflow/.local/lib/python3.12/site-packages/airflow/example_dags/example_params_ui_tutorial.py","logger":"airflow.models.dagbag.DagBag"}
{"timestamp":"2026-01-18T18:20:05.589691","level":"info","event":"Filling up the DagBag from /home/airflow/.local/lib/python3.12/site-packages/airflow/example_dags/example_params_ui_tutorial.py","logger":"airflow.models.dagbag.DagBag"}
{"timestamp":"2026-01-18T18:20:36.524328","level":"info","event":"Filling up the DagBag from /home/airflow/.local/lib/python3.12/site-packages/airflow/example_dags/example_params_ui_tutorial.py","logger":"airflow.models.dagbag.DagBag"}
{"timestamp":"2026-01-18T18:21:07.868330","level":"info","event":"Filling up the DagBag from /home/airflow/.local/lib/python3.12/site-packages/airflow/example_dags/example_params_ui_tutorial.py","logger":"airflow.models.dagbag.DagBag"}
{"timestamp":"2026-01-18T18:21:38.092500","level":"info","event":"Filling up the DagBag from /home/airflow/.local/lib/python3.12/site-packages/airflow/example_dags/example_params_ui_tutorial.py","logger":"airflow.models.dagbag.DagBag"}
{"timestamp":"2026-01-18T18:22:08.806636","level":"info","event":"Filling up the DagBag from /home/airflow/.local/lib/python3.12/site-packages/airflow/example_dags/example_params_ui_tutorial.py","logger":"airflow.models.dagbag.DagBag"}
{"timestamp":"2026-01-18T18:23:52.316340","level":"info","event":"Filling up the DagBag from /home/airflow/.local/lib/python3.12/site-packages/airflow/example_dags/example_params_ui_tutorial.py","logger":"airflow.models.dagbag.DagBag"}
{"timestamp":"2026-01-18T18:24:23.222016","level":"info","event":"Filling up the DagBag from /home/airflow/.local/lib/python3.12/site-packages/airflow/example_dags/example_params_ui_tutorial.py","logger":"airflow.models.dagbag.DagBag"}
{"timestamp":"2026-01-18T18:24:53.908759","level":"info","event":"Filling up the DagBag from /home/airflow/.local/lib/python3.12/site-packages/airflow/example_dags/example_params_ui_tutorial.py","logger":"airflow.models.dagbag.DagBag"}
{"timestamp":"2026-01-18T18:25:24.249986","level":"info","event":"Filling up the DagBag from /home/airflow/.local/lib/python3.12/site-packages/airflow/example_dags/example_params_ui_tutorial.py","logger":"airflow.models.dagbag.DagBag"}
{"timestamp":"2026-01-18T18:25:54.635105","level":"info","event":"Filling up the DagBag from /home/airflow/.local/lib/python3.12/site-packages/airflow/example_dags/example_params_ui_tutorial.py","logger":"airflow.models.dagbag.DagBag"}
{"timestamp":"2026-01-18T18:26:24.998358","level":"info","event":"Filling up the DagBag from /home/airflow/.local/lib/python3.12/site-packages/airflow/example_dags/example_params_ui_tutorial.py","logger":"airflow.models.dagbag.DagBag"}
{"timestamp":"2026-01-18T18:26:55.359457","level":"info","event":"Filling up the DagBag from /home/airflow/.local/lib/python3.12/site-packages/airflow/example_dags/example_params_ui_tutorial.py","logger":"airflow.models.dagbag.DagBag"}
{"timestamp":"2026-01-18T18:27:26.542621","level":"info","event":"Filling up the DagBag from /home/airflow/.local/lib/python3.12/site-packages/airflow/example_dags/example_params_ui_tutorial.py","logger":"airflow.models.dagbag.DagBag"}
{"timestamp":"2026-01-18T18:27:57.166936","level":"info","event":"Filling up the DagBag from /home/airflow/.local/lib/python3.12/site-packages/airflow/example_dags/example_params_ui_tutorial.py","logger":"airflow.models.dagbag.DagBag"}
{"timestamp":"2026-01-18T18:28:27.445886","level":"info","event":"Filling up the DagBag from /home/airflow/.local/lib/python3.12/site-packages/airflow/example_dags/example_params_ui_tutorial.py","logger":"airflow.models.dagbag.DagBag"}
{"timestamp":"2026-01-18T18:28:58.609546","level":"info","event":"Filling up the DagBag from /home/airflow/.local/lib/python3.12/site-packages/airflow/example_dags/example_params_ui_tutorial.py","logger":"airflow.models.dagbag.DagBag"}
{"timestamp":"2026-01-18T18:29:29.177832","level":"info","event":"Filling up the DagBag from /home/airflow/.local/lib/python3.12/site-packages/airflow/example_dags/example_params_ui_tutorial.py","logger":"airflow.models.dagbag.DagBag"}
{"timestamp":"2026-01-18T18:29:59.435849","level":"info","event":"Filling up the DagBag from /home/airflow/.local/lib/python3.12/site-packages/airflow/example_dags/example_params_ui_tutorial.py","logger":"airflow.models.dagbag.DagBag"}
{"timestamp":"2026-01-18T18:30:30.510284","level":"info","event":"Filling up the DagBag from /home/airflow/.local/lib/python3.12/site-packages/airflow/example_dags/example_params_ui_tutorial.py","logger":"airflow.models.dagbag.DagBag"}
{"timestamp":"2026-01-18T18:31:16.495975","level":"info","event":"Filling up the DagBag from /home/airflow/.local/lib/python3.12/site-packages/airflow/example_dags/example_params_ui_tutorial.py","logger":"airflow.models.dagbag.DagBag"}
{"timestamp":"2026-01-18T18:31:46.930325","level":"info","event":"Filling up the DagBag from /home/airflow/.local/lib/python3.12/site-packages/airflow/example_dags/example_params_ui_tutorial.py","logger":"airflow.models.dagbag.DagBag"}
{"timestamp":"2026-01-18T18:32:17.216047","level":"info","event":"Filling up the DagBag from /home/airflow/.local/lib/python3.12/site-packages/airflow/example_dags/example_params_ui_tutorial.py","logger":"airflow.models.dagbag.DagBag"}
{"timestamp":"2026-01-18T18:32:47.770407","level":"info","event":"Filling up the DagBag from /home/airflow/.local/lib/python3.12/site-packages/airflow/example_dags/example_params_ui_tutorial.py","logger":"airflow.models.dagbag.DagBag"}
{"timestamp":"2026-01-18T18:34:21.267836","level":"info","event":"Filling up the DagBag from /home/airflow/.local/lib/python3.12/site-packages/airflow/example_dags/example_params_ui_tutorial.py","logger":"airflow.models.dagbag.DagBag"}
{"timestamp":"2026-01-18T18:34:51.524550","level":"info","event":"Filling up the DagBag from /home/airflow/.local/lib/python3.12/site-packages/airflow/example_dags/example_params_ui_tutorial.py","logger":"airflow.models.dagbag.DagBag"}
{"timestamp":"2026-01-18T18:35:37.957094","level":"info","event":"Filling up the DagBag from /home/airflow/.local/lib/python3.12/site-packages/airflow/example_dags/example_params_ui_tutorial.py","logger":"airflow.models.dagbag.DagBag"}
{"timestamp":"2026-01-18T18:36:08.493843","level":"info","event":"Filling up the DagBag from /home/airflow/.local/lib/python3.12/site-packages/airflow/example_dags/example_params_ui_tutorial.py","logger":"airflow.models.dagbag.DagBag"}
{"timestamp":"2026-01-18T18:38:04.612965","level":"info","event":"Filling up the DagBag from /home/airflow/.local/lib/python3.12/site-packages/airflow/example_dags/example_params_ui_tutorial.py","logger":"airflow.models.dagbag.DagBag"}
{"timestamp":"2026-01-18T18:38:36.106741","level":"info","event":"Filling up the DagBag from /home/airflow/.local/lib/python3.12/site-packages/airflow/example_dags/example_params_ui_tutorial.py","logger":"airflow.models.dagbag.DagBag"}
{"timestamp":"2026-01-18T18:39:06.946401","level":"info","event":"Filling up the DagBag from /home/airflow/.local/lib/python3.12/site-packages/airflow/example_dags/example_params_ui_tutorial.py","logger":"airflow.models.dagbag.DagBag"}
{"timestamp":"2026-01-18T18:40:44.209412","level":"info","event":"Filling up the DagBag from /home/airflow/.local/lib/python3.12/site-packages/airflow/example_dags/example_params_ui_tutorial.py","logger":"airflow.models.dagbag.DagBag"}
{"timestamp":"2026-01-18T18:41:15.225491","level":"info","event":"Filling up the DagBag from /home/airflow/.local/lib/python3.12/site-packages/airflow/example_dags/example_params_ui_tutorial.py","logger":"airflow.models.dagbag.DagBag"}
{"timestamp":"2026-01-18T18:42:07.688316","level":"info","event":"Filling up the DagBag from /home/airflow/.local/lib/python3.12/site-packages/airflow/example_dags/example_params_ui_tutorial.py","logger":"airflow.models.dagbag.DagBag"}
{"timestamp":"2026-01-18T18:42:37.916661","level":"info","event":"Filling up the DagBag from /home/airflow/.local/lib/python3.12/site-packages/airflow/example_dags/example_params_ui_tutorial.py","logger":"airflow.models.dagbag.DagBag"}
{"timestamp":"2026-01-18T18:43:50.107530","level":"info","event":"Filling up the DagBag from /home/airflow/.local/lib/python3.12/site-packages/airflow/example_dags/example_params_ui_tutorial.py","logger":"airflow.models.dagbag.DagBag"}
{"timestamp":"2026-01-18T18:44:20.448301","level":"info","event":"Filling up the DagBag from /home/airflow/.local/lib/python3.12/site-packages/airflow/example_dags/example_params_ui_tutorial.py","logger":"airflow.models.dagbag.DagBag"}
{"timestamp":"2026-01-18T18:44:51.578299","level":"info","event":"Filling up the DagBag from /home/airflow/.local/lib/python3.12/site-packages/airflow/example_dags/example_params_ui_tutorial.py","logger":"airflow.models.dagbag.DagBag"}
{"timestamp":"2026-01-18T18:45:22.106791","level":"info","event":"Filling up the DagBag from /home/airflow/.local/lib/python3.12/site-packages/airflow/example_dags/example_params_ui_tutorial.py","logger":"airflow.models.dagbag.DagBag"}
{"timestamp":"2026-01-18T18:46:55.452828","level":"info","event":"Filling up the DagBag from /home/airflow/.local/lib/python3.12/site-packages/airflow/example_dags/example_params_ui_tutorial.py","logger":"airflow.models.dagbag.DagBag"}
{"timestamp":"2026-01-18T18:47:26.413160","level":"info","event":"Filling up the DagBag from /home/airflow/.local/lib/python3.12/site-packages/airflow/example_dags/example_params_ui_tutorial.py","logger":"airflow.models.dagbag.DagBag"}
{"timestamp":"2026-01-18T18:47:56.840541","level":"info","event":"Filling up the DagBag from /home/airflow/.local/lib/python3.12/site-packages/airflow/example_dags/example_params_ui_tutorial.py","logger":"airflow.models.dagbag.DagBag"}
{"timestamp":"2026-01-18T18:48:27.185655","level":"info","event":"Filling up the DagBag from /home/airflow/.local/lib/python3.12/site-packages/airflow/example_dags/example_params_ui_tutorial.py","logger":"airflow.models.dagbag.DagBag"}
{"timestamp":"2026-01-18T18:48:58.014656","level":"info","event":"Filling up the DagBag from /home/airflow/.local/lib/python3.12/site-packages/airflow/example_dags/example_params_ui_tutorial.py","logger":"airflow.models.dagbag.DagBag"}
{"timestamp":"2026-01-18T18:49:28.643579","level":"info","event":"Filling up the DagBag from /home/airflow/.local/lib/python3.12/site-packages/airflow/example_dags/example_params_ui_tutorial.py","logger":"airflow.models.dagbag.DagBag"}
{"timestamp":"2026-01-18T18:49:58.911218","level":"info","event":"Filling up the DagBag from /home/airflow/.local/lib/python3.12/site-packages/airflow/example_dags/example_params_ui_tutorial.py","logger":"airflow.models.dagbag.DagBag"}
{"timestamp":"2026-01-18T18:50:29.210590","level":"info","event":"Filling up the DagBag from /home/airflow/.local/lib/python3.12/site-packages/airflow/example_dags/example_params_ui_tutorial.py","logger":"airflow.models.dagbag.DagBag"}
{"timestamp":"2026-01-18T18:50:59.762191","level":"info","event":"Filling up the DagBag from /home/airflow/.local/lib/python3.12/site-packages/airflow/example_dags/example_params_ui_tutorial.py","logger":"airflow.models.dagbag.DagBag"}
{"timestamp":"2026-01-18T18:51:30.898769","level":"info","event":"Filling up the DagBag from /home/airflow/.local/lib/python3.12/site-packages/airflow/example_dags/example_params_ui_tutorial.py","logger":"airflow.models.dagbag.DagBag"}
{"timestamp":"2026-01-18T18:52:01.146738","level":"info","event":"Filling up the DagBag from /home/airflow/.local/lib/python3.12/site-packages/airflow/example_dags/example_params_ui_tutorial.py","logger":"airflow.models.dagbag.DagBag"}
{"timestamp":"2026-01-18T18:52:32.053865","level":"info","event":"Filling up the DagBag from /home/airflow/.local/lib/python3.12/site-packages/airflow/example_dags/example_params_ui_tutorial.py","logger":"airflow.models.dagbag.DagBag"}
{"timestamp":"2026-01-18T18:53:03.242984","level":"info","event":"Filling up the DagBag from /home/airflow/.local/lib/python3.12/site-packages/airflow/example_dags/example_params_ui_tutorial.py","logger":"airflow.models.dagbag.DagBag"}
{"timestamp":"2026-01-18T18:53:33.496090","level":"info","event":"Filling up the DagBag from /home/airflow/.local/lib/python3.12/site-packages/airflow/example_dags/example_params_ui_tutorial.py","logger":"airflow.models.dagbag.DagBag"}
{"timestamp":"2026-01-18T18:54:04.854970","level":"info","event":"Filling up the DagBag from /home/airflow/.local/lib/python3.12/site-packages/airflow/example_dags/example_params_ui_tutorial.py","logger":"airflow.models.dagbag.DagBag"}
{"timestamp":"2026-01-18T18:54:35.122221","level":"info","event":"Filling up the DagBag from /home/airflow/.local/lib/python3.12/site-packages/airflow/example_dags/example_params_ui_tutorial.py","logger":"airflow.models.dagbag.DagBag"}
{"timestamp":"2026-01-18T18:55:05.454937","level":"info","event":"Filling up the DagBag from /home/airflow/.local/lib/python3.12/site-packages/airflow/example_dags/example_params_ui_tutorial.py","logger":"airflow.models.dagbag.DagBag"}
{"timestamp":"2026-01-18T18:55:41.827693","level":"info","event":"Filling up the DagBag from /home/airflow/.local/lib/python3.12/site-packages/airflow/example_dags/example_params_ui_tutorial.py","logger":"airflow.models.dagbag.DagBag"}
{"timestamp":"2026-01-18T18:56:40.210144","level":"info","event":"Filling up the DagBag from /home/airflow/.local/lib/python3.12/site-packages/airflow/example_dags/example_params_ui_tutorial.py","logger":"airflow.models.dagbag.DagBag"}
{"timestamp":"2026-01-18T18:57:10.388086","level":"info","event":"Filling up the DagBag from /home/airflow/.local/lib/python3.12/site-packages/airflow/example_dags/example_params_ui_tutorial.py","logger":"airflow.models.dagbag.DagBag"}
{"timestamp":"2026-01-18T18:57:41.029495","level":"info","event":"Filling up the DagBag from /home/airflow/.local/lib/python3.12/site-packages/airflow/example_dags/example_params_ui_tutorial.py","logger":"airflow.models.dagbag.DagBag"}
{"timestamp":"2026-01-18T18:58:12.112068","level":"info","event":"Filling up the DagBag from /home/airflow/.local/lib/python3.12/site-packages/airflow/example_dags/example_params_ui_tutorial.py","logger":"airflow.models.dagbag.DagBag"}
{"timestamp":"2026-01-18T18:59:08.995211","level":"info","event":"Filling up the DagBag from /home/airflow/.local/lib/python3.12/site-packages/airflow/example_dags/example_params_ui_tutorial.py","logger":"airflow.models.dagbag.DagBag"}
{"timestamp":"2026-01-18T18:59:39.350884","level":"info","event":"Filling up the DagBag from /home/airflow/.local/lib/python3.12/site-packages/airflow/example_dags/example_params_ui_tutorial.py","logger":"airflow.models.dagbag.DagBag"}
{"timestamp":"2026-01-18T19:00:10.074223","level":"info","event":"Filling up the DagBag from /home/airflow/.local/lib/python3.12/site-packages/airflow/example_dags/example_params_ui_tutorial.py","logger":"airflow.models.dagbag.DagBag"}
{"timestamp":"2026-01-18T19:00:41.295264","level":"info","event":"Filling up the DagBag from /home/airflow/.local/lib/python3.12/site-packages/airflow/example_dags/example_params_ui_tutorial.py","logger":"airflow.models.dagbag.DagBag"}
{"timestamp":"2026-01-18T19:01:12.272007","level":"info","event":"Filling up the DagBag from /home/airflow/.local/lib/python3.12/site-packages/airflow/example_dags/example_params_ui_tutorial.py","logger":"airflow.models.dagbag.DagBag"}
{"timestamp":"2026-01-18T19:01:43.474132","level":"info","event":"Filling up the DagBag from /home/airflow/.local/lib/python3.12/site-packages/airflow/example_dags/example_params_ui_tutorial.py","logger":"airflow.models.dagbag.DagBag"}
{"timestamp":"2026-01-18T19:02:13.752874","level":"info","event":"Filling up the DagBag from /home/airflow/.local/lib/python3.12/site-packages/airflow/example_dags/example_params_ui_tutorial.py","logger":"airflow.models.dagbag.DagBag"}
{"timestamp":"2026-01-18T19:02:44.515147","level":"info","event":"Filling up the DagBag from /home/airflow/.local/lib/python3.12/site-packages/airflow/example_dags/example_params_ui_tutorial.py","logger":"airflow.models.dagbag.DagBag"}
{"timestamp":"2026-01-18T19:03:15.091236","level":"info","event":"Filling up the DagBag from /home/airflow/.local/lib/python3.12/site-packages/airflow/example_dags/example_params_ui_tutorial.py","logger":"airflow.models.dagbag.DagBag"}
{"timestamp":"2026-01-18T19:03:45.846620","level":"info","event":"Filling up the DagBag from /home/airflow/.local/lib/python3.12/site-packages/airflow/example_dags/example_params_ui_tutorial.py","logger":"airflow.models.dagbag.DagBag"}
{"timestamp":"2026-01-18T19:04:16.571550","level":"info","event":"Filling up the DagBag from /home/airflow/.local/lib/python3.12/site-packages/airflow/example_dags/example_params_ui_tutorial.py","logger":"airflow.models.dagbag.DagBag"}
{"timestamp":"2026-01-18T19:04:47.051952","level":"info","event":"Filling up the DagBag from /home/airflow/.local/lib/python3.12/site-packages/airflow/example_dags/example_params_ui_tutorial.py","logger":"airflow.models.dagbag.DagBag"}
{"timestamp":"2026-01-18T19:05:17.429182","level":"info","event":"Filling up the DagBag from /home/airflow/.local/lib/python3.12/site-packages/airflow/example_dags/example_params_ui_tutorial.py","logger":"airflow.models.dagbag.DagBag"}
{"timestamp":"2026-01-18T19:05:48.568776","level":"info","event":"Filling up the DagBag from /home/airflow/.local/lib/python3.12/site-packages/airflow/example_dags/example_params_ui_tutorial.py","logger":"airflow.models.dagbag.DagBag"}
{"timestamp":"2026-01-18T19:06:19.405942","level":"info","event":"Filling up the DagBag from /home/airflow/.local/lib/python3.12/site-packages/airflow/example_dags/example_params_ui_tutorial.py","logger":"airflow.models.dagbag.DagBag"}
{"timestamp":"2026-01-18T19:06:49.669610","level":"info","event":"Filling up the DagBag from /home/airflow/.local/lib/python3.12/site-packages/airflow/example_dags/example_params_ui_tutorial.py","logger":"airflow.models.dagbag.DagBag"}
{"timestamp":"2026-01-18T19:07:20.865333","level":"info","event":"Filling up the DagBag from /home/airflow/.local/lib/python3.12/site-packages/airflow/example_dags/example_params_ui_tutorial.py","logger":"airflow.models.dagbag.DagBag"}
{"timestamp":"2026-01-18T19:09:00.712747","level":"info","event":"Filling up the DagBag from /home/airflow/.local/lib/python3.12/site-packages/airflow/example_dags/example_params_ui_tutorial.py","logger":"airflow.models.dagbag.DagBag"}
{"timestamp":"2026-01-18T19:09:31.406157","level":"info","event":"Filling up the DagBag from /home/airflow/.local/lib/python3.12/site-packages/airflow/example_dags/example_params_ui_tutorial.py","logger":"airflow.models.dagbag.DagBag"}
{"timestamp":"2026-01-18T19:10:02.475619","level":"info","event":"Filling up the DagBag from /home/airflow/.local/lib/python3.12/site-packages/airflow/example_dags/example_params_ui_tutorial.py","logger":"airflow.models.dagbag.DagBag"}
{"timestamp":"2026-01-18T19:10:33.088529","level":"info","event":"Filling up the DagBag from /home/airflow/.local/lib/python3.12/site-packages/airflow/example_dags/example_params_ui_tutorial.py","logger":"airflow.models.dagbag.DagBag"}
{"timestamp":"2026-01-18T19:11:03.632039","level":"info","event":"Filling up the DagBag from /home/airflow/.local/lib/python3.12/site-packages/airflow/example_dags/example_params_ui_tutorial.py","logger":"airflow.models.dagbag.DagBag"}
{"timestamp":"2026-01-18T19:12:18.710745","level":"info","event":"Filling up the DagBag from /home/airflow/.local/lib/python3.12/site-packages/airflow/example_dags/example_params_ui_tutorial.py","logger":"airflow.models.dagbag.DagBag"}
{"timestamp":"2026-01-18T19:12:49.550606","level":"info","event":"Filling up the DagBag from /home/airflow/.local/lib/python3.12/site-packages/airflow/example_dags/example_params_ui_tutorial.py","logger":"airflow.models.dagbag.DagBag"}
{"timestamp":"2026-01-18T19:13:20.702375","level":"info","event":"Filling up the DagBag from /home/airflow/.local/lib/python3.12/site-packages/airflow/example_dags/example_params_ui_tutorial.py","logger":"airflow.models.dagbag.DagBag"}
{"timestamp":"2026-01-18T19:17:42.818281","level":"info","event":"Filling up the DagBag from /home/airflow/.local/lib/python3.12/site-packages/airflow/example_dags/example_params_ui_tutorial.py","logger":"airflow.models.dagbag.DagBag"}
{"timestamp":"2026-01-18T19:19:35.905319","level":"info","event":"Filling up the DagBag from /home/airflow/.local/lib/python3.12/site-packages/airflow/example_dags/example_params_ui_tutorial.py","logger":"airflow.models.dagbag.DagBag"}
{"timestamp":"2026-01-18T19:20:14.312266","level":"info","event":"Filling up the DagBag from /home/airflow/.local/lib/python3.12/site-packages/airflow/example_dags/example_params_ui_tutorial.py","logger":"airflow.models.dagbag.DagBag"}
{"timestamp":"2026-01-18T19:20:44.892703","level":"info","event":"Filling up the DagBag from /home/airflow/.local/lib/python3.12/site-packages/airflow/example_dags/example_params_ui_tutorial.py","logger":"airflow.models.dagbag.DagBag"}
{"timestamp":"2026-01-18T19:21:24.112622","level":"info","event":"Filling up the DagBag from /home/airflow/.local/lib/python3.12/site-packages/airflow/example_dags/example_params_ui_tutorial.py","logger":"airflow.models.dagbag.DagBag"}
{"timestamp":"2026-01-18T19:21:54.534571","level":"info","event":"Filling up the DagBag from /home/airflow/.local/lib/python3.12/site-packages/airflow/example_dags/example_params_ui_tutorial.py","logger":"airflow.models.dagbag.DagBag"}
{"timestamp":"2026-01-18T19:22:43.965595","level":"info","event":"Filling up the DagBag from /home/airflow/.local/lib/python3.12/site-packages/airflow/example_dags/example_params_ui_tutorial.py","logger":"airflow.models.dagbag.DagBag"}
{"timestamp":"2026-01-18T19:23:14.353235","level":"info","event":"Filling up the DagBag from /home/airflow/.local/lib/python3.12/site-packages/airflow/example_dags/example_params_ui_tutorial.py","logger":"airflow.models.dagbag.DagBag"}
{"timestamp":"2026-01-18T19:24:08.368221","level":"info","event":"Filling up the DagBag from /home/airflow/.local/lib/python3.12/site-packages/airflow/example_dags/example_params_ui_tutorial.py","logger":"airflow.models.dagbag.DagBag"}
{"timestamp":"2026-01-18T19:24:38.906216","level":"info","event":"Filling up the DagBag from /home/airflow/.local/lib/python3.12/site-packages/airflow/example_dags/example_params_ui_tutorial.py","logger":"airflow.models.dagbag.DagBag"}
{"timestamp":"2026-01-18T19:25:15.590632","level":"info","event":"Filling up the DagBag from /home/airflow/.local/lib/python3.12/site-packages/airflow/example_dags/example_params_ui_tutorial.py","logger":"airflow.models.dagbag.DagBag"}
{"timestamp":"2026-01-18T22:29:54.704820","level":"info","event":"Filling up the DagBag from /home/airflow/.local/lib/python3.12/site-packages/airflow/example_dags/example_params_ui_tutorial.py","logger":"airflow.models.dagbag.DagBag"}
