{"timestamp":"2026-01-18T16:09:49.627097","level":"info","event":"Filling up the DagBag from /home/airflow/.local/lib/python3.12/site-packages/airflow/example_dags/example_local_kubernetes_executor.py","logger":"airflow.models.dagbag.DagBag"}
{"timestamp":"2026-01-18T16:10:20.645473","level":"info","event":"Filling up the DagBag from /home/airflow/.local/lib/python3.12/site-packages/airflow/example_dags/example_local_kubernetes_executor.py","logger":"airflow.models.dagbag.DagBag"}
{"timestamp":"2026-01-18T16:12:22.814703","level":"info","event":"Filling up the DagBag from /home/airflow/.local/lib/python3.12/site-packages/airflow/example_dags/example_local_kubernetes_executor.py","logger":"airflow.models.dagbag.DagBag"}
{"timestamp":"2026-01-18T16:13:32.059209","level":"info","event":"Filling up the DagBag from /home/airflow/.local/lib/python3.12/site-packages/airflow/example_dags/example_local_kubernetes_executor.py","logger":"airflow.models.dagbag.DagBag"}
{"timestamp":"2026-01-18T16:14:04.755226","level":"info","event":"Filling up the DagBag from /home/airflow/.local/lib/python3.12/site-packages/airflow/example_dags/example_local_kubernetes_executor.py","logger":"airflow.models.dagbag.DagBag"}
{"timestamp":"2026-01-18T16:15:10.963873","level":"info","event":"Filling up the DagBag from /home/airflow/.local/lib/python3.12/site-packages/airflow/example_dags/example_local_kubernetes_executor.py","logger":"airflow.models.dagbag.DagBag"}
{"timestamp":"2026-01-18T16:15:41.239623","level":"info","event":"Filling up the DagBag from /home/airflow/.local/lib/python3.12/site-packages/airflow/example_dags/example_local_kubernetes_executor.py","logger":"airflow.models.dagbag.DagBag"}
{"timestamp":"2026-01-18T16:16:11.490428","level":"info","event":"Filling up the DagBag from /home/airflow/.local/lib/python3.12/site-packages/airflow/example_dags/example_local_kubernetes_executor.py","logger":"airflow.models.dagbag.DagBag"}
{"timestamp":"2026-01-18T16:16:41.719802","level":"info","event":"Filling up the DagBag from /home/airflow/.local/lib/python3.12/site-packages/airflow/example_dags/example_local_kubernetes_executor.py","logger":"airflow.models.dagbag.DagBag"}
{"timestamp":"2026-01-18T16:17:13.503011","level":"info","event":"Filling up the DagBag from /home/airflow/.local/lib/python3.12/site-packages/airflow/example_dags/example_local_kubernetes_executor.py","logger":"airflow.models.dagbag.DagBag"}
{"timestamp":"2026-01-18T16:17:44.050705","level":"info","event":"Filling up the DagBag from /home/airflow/.local/lib/python3.12/site-packages/airflow/example_dags/example_local_kubernetes_executor.py","logger":"airflow.models.dagbag.DagBag"}
{"timestamp":"2026-01-18T16:18:14.320885","level":"info","event":"Filling up the DagBag from /home/airflow/.local/lib/python3.12/site-packages/airflow/example_dags/example_local_kubernetes_executor.py","logger":"airflow.models.dagbag.DagBag"}
{"timestamp":"2026-01-18T16:18:45.393345","level":"info","event":"Filling up the DagBag from /home/airflow/.local/lib/python3.12/site-packages/airflow/example_dags/example_local_kubernetes_executor.py","logger":"airflow.models.dagbag.DagBag"}
{"timestamp":"2026-01-18T16:19:15.637441","level":"info","event":"Filling up the DagBag from /home/airflow/.local/lib/python3.12/site-packages/airflow/example_dags/example_local_kubernetes_executor.py","logger":"airflow.models.dagbag.DagBag"}
{"timestamp":"2026-01-18T16:19:45.928437","level":"info","event":"Filling up the DagBag from /home/airflow/.local/lib/python3.12/site-packages/airflow/example_dags/example_local_kubernetes_executor.py","logger":"airflow.models.dagbag.DagBag"}
{"timestamp":"2026-01-18T16:20:17.838973","level":"info","event":"Filling up the DagBag from /home/airflow/.local/lib/python3.12/site-packages/airflow/example_dags/example_local_kubernetes_executor.py","logger":"airflow.models.dagbag.DagBag"}
{"timestamp":"2026-01-18T16:20:48.276244","level":"info","event":"Filling up the DagBag from /home/airflow/.local/lib/python3.12/site-packages/airflow/example_dags/example_local_kubernetes_executor.py","logger":"airflow.models.dagbag.DagBag"}
{"timestamp":"2026-01-18T16:21:19.912862","level":"info","event":"Filling up the DagBag from /home/airflow/.local/lib/python3.12/site-packages/airflow/example_dags/example_local_kubernetes_executor.py","logger":"airflow.models.dagbag.DagBag"}
{"timestamp":"2026-01-18T16:21:50.205277","level":"info","event":"Filling up the DagBag from /home/airflow/.local/lib/python3.12/site-packages/airflow/example_dags/example_local_kubernetes_executor.py","logger":"airflow.models.dagbag.DagBag"}
{"timestamp":"2026-01-18T16:22:21.221930","level":"info","event":"Filling up the DagBag from /home/airflow/.local/lib/python3.12/site-packages/airflow/example_dags/example_local_kubernetes_executor.py","logger":"airflow.models.dagbag.DagBag"}
{"timestamp":"2026-01-18T16:33:49.429182","level":"info","event":"Filling up the DagBag from /home/airflow/.local/lib/python3.12/site-packages/airflow/example_dags/example_local_kubernetes_executor.py","logger":"airflow.models.dagbag.DagBag"}
{"timestamp":"2026-01-18T16:34:36.741139Z","level":"critical","event":"Process terminated by signal. For more information, see https://airflow.apache.org/docs/apache-airflow/stable/troubleshooting.html#TaskRunner-killed","signal":-9,"signal_name":"SIGKILL","logger":"processor"}
{"timestamp":"2026-01-18T16:36:19.894314","level":"info","event":"Filling up the DagBag from /home/airflow/.local/lib/python3.12/site-packages/airflow/example_dags/example_local_kubernetes_executor.py","logger":"airflow.models.dagbag.DagBag"}
{"timestamp":"2026-01-18T16:36:20.363368Z","level":"critical","event":"Process terminated by signal. For more information, see https://airflow.apache.org/docs/apache-airflow/stable/troubleshooting.html#TaskRunner-killed","signal":-9,"signal_name":"SIGKILL","logger":"processor"}
{"timestamp":"2026-01-18T16:37:08.749486","level":"info","event":"Filling up the DagBag from /home/airflow/.local/lib/python3.12/site-packages/airflow/example_dags/example_local_kubernetes_executor.py","logger":"airflow.models.dagbag.DagBag"}
{"timestamp":"2026-01-18T16:37:40.910349","level":"info","event":"Filling up the DagBag from /home/airflow/.local/lib/python3.12/site-packages/airflow/example_dags/example_local_kubernetes_executor.py","logger":"airflow.models.dagbag.DagBag"}
{"timestamp":"2026-01-18T16:38:11.678556","level":"info","event":"Filling up the DagBag from /home/airflow/.local/lib/python3.12/site-packages/airflow/example_dags/example_local_kubernetes_executor.py","logger":"airflow.models.dagbag.DagBag"}
{"timestamp":"2026-01-18T16:38:42.591473","level":"info","event":"Filling up the DagBag from /home/airflow/.local/lib/python3.12/site-packages/airflow/example_dags/example_local_kubernetes_executor.py","logger":"airflow.models.dagbag.DagBag"}
{"timestamp":"2026-01-18T16:40:14.818009","level":"info","event":"Filling up the DagBag from /home/airflow/.local/lib/python3.12/site-packages/airflow/example_dags/example_local_kubernetes_executor.py","logger":"airflow.models.dagbag.DagBag"}
{"timestamp":"2026-01-18T16:40:45.576581","level":"info","event":"Filling up the DagBag from /home/airflow/.local/lib/python3.12/site-packages/airflow/example_dags/example_local_kubernetes_executor.py","logger":"airflow.models.dagbag.DagBag"}
{"timestamp":"2026-01-18T16:41:16.397396","level":"info","event":"Filling up the DagBag from /home/airflow/.local/lib/python3.12/site-packages/airflow/example_dags/example_local_kubernetes_executor.py","logger":"airflow.models.dagbag.DagBag"}
{"timestamp":"2026-01-18T16:41:47.714358","level":"info","event":"Filling up the DagBag from /home/airflow/.local/lib/python3.12/site-packages/airflow/example_dags/example_local_kubernetes_executor.py","logger":"airflow.models.dagbag.DagBag"}
{"timestamp":"2026-01-18T16:42:18.091627","level":"info","event":"Filling up the DagBag from /home/airflow/.local/lib/python3.12/site-packages/airflow/example_dags/example_local_kubernetes_executor.py","logger":"airflow.models.dagbag.DagBag"}
{"timestamp":"2026-01-18T16:42:48.554335","level":"info","event":"Filling up the DagBag from /home/airflow/.local/lib/python3.12/site-packages/airflow/example_dags/example_local_kubernetes_executor.py","logger":"airflow.models.dagbag.DagBag"}
{"timestamp":"2026-01-18T16:43:19.895954","level":"info","event":"Filling up the DagBag from /home/airflow/.local/lib/python3.12/site-packages/airflow/example_dags/example_local_kubernetes_executor.py","logger":"airflow.models.dagbag.DagBag"}
{"timestamp":"2026-01-18T16:43:50.064649","level":"info","event":"Filling up the DagBag from /home/airflow/.local/lib/python3.12/site-packages/airflow/example_dags/example_local_kubernetes_executor.py","logger":"airflow.models.dagbag.DagBag"}
{"timestamp":"2026-01-18T16:44:20.321547","level":"info","event":"Filling up the DagBag from /home/airflow/.local/lib/python3.12/site-packages/airflow/example_dags/example_local_kubernetes_executor.py","logger":"airflow.models.dagbag.DagBag"}
{"timestamp":"2026-01-18T16:44:50.505274","level":"info","event":"Filling up the DagBag from /home/airflow/.local/lib/python3.12/site-packages/airflow/example_dags/example_local_kubernetes_executor.py","logger":"airflow.models.dagbag.DagBag"}
{"timestamp":"2026-01-18T16:45:21.417801","level":"info","event":"Filling up the DagBag from /home/airflow/.local/lib/python3.12/site-packages/airflow/example_dags/example_local_kubernetes_executor.py","logger":"airflow.models.dagbag.DagBag"}
{"timestamp":"2026-01-18T16:45:51.910971","level":"info","event":"Filling up the DagBag from /home/airflow/.local/lib/python3.12/site-packages/airflow/example_dags/example_local_kubernetes_executor.py","logger":"airflow.models.dagbag.DagBag"}
{"timestamp":"2026-01-18T16:47:07.943101","level":"info","event":"Filling up the DagBag from /home/airflow/.local/lib/python3.12/site-packages/airflow/example_dags/example_local_kubernetes_executor.py","logger":"airflow.models.dagbag.DagBag"}
{"timestamp":"2026-01-18T16:47:41.130075","level":"info","event":"Filling up the DagBag from /home/airflow/.local/lib/python3.12/site-packages/airflow/example_dags/example_local_kubernetes_executor.py","logger":"airflow.models.dagbag.DagBag"}
{"timestamp":"2026-01-18T16:48:15.406277","level":"error","event":"Process timed out, PID: 727","logger":"airflow.utils.timeout.TimeoutPosix"}
{"timestamp":"2026-01-18T16:48:27.465756","level":"error","event":"Failed to import: /home/airflow/.local/lib/python3.12/site-packages/airflow/example_dags/example_local_kubernetes_executor.py","logger":"airflow.models.dagbag.DagBag","error_detail":[{"exc_type":"AirflowTaskTimeout","exc_value":"DagBag import timeout for /home/airflow/.local/lib/python3.12/site-packages/airflow/example_dags/example_local_kubernetes_executor.py after 30.0s.\nPlease take a look at these docs to improve your DAG import time:\n* https://airflow.apache.org/docs/apache-airflow/3.0.1/best-practices.html#top-level-python-code\n* https://airflow.apache.org/docs/apache-airflow/3.0.1/best-practices.html#reducing-dag-complexity, PID: 727","exc_notes":[],"syntax_error":null,"is_cause":false,"frames":[{"filename":"/home/airflow/.local/lib/python3.12/site-packages/airflow/models/dagbag.py","lineno":382,"name":"parse"},{"filename":"<frozen importlib._bootstrap_external>","lineno":999,"name":"exec_module"},{"filename":"<frozen importlib._bootstrap>","lineno":488,"name":"_call_with_frames_removed"},{"filename":"/home/airflow/.local/lib/python3.12/site-packages/airflow/example_dags/example_local_kubernetes_executor.py","lineno":29,"name":"<module>"},{"filename":"<frozen importlib._bootstrap>","lineno":1412,"name":"_handle_fromlist"},{"filename":"/home/airflow/.local/lib/python3.12/site-packages/airflow/sdk/__init__.py","lineno":121,"name":"__getattr__"},{"filename":"/usr/local/lib/python3.12/importlib/__init__.py","lineno":90,"name":"import_module"},{"filename":"/home/airflow/.local/lib/python3.12/site-packages/airflow/sdk/definitions/decorators/__init__.py","lineno":25,"name":"<module>"},{"filename":"/home/airflow/.local/lib/python3.12/site-packages/airflow/sdk/definitions/decorators/setup_teardown.py","lineno":32,"name":"<module>"},{"filename":"<frozen importlib._bootstrap>","lineno":1360,"name":"_find_and_load"},{"filename":"<frozen importlib._bootstrap>","lineno":1322,"name":"_find_and_load_unlocked"},{"filename":"<frozen importlib._bootstrap>","lineno":1262,"name":"_find_spec"},{"filename":"<frozen importlib._bootstrap>","lineno":984,"name":"find_spec"},{"filename":"/home/airflow/.local/lib/python3.12/site-packages/airflow/utils/timeout.py","lineno":69,"name":"handle_timeout"}]}]}
{"timestamp":"2026-01-18T16:49:59.228722","level":"info","event":"Filling up the DagBag from /home/airflow/.local/lib/python3.12/site-packages/airflow/example_dags/example_local_kubernetes_executor.py","logger":"airflow.models.dagbag.DagBag"}
{"timestamp":"2026-01-18T16:51:04.134709","level":"info","event":"Filling up the DagBag from /home/airflow/.local/lib/python3.12/site-packages/airflow/example_dags/example_local_kubernetes_executor.py","logger":"airflow.models.dagbag.DagBag"}
{"timestamp":"2026-01-18T16:52:02.621380","level":"info","event":"Filling up the DagBag from /home/airflow/.local/lib/python3.12/site-packages/airflow/example_dags/example_local_kubernetes_executor.py","logger":"airflow.models.dagbag.DagBag"}
{"timestamp":"2026-01-18T16:52:33.331945","level":"info","event":"Filling up the DagBag from /home/airflow/.local/lib/python3.12/site-packages/airflow/example_dags/example_local_kubernetes_executor.py","logger":"airflow.models.dagbag.DagBag"}
{"timestamp":"2026-01-18T16:53:37.885890","level":"info","event":"Filling up the DagBag from /home/airflow/.local/lib/python3.12/site-packages/airflow/example_dags/example_local_kubernetes_executor.py","logger":"airflow.models.dagbag.DagBag"}
{"timestamp":"2026-01-18T16:54:23.677944","level":"info","event":"Filling up the DagBag from /home/airflow/.local/lib/python3.12/site-packages/airflow/example_dags/example_local_kubernetes_executor.py","logger":"airflow.models.dagbag.DagBag"}
{"timestamp":"2026-01-18T16:54:54.736450","level":"info","event":"Filling up the DagBag from /home/airflow/.local/lib/python3.12/site-packages/airflow/example_dags/example_local_kubernetes_executor.py","logger":"airflow.models.dagbag.DagBag"}
{"timestamp":"2026-01-18T16:56:10.959919","level":"info","event":"Filling up the DagBag from /home/airflow/.local/lib/python3.12/site-packages/airflow/example_dags/example_local_kubernetes_executor.py","logger":"airflow.models.dagbag.DagBag"}
{"timestamp":"2026-01-18T17:49:45.564590","level":"info","event":"Filling up the DagBag from /home/airflow/.local/lib/python3.12/site-packages/airflow/example_dags/example_local_kubernetes_executor.py","logger":"airflow.models.dagbag.DagBag"}
{"timestamp":"2026-01-18T17:50:16.167590","level":"info","event":"Filling up the DagBag from /home/airflow/.local/lib/python3.12/site-packages/airflow/example_dags/example_local_kubernetes_executor.py","logger":"airflow.models.dagbag.DagBag"}
{"timestamp":"2026-01-18T17:50:46.724215","level":"info","event":"Filling up the DagBag from /home/airflow/.local/lib/python3.12/site-packages/airflow/example_dags/example_local_kubernetes_executor.py","logger":"airflow.models.dagbag.DagBag"}
{"timestamp":"2026-01-18T17:51:17.415648","level":"info","event":"Filling up the DagBag from /home/airflow/.local/lib/python3.12/site-packages/airflow/example_dags/example_local_kubernetes_executor.py","logger":"airflow.models.dagbag.DagBag"}
{"timestamp":"2026-01-18T17:51:47.783519","level":"info","event":"Filling up the DagBag from /home/airflow/.local/lib/python3.12/site-packages/airflow/example_dags/example_local_kubernetes_executor.py","logger":"airflow.models.dagbag.DagBag"}
{"timestamp":"2026-01-18T17:52:18.575228","level":"info","event":"Filling up the DagBag from /home/airflow/.local/lib/python3.12/site-packages/airflow/example_dags/example_local_kubernetes_executor.py","logger":"airflow.models.dagbag.DagBag"}
{"timestamp":"2026-01-18T17:52:48.744180","level":"info","event":"Filling up the DagBag from /home/airflow/.local/lib/python3.12/site-packages/airflow/example_dags/example_local_kubernetes_executor.py","logger":"airflow.models.dagbag.DagBag"}
{"timestamp":"2026-01-18T17:53:19.072309","level":"info","event":"Filling up the DagBag from /home/airflow/.local/lib/python3.12/site-packages/airflow/example_dags/example_local_kubernetes_executor.py","logger":"airflow.models.dagbag.DagBag"}
{"timestamp":"2026-01-18T17:53:49.519058","level":"info","event":"Filling up the DagBag from /home/airflow/.local/lib/python3.12/site-packages/airflow/example_dags/example_local_kubernetes_executor.py","logger":"airflow.models.dagbag.DagBag"}
{"timestamp":"2026-01-18T17:54:19.694295","level":"info","event":"Filling up the DagBag from /home/airflow/.local/lib/python3.12/site-packages/airflow/example_dags/example_local_kubernetes_executor.py","logger":"airflow.models.dagbag.DagBag"}
{"timestamp":"2026-01-18T17:54:50.518069","level":"info","event":"Filling up the DagBag from /home/airflow/.local/lib/python3.12/site-packages/airflow/example_dags/example_local_kubernetes_executor.py","logger":"airflow.models.dagbag.DagBag"}
{"timestamp":"2026-01-18T17:55:20.870427","level":"info","event":"Filling up the DagBag from /home/airflow/.local/lib/python3.12/site-packages/airflow/example_dags/example_local_kubernetes_executor.py","logger":"airflow.models.dagbag.DagBag"}
{"timestamp":"2026-01-18T17:55:51.295744","level":"info","event":"Filling up the DagBag from /home/airflow/.local/lib/python3.12/site-packages/airflow/example_dags/example_local_kubernetes_executor.py","logger":"airflow.models.dagbag.DagBag"}
{"timestamp":"2026-01-18T17:56:21.737896","level":"info","event":"Filling up the DagBag from /home/airflow/.local/lib/python3.12/site-packages/airflow/example_dags/example_local_kubernetes_executor.py","logger":"airflow.models.dagbag.DagBag"}
{"timestamp":"2026-01-18T17:56:52.377215","level":"info","event":"Filling up the DagBag from /home/airflow/.local/lib/python3.12/site-packages/airflow/example_dags/example_local_kubernetes_executor.py","logger":"airflow.models.dagbag.DagBag"}
{"timestamp":"2026-01-18T17:57:24.043943","level":"info","event":"Filling up the DagBag from /home/airflow/.local/lib/python3.12/site-packages/airflow/example_dags/example_local_kubernetes_executor.py","logger":"airflow.models.dagbag.DagBag"}
{"timestamp":"2026-01-18T17:57:54.202839","level":"info","event":"Filling up the DagBag from /home/airflow/.local/lib/python3.12/site-packages/airflow/example_dags/example_local_kubernetes_executor.py","logger":"airflow.models.dagbag.DagBag"}
{"timestamp":"2026-01-18T17:58:50.928325","level":"info","event":"Filling up the DagBag from /home/airflow/.local/lib/python3.12/site-packages/airflow/example_dags/example_local_kubernetes_executor.py","logger":"airflow.models.dagbag.DagBag"}
{"timestamp":"2026-01-18T17:59:21.938549","level":"info","event":"Filling up the DagBag from /home/airflow/.local/lib/python3.12/site-packages/airflow/example_dags/example_local_kubernetes_executor.py","logger":"airflow.models.dagbag.DagBag"}
{"timestamp":"2026-01-18T17:59:52.930280","level":"info","event":"Filling up the DagBag from /home/airflow/.local/lib/python3.12/site-packages/airflow/example_dags/example_local_kubernetes_executor.py","logger":"airflow.models.dagbag.DagBag"}
{"timestamp":"2026-01-18T18:00:23.717490","level":"info","event":"Filling up the DagBag from /home/airflow/.local/lib/python3.12/site-packages/airflow/example_dags/example_local_kubernetes_executor.py","logger":"airflow.models.dagbag.DagBag"}
{"timestamp":"2026-01-18T18:00:54.544734","level":"info","event":"Filling up the DagBag from /home/airflow/.local/lib/python3.12/site-packages/airflow/example_dags/example_local_kubernetes_executor.py","logger":"airflow.models.dagbag.DagBag"}
{"timestamp":"2026-01-18T18:01:25.018383","level":"info","event":"Filling up the DagBag from /home/airflow/.local/lib/python3.12/site-packages/airflow/example_dags/example_local_kubernetes_executor.py","logger":"airflow.models.dagbag.DagBag"}
{"timestamp":"2026-01-18T18:01:56.221386","level":"info","event":"Filling up the DagBag from /home/airflow/.local/lib/python3.12/site-packages/airflow/example_dags/example_local_kubernetes_executor.py","logger":"airflow.models.dagbag.DagBag"}
{"timestamp":"2026-01-18T18:02:27.011217","level":"info","event":"Filling up the DagBag from /home/airflow/.local/lib/python3.12/site-packages/airflow/example_dags/example_local_kubernetes_executor.py","logger":"airflow.models.dagbag.DagBag"}
{"timestamp":"2026-01-18T18:02:58.156348","level":"info","event":"Filling up the DagBag from /home/airflow/.local/lib/python3.12/site-packages/airflow/example_dags/example_local_kubernetes_executor.py","logger":"airflow.models.dagbag.DagBag"}
{"timestamp":"2026-01-18T18:03:34.271362","level":"info","event":"Filling up the DagBag from /home/airflow/.local/lib/python3.12/site-packages/airflow/example_dags/example_local_kubernetes_executor.py","logger":"airflow.models.dagbag.DagBag"}
{"timestamp":"2026-01-18T18:04:05.157606","level":"info","event":"Filling up the DagBag from /home/airflow/.local/lib/python3.12/site-packages/airflow/example_dags/example_local_kubernetes_executor.py","logger":"airflow.models.dagbag.DagBag"}
{"timestamp":"2026-01-18T18:04:53.483382","level":"info","event":"Filling up the DagBag from /home/airflow/.local/lib/python3.12/site-packages/airflow/example_dags/example_local_kubernetes_executor.py","logger":"airflow.models.dagbag.DagBag"}
{"timestamp":"2026-01-18T18:05:36.029829","level":"info","event":"Filling up the DagBag from /home/airflow/.local/lib/python3.12/site-packages/airflow/example_dags/example_local_kubernetes_executor.py","logger":"airflow.models.dagbag.DagBag"}
{"timestamp":"2026-01-18T18:06:46.050902","level":"info","event":"Filling up the DagBag from /home/airflow/.local/lib/python3.12/site-packages/airflow/example_dags/example_local_kubernetes_executor.py","logger":"airflow.models.dagbag.DagBag"}
{"timestamp":"2026-01-18T18:07:17.151658","level":"info","event":"Filling up the DagBag from /home/airflow/.local/lib/python3.12/site-packages/airflow/example_dags/example_local_kubernetes_executor.py","logger":"airflow.models.dagbag.DagBag"}
{"timestamp":"2026-01-18T18:07:49.993199","level":"info","event":"Filling up the DagBag from /home/airflow/.local/lib/python3.12/site-packages/airflow/example_dags/example_local_kubernetes_executor.py","logger":"airflow.models.dagbag.DagBag"}
{"timestamp":"2026-01-18T18:08:31.124027","level":"info","event":"Filling up the DagBag from /home/airflow/.local/lib/python3.12/site-packages/airflow/example_dags/example_local_kubernetes_executor.py","logger":"airflow.models.dagbag.DagBag"}
{"timestamp":"2026-01-18T18:09:01.966591","level":"info","event":"Filling up the DagBag from /home/airflow/.local/lib/python3.12/site-packages/airflow/example_dags/example_local_kubernetes_executor.py","logger":"airflow.models.dagbag.DagBag"}
{"timestamp":"2026-01-18T18:09:32.118473","level":"info","event":"Filling up the DagBag from /home/airflow/.local/lib/python3.12/site-packages/airflow/example_dags/example_local_kubernetes_executor.py","logger":"airflow.models.dagbag.DagBag"}
{"timestamp":"2026-01-18T18:10:02.260483","level":"info","event":"Filling up the DagBag from /home/airflow/.local/lib/python3.12/site-packages/airflow/example_dags/example_local_kubernetes_executor.py","logger":"airflow.models.dagbag.DagBag"}
{"timestamp":"2026-01-18T18:12:05.772735","level":"info","event":"Filling up the DagBag from /home/airflow/.local/lib/python3.12/site-packages/airflow/example_dags/example_local_kubernetes_executor.py","logger":"airflow.models.dagbag.DagBag"}
{"timestamp":"2026-01-18T18:12:36.277726","level":"info","event":"Filling up the DagBag from /home/airflow/.local/lib/python3.12/site-packages/airflow/example_dags/example_local_kubernetes_executor.py","logger":"airflow.models.dagbag.DagBag"}
{"timestamp":"2026-01-18T18:13:06.834754","level":"info","event":"Filling up the DagBag from /home/airflow/.local/lib/python3.12/site-packages/airflow/example_dags/example_local_kubernetes_executor.py","logger":"airflow.models.dagbag.DagBag"}
{"timestamp":"2026-01-18T18:14:36.689590","level":"info","event":"Filling up the DagBag from /home/airflow/.local/lib/python3.12/site-packages/airflow/example_dags/example_local_kubernetes_executor.py","logger":"airflow.models.dagbag.DagBag"}
{"timestamp":"2026-01-18T18:15:07.280488","level":"info","event":"Filling up the DagBag from /home/airflow/.local/lib/python3.12/site-packages/airflow/example_dags/example_local_kubernetes_executor.py","logger":"airflow.models.dagbag.DagBag"}
{"timestamp":"2026-01-18T18:15:44.390236","level":"info","event":"Filling up the DagBag from /home/airflow/.local/lib/python3.12/site-packages/airflow/example_dags/example_local_kubernetes_executor.py","logger":"airflow.models.dagbag.DagBag"}
{"timestamp":"2026-01-18T18:16:14.659199","level":"info","event":"Filling up the DagBag from /home/airflow/.local/lib/python3.12/site-packages/airflow/example_dags/example_local_kubernetes_executor.py","logger":"airflow.models.dagbag.DagBag"}
{"timestamp":"2026-01-18T18:17:04.362186","level":"info","event":"Filling up the DagBag from /home/airflow/.local/lib/python3.12/site-packages/airflow/example_dags/example_local_kubernetes_executor.py","logger":"airflow.models.dagbag.DagBag"}
{"timestamp":"2026-01-18T18:17:34.583330","level":"info","event":"Filling up the DagBag from /home/airflow/.local/lib/python3.12/site-packages/airflow/example_dags/example_local_kubernetes_executor.py","logger":"airflow.models.dagbag.DagBag"}
{"timestamp":"2026-01-18T18:18:34.951308","level":"info","event":"Filling up the DagBag from /home/airflow/.local/lib/python3.12/site-packages/airflow/example_dags/example_local_kubernetes_executor.py","logger":"airflow.models.dagbag.DagBag"}
{"timestamp":"2026-01-18T18:19:05.533366","level":"info","event":"Filling up the DagBag from /home/airflow/.local/lib/python3.12/site-packages/airflow/example_dags/example_local_kubernetes_executor.py","logger":"airflow.models.dagbag.DagBag"}
{"timestamp":"2026-01-18T18:20:06.870481","level":"info","event":"Filling up the DagBag from /home/airflow/.local/lib/python3.12/site-packages/airflow/example_dags/example_local_kubernetes_executor.py","logger":"airflow.models.dagbag.DagBag"}
{"timestamp":"2026-01-18T18:20:37.906326","level":"info","event":"Filling up the DagBag from /home/airflow/.local/lib/python3.12/site-packages/airflow/example_dags/example_local_kubernetes_executor.py","logger":"airflow.models.dagbag.DagBag"}
{"timestamp":"2026-01-18T18:21:10.293136","level":"info","event":"Filling up the DagBag from /home/airflow/.local/lib/python3.12/site-packages/airflow/example_dags/example_local_kubernetes_executor.py","logger":"airflow.models.dagbag.DagBag"}
{"timestamp":"2026-01-18T18:22:05.857078","level":"info","event":"Filling up the DagBag from /home/airflow/.local/lib/python3.12/site-packages/airflow/example_dags/example_local_kubernetes_executor.py","logger":"airflow.models.dagbag.DagBag"}
{"timestamp":"2026-01-18T18:22:36.222502","level":"info","event":"Filling up the DagBag from /home/airflow/.local/lib/python3.12/site-packages/airflow/example_dags/example_local_kubernetes_executor.py","logger":"airflow.models.dagbag.DagBag"}
{"timestamp":"2026-01-18T18:23:54.843854","level":"info","event":"Filling up the DagBag from /home/airflow/.local/lib/python3.12/site-packages/airflow/example_dags/example_local_kubernetes_executor.py","logger":"airflow.models.dagbag.DagBag"}
{"timestamp":"2026-01-18T18:24:26.619935","level":"info","event":"Filling up the DagBag from /home/airflow/.local/lib/python3.12/site-packages/airflow/example_dags/example_local_kubernetes_executor.py","logger":"airflow.models.dagbag.DagBag"}
{"timestamp":"2026-01-18T18:24:57.131438","level":"info","event":"Filling up the DagBag from /home/airflow/.local/lib/python3.12/site-packages/airflow/example_dags/example_local_kubernetes_executor.py","logger":"airflow.models.dagbag.DagBag"}
{"timestamp":"2026-01-18T18:25:28.255141","level":"info","event":"Filling up the DagBag from /home/airflow/.local/lib/python3.12/site-packages/airflow/example_dags/example_local_kubernetes_executor.py","logger":"airflow.models.dagbag.DagBag"}
{"timestamp":"2026-01-18T18:25:58.478195","level":"info","event":"Filling up the DagBag from /home/airflow/.local/lib/python3.12/site-packages/airflow/example_dags/example_local_kubernetes_executor.py","logger":"airflow.models.dagbag.DagBag"}
{"timestamp":"2026-01-18T18:26:28.709056","level":"info","event":"Filling up the DagBag from /home/airflow/.local/lib/python3.12/site-packages/airflow/example_dags/example_local_kubernetes_executor.py","logger":"airflow.models.dagbag.DagBag"}
{"timestamp":"2026-01-18T18:26:59.982785","level":"info","event":"Filling up the DagBag from /home/airflow/.local/lib/python3.12/site-packages/airflow/example_dags/example_local_kubernetes_executor.py","logger":"airflow.models.dagbag.DagBag"}
{"timestamp":"2026-01-18T18:27:32.028813","level":"info","event":"Filling up the DagBag from /home/airflow/.local/lib/python3.12/site-packages/airflow/example_dags/example_local_kubernetes_executor.py","logger":"airflow.models.dagbag.DagBag"}
{"timestamp":"2026-01-18T18:28:02.435002","level":"info","event":"Filling up the DagBag from /home/airflow/.local/lib/python3.12/site-packages/airflow/example_dags/example_local_kubernetes_executor.py","logger":"airflow.models.dagbag.DagBag"}
{"timestamp":"2026-01-18T18:28:32.581954","level":"info","event":"Filling up the DagBag from /home/airflow/.local/lib/python3.12/site-packages/airflow/example_dags/example_local_kubernetes_executor.py","logger":"airflow.models.dagbag.DagBag"}
{"timestamp":"2026-01-18T18:29:02.888414","level":"info","event":"Filling up the DagBag from /home/airflow/.local/lib/python3.12/site-packages/airflow/example_dags/example_local_kubernetes_executor.py","logger":"airflow.models.dagbag.DagBag"}
{"timestamp":"2026-01-18T18:29:33.039127","level":"info","event":"Filling up the DagBag from /home/airflow/.local/lib/python3.12/site-packages/airflow/example_dags/example_local_kubernetes_executor.py","logger":"airflow.models.dagbag.DagBag"}
{"timestamp":"2026-01-18T18:30:03.271612","level":"info","event":"Filling up the DagBag from /home/airflow/.local/lib/python3.12/site-packages/airflow/example_dags/example_local_kubernetes_executor.py","logger":"airflow.models.dagbag.DagBag"}
{"timestamp":"2026-01-18T18:31:17.078058","level":"info","event":"Filling up the DagBag from /home/airflow/.local/lib/python3.12/site-packages/airflow/example_dags/example_local_kubernetes_executor.py","logger":"airflow.models.dagbag.DagBag"}
{"timestamp":"2026-01-18T18:31:47.526528","level":"info","event":"Filling up the DagBag from /home/airflow/.local/lib/python3.12/site-packages/airflow/example_dags/example_local_kubernetes_executor.py","logger":"airflow.models.dagbag.DagBag"}
{"timestamp":"2026-01-18T18:32:17.883402","level":"info","event":"Filling up the DagBag from /home/airflow/.local/lib/python3.12/site-packages/airflow/example_dags/example_local_kubernetes_executor.py","logger":"airflow.models.dagbag.DagBag"}
{"timestamp":"2026-01-18T18:32:48.306007","level":"info","event":"Filling up the DagBag from /home/airflow/.local/lib/python3.12/site-packages/airflow/example_dags/example_local_kubernetes_executor.py","logger":"airflow.models.dagbag.DagBag"}
{"timestamp":"2026-01-18T18:34:22.778636","level":"info","event":"Filling up the DagBag from /home/airflow/.local/lib/python3.12/site-packages/airflow/example_dags/example_local_kubernetes_executor.py","logger":"airflow.models.dagbag.DagBag"}
{"timestamp":"2026-01-18T18:34:53.012921","level":"info","event":"Filling up the DagBag from /home/airflow/.local/lib/python3.12/site-packages/airflow/example_dags/example_local_kubernetes_executor.py","logger":"airflow.models.dagbag.DagBag"}
{"timestamp":"2026-01-18T18:35:39.430770","level":"info","event":"Filling up the DagBag from /home/airflow/.local/lib/python3.12/site-packages/airflow/example_dags/example_local_kubernetes_executor.py","logger":"airflow.models.dagbag.DagBag"}
{"timestamp":"2026-01-18T18:36:09.985817","level":"info","event":"Filling up the DagBag from /home/airflow/.local/lib/python3.12/site-packages/airflow/example_dags/example_local_kubernetes_executor.py","logger":"airflow.models.dagbag.DagBag"}
{"timestamp":"2026-01-18T18:38:05.649496","level":"info","event":"Filling up the DagBag from /home/airflow/.local/lib/python3.12/site-packages/airflow/example_dags/example_local_kubernetes_executor.py","logger":"airflow.models.dagbag.DagBag"}
{"timestamp":"2026-01-18T18:38:38.586443","level":"info","event":"Filling up the DagBag from /home/airflow/.local/lib/python3.12/site-packages/airflow/example_dags/example_local_kubernetes_executor.py","logger":"airflow.models.dagbag.DagBag"}
{"timestamp":"2026-01-18T18:39:09.533654","level":"info","event":"Filling up the DagBag from /home/airflow/.local/lib/python3.12/site-packages/airflow/example_dags/example_local_kubernetes_executor.py","logger":"airflow.models.dagbag.DagBag"}
{"timestamp":"2026-01-18T18:40:45.787106","level":"info","event":"Filling up the DagBag from /home/airflow/.local/lib/python3.12/site-packages/airflow/example_dags/example_local_kubernetes_executor.py","logger":"airflow.models.dagbag.DagBag"}
{"timestamp":"2026-01-18T18:41:16.408354","level":"info","event":"Filling up the DagBag from /home/airflow/.local/lib/python3.12/site-packages/airflow/example_dags/example_local_kubernetes_executor.py","logger":"airflow.models.dagbag.DagBag"}
{"timestamp":"2026-01-18T18:42:08.938208","level":"info","event":"Filling up the DagBag from /home/airflow/.local/lib/python3.12/site-packages/airflow/example_dags/example_local_kubernetes_executor.py","logger":"airflow.models.dagbag.DagBag"}
{"timestamp":"2026-01-18T18:42:39.535817","level":"info","event":"Filling up the DagBag from /home/airflow/.local/lib/python3.12/site-packages/airflow/example_dags/example_local_kubernetes_executor.py","logger":"airflow.models.dagbag.DagBag"}
{"timestamp":"2026-01-18T18:43:51.695805","level":"info","event":"Filling up the DagBag from /home/airflow/.local/lib/python3.12/site-packages/airflow/example_dags/example_local_kubernetes_executor.py","logger":"airflow.models.dagbag.DagBag"}
{"timestamp":"2026-01-18T18:44:21.881860","level":"info","event":"Filling up the DagBag from /home/airflow/.local/lib/python3.12/site-packages/airflow/example_dags/example_local_kubernetes_executor.py","logger":"airflow.models.dagbag.DagBag"}
{"timestamp":"2026-01-18T18:44:52.982991","level":"info","event":"Filling up the DagBag from /home/airflow/.local/lib/python3.12/site-packages/airflow/example_dags/example_local_kubernetes_executor.py","logger":"airflow.models.dagbag.DagBag"}
{"timestamp":"2026-01-18T18:46:55.519920","level":"info","event":"Filling up the DagBag from /home/airflow/.local/lib/python3.12/site-packages/airflow/example_dags/example_local_kubernetes_executor.py","logger":"airflow.models.dagbag.DagBag"}
{"timestamp":"2026-01-18T18:47:26.483999","level":"info","event":"Filling up the DagBag from /home/airflow/.local/lib/python3.12/site-packages/airflow/example_dags/example_local_kubernetes_executor.py","logger":"airflow.models.dagbag.DagBag"}
{"timestamp":"2026-01-18T18:47:56.907436","level":"info","event":"Filling up the DagBag from /home/airflow/.local/lib/python3.12/site-packages/airflow/example_dags/example_local_kubernetes_executor.py","logger":"airflow.models.dagbag.DagBag"}
{"timestamp":"2026-01-18T18:48:27.274941","level":"info","event":"Filling up the DagBag from /home/airflow/.local/lib/python3.12/site-packages/airflow/example_dags/example_local_kubernetes_executor.py","logger":"airflow.models.dagbag.DagBag"}
{"timestamp":"2026-01-18T18:48:58.087661","level":"info","event":"Filling up the DagBag from /home/airflow/.local/lib/python3.12/site-packages/airflow/example_dags/example_local_kubernetes_executor.py","logger":"airflow.models.dagbag.DagBag"}
{"timestamp":"2026-01-18T18:49:28.736967","level":"info","event":"Filling up the DagBag from /home/airflow/.local/lib/python3.12/site-packages/airflow/example_dags/example_local_kubernetes_executor.py","logger":"airflow.models.dagbag.DagBag"}
{"timestamp":"2026-01-18T18:49:58.986535","level":"info","event":"Filling up the DagBag from /home/airflow/.local/lib/python3.12/site-packages/airflow/example_dags/example_local_kubernetes_executor.py","logger":"airflow.models.dagbag.DagBag"}
{"timestamp":"2026-01-18T18:50:29.268792","level":"info","event":"Filling up the DagBag from /home/airflow/.local/lib/python3.12/site-packages/airflow/example_dags/example_local_kubernetes_executor.py","logger":"airflow.models.dagbag.DagBag"}
{"timestamp":"2026-01-18T18:50:59.840726","level":"info","event":"Filling up the DagBag from /home/airflow/.local/lib/python3.12/site-packages/airflow/example_dags/example_local_kubernetes_executor.py","logger":"airflow.models.dagbag.DagBag"}
{"timestamp":"2026-01-18T18:51:30.969226","level":"info","event":"Filling up the DagBag from /home/airflow/.local/lib/python3.12/site-packages/airflow/example_dags/example_local_kubernetes_executor.py","logger":"airflow.models.dagbag.DagBag"}
{"timestamp":"2026-01-18T18:52:01.202070","level":"info","event":"Filling up the DagBag from /home/airflow/.local/lib/python3.12/site-packages/airflow/example_dags/example_local_kubernetes_executor.py","logger":"airflow.models.dagbag.DagBag"}
{"timestamp":"2026-01-18T18:52:32.157745","level":"info","event":"Filling up the DagBag from /home/airflow/.local/lib/python3.12/site-packages/airflow/example_dags/example_local_kubernetes_executor.py","logger":"airflow.models.dagbag.DagBag"}
{"timestamp":"2026-01-18T18:53:03.331712","level":"info","event":"Filling up the DagBag from /home/airflow/.local/lib/python3.12/site-packages/airflow/example_dags/example_local_kubernetes_executor.py","logger":"airflow.models.dagbag.DagBag"}
{"timestamp":"2026-01-18T18:53:33.954682","level":"info","event":"Filling up the DagBag from /home/airflow/.local/lib/python3.12/site-packages/airflow/example_dags/example_local_kubernetes_executor.py","logger":"airflow.models.dagbag.DagBag"}
{"timestamp":"2026-01-18T18:54:04.978547","level":"info","event":"Filling up the DagBag from /home/airflow/.local/lib/python3.12/site-packages/airflow/example_dags/example_local_kubernetes_executor.py","logger":"airflow.models.dagbag.DagBag"}
{"timestamp":"2026-01-18T18:54:35.232711","level":"info","event":"Filling up the DagBag from /home/airflow/.local/lib/python3.12/site-packages/airflow/example_dags/example_local_kubernetes_executor.py","logger":"airflow.models.dagbag.DagBag"}
{"timestamp":"2026-01-18T18:55:05.581565","level":"info","event":"Filling up the DagBag from /home/airflow/.local/lib/python3.12/site-packages/airflow/example_dags/example_local_kubernetes_executor.py","logger":"airflow.models.dagbag.DagBag"}
{"timestamp":"2026-01-18T18:55:42.138002","level":"info","event":"Filling up the DagBag from /home/airflow/.local/lib/python3.12/site-packages/airflow/example_dags/example_local_kubernetes_executor.py","logger":"airflow.models.dagbag.DagBag"}
{"timestamp":"2026-01-18T18:56:40.297526","level":"info","event":"Filling up the DagBag from /home/airflow/.local/lib/python3.12/site-packages/airflow/example_dags/example_local_kubernetes_executor.py","logger":"airflow.models.dagbag.DagBag"}
{"timestamp":"2026-01-18T18:57:10.471648","level":"info","event":"Filling up the DagBag from /home/airflow/.local/lib/python3.12/site-packages/airflow/example_dags/example_local_kubernetes_executor.py","logger":"airflow.models.dagbag.DagBag"}
{"timestamp":"2026-01-18T18:57:41.103024","level":"info","event":"Filling up the DagBag from /home/airflow/.local/lib/python3.12/site-packages/airflow/example_dags/example_local_kubernetes_executor.py","logger":"airflow.models.dagbag.DagBag"}
{"timestamp":"2026-01-18T18:58:12.174366","level":"info","event":"Filling up the DagBag from /home/airflow/.local/lib/python3.12/site-packages/airflow/example_dags/example_local_kubernetes_executor.py","logger":"airflow.models.dagbag.DagBag"}
{"timestamp":"2026-01-18T18:59:09.109790","level":"info","event":"Filling up the DagBag from /home/airflow/.local/lib/python3.12/site-packages/airflow/example_dags/example_local_kubernetes_executor.py","logger":"airflow.models.dagbag.DagBag"}
{"timestamp":"2026-01-18T18:59:39.418976","level":"info","event":"Filling up the DagBag from /home/airflow/.local/lib/python3.12/site-packages/airflow/example_dags/example_local_kubernetes_executor.py","logger":"airflow.models.dagbag.DagBag"}
{"timestamp":"2026-01-18T19:00:10.141865","level":"info","event":"Filling up the DagBag from /home/airflow/.local/lib/python3.12/site-packages/airflow/example_dags/example_local_kubernetes_executor.py","logger":"airflow.models.dagbag.DagBag"}
{"timestamp":"2026-01-18T19:00:41.370540","level":"info","event":"Filling up the DagBag from /home/airflow/.local/lib/python3.12/site-packages/airflow/example_dags/example_local_kubernetes_executor.py","logger":"airflow.models.dagbag.DagBag"}
{"timestamp":"2026-01-18T19:01:12.339243","level":"info","event":"Filling up the DagBag from /home/airflow/.local/lib/python3.12/site-packages/airflow/example_dags/example_local_kubernetes_executor.py","logger":"airflow.models.dagbag.DagBag"}
{"timestamp":"2026-01-18T19:01:43.536389","level":"info","event":"Filling up the DagBag from /home/airflow/.local/lib/python3.12/site-packages/airflow/example_dags/example_local_kubernetes_executor.py","logger":"airflow.models.dagbag.DagBag"}
{"timestamp":"2026-01-18T19:02:13.829799","level":"info","event":"Filling up the DagBag from /home/airflow/.local/lib/python3.12/site-packages/airflow/example_dags/example_local_kubernetes_executor.py","logger":"airflow.models.dagbag.DagBag"}
{"timestamp":"2026-01-18T19:02:44.575571","level":"info","event":"Filling up the DagBag from /home/airflow/.local/lib/python3.12/site-packages/airflow/example_dags/example_local_kubernetes_executor.py","logger":"airflow.models.dagbag.DagBag"}
{"timestamp":"2026-01-18T19:03:15.180797","level":"info","event":"Filling up the DagBag from /home/airflow/.local/lib/python3.12/site-packages/airflow/example_dags/example_local_kubernetes_executor.py","logger":"airflow.models.dagbag.DagBag"}
{"timestamp":"2026-01-18T19:03:45.915956","level":"info","event":"Filling up the DagBag from /home/airflow/.local/lib/python3.12/site-packages/airflow/example_dags/example_local_kubernetes_executor.py","logger":"airflow.models.dagbag.DagBag"}
{"timestamp":"2026-01-18T19:04:16.636943","level":"info","event":"Filling up the DagBag from /home/airflow/.local/lib/python3.12/site-packages/airflow/example_dags/example_local_kubernetes_executor.py","logger":"airflow.models.dagbag.DagBag"}
{"timestamp":"2026-01-18T19:04:47.118078","level":"info","event":"Filling up the DagBag from /home/airflow/.local/lib/python3.12/site-packages/airflow/example_dags/example_local_kubernetes_executor.py","logger":"airflow.models.dagbag.DagBag"}
{"timestamp":"2026-01-18T19:05:17.493750","level":"info","event":"Filling up the DagBag from /home/airflow/.local/lib/python3.12/site-packages/airflow/example_dags/example_local_kubernetes_executor.py","logger":"airflow.models.dagbag.DagBag"}
{"timestamp":"2026-01-18T19:05:48.664892","level":"info","event":"Filling up the DagBag from /home/airflow/.local/lib/python3.12/site-packages/airflow/example_dags/example_local_kubernetes_executor.py","logger":"airflow.models.dagbag.DagBag"}
{"timestamp":"2026-01-18T19:06:19.483952","level":"info","event":"Filling up the DagBag from /home/airflow/.local/lib/python3.12/site-packages/airflow/example_dags/example_local_kubernetes_executor.py","logger":"airflow.models.dagbag.DagBag"}
{"timestamp":"2026-01-18T19:06:49.749242","level":"info","event":"Filling up the DagBag from /home/airflow/.local/lib/python3.12/site-packages/airflow/example_dags/example_local_kubernetes_executor.py","logger":"airflow.models.dagbag.DagBag"}
{"timestamp":"2026-01-18T19:07:20.884854","level":"info","event":"Filling up the DagBag from /home/airflow/.local/lib/python3.12/site-packages/airflow/example_dags/example_local_kubernetes_executor.py","logger":"airflow.models.dagbag.DagBag"}
{"timestamp":"2026-01-18T19:09:00.791985","level":"info","event":"Filling up the DagBag from /home/airflow/.local/lib/python3.12/site-packages/airflow/example_dags/example_local_kubernetes_executor.py","logger":"airflow.models.dagbag.DagBag"}
{"timestamp":"2026-01-18T19:09:31.468411","level":"info","event":"Filling up the DagBag from /home/airflow/.local/lib/python3.12/site-packages/airflow/example_dags/example_local_kubernetes_executor.py","logger":"airflow.models.dagbag.DagBag"}
{"timestamp":"2026-01-18T19:10:02.542681","level":"info","event":"Filling up the DagBag from /home/airflow/.local/lib/python3.12/site-packages/airflow/example_dags/example_local_kubernetes_executor.py","logger":"airflow.models.dagbag.DagBag"}
{"timestamp":"2026-01-18T19:10:33.149364","level":"info","event":"Filling up the DagBag from /home/airflow/.local/lib/python3.12/site-packages/airflow/example_dags/example_local_kubernetes_executor.py","logger":"airflow.models.dagbag.DagBag"}
{"timestamp":"2026-01-18T19:11:03.700661","level":"info","event":"Filling up the DagBag from /home/airflow/.local/lib/python3.12/site-packages/airflow/example_dags/example_local_kubernetes_executor.py","logger":"airflow.models.dagbag.DagBag"}
{"timestamp":"2026-01-18T19:12:18.799297","level":"info","event":"Filling up the DagBag from /home/airflow/.local/lib/python3.12/site-packages/airflow/example_dags/example_local_kubernetes_executor.py","logger":"airflow.models.dagbag.DagBag"}
{"timestamp":"2026-01-18T19:12:49.646471","level":"info","event":"Filling up the DagBag from /home/airflow/.local/lib/python3.12/site-packages/airflow/example_dags/example_local_kubernetes_executor.py","logger":"airflow.models.dagbag.DagBag"}
{"timestamp":"2026-01-18T19:13:20.806878","level":"info","event":"Filling up the DagBag from /home/airflow/.local/lib/python3.12/site-packages/airflow/example_dags/example_local_kubernetes_executor.py","logger":"airflow.models.dagbag.DagBag"}
{"timestamp":"2026-01-18T19:17:42.887017","level":"info","event":"Filling up the DagBag from /home/airflow/.local/lib/python3.12/site-packages/airflow/example_dags/example_local_kubernetes_executor.py","logger":"airflow.models.dagbag.DagBag"}
{"timestamp":"2026-01-18T19:19:35.982161","level":"info","event":"Filling up the DagBag from /home/airflow/.local/lib/python3.12/site-packages/airflow/example_dags/example_local_kubernetes_executor.py","logger":"airflow.models.dagbag.DagBag"}
{"timestamp":"2026-01-18T19:20:14.399935","level":"info","event":"Filling up the DagBag from /home/airflow/.local/lib/python3.12/site-packages/airflow/example_dags/example_local_kubernetes_executor.py","logger":"airflow.models.dagbag.DagBag"}
{"timestamp":"2026-01-18T19:20:45.086046","level":"info","event":"Filling up the DagBag from /home/airflow/.local/lib/python3.12/site-packages/airflow/example_dags/example_local_kubernetes_executor.py","logger":"airflow.models.dagbag.DagBag"}
{"timestamp":"2026-01-18T19:21:24.203874","level":"info","event":"Filling up the DagBag from /home/airflow/.local/lib/python3.12/site-packages/airflow/example_dags/example_local_kubernetes_executor.py","logger":"airflow.models.dagbag.DagBag"}
{"timestamp":"2026-01-18T19:21:54.667423","level":"info","event":"Filling up the DagBag from /home/airflow/.local/lib/python3.12/site-packages/airflow/example_dags/example_local_kubernetes_executor.py","logger":"airflow.models.dagbag.DagBag"}
{"timestamp":"2026-01-18T19:22:44.061839","level":"info","event":"Filling up the DagBag from /home/airflow/.local/lib/python3.12/site-packages/airflow/example_dags/example_local_kubernetes_executor.py","logger":"airflow.models.dagbag.DagBag"}
{"timestamp":"2026-01-18T19:23:14.478269","level":"info","event":"Filling up the DagBag from /home/airflow/.local/lib/python3.12/site-packages/airflow/example_dags/example_local_kubernetes_executor.py","logger":"airflow.models.dagbag.DagBag"}
{"timestamp":"2026-01-18T19:24:08.453301","level":"info","event":"Filling up the DagBag from /home/airflow/.local/lib/python3.12/site-packages/airflow/example_dags/example_local_kubernetes_executor.py","logger":"airflow.models.dagbag.DagBag"}
{"timestamp":"2026-01-18T19:24:39.068751","level":"info","event":"Filling up the DagBag from /home/airflow/.local/lib/python3.12/site-packages/airflow/example_dags/example_local_kubernetes_executor.py","logger":"airflow.models.dagbag.DagBag"}
{"timestamp":"2026-01-18T19:25:15.879681","level":"info","event":"Filling up the DagBag from /home/airflow/.local/lib/python3.12/site-packages/airflow/example_dags/example_local_kubernetes_executor.py","logger":"airflow.models.dagbag.DagBag"}
{"timestamp":"2026-01-18T22:29:54.813312","level":"info","event":"Filling up the DagBag from /home/airflow/.local/lib/python3.12/site-packages/airflow/example_dags/example_local_kubernetes_executor.py","logger":"airflow.models.dagbag.DagBag"}
