{"timestamp":"2026-02-17T20:55:03.026511","level":"info","event":"DAG bundles loaded: dags-folder","logger":"airflow.dag_processing.bundles.manager.DagBundlesManager"}
{"timestamp":"2026-02-17T20:55:03.028750","level":"info","event":"Filling up the DagBag from /opt/airflow/dags/carga_neon.py","logger":"airflow.models.dagbag.DagBag"}
{"timestamp":"2026-02-17T20:55:03.310087Z","level":"info","event":"--- INICIANDO CARGA TOTAL (DRIVER PADRAO) ---","chan":"stdout","logger":"task"}
{"timestamp":"2026-02-17T20:55:03.319141Z","level":"info","event":"Lendo local: categories","chan":"stdout","logger":"task"}
{"timestamp":"2026-02-17T20:55:07.303819Z","level":"info","event":"✅ SUCESSO: categories","chan":"stdout","logger":"task"}
{"timestamp":"2026-02-17T20:55:07.304676Z","level":"info","event":"Lendo local: customers","chan":"stdout","logger":"task"}
{"timestamp":"2026-02-17T20:55:07.696182Z","level":"info","event":"✅ SUCESSO: customers","chan":"stdout","logger":"task"}
{"timestamp":"2026-02-17T20:55:07.696773Z","level":"info","event":"Lendo local: employees","chan":"stdout","logger":"task"}
{"timestamp":"2026-02-17T20:55:08.107546Z","level":"info","event":"✅ SUCESSO: employees","chan":"stdout","logger":"task"}
{"timestamp":"2026-02-17T20:55:08.108656Z","level":"info","event":"Lendo local: orders","chan":"stdout","logger":"task"}
{"timestamp":"2026-02-17T20:55:08.834698Z","level":"info","event":"✅ SUCESSO: orders","chan":"stdout","logger":"task"}
{"timestamp":"2026-02-17T20:55:08.835245Z","level":"info","event":"Lendo local: products","chan":"stdout","logger":"task"}
{"timestamp":"2026-02-17T20:55:09.216646Z","level":"info","event":"✅ SUCESSO: products","chan":"stdout","logger":"task"}
{"timestamp":"2026-02-17T20:55:09.217361Z","level":"info","event":"Lendo local: shippers","chan":"stdout","logger":"task"}
{"timestamp":"2026-02-17T20:55:09.572358Z","level":"info","event":"✅ SUCESSO: shippers","chan":"stdout","logger":"task"}
{"timestamp":"2026-02-17T20:55:09.573119Z","level":"info","event":"Lendo local: suppliers","chan":"stdout","logger":"task"}
{"timestamp":"2026-02-17T20:55:09.929855Z","level":"info","event":"✅ SUCESSO: suppliers","chan":"stdout","logger":"task"}
{"timestamp":"2026-02-17T20:55:09.930496Z","level":"info","event":"Lendo local: territories","chan":"stdout","logger":"task"}
{"timestamp":"2026-02-17T20:55:10.282517Z","level":"info","event":"✅ SUCESSO: territories","chan":"stdout","logger":"task"}
{"timestamp":"2026-02-17T20:55:10.283140Z","level":"info","event":"Lendo local: region","chan":"stdout","logger":"task"}
{"timestamp":"2026-02-17T20:55:10.633842Z","level":"info","event":"✅ SUCESSO: region","chan":"stdout","logger":"task"}
{"timestamp":"2026-02-17T20:55:10.634424Z","level":"info","event":"Lendo local: order_details","chan":"stdout","logger":"task"}
{"timestamp":"2026-02-17T20:55:11.192445Z","level":"info","event":"✅ SUCESSO: order_details","chan":"stdout","logger":"task"}
{"timestamp":"2026-02-17T20:55:11.193001Z","level":"info","event":"Lendo local: departamentos","chan":"stdout","logger":"task"}
{"timestamp":"2026-02-17T20:55:11.538911Z","level":"info","event":"✅ SUCESSO: departamentos","chan":"stdout","logger":"task"}
{"timestamp":"2026-02-17T20:55:11.540242Z","level":"info","event":"Lendo local: funcionarios","chan":"stdout","logger":"task"}
{"timestamp":"2026-02-17T20:55:11.889307Z","level":"info","event":"✅ SUCESSO: funcionarios","chan":"stdout","logger":"task"}
{"timestamp":"2026-02-17T20:55:11.891529","level":"info","event":"Done. Returned value was: None","logger":"airflow.task.operators.airflow.providers.standard.operators.python.PythonOperator"}
