{"timestamp":"2026-02-04T20:50:15.476422","level":"info","event":"Filling up the DagBag from /opt/airflow/dags/27.Pipeline.py","logger":"airflow.models.dagbag.DagBag"}
{"timestamp":"2026-02-04T20:50:23.140252","level":"info","event":"Filling up the DagBag from /opt/airflow/dags/27.Pipeline.py","logger":"airflow.models.dagbag.DagBag"}
{"timestamp":"2026-02-04T20:50:29.194946","level":"info","event":"Filling up the DagBag from /opt/airflow/dags/27.Pipeline.py","logger":"airflow.models.dagbag.DagBag"}
{"timestamp":"2026-02-04T20:50:36.770177","level":"info","event":"Filling up the DagBag from /opt/airflow/dags/27.Pipeline.py","logger":"airflow.models.dagbag.DagBag"}
{"timestamp":"2026-02-04T20:50:43.188108","level":"info","event":"Filling up the DagBag from /opt/airflow/dags/27.Pipeline.py","logger":"airflow.models.dagbag.DagBag"}
{"timestamp":"2026-02-04T20:50:49.710611","level":"info","event":"Filling up the DagBag from /opt/airflow/dags/27.Pipeline.py","logger":"airflow.models.dagbag.DagBag"}
{"timestamp":"2026-02-04T20:50:56.467142","level":"info","event":"Filling up the DagBag from /opt/airflow/dags/27.Pipeline.py","logger":"airflow.models.dagbag.DagBag"}
{"timestamp":"2026-02-04T20:51:02.818097","level":"info","event":"Filling up the DagBag from /opt/airflow/dags/27.Pipeline.py","logger":"airflow.models.dagbag.DagBag"}
{"timestamp":"2026-02-04T20:51:09.956963","level":"info","event":"Filling up the DagBag from /opt/airflow/dags/27.Pipeline.py","logger":"airflow.models.dagbag.DagBag"}
{"timestamp":"2026-02-04T20:51:15.814764","level":"info","event":"Filling up the DagBag from /opt/airflow/dags/27.Pipeline.py","logger":"airflow.models.dagbag.DagBag"}
{"timestamp":"2026-02-04T20:51:21.727967","level":"info","event":"Filling up the DagBag from /opt/airflow/dags/27.Pipeline.py","logger":"airflow.models.dagbag.DagBag"}
{"timestamp":"2026-02-04T20:51:27.444352","level":"info","event":"Filling up the DagBag from /opt/airflow/dags/27.Pipeline.py","logger":"airflow.models.dagbag.DagBag"}
{"timestamp":"2026-02-04T20:51:32.933828","level":"info","event":"Filling up the DagBag from /opt/airflow/dags/27.Pipeline.py","logger":"airflow.models.dagbag.DagBag"}
{"timestamp":"2026-02-04T20:51:38.379485","level":"info","event":"Filling up the DagBag from /opt/airflow/dags/27.Pipeline.py","logger":"airflow.models.dagbag.DagBag"}
{"timestamp":"2026-02-04T20:51:43.889046","level":"info","event":"Filling up the DagBag from /opt/airflow/dags/27.Pipeline.py","logger":"airflow.models.dagbag.DagBag"}
{"timestamp":"2026-02-04T20:51:49.401004","level":"info","event":"Filling up the DagBag from /opt/airflow/dags/27.Pipeline.py","logger":"airflow.models.dagbag.DagBag"}
{"timestamp":"2026-02-04T20:51:55.140309","level":"info","event":"Filling up the DagBag from /opt/airflow/dags/27.Pipeline.py","logger":"airflow.models.dagbag.DagBag"}
{"timestamp":"2026-02-04T20:52:00.745595","level":"info","event":"Filling up the DagBag from /opt/airflow/dags/27.Pipeline.py","logger":"airflow.models.dagbag.DagBag"}
{"timestamp":"2026-02-04T20:52:06.140277","level":"info","event":"Filling up the DagBag from /opt/airflow/dags/27.Pipeline.py","logger":"airflow.models.dagbag.DagBag"}
{"timestamp":"2026-02-04T20:52:11.724220","level":"info","event":"Filling up the DagBag from /opt/airflow/dags/27.Pipeline.py","logger":"airflow.models.dagbag.DagBag"}
{"timestamp":"2026-02-04T20:52:17.588173","level":"info","event":"Filling up the DagBag from /opt/airflow/dags/27.Pipeline.py","logger":"airflow.models.dagbag.DagBag"}
{"timestamp":"2026-02-04T20:52:23.185771","level":"info","event":"Filling up the DagBag from /opt/airflow/dags/27.Pipeline.py","logger":"airflow.models.dagbag.DagBag"}
{"timestamp":"2026-02-04T20:52:29.054641","level":"info","event":"Filling up the DagBag from /opt/airflow/dags/27.Pipeline.py","logger":"airflow.models.dagbag.DagBag"}
{"timestamp":"2026-02-04T20:52:34.364387","level":"info","event":"Filling up the DagBag from /opt/airflow/dags/27.Pipeline.py","logger":"airflow.models.dagbag.DagBag"}
{"timestamp":"2026-02-04T20:52:39.797309","level":"info","event":"Filling up the DagBag from /opt/airflow/dags/27.Pipeline.py","logger":"airflow.models.dagbag.DagBag"}
{"timestamp":"2026-02-04T20:52:46.168979","level":"info","event":"Filling up the DagBag from /opt/airflow/dags/27.Pipeline.py","logger":"airflow.models.dagbag.DagBag"}
{"timestamp":"2026-02-04T20:52:52.039901","level":"info","event":"Filling up the DagBag from /opt/airflow/dags/27.Pipeline.py","logger":"airflow.models.dagbag.DagBag"}
{"timestamp":"2026-02-04T20:52:57.511113","level":"info","event":"Filling up the DagBag from /opt/airflow/dags/27.Pipeline.py","logger":"airflow.models.dagbag.DagBag"}
{"timestamp":"2026-02-04T20:53:03.499907","level":"info","event":"Filling up the DagBag from /opt/airflow/dags/27.Pipeline.py","logger":"airflow.models.dagbag.DagBag"}
{"timestamp":"2026-02-04T20:53:09.188784","level":"info","event":"Filling up the DagBag from /opt/airflow/dags/27.Pipeline.py","logger":"airflow.models.dagbag.DagBag"}
{"timestamp":"2026-02-04T20:53:14.630848","level":"info","event":"Filling up the DagBag from /opt/airflow/dags/27.Pipeline.py","logger":"airflow.models.dagbag.DagBag"}
{"timestamp":"2026-02-04T20:53:20.165963","level":"info","event":"Filling up the DagBag from /opt/airflow/dags/27.Pipeline.py","logger":"airflow.models.dagbag.DagBag"}
{"timestamp":"2026-02-04T20:53:26.023936","level":"info","event":"Filling up the DagBag from /opt/airflow/dags/27.Pipeline.py","logger":"airflow.models.dagbag.DagBag"}
{"timestamp":"2026-02-04T20:53:31.893445","level":"info","event":"Filling up the DagBag from /opt/airflow/dags/27.Pipeline.py","logger":"airflow.models.dagbag.DagBag"}
{"timestamp":"2026-02-04T20:53:37.627797","level":"info","event":"Filling up the DagBag from /opt/airflow/dags/27.Pipeline.py","logger":"airflow.models.dagbag.DagBag"}
{"timestamp":"2026-02-04T20:53:43.356197","level":"info","event":"Filling up the DagBag from /opt/airflow/dags/27.Pipeline.py","logger":"airflow.models.dagbag.DagBag"}
{"timestamp":"2026-02-04T20:53:48.994629","level":"info","event":"Filling up the DagBag from /opt/airflow/dags/27.Pipeline.py","logger":"airflow.models.dagbag.DagBag"}
{"timestamp":"2026-02-04T20:53:54.480389","level":"info","event":"Filling up the DagBag from /opt/airflow/dags/27.Pipeline.py","logger":"airflow.models.dagbag.DagBag"}
{"timestamp":"2026-02-04T20:54:00.211069","level":"info","event":"Filling up the DagBag from /opt/airflow/dags/27.Pipeline.py","logger":"airflow.models.dagbag.DagBag"}
{"timestamp":"2026-02-04T20:54:05.921811","level":"info","event":"Filling up the DagBag from /opt/airflow/dags/27.Pipeline.py","logger":"airflow.models.dagbag.DagBag"}
{"timestamp":"2026-02-04T20:54:11.545886","level":"info","event":"Filling up the DagBag from /opt/airflow/dags/27.Pipeline.py","logger":"airflow.models.dagbag.DagBag"}
{"timestamp":"2026-02-04T20:54:17.224803","level":"info","event":"Filling up the DagBag from /opt/airflow/dags/27.Pipeline.py","logger":"airflow.models.dagbag.DagBag"}
{"timestamp":"2026-02-04T20:54:22.843991","level":"info","event":"Filling up the DagBag from /opt/airflow/dags/27.Pipeline.py","logger":"airflow.models.dagbag.DagBag"}
{"timestamp":"2026-02-04T20:54:28.387078","level":"info","event":"Filling up the DagBag from /opt/airflow/dags/27.Pipeline.py","logger":"airflow.models.dagbag.DagBag"}
{"timestamp":"2026-02-04T20:54:33.967330","level":"info","event":"Filling up the DagBag from /opt/airflow/dags/27.Pipeline.py","logger":"airflow.models.dagbag.DagBag"}
{"timestamp":"2026-02-04T20:54:39.930354","level":"info","event":"Filling up the DagBag from /opt/airflow/dags/27.Pipeline.py","logger":"airflow.models.dagbag.DagBag"}
{"timestamp":"2026-02-04T20:54:45.365508","level":"info","event":"Filling up the DagBag from /opt/airflow/dags/27.Pipeline.py","logger":"airflow.models.dagbag.DagBag"}
{"timestamp":"2026-02-04T20:54:50.961885","level":"info","event":"Filling up the DagBag from /opt/airflow/dags/27.Pipeline.py","logger":"airflow.models.dagbag.DagBag"}
{"timestamp":"2026-02-04T20:54:56.473181","level":"info","event":"Filling up the DagBag from /opt/airflow/dags/27.Pipeline.py","logger":"airflow.models.dagbag.DagBag"}
{"timestamp":"2026-02-04T20:55:02.849598","level":"info","event":"Filling up the DagBag from /opt/airflow/dags/27.Pipeline.py","logger":"airflow.models.dagbag.DagBag"}
{"timestamp":"2026-02-04T20:55:08.266126","level":"info","event":"Filling up the DagBag from /opt/airflow/dags/27.Pipeline.py","logger":"airflow.models.dagbag.DagBag"}
{"timestamp":"2026-02-04T20:55:13.810722","level":"info","event":"Filling up the DagBag from /opt/airflow/dags/27.Pipeline.py","logger":"airflow.models.dagbag.DagBag"}
{"timestamp":"2026-02-04T20:55:19.812603","level":"info","event":"Filling up the DagBag from /opt/airflow/dags/27.Pipeline.py","logger":"airflow.models.dagbag.DagBag"}
{"timestamp":"2026-02-04T20:55:26.290746","level":"info","event":"Filling up the DagBag from /opt/airflow/dags/27.Pipeline.py","logger":"airflow.models.dagbag.DagBag"}
{"timestamp":"2026-02-04T20:56:00.877504","level":"info","event":"Filling up the DagBag from /opt/airflow/dags/27.Pipeline.py","logger":"airflow.models.dagbag.DagBag"}
{"timestamp":"2026-02-04T20:56:06.634061","level":"info","event":"Filling up the DagBag from /opt/airflow/dags/27.Pipeline.py","logger":"airflow.models.dagbag.DagBag"}
{"timestamp":"2026-02-04T20:56:12.297687","level":"info","event":"Filling up the DagBag from /opt/airflow/dags/27.Pipeline.py","logger":"airflow.models.dagbag.DagBag"}
{"timestamp":"2026-02-04T20:56:18.152849","level":"info","event":"Filling up the DagBag from /opt/airflow/dags/27.Pipeline.py","logger":"airflow.models.dagbag.DagBag"}
{"timestamp":"2026-02-04T20:56:23.506813","level":"info","event":"Filling up the DagBag from /opt/airflow/dags/27.Pipeline.py","logger":"airflow.models.dagbag.DagBag"}
{"timestamp":"2026-02-04T20:56:29.780548","level":"info","event":"Filling up the DagBag from /opt/airflow/dags/27.Pipeline.py","logger":"airflow.models.dagbag.DagBag"}
{"timestamp":"2026-02-04T20:56:35.743500","level":"info","event":"Filling up the DagBag from /opt/airflow/dags/27.Pipeline.py","logger":"airflow.models.dagbag.DagBag"}
{"timestamp":"2026-02-04T20:56:41.330684","level":"info","event":"Filling up the DagBag from /opt/airflow/dags/27.Pipeline.py","logger":"airflow.models.dagbag.DagBag"}
{"timestamp":"2026-02-04T20:56:46.783669","level":"info","event":"Filling up the DagBag from /opt/airflow/dags/27.Pipeline.py","logger":"airflow.models.dagbag.DagBag"}
{"timestamp":"2026-02-04T20:56:52.151788","level":"info","event":"Filling up the DagBag from /opt/airflow/dags/27.Pipeline.py","logger":"airflow.models.dagbag.DagBag"}
{"timestamp":"2026-02-04T20:56:57.657495","level":"info","event":"Filling up the DagBag from /opt/airflow/dags/27.Pipeline.py","logger":"airflow.models.dagbag.DagBag"}
{"timestamp":"2026-02-04T20:57:03.020540","level":"info","event":"Filling up the DagBag from /opt/airflow/dags/27.Pipeline.py","logger":"airflow.models.dagbag.DagBag"}
{"timestamp":"2026-02-04T20:57:08.550700","level":"info","event":"Filling up the DagBag from /opt/airflow/dags/27.Pipeline.py","logger":"airflow.models.dagbag.DagBag"}
{"timestamp":"2026-02-04T20:57:14.135139","level":"info","event":"Filling up the DagBag from /opt/airflow/dags/27.Pipeline.py","logger":"airflow.models.dagbag.DagBag"}
{"timestamp":"2026-02-04T20:57:19.645462","level":"info","event":"Filling up the DagBag from /opt/airflow/dags/27.Pipeline.py","logger":"airflow.models.dagbag.DagBag"}
{"timestamp":"2026-02-04T20:57:24.962226","level":"info","event":"Filling up the DagBag from /opt/airflow/dags/27.Pipeline.py","logger":"airflow.models.dagbag.DagBag"}
{"timestamp":"2026-02-04T20:57:30.386565","level":"info","event":"Filling up the DagBag from /opt/airflow/dags/27.Pipeline.py","logger":"airflow.models.dagbag.DagBag"}
{"timestamp":"2026-02-04T20:57:35.903118","level":"info","event":"Filling up the DagBag from /opt/airflow/dags/27.Pipeline.py","logger":"airflow.models.dagbag.DagBag"}
{"timestamp":"2026-02-04T20:57:41.285013","level":"info","event":"Filling up the DagBag from /opt/airflow/dags/27.Pipeline.py","logger":"airflow.models.dagbag.DagBag"}
{"timestamp":"2026-02-04T20:57:46.725147","level":"info","event":"Filling up the DagBag from /opt/airflow/dags/27.Pipeline.py","logger":"airflow.models.dagbag.DagBag"}
{"timestamp":"2026-02-04T20:57:52.070487","level":"info","event":"Filling up the DagBag from /opt/airflow/dags/27.Pipeline.py","logger":"airflow.models.dagbag.DagBag"}
{"timestamp":"2026-02-04T20:57:57.376791","level":"info","event":"Filling up the DagBag from /opt/airflow/dags/27.Pipeline.py","logger":"airflow.models.dagbag.DagBag"}
{"timestamp":"2026-02-04T20:58:02.832748","level":"info","event":"Filling up the DagBag from /opt/airflow/dags/27.Pipeline.py","logger":"airflow.models.dagbag.DagBag"}
{"timestamp":"2026-02-04T20:58:08.286360","level":"info","event":"Filling up the DagBag from /opt/airflow/dags/27.Pipeline.py","logger":"airflow.models.dagbag.DagBag"}
{"timestamp":"2026-02-04T20:58:14.098883","level":"info","event":"Filling up the DagBag from /opt/airflow/dags/27.Pipeline.py","logger":"airflow.models.dagbag.DagBag"}
{"timestamp":"2026-02-04T20:58:19.482992","level":"info","event":"Filling up the DagBag from /opt/airflow/dags/27.Pipeline.py","logger":"airflow.models.dagbag.DagBag"}
{"timestamp":"2026-02-04T20:58:25.144387","level":"info","event":"Filling up the DagBag from /opt/airflow/dags/27.Pipeline.py","logger":"airflow.models.dagbag.DagBag"}
{"timestamp":"2026-02-04T20:58:30.497833","level":"info","event":"Filling up the DagBag from /opt/airflow/dags/27.Pipeline.py","logger":"airflow.models.dagbag.DagBag"}
{"timestamp":"2026-02-04T20:58:37.721062","level":"info","event":"Filling up the DagBag from /opt/airflow/dags/27.Pipeline.py","logger":"airflow.models.dagbag.DagBag"}
{"timestamp":"2026-02-04T20:58:43.449166","level":"info","event":"Filling up the DagBag from /opt/airflow/dags/27.Pipeline.py","logger":"airflow.models.dagbag.DagBag"}
{"timestamp":"2026-02-04T20:58:48.715300","level":"info","event":"Filling up the DagBag from /opt/airflow/dags/27.Pipeline.py","logger":"airflow.models.dagbag.DagBag"}
{"timestamp":"2026-02-04T20:58:54.296354","level":"info","event":"Filling up the DagBag from /opt/airflow/dags/27.Pipeline.py","logger":"airflow.models.dagbag.DagBag"}
{"timestamp":"2026-02-04T20:59:00.676951","level":"info","event":"Filling up the DagBag from /opt/airflow/dags/27.Pipeline.py","logger":"airflow.models.dagbag.DagBag"}
{"timestamp":"2026-02-04T20:59:06.080107","level":"info","event":"Filling up the DagBag from /opt/airflow/dags/27.Pipeline.py","logger":"airflow.models.dagbag.DagBag"}
{"timestamp":"2026-02-04T20:59:11.955494","level":"info","event":"Filling up the DagBag from /opt/airflow/dags/27.Pipeline.py","logger":"airflow.models.dagbag.DagBag"}
{"timestamp":"2026-02-04T20:59:46.119636","level":"error","event":"Process timed out, PID: 10696","logger":"airflow.utils.timeout.TimeoutPosix"}
{"timestamp":"2026-02-04T20:59:56.115615","level":"error","event":"Failed to import: /opt/airflow/dags/27.Pipeline.py","logger":"airflow.models.dagbag.DagBag","error_detail":[{"exc_type":"AirflowTaskTimeout","exc_value":"DagBag import timeout for /opt/airflow/dags/27.Pipeline.py after 30.0s.\nPlease take a look at these docs to improve your DAG import time:\n* https://airflow.apache.org/docs/apache-airflow/3.0.1/best-practices.html#top-level-python-code\n* https://airflow.apache.org/docs/apache-airflow/3.0.1/best-practices.html#reducing-dag-complexity, PID: 10696","exc_notes":[],"syntax_error":null,"is_cause":false,"frames":[{"filename":"/home/airflow/.local/lib/python3.12/site-packages/airflow/models/dagbag.py","lineno":382,"name":"parse"},{"filename":"<frozen importlib._bootstrap_external>","lineno":999,"name":"exec_module"},{"filename":"<frozen importlib._bootstrap>","lineno":488,"name":"_call_with_frames_removed"},{"filename":"/opt/airflow/dags/27.Pipeline.py","lineno":8,"name":"<module>"},{"filename":"/home/airflow/.local/lib/python3.12/site-packages/airflow/providers/postgres/hooks/postgres.py","lineno":32,"name":"<module>"},{"filename":"/home/airflow/.local/lib/python3.12/site-packages/airflow/providers/common/sql/hooks/sql.py","lineno":39,"name":"<module>"},{"filename":"/home/airflow/.local/lib/python3.12/site-packages/more_itertools/__init__.py","lineno":3,"name":"<module>"},{"filename":"/home/airflow/.local/lib/python3.12/site-packages/more_itertools/more.py","lineno":2131,"name":"<module>"},{"filename":"<frozen abc>","lineno":107,"name":"__new__"},{"filename":"/home/airflow/.local/lib/python3.12/site-packages/airflow/utils/timeout.py","lineno":69,"name":"handle_timeout"}]}]}
{"timestamp":"2026-02-04T21:00:48.554623","level":"info","event":"Filling up the DagBag from /opt/airflow/dags/27.Pipeline.py","logger":"airflow.models.dagbag.DagBag"}
{"timestamp":"2026-02-04T21:00:53.909297","level":"info","event":"Filling up the DagBag from /opt/airflow/dags/27.Pipeline.py","logger":"airflow.models.dagbag.DagBag"}
{"timestamp":"2026-02-04T21:00:59.193804","level":"info","event":"Filling up the DagBag from /opt/airflow/dags/27.Pipeline.py","logger":"airflow.models.dagbag.DagBag"}
{"timestamp":"2026-02-04T21:01:05.516265","level":"info","event":"Filling up the DagBag from /opt/airflow/dags/27.Pipeline.py","logger":"airflow.models.dagbag.DagBag"}
{"timestamp":"2026-02-04T21:01:11.107680","level":"info","event":"Filling up the DagBag from /opt/airflow/dags/27.Pipeline.py","logger":"airflow.models.dagbag.DagBag"}
{"timestamp":"2026-02-04T21:01:16.451179","level":"info","event":"Filling up the DagBag from /opt/airflow/dags/27.Pipeline.py","logger":"airflow.models.dagbag.DagBag"}
{"timestamp":"2026-02-04T21:01:21.797115","level":"info","event":"Filling up the DagBag from /opt/airflow/dags/27.Pipeline.py","logger":"airflow.models.dagbag.DagBag"}
{"timestamp":"2026-02-04T21:01:27.681820","level":"info","event":"Filling up the DagBag from /opt/airflow/dags/27.Pipeline.py","logger":"airflow.models.dagbag.DagBag"}
{"timestamp":"2026-02-04T21:01:33.264201","level":"info","event":"Filling up the DagBag from /opt/airflow/dags/27.Pipeline.py","logger":"airflow.models.dagbag.DagBag"}
{"timestamp":"2026-02-04T21:01:39.257265","level":"info","event":"Filling up the DagBag from /opt/airflow/dags/27.Pipeline.py","logger":"airflow.models.dagbag.DagBag"}
{"timestamp":"2026-02-04T21:01:44.503140","level":"info","event":"Filling up the DagBag from /opt/airflow/dags/27.Pipeline.py","logger":"airflow.models.dagbag.DagBag"}
{"timestamp":"2026-02-04T21:01:50.251573","level":"info","event":"Filling up the DagBag from /opt/airflow/dags/27.Pipeline.py","logger":"airflow.models.dagbag.DagBag"}
{"timestamp":"2026-02-04T21:01:56.266381","level":"info","event":"Filling up the DagBag from /opt/airflow/dags/27.Pipeline.py","logger":"airflow.models.dagbag.DagBag"}
{"timestamp":"2026-02-04T21:02:01.529019","level":"info","event":"Filling up the DagBag from /opt/airflow/dags/27.Pipeline.py","logger":"airflow.models.dagbag.DagBag"}
{"timestamp":"2026-02-04T21:02:07.621640","level":"info","event":"Filling up the DagBag from /opt/airflow/dags/27.Pipeline.py","logger":"airflow.models.dagbag.DagBag"}
{"timestamp":"2026-02-04T21:02:13.214191","level":"info","event":"Filling up the DagBag from /opt/airflow/dags/27.Pipeline.py","logger":"airflow.models.dagbag.DagBag"}
{"timestamp":"2026-02-04T21:02:18.692467","level":"info","event":"Filling up the DagBag from /opt/airflow/dags/27.Pipeline.py","logger":"airflow.models.dagbag.DagBag"}
{"timestamp":"2026-02-04T21:02:24.167441","level":"info","event":"Filling up the DagBag from /opt/airflow/dags/27.Pipeline.py","logger":"airflow.models.dagbag.DagBag"}
{"timestamp":"2026-02-04T21:02:29.865742","level":"info","event":"Filling up the DagBag from /opt/airflow/dags/27.Pipeline.py","logger":"airflow.models.dagbag.DagBag"}
{"timestamp":"2026-02-04T21:02:35.350642","level":"info","event":"Filling up the DagBag from /opt/airflow/dags/27.Pipeline.py","logger":"airflow.models.dagbag.DagBag"}
{"timestamp":"2026-02-04T21:02:41.114088","level":"info","event":"Filling up the DagBag from /opt/airflow/dags/27.Pipeline.py","logger":"airflow.models.dagbag.DagBag"}
{"timestamp":"2026-02-04T21:02:46.525978","level":"info","event":"Filling up the DagBag from /opt/airflow/dags/27.Pipeline.py","logger":"airflow.models.dagbag.DagBag"}
{"timestamp":"2026-02-04T21:02:52.079553","level":"info","event":"Filling up the DagBag from /opt/airflow/dags/27.Pipeline.py","logger":"airflow.models.dagbag.DagBag"}
{"timestamp":"2026-02-04T21:02:57.430746","level":"info","event":"Filling up the DagBag from /opt/airflow/dags/27.Pipeline.py","logger":"airflow.models.dagbag.DagBag"}
{"timestamp":"2026-02-04T21:03:02.766201","level":"info","event":"Filling up the DagBag from /opt/airflow/dags/27.Pipeline.py","logger":"airflow.models.dagbag.DagBag"}
{"timestamp":"2026-02-04T21:03:08.248298","level":"info","event":"Filling up the DagBag from /opt/airflow/dags/27.Pipeline.py","logger":"airflow.models.dagbag.DagBag"}
{"timestamp":"2026-02-04T21:03:14.683431","level":"info","event":"Filling up the DagBag from /opt/airflow/dags/27.Pipeline.py","logger":"airflow.models.dagbag.DagBag"}
{"timestamp":"2026-02-04T21:03:23.177347","level":"info","event":"Filling up the DagBag from /opt/airflow/dags/27.Pipeline.py","logger":"airflow.models.dagbag.DagBag"}
{"timestamp":"2026-02-04T21:03:28.657529","level":"info","event":"Filling up the DagBag from /opt/airflow/dags/27.Pipeline.py","logger":"airflow.models.dagbag.DagBag"}
{"timestamp":"2026-02-04T21:03:34.163320","level":"info","event":"Filling up the DagBag from /opt/airflow/dags/27.Pipeline.py","logger":"airflow.models.dagbag.DagBag"}
{"timestamp":"2026-02-04T21:03:39.523593","level":"info","event":"Filling up the DagBag from /opt/airflow/dags/27.Pipeline.py","logger":"airflow.models.dagbag.DagBag"}
{"timestamp":"2026-02-04T21:03:44.986366","level":"info","event":"Filling up the DagBag from /opt/airflow/dags/27.Pipeline.py","logger":"airflow.models.dagbag.DagBag"}
{"timestamp":"2026-02-04T21:03:50.673859","level":"info","event":"Filling up the DagBag from /opt/airflow/dags/27.Pipeline.py","logger":"airflow.models.dagbag.DagBag"}
{"timestamp":"2026-02-04T21:03:56.459116","level":"info","event":"Filling up the DagBag from /opt/airflow/dags/27.Pipeline.py","logger":"airflow.models.dagbag.DagBag"}
{"timestamp":"2026-02-04T21:04:02.222968","level":"info","event":"Filling up the DagBag from /opt/airflow/dags/27.Pipeline.py","logger":"airflow.models.dagbag.DagBag"}
{"timestamp":"2026-02-04T21:04:07.779720","level":"info","event":"Filling up the DagBag from /opt/airflow/dags/27.Pipeline.py","logger":"airflow.models.dagbag.DagBag"}
{"timestamp":"2026-02-04T21:04:13.345434","level":"info","event":"Filling up the DagBag from /opt/airflow/dags/27.Pipeline.py","logger":"airflow.models.dagbag.DagBag"}
{"timestamp":"2026-02-04T21:04:18.718263","level":"info","event":"Filling up the DagBag from /opt/airflow/dags/27.Pipeline.py","logger":"airflow.models.dagbag.DagBag"}
{"timestamp":"2026-02-04T21:04:24.457789","level":"info","event":"Filling up the DagBag from /opt/airflow/dags/27.Pipeline.py","logger":"airflow.models.dagbag.DagBag"}
{"timestamp":"2026-02-04T21:04:29.898422","level":"info","event":"Filling up the DagBag from /opt/airflow/dags/27.Pipeline.py","logger":"airflow.models.dagbag.DagBag"}
{"timestamp":"2026-02-04T21:04:35.486729","level":"info","event":"Filling up the DagBag from /opt/airflow/dags/27.Pipeline.py","logger":"airflow.models.dagbag.DagBag"}
{"timestamp":"2026-02-04T21:04:40.799862","level":"info","event":"Filling up the DagBag from /opt/airflow/dags/27.Pipeline.py","logger":"airflow.models.dagbag.DagBag"}
{"timestamp":"2026-02-04T21:04:46.253999","level":"info","event":"Filling up the DagBag from /opt/airflow/dags/27.Pipeline.py","logger":"airflow.models.dagbag.DagBag"}
{"timestamp":"2026-02-04T21:04:52.332254","level":"info","event":"Filling up the DagBag from /opt/airflow/dags/27.Pipeline.py","logger":"airflow.models.dagbag.DagBag"}
{"timestamp":"2026-02-04T21:04:58.257099","level":"info","event":"Filling up the DagBag from /opt/airflow/dags/27.Pipeline.py","logger":"airflow.models.dagbag.DagBag"}
{"timestamp":"2026-02-04T21:05:04.828208","level":"info","event":"Filling up the DagBag from /opt/airflow/dags/27.Pipeline.py","logger":"airflow.models.dagbag.DagBag"}
{"timestamp":"2026-02-04T21:05:10.347702","level":"info","event":"Filling up the DagBag from /opt/airflow/dags/27.Pipeline.py","logger":"airflow.models.dagbag.DagBag"}
{"timestamp":"2026-02-04T21:05:15.794370","level":"info","event":"Filling up the DagBag from /opt/airflow/dags/27.Pipeline.py","logger":"airflow.models.dagbag.DagBag"}
{"timestamp":"2026-02-04T21:05:21.434972","level":"info","event":"Filling up the DagBag from /opt/airflow/dags/27.Pipeline.py","logger":"airflow.models.dagbag.DagBag"}
{"timestamp":"2026-02-04T21:05:28.535876","level":"info","event":"Filling up the DagBag from /opt/airflow/dags/27.Pipeline.py","logger":"airflow.models.dagbag.DagBag"}
{"timestamp":"2026-02-04T21:05:34.330634","level":"info","event":"Filling up the DagBag from /opt/airflow/dags/27.Pipeline.py","logger":"airflow.models.dagbag.DagBag"}
{"timestamp":"2026-02-04T21:05:39.736080","level":"info","event":"Filling up the DagBag from /opt/airflow/dags/27.Pipeline.py","logger":"airflow.models.dagbag.DagBag"}
{"timestamp":"2026-02-04T21:05:45.084488","level":"info","event":"Filling up the DagBag from /opt/airflow/dags/27.Pipeline.py","logger":"airflow.models.dagbag.DagBag"}
{"timestamp":"2026-02-04T21:05:51.140692","level":"info","event":"Filling up the DagBag from /opt/airflow/dags/27.Pipeline.py","logger":"airflow.models.dagbag.DagBag"}
{"timestamp":"2026-02-04T21:05:56.797010","level":"info","event":"Filling up the DagBag from /opt/airflow/dags/27.Pipeline.py","logger":"airflow.models.dagbag.DagBag"}
{"timestamp":"2026-02-04T21:06:02.450615","level":"info","event":"Filling up the DagBag from /opt/airflow/dags/27.Pipeline.py","logger":"airflow.models.dagbag.DagBag"}
{"timestamp":"2026-02-04T21:06:07.836773","level":"info","event":"Filling up the DagBag from /opt/airflow/dags/27.Pipeline.py","logger":"airflow.models.dagbag.DagBag"}
{"timestamp":"2026-02-04T21:06:13.331896","level":"info","event":"Filling up the DagBag from /opt/airflow/dags/27.Pipeline.py","logger":"airflow.models.dagbag.DagBag"}
{"timestamp":"2026-02-04T21:06:18.767429","level":"info","event":"Filling up the DagBag from /opt/airflow/dags/27.Pipeline.py","logger":"airflow.models.dagbag.DagBag"}
{"timestamp":"2026-02-04T21:06:25.107391","level":"info","event":"Filling up the DagBag from /opt/airflow/dags/27.Pipeline.py","logger":"airflow.models.dagbag.DagBag"}
{"timestamp":"2026-02-04T21:06:30.741336","level":"info","event":"Filling up the DagBag from /opt/airflow/dags/27.Pipeline.py","logger":"airflow.models.dagbag.DagBag"}
{"timestamp":"2026-02-04T21:06:36.286980","level":"info","event":"Filling up the DagBag from /opt/airflow/dags/27.Pipeline.py","logger":"airflow.models.dagbag.DagBag"}
{"timestamp":"2026-02-04T21:06:41.730783","level":"info","event":"Filling up the DagBag from /opt/airflow/dags/27.Pipeline.py","logger":"airflow.models.dagbag.DagBag"}
{"timestamp":"2026-02-04T21:06:47.822468","level":"info","event":"Filling up the DagBag from /opt/airflow/dags/27.Pipeline.py","logger":"airflow.models.dagbag.DagBag"}
{"timestamp":"2026-02-04T21:06:53.165600","level":"info","event":"Filling up the DagBag from /opt/airflow/dags/27.Pipeline.py","logger":"airflow.models.dagbag.DagBag"}
{"timestamp":"2026-02-04T21:06:58.592414","level":"info","event":"Filling up the DagBag from /opt/airflow/dags/27.Pipeline.py","logger":"airflow.models.dagbag.DagBag"}
{"timestamp":"2026-02-04T21:07:04.504134","level":"info","event":"Filling up the DagBag from /opt/airflow/dags/27.Pipeline.py","logger":"airflow.models.dagbag.DagBag"}
{"timestamp":"2026-02-04T21:07:10.816547","level":"info","event":"Filling up the DagBag from /opt/airflow/dags/27.Pipeline.py","logger":"airflow.models.dagbag.DagBag"}
{"timestamp":"2026-02-04T21:07:16.488548","level":"info","event":"Filling up the DagBag from /opt/airflow/dags/27.Pipeline.py","logger":"airflow.models.dagbag.DagBag"}
{"timestamp":"2026-02-04T21:07:21.934818","level":"info","event":"Filling up the DagBag from /opt/airflow/dags/27.Pipeline.py","logger":"airflow.models.dagbag.DagBag"}
{"timestamp":"2026-02-04T21:07:27.236734","level":"info","event":"Filling up the DagBag from /opt/airflow/dags/27.Pipeline.py","logger":"airflow.models.dagbag.DagBag"}
{"timestamp":"2026-02-04T21:07:32.986598","level":"info","event":"Filling up the DagBag from /opt/airflow/dags/27.Pipeline.py","logger":"airflow.models.dagbag.DagBag"}
{"timestamp":"2026-02-04T21:07:38.348503","level":"info","event":"Filling up the DagBag from /opt/airflow/dags/27.Pipeline.py","logger":"airflow.models.dagbag.DagBag"}
{"timestamp":"2026-02-04T21:07:43.723919","level":"info","event":"Filling up the DagBag from /opt/airflow/dags/27.Pipeline.py","logger":"airflow.models.dagbag.DagBag"}
{"timestamp":"2026-02-04T21:07:49.439715","level":"info","event":"Filling up the DagBag from /opt/airflow/dags/27.Pipeline.py","logger":"airflow.models.dagbag.DagBag"}
{"timestamp":"2026-02-04T21:07:54.872512","level":"info","event":"Filling up the DagBag from /opt/airflow/dags/27.Pipeline.py","logger":"airflow.models.dagbag.DagBag"}
{"timestamp":"2026-02-04T21:08:00.279103","level":"info","event":"Filling up the DagBag from /opt/airflow/dags/27.Pipeline.py","logger":"airflow.models.dagbag.DagBag"}
{"timestamp":"2026-02-04T21:08:05.675652","level":"info","event":"Filling up the DagBag from /opt/airflow/dags/27.Pipeline.py","logger":"airflow.models.dagbag.DagBag"}
{"timestamp":"2026-02-04T21:08:11.061295","level":"info","event":"Filling up the DagBag from /opt/airflow/dags/27.Pipeline.py","logger":"airflow.models.dagbag.DagBag"}
{"timestamp":"2026-02-04T21:08:16.442299","level":"info","event":"Filling up the DagBag from /opt/airflow/dags/27.Pipeline.py","logger":"airflow.models.dagbag.DagBag"}
{"timestamp":"2026-02-04T21:08:21.808563","level":"info","event":"Filling up the DagBag from /opt/airflow/dags/27.Pipeline.py","logger":"airflow.models.dagbag.DagBag"}
{"timestamp":"2026-02-04T21:08:27.310585","level":"info","event":"Filling up the DagBag from /opt/airflow/dags/27.Pipeline.py","logger":"airflow.models.dagbag.DagBag"}
{"timestamp":"2026-02-04T21:08:33.096473","level":"info","event":"Filling up the DagBag from /opt/airflow/dags/27.Pipeline.py","logger":"airflow.models.dagbag.DagBag"}
{"timestamp":"2026-02-04T21:08:38.623728","level":"info","event":"Filling up the DagBag from /opt/airflow/dags/27.Pipeline.py","logger":"airflow.models.dagbag.DagBag"}
{"timestamp":"2026-02-04T21:08:44.018173","level":"info","event":"Filling up the DagBag from /opt/airflow/dags/27.Pipeline.py","logger":"airflow.models.dagbag.DagBag"}
{"timestamp":"2026-02-04T21:08:49.395707","level":"info","event":"Filling up the DagBag from /opt/airflow/dags/27.Pipeline.py","logger":"airflow.models.dagbag.DagBag"}
{"timestamp":"2026-02-04T21:08:54.783439","level":"info","event":"Filling up the DagBag from /opt/airflow/dags/27.Pipeline.py","logger":"airflow.models.dagbag.DagBag"}
{"timestamp":"2026-02-04T21:09:00.333752","level":"info","event":"Filling up the DagBag from /opt/airflow/dags/27.Pipeline.py","logger":"airflow.models.dagbag.DagBag"}
{"timestamp":"2026-02-04T21:24:04.370877","level":"info","event":"Filling up the DagBag from /opt/airflow/dags/27.Pipeline.py","logger":"airflow.models.dagbag.DagBag"}
{"timestamp":"2026-02-04T21:24:09.718191","level":"info","event":"Filling up the DagBag from /opt/airflow/dags/27.Pipeline.py","logger":"airflow.models.dagbag.DagBag"}
{"timestamp":"2026-02-04T21:24:15.037784","level":"info","event":"Filling up the DagBag from /opt/airflow/dags/27.Pipeline.py","logger":"airflow.models.dagbag.DagBag"}
{"timestamp":"2026-02-04T21:24:20.448744","level":"info","event":"Filling up the DagBag from /opt/airflow/dags/27.Pipeline.py","logger":"airflow.models.dagbag.DagBag"}
{"timestamp":"2026-02-04T21:24:25.774825","level":"info","event":"Filling up the DagBag from /opt/airflow/dags/27.Pipeline.py","logger":"airflow.models.dagbag.DagBag"}
{"timestamp":"2026-02-04T21:24:31.047353","level":"info","event":"Filling up the DagBag from /opt/airflow/dags/27.Pipeline.py","logger":"airflow.models.dagbag.DagBag"}
{"timestamp":"2026-02-04T21:25:53.797306Z","level":"critical","event":"Process terminated by signal. For more information, see https://airflow.apache.org/docs/apache-airflow/stable/troubleshooting.html#TaskRunner-killed","signal":-9,"signal_name":"SIGKILL","logger":"processor"}
{"timestamp":"2026-02-04T21:25:59.004867","level":"info","event":"Filling up the DagBag from /opt/airflow/dags/27.Pipeline.py","logger":"airflow.models.dagbag.DagBag"}
{"timestamp":"2026-02-04T21:26:06.632394","level":"info","event":"Filling up the DagBag from /opt/airflow/dags/27.Pipeline.py","logger":"airflow.models.dagbag.DagBag"}
{"timestamp":"2026-02-04T21:26:12.998981","level":"info","event":"Filling up the DagBag from /opt/airflow/dags/27.Pipeline.py","logger":"airflow.models.dagbag.DagBag"}
{"timestamp":"2026-02-04T21:26:19.473780","level":"info","event":"Filling up the DagBag from /opt/airflow/dags/27.Pipeline.py","logger":"airflow.models.dagbag.DagBag"}
{"timestamp":"2026-02-04T21:26:24.873254","level":"info","event":"Filling up the DagBag from /opt/airflow/dags/27.Pipeline.py","logger":"airflow.models.dagbag.DagBag"}
{"timestamp":"2026-02-04T21:26:32.412146","level":"info","event":"Filling up the DagBag from /opt/airflow/dags/27.Pipeline.py","logger":"airflow.models.dagbag.DagBag"}
{"timestamp":"2026-02-04T21:26:39.163975","level":"info","event":"Filling up the DagBag from /opt/airflow/dags/27.Pipeline.py","logger":"airflow.models.dagbag.DagBag"}
{"timestamp":"2026-02-04T21:26:45.033763","level":"info","event":"Filling up the DagBag from /opt/airflow/dags/27.Pipeline.py","logger":"airflow.models.dagbag.DagBag"}
{"timestamp":"2026-02-04T21:26:50.299175","level":"info","event":"Filling up the DagBag from /opt/airflow/dags/27.Pipeline.py","logger":"airflow.models.dagbag.DagBag"}
{"timestamp":"2026-02-04T21:26:56.106547","level":"info","event":"Filling up the DagBag from /opt/airflow/dags/27.Pipeline.py","logger":"airflow.models.dagbag.DagBag"}
{"timestamp":"2026-02-04T21:27:02.149177","level":"info","event":"Filling up the DagBag from /opt/airflow/dags/27.Pipeline.py","logger":"airflow.models.dagbag.DagBag"}
{"timestamp":"2026-02-04T21:27:07.474829","level":"info","event":"Filling up the DagBag from /opt/airflow/dags/27.Pipeline.py","logger":"airflow.models.dagbag.DagBag"}
{"timestamp":"2026-02-04T21:27:12.963043","level":"info","event":"Filling up the DagBag from /opt/airflow/dags/27.Pipeline.py","logger":"airflow.models.dagbag.DagBag"}
{"timestamp":"2026-02-04T21:27:18.363135","level":"info","event":"Filling up the DagBag from /opt/airflow/dags/27.Pipeline.py","logger":"airflow.models.dagbag.DagBag"}
{"timestamp":"2026-02-04T21:27:23.929158","level":"info","event":"Filling up the DagBag from /opt/airflow/dags/27.Pipeline.py","logger":"airflow.models.dagbag.DagBag"}
{"timestamp":"2026-02-04T21:27:29.288793","level":"info","event":"Filling up the DagBag from /opt/airflow/dags/27.Pipeline.py","logger":"airflow.models.dagbag.DagBag"}
{"timestamp":"2026-02-04T21:27:35.116352","level":"info","event":"Filling up the DagBag from /opt/airflow/dags/27.Pipeline.py","logger":"airflow.models.dagbag.DagBag"}
{"timestamp":"2026-02-04T21:27:40.376735","level":"info","event":"Filling up the DagBag from /opt/airflow/dags/27.Pipeline.py","logger":"airflow.models.dagbag.DagBag"}
{"timestamp":"2026-02-04T21:27:45.712617","level":"info","event":"Filling up the DagBag from /opt/airflow/dags/27.Pipeline.py","logger":"airflow.models.dagbag.DagBag"}
{"timestamp":"2026-02-04T21:27:51.374394","level":"info","event":"Filling up the DagBag from /opt/airflow/dags/27.Pipeline.py","logger":"airflow.models.dagbag.DagBag"}
{"timestamp":"2026-02-04T21:27:56.807409","level":"info","event":"Filling up the DagBag from /opt/airflow/dags/27.Pipeline.py","logger":"airflow.models.dagbag.DagBag"}
{"timestamp":"2026-02-04T21:28:02.313975","level":"info","event":"Filling up the DagBag from /opt/airflow/dags/27.Pipeline.py","logger":"airflow.models.dagbag.DagBag"}
{"timestamp":"2026-02-04T21:28:07.694722","level":"info","event":"Filling up the DagBag from /opt/airflow/dags/27.Pipeline.py","logger":"airflow.models.dagbag.DagBag"}
{"timestamp":"2026-02-04T21:28:13.227606","level":"info","event":"Filling up the DagBag from /opt/airflow/dags/27.Pipeline.py","logger":"airflow.models.dagbag.DagBag"}
{"timestamp":"2026-02-04T21:28:18.602852","level":"info","event":"Filling up the DagBag from /opt/airflow/dags/27.Pipeline.py","logger":"airflow.models.dagbag.DagBag"}
{"timestamp":"2026-02-04T21:28:23.970256","level":"info","event":"Filling up the DagBag from /opt/airflow/dags/27.Pipeline.py","logger":"airflow.models.dagbag.DagBag"}
{"timestamp":"2026-02-04T21:28:29.211382","level":"info","event":"Filling up the DagBag from /opt/airflow/dags/27.Pipeline.py","logger":"airflow.models.dagbag.DagBag"}
{"timestamp":"2026-02-04T21:28:34.586396","level":"info","event":"Filling up the DagBag from /opt/airflow/dags/27.Pipeline.py","logger":"airflow.models.dagbag.DagBag"}
{"timestamp":"2026-02-04T21:28:40.053981","level":"info","event":"Filling up the DagBag from /opt/airflow/dags/27.Pipeline.py","logger":"airflow.models.dagbag.DagBag"}
{"timestamp":"2026-02-04T21:28:45.614481","level":"info","event":"Filling up the DagBag from /opt/airflow/dags/27.Pipeline.py","logger":"airflow.models.dagbag.DagBag"}
{"timestamp":"2026-02-04T21:28:50.849175","level":"info","event":"Filling up the DagBag from /opt/airflow/dags/27.Pipeline.py","logger":"airflow.models.dagbag.DagBag"}
{"timestamp":"2026-02-04T21:28:56.202490","level":"info","event":"Filling up the DagBag from /opt/airflow/dags/27.Pipeline.py","logger":"airflow.models.dagbag.DagBag"}
{"timestamp":"2026-02-04T21:29:01.886771","level":"info","event":"Filling up the DagBag from /opt/airflow/dags/27.Pipeline.py","logger":"airflow.models.dagbag.DagBag"}
{"timestamp":"2026-02-04T21:29:07.445402","level":"info","event":"Filling up the DagBag from /opt/airflow/dags/27.Pipeline.py","logger":"airflow.models.dagbag.DagBag"}
{"timestamp":"2026-02-04T21:29:12.964057","level":"info","event":"Filling up the DagBag from /opt/airflow/dags/27.Pipeline.py","logger":"airflow.models.dagbag.DagBag"}
{"timestamp":"2026-02-04T21:44:21.622995","level":"info","event":"Filling up the DagBag from /opt/airflow/dags/27.Pipeline.py","logger":"airflow.models.dagbag.DagBag"}
{"timestamp":"2026-02-04T21:44:28.787671","level":"info","event":"Filling up the DagBag from /opt/airflow/dags/27.Pipeline.py","logger":"airflow.models.dagbag.DagBag"}
{"timestamp":"2026-02-04T21:44:34.344210","level":"info","event":"Filling up the DagBag from /opt/airflow/dags/27.Pipeline.py","logger":"airflow.models.dagbag.DagBag"}
{"timestamp":"2026-02-04T21:44:40.756074","level":"info","event":"Filling up the DagBag from /opt/airflow/dags/27.Pipeline.py","logger":"airflow.models.dagbag.DagBag"}
{"timestamp":"2026-02-04T21:49:24.336999","level":"info","event":"Filling up the DagBag from /opt/airflow/dags/27.Pipeline.py","logger":"airflow.models.dagbag.DagBag"}
{"timestamp":"2026-02-04T21:49:29.666420","level":"info","event":"Filling up the DagBag from /opt/airflow/dags/27.Pipeline.py","logger":"airflow.models.dagbag.DagBag"}
{"timestamp":"2026-02-04T21:49:35.943653","level":"info","event":"Filling up the DagBag from /opt/airflow/dags/27.Pipeline.py","logger":"airflow.models.dagbag.DagBag"}
{"timestamp":"2026-02-04T21:49:41.657392","level":"info","event":"Filling up the DagBag from /opt/airflow/dags/27.Pipeline.py","logger":"airflow.models.dagbag.DagBag"}
{"timestamp":"2026-02-04T21:49:47.035093","level":"info","event":"Filling up the DagBag from /opt/airflow/dags/27.Pipeline.py","logger":"airflow.models.dagbag.DagBag"}
{"timestamp":"2026-02-04T21:49:52.705734","level":"info","event":"Filling up the DagBag from /opt/airflow/dags/27.Pipeline.py","logger":"airflow.models.dagbag.DagBag"}
{"timestamp":"2026-02-04T21:50:52.186645","level":"info","event":"Filling up the DagBag from /opt/airflow/dags/27.Pipeline.py","logger":"airflow.models.dagbag.DagBag"}
{"timestamp":"2026-02-04T21:50:57.603501","level":"info","event":"Filling up the DagBag from /opt/airflow/dags/27.Pipeline.py","logger":"airflow.models.dagbag.DagBag"}
{"timestamp":"2026-02-04T21:51:02.906589","level":"info","event":"Filling up the DagBag from /opt/airflow/dags/27.Pipeline.py","logger":"airflow.models.dagbag.DagBag"}
{"timestamp":"2026-02-04T21:51:08.436029","level":"info","event":"Filling up the DagBag from /opt/airflow/dags/27.Pipeline.py","logger":"airflow.models.dagbag.DagBag"}
{"timestamp":"2026-02-04T21:51:14.057041","level":"info","event":"Filling up the DagBag from /opt/airflow/dags/27.Pipeline.py","logger":"airflow.models.dagbag.DagBag"}
{"timestamp":"2026-02-04T21:51:19.433131","level":"info","event":"Filling up the DagBag from /opt/airflow/dags/27.Pipeline.py","logger":"airflow.models.dagbag.DagBag"}
{"timestamp":"2026-02-04T21:51:42.626694","level":"info","event":"Filling up the DagBag from /opt/airflow/dags/27.Pipeline.py","logger":"airflow.models.dagbag.DagBag"}
{"timestamp":"2026-02-04T21:53:27.303154","level":"info","event":"Filling up the DagBag from /opt/airflow/dags/27.Pipeline.py","logger":"airflow.models.dagbag.DagBag"}
{"timestamp":"2026-02-04T21:53:33.156566","level":"info","event":"Filling up the DagBag from /opt/airflow/dags/27.Pipeline.py","logger":"airflow.models.dagbag.DagBag"}
{"timestamp":"2026-02-04T21:53:38.557912","level":"info","event":"Filling up the DagBag from /opt/airflow/dags/27.Pipeline.py","logger":"airflow.models.dagbag.DagBag"}
{"timestamp":"2026-02-04T21:53:44.037098","level":"info","event":"Filling up the DagBag from /opt/airflow/dags/27.Pipeline.py","logger":"airflow.models.dagbag.DagBag"}
{"timestamp":"2026-02-04T21:53:49.638474","level":"info","event":"Filling up the DagBag from /opt/airflow/dags/27.Pipeline.py","logger":"airflow.models.dagbag.DagBag"}
{"timestamp":"2026-02-04T21:53:54.907284","level":"info","event":"Filling up the DagBag from /opt/airflow/dags/27.Pipeline.py","logger":"airflow.models.dagbag.DagBag"}
{"timestamp":"2026-02-04T21:54:24.775668","level":"info","event":"Filling up the DagBag from /opt/airflow/dags/27.Pipeline.py","logger":"airflow.models.dagbag.DagBag"}
{"timestamp":"2026-02-04T21:54:30.877803","level":"info","event":"Filling up the DagBag from /opt/airflow/dags/27.Pipeline.py","logger":"airflow.models.dagbag.DagBag"}
{"timestamp":"2026-02-04T21:54:36.902615","level":"info","event":"Filling up the DagBag from /opt/airflow/dags/27.Pipeline.py","logger":"airflow.models.dagbag.DagBag"}
{"timestamp":"2026-02-04T21:54:43.107215","level":"info","event":"Filling up the DagBag from /opt/airflow/dags/27.Pipeline.py","logger":"airflow.models.dagbag.DagBag"}
{"timestamp":"2026-02-04T21:54:48.525329","level":"info","event":"Filling up the DagBag from /opt/airflow/dags/27.Pipeline.py","logger":"airflow.models.dagbag.DagBag"}
{"timestamp":"2026-02-04T21:54:53.966845","level":"info","event":"Filling up the DagBag from /opt/airflow/dags/27.Pipeline.py","logger":"airflow.models.dagbag.DagBag"}
{"timestamp":"2026-02-04T21:55:22.222620","level":"info","event":"Filling up the DagBag from /opt/airflow/dags/27.Pipeline.py","logger":"airflow.models.dagbag.DagBag"}
{"timestamp":"2026-02-04T21:55:28.461275","level":"info","event":"Filling up the DagBag from /opt/airflow/dags/27.Pipeline.py","logger":"airflow.models.dagbag.DagBag"}
{"timestamp":"2026-02-04T21:55:34.533004","level":"info","event":"Filling up the DagBag from /opt/airflow/dags/27.Pipeline.py","logger":"airflow.models.dagbag.DagBag"}
{"timestamp":"2026-02-04T21:55:43.387132","level":"info","event":"Filling up the DagBag from /opt/airflow/dags/27.Pipeline.py","logger":"airflow.models.dagbag.DagBag"}
{"timestamp":"2026-02-04T21:55:50.060638","level":"info","event":"Filling up the DagBag from /opt/airflow/dags/27.Pipeline.py","logger":"airflow.models.dagbag.DagBag"}
{"timestamp":"2026-02-04T21:55:56.049518","level":"info","event":"Filling up the DagBag from /opt/airflow/dags/27.Pipeline.py","logger":"airflow.models.dagbag.DagBag"}
{"timestamp":"2026-02-04T21:56:32.576196","level":"info","event":"Filling up the DagBag from /opt/airflow/dags/27.Pipeline.py","logger":"airflow.models.dagbag.DagBag"}
{"timestamp":"2026-02-04T21:56:37.983662","level":"info","event":"Filling up the DagBag from /opt/airflow/dags/27.Pipeline.py","logger":"airflow.models.dagbag.DagBag"}
{"timestamp":"2026-02-04T21:56:43.383089","level":"info","event":"Filling up the DagBag from /opt/airflow/dags/27.Pipeline.py","logger":"airflow.models.dagbag.DagBag"}
{"timestamp":"2026-02-04T21:56:48.791899","level":"info","event":"Filling up the DagBag from /opt/airflow/dags/27.Pipeline.py","logger":"airflow.models.dagbag.DagBag"}
{"timestamp":"2026-02-04T21:56:54.280051","level":"info","event":"Filling up the DagBag from /opt/airflow/dags/27.Pipeline.py","logger":"airflow.models.dagbag.DagBag"}
{"timestamp":"2026-02-04T21:57:00.185036","level":"info","event":"Filling up the DagBag from /opt/airflow/dags/27.Pipeline.py","logger":"airflow.models.dagbag.DagBag"}
{"timestamp":"2026-02-04T21:57:05.650841","level":"info","event":"Filling up the DagBag from /opt/airflow/dags/27.Pipeline.py","logger":"airflow.models.dagbag.DagBag"}
{"timestamp":"2026-02-04T21:57:45.141826","level":"info","event":"Filling up the DagBag from /opt/airflow/dags/27.Pipeline.py","logger":"airflow.models.dagbag.DagBag"}
{"timestamp":"2026-02-04T21:57:50.495078","level":"info","event":"Filling up the DagBag from /opt/airflow/dags/27.Pipeline.py","logger":"airflow.models.dagbag.DagBag"}
{"timestamp":"2026-02-04T21:57:55.939015","level":"info","event":"Filling up the DagBag from /opt/airflow/dags/27.Pipeline.py","logger":"airflow.models.dagbag.DagBag"}
{"timestamp":"2026-02-04T21:58:01.529056","level":"info","event":"Filling up the DagBag from /opt/airflow/dags/27.Pipeline.py","logger":"airflow.models.dagbag.DagBag"}
{"timestamp":"2026-02-04T21:58:07.821956","level":"info","event":"Filling up the DagBag from /opt/airflow/dags/27.Pipeline.py","logger":"airflow.models.dagbag.DagBag"}
{"timestamp":"2026-02-04T21:58:13.767984","level":"info","event":"Filling up the DagBag from /opt/airflow/dags/27.Pipeline.py","logger":"airflow.models.dagbag.DagBag"}
{"timestamp":"2026-02-04T21:58:46.386923","level":"info","event":"Filling up the DagBag from /opt/airflow/dags/27.Pipeline.py","logger":"airflow.models.dagbag.DagBag"}
{"timestamp":"2026-02-04T23:00:15.192811","level":"info","event":"Filling up the DagBag from /opt/airflow/dags/27.Pipeline.py","logger":"airflow.models.dagbag.DagBag"}
{"timestamp":"2026-02-04T23:00:24.182408","level":"info","event":"Filling up the DagBag from /opt/airflow/dags/27.Pipeline.py","logger":"airflow.models.dagbag.DagBag"}
{"timestamp":"2026-02-04T23:00:29.911439","level":"info","event":"Filling up the DagBag from /opt/airflow/dags/27.Pipeline.py","logger":"airflow.models.dagbag.DagBag"}
{"timestamp":"2026-02-04T23:00:35.477633","level":"info","event":"Filling up the DagBag from /opt/airflow/dags/27.Pipeline.py","logger":"airflow.models.dagbag.DagBag"}
{"timestamp":"2026-02-04T23:00:40.888137","level":"info","event":"Filling up the DagBag from /opt/airflow/dags/27.Pipeline.py","logger":"airflow.models.dagbag.DagBag"}
{"timestamp":"2026-02-04T23:00:59.019308","level":"info","event":"Filling up the DagBag from /opt/airflow/dags/27.Pipeline.py","logger":"airflow.models.dagbag.DagBag"}
{"timestamp":"2026-02-04T23:01:04.496653","level":"info","event":"Filling up the DagBag from /opt/airflow/dags/27.Pipeline.py","logger":"airflow.models.dagbag.DagBag"}
{"timestamp":"2026-02-04T23:01:09.926906","level":"info","event":"Filling up the DagBag from /opt/airflow/dags/27.Pipeline.py","logger":"airflow.models.dagbag.DagBag"}
{"timestamp":"2026-02-04T23:01:15.265418","level":"info","event":"Filling up the DagBag from /opt/airflow/dags/27.Pipeline.py","logger":"airflow.models.dagbag.DagBag"}
{"timestamp":"2026-02-04T23:01:20.901295","level":"info","event":"Filling up the DagBag from /opt/airflow/dags/27.Pipeline.py","logger":"airflow.models.dagbag.DagBag"}
{"timestamp":"2026-02-04T23:01:26.377006","level":"info","event":"Filling up the DagBag from /opt/airflow/dags/27.Pipeline.py","logger":"airflow.models.dagbag.DagBag"}
{"timestamp":"2026-02-04T23:01:31.817873","level":"info","event":"Filling up the DagBag from /opt/airflow/dags/27.Pipeline.py","logger":"airflow.models.dagbag.DagBag"}
{"timestamp":"2026-02-04T23:02:01.348710","level":"info","event":"Filling up the DagBag from /opt/airflow/dags/27.Pipeline.py","logger":"airflow.models.dagbag.DagBag"}
{"timestamp":"2026-02-04T23:02:06.807729","level":"info","event":"Filling up the DagBag from /opt/airflow/dags/27.Pipeline.py","logger":"airflow.models.dagbag.DagBag"}
{"timestamp":"2026-02-04T23:02:12.167765","level":"info","event":"Filling up the DagBag from /opt/airflow/dags/27.Pipeline.py","logger":"airflow.models.dagbag.DagBag"}
{"timestamp":"2026-02-04T23:02:17.721593","level":"info","event":"Filling up the DagBag from /opt/airflow/dags/27.Pipeline.py","logger":"airflow.models.dagbag.DagBag"}
{"timestamp":"2026-02-04T23:02:23.607203","level":"info","event":"Filling up the DagBag from /opt/airflow/dags/27.Pipeline.py","logger":"airflow.models.dagbag.DagBag"}
{"timestamp":"2026-02-04T23:02:29.432172","level":"info","event":"Filling up the DagBag from /opt/airflow/dags/27.Pipeline.py","logger":"airflow.models.dagbag.DagBag"}
{"timestamp":"2026-02-04T23:03:02.503678","level":"info","event":"Filling up the DagBag from /opt/airflow/dags/27.Pipeline.py","logger":"airflow.models.dagbag.DagBag"}
{"timestamp":"2026-02-04T23:03:07.971798","level":"info","event":"Filling up the DagBag from /opt/airflow/dags/27.Pipeline.py","logger":"airflow.models.dagbag.DagBag"}
{"timestamp":"2026-02-04T23:03:13.579336","level":"info","event":"Filling up the DagBag from /opt/airflow/dags/27.Pipeline.py","logger":"airflow.models.dagbag.DagBag"}
{"timestamp":"2026-02-04T23:03:18.999413","level":"info","event":"Filling up the DagBag from /opt/airflow/dags/27.Pipeline.py","logger":"airflow.models.dagbag.DagBag"}
{"timestamp":"2026-02-04T23:03:24.588617","level":"info","event":"Filling up the DagBag from /opt/airflow/dags/27.Pipeline.py","logger":"airflow.models.dagbag.DagBag"}
{"timestamp":"2026-02-04T23:03:30.817242","level":"info","event":"Filling up the DagBag from /opt/airflow/dags/27.Pipeline.py","logger":"airflow.models.dagbag.DagBag"}
{"timestamp":"2026-02-04T23:03:36.236827","level":"info","event":"Filling up the DagBag from /opt/airflow/dags/27.Pipeline.py","logger":"airflow.models.dagbag.DagBag"}
{"timestamp":"2026-02-04T23:04:04.566055","level":"info","event":"Filling up the DagBag from /opt/airflow/dags/27.Pipeline.py","logger":"airflow.models.dagbag.DagBag"}
{"timestamp":"2026-02-04T23:04:10.868976","level":"info","event":"Filling up the DagBag from /opt/airflow/dags/27.Pipeline.py","logger":"airflow.models.dagbag.DagBag"}
{"timestamp":"2026-02-04T23:04:16.552363","level":"info","event":"Filling up the DagBag from /opt/airflow/dags/27.Pipeline.py","logger":"airflow.models.dagbag.DagBag"}
{"timestamp":"2026-02-04T23:04:22.024544","level":"info","event":"Filling up the DagBag from /opt/airflow/dags/27.Pipeline.py","logger":"airflow.models.dagbag.DagBag"}
{"timestamp":"2026-02-04T23:04:28.574221","level":"info","event":"Filling up the DagBag from /opt/airflow/dags/27.Pipeline.py","logger":"airflow.models.dagbag.DagBag"}
{"timestamp":"2026-02-04T23:04:37.844153","level":"info","event":"Filling up the DagBag from /opt/airflow/dags/27.Pipeline.py","logger":"airflow.models.dagbag.DagBag"}
{"timestamp":"2026-02-04T23:04:45.887232","level":"info","event":"Filling up the DagBag from /opt/airflow/dags/27.Pipeline.py","logger":"airflow.models.dagbag.DagBag"}
{"timestamp":"2026-02-04T23:05:18.611199","level":"error","event":"Process timed out, PID: 17078","logger":"airflow.utils.timeout.TimeoutPosix"}
{"timestamp":"2026-02-04T23:05:23.278302","level":"error","event":"Failed to import: /opt/airflow/dags/27.Pipeline.py","logger":"airflow.models.dagbag.DagBag","error_detail":[{"exc_type":"AirflowTaskTimeout","exc_value":"DagBag import timeout for /opt/airflow/dags/27.Pipeline.py after 30.0s.\nPlease take a look at these docs to improve your DAG import time:\n* https://airflow.apache.org/docs/apache-airflow/3.0.1/best-practices.html#top-level-python-code\n* https://airflow.apache.org/docs/apache-airflow/3.0.1/best-practices.html#reducing-dag-complexity, PID: 17078","exc_notes":[],"syntax_error":null,"is_cause":false,"frames":[{"filename":"/home/airflow/.local/lib/python3.12/site-packages/airflow/models/dagbag.py","lineno":382,"name":"parse"},{"filename":"<frozen importlib._bootstrap_external>","lineno":999,"name":"exec_module"},{"filename":"<frozen importlib._bootstrap>","lineno":488,"name":"_call_with_frames_removed"},{"filename":"/opt/airflow/dags/27.Pipeline.py","lineno":56,"name":"<module>"},{"filename":"<attrs generated methods airflow.models.dag.DAG>","lineno":14,"name":"__init__"},{"filename":"/home/airflow/.local/lib/python3.12/site-packages/airflow/sdk/definitions/dag.py","lineno":526,"name":"_extract_tz"},{"filename":"<frozen importlib._bootstrap>","lineno":1412,"name":"_handle_fromlist"},{"filename":"/home/airflow/.local/lib/python3.12/site-packages/airflow/utils/timeout.py","lineno":69,"name":"handle_timeout"}]}]}
{"timestamp":"2026-02-04T23:05:34.454872","level":"info","event":"Filling up the DagBag from /opt/airflow/dags/27.Pipeline.py","logger":"airflow.models.dagbag.DagBag"}
{"timestamp":"2026-02-04T23:05:40.024171","level":"info","event":"Filling up the DagBag from /opt/airflow/dags/27.Pipeline.py","logger":"airflow.models.dagbag.DagBag"}
{"timestamp":"2026-02-04T23:05:45.819512","level":"info","event":"Filling up the DagBag from /opt/airflow/dags/27.Pipeline.py","logger":"airflow.models.dagbag.DagBag"}
{"timestamp":"2026-02-04T23:05:51.284154","level":"info","event":"Filling up the DagBag from /opt/airflow/dags/27.Pipeline.py","logger":"airflow.models.dagbag.DagBag"}
{"timestamp":"2026-02-04T23:05:57.111468","level":"info","event":"Filling up the DagBag from /opt/airflow/dags/27.Pipeline.py","logger":"airflow.models.dagbag.DagBag"}
{"timestamp":"2026-02-04T23:06:03.026118","level":"info","event":"Filling up the DagBag from /opt/airflow/dags/27.Pipeline.py","logger":"airflow.models.dagbag.DagBag"}
{"timestamp":"2026-02-04T23:06:08.540746","level":"info","event":"Filling up the DagBag from /opt/airflow/dags/27.Pipeline.py","logger":"airflow.models.dagbag.DagBag"}
{"timestamp":"2026-02-04T23:06:13.931306","level":"info","event":"Filling up the DagBag from /opt/airflow/dags/27.Pipeline.py","logger":"airflow.models.dagbag.DagBag"}
{"timestamp":"2026-02-04T23:06:19.351623","level":"info","event":"Filling up the DagBag from /opt/airflow/dags/27.Pipeline.py","logger":"airflow.models.dagbag.DagBag"}
{"timestamp":"2026-02-04T23:06:24.894620","level":"info","event":"Filling up the DagBag from /opt/airflow/dags/27.Pipeline.py","logger":"airflow.models.dagbag.DagBag"}
{"timestamp":"2026-02-04T23:06:30.358074","level":"info","event":"Filling up the DagBag from /opt/airflow/dags/27.Pipeline.py","logger":"airflow.models.dagbag.DagBag"}
{"timestamp":"2026-02-04T23:06:35.939033","level":"info","event":"Filling up the DagBag from /opt/airflow/dags/27.Pipeline.py","logger":"airflow.models.dagbag.DagBag"}
{"timestamp":"2026-02-04T23:07:04.983292","level":"info","event":"Filling up the DagBag from /opt/airflow/dags/27.Pipeline.py","logger":"airflow.models.dagbag.DagBag"}
{"timestamp":"2026-02-04T23:07:30.311848","level":"info","event":"Filling up the DagBag from /opt/airflow/dags/27.Pipeline.py","logger":"airflow.models.dagbag.DagBag"}
{"timestamp":"2026-02-04T23:07:35.690702","level":"info","event":"Filling up the DagBag from /opt/airflow/dags/27.Pipeline.py","logger":"airflow.models.dagbag.DagBag"}
{"timestamp":"2026-02-04T23:07:41.152729","level":"info","event":"Filling up the DagBag from /opt/airflow/dags/27.Pipeline.py","logger":"airflow.models.dagbag.DagBag"}
{"timestamp":"2026-02-04T23:07:46.703394","level":"info","event":"Filling up the DagBag from /opt/airflow/dags/27.Pipeline.py","logger":"airflow.models.dagbag.DagBag"}
{"timestamp":"2026-02-04T23:07:52.609529","level":"info","event":"Filling up the DagBag from /opt/airflow/dags/27.Pipeline.py","logger":"airflow.models.dagbag.DagBag"}
{"timestamp":"2026-02-04T23:07:58.466777","level":"info","event":"Filling up the DagBag from /opt/airflow/dags/27.Pipeline.py","logger":"airflow.models.dagbag.DagBag"}
{"timestamp":"2026-02-04T23:08:20.354868","level":"info","event":"Filling up the DagBag from /opt/airflow/dags/27.Pipeline.py","logger":"airflow.models.dagbag.DagBag"}
{"timestamp":"2026-02-04T23:08:25.821424","level":"info","event":"Filling up the DagBag from /opt/airflow/dags/27.Pipeline.py","logger":"airflow.models.dagbag.DagBag"}
{"timestamp":"2026-02-04T23:08:31.138932","level":"info","event":"Filling up the DagBag from /opt/airflow/dags/27.Pipeline.py","logger":"airflow.models.dagbag.DagBag"}
{"timestamp":"2026-02-04T23:08:36.544853","level":"info","event":"Filling up the DagBag from /opt/airflow/dags/27.Pipeline.py","logger":"airflow.models.dagbag.DagBag"}
{"timestamp":"2026-02-04T23:09:12.201601","level":"info","event":"Filling up the DagBag from /opt/airflow/dags/27.Pipeline.py","logger":"airflow.models.dagbag.DagBag"}
{"timestamp":"2026-02-04T23:09:32.263357","level":"info","event":"Filling up the DagBag from /opt/airflow/dags/27.Pipeline.py","logger":"airflow.models.dagbag.DagBag"}
{"timestamp":"2026-02-04T23:09:38.229800","level":"info","event":"Filling up the DagBag from /opt/airflow/dags/27.Pipeline.py","logger":"airflow.models.dagbag.DagBag"}
{"timestamp":"2026-02-04T23:09:43.645836","level":"info","event":"Filling up the DagBag from /opt/airflow/dags/27.Pipeline.py","logger":"airflow.models.dagbag.DagBag"}
{"timestamp":"2026-02-04T23:09:49.394309","level":"info","event":"Filling up the DagBag from /opt/airflow/dags/27.Pipeline.py","logger":"airflow.models.dagbag.DagBag"}
{"timestamp":"2026-02-04T23:09:54.688489","level":"info","event":"Filling up the DagBag from /opt/airflow/dags/27.Pipeline.py","logger":"airflow.models.dagbag.DagBag"}
{"timestamp":"2026-02-04T23:10:00.153791","level":"info","event":"Filling up the DagBag from /opt/airflow/dags/27.Pipeline.py","logger":"airflow.models.dagbag.DagBag"}
{"timestamp":"2026-02-04T23:10:06.908364","level":"info","event":"Filling up the DagBag from /opt/airflow/dags/27.Pipeline.py","logger":"airflow.models.dagbag.DagBag"}
{"timestamp":"2026-02-04T23:10:35.998322","level":"info","event":"Filling up the DagBag from /opt/airflow/dags/27.Pipeline.py","logger":"airflow.models.dagbag.DagBag"}
{"timestamp":"2026-02-04T23:10:42.301171","level":"info","event":"Filling up the DagBag from /opt/airflow/dags/27.Pipeline.py","logger":"airflow.models.dagbag.DagBag"}
{"timestamp":"2026-02-04T23:10:47.760262","level":"info","event":"Filling up the DagBag from /opt/airflow/dags/27.Pipeline.py","logger":"airflow.models.dagbag.DagBag"}
{"timestamp":"2026-02-04T23:10:53.257705","level":"info","event":"Filling up the DagBag from /opt/airflow/dags/27.Pipeline.py","logger":"airflow.models.dagbag.DagBag"}
{"timestamp":"2026-02-04T23:10:58.630379","level":"info","event":"Filling up the DagBag from /opt/airflow/dags/27.Pipeline.py","logger":"airflow.models.dagbag.DagBag"}
{"timestamp":"2026-02-04T23:11:04.349083","level":"info","event":"Filling up the DagBag from /opt/airflow/dags/27.Pipeline.py","logger":"airflow.models.dagbag.DagBag"}
{"timestamp":"2026-02-04T23:11:53.124437","level":"info","event":"Filling up the DagBag from /opt/airflow/dags/27.Pipeline.py","logger":"airflow.models.dagbag.DagBag"}
{"timestamp":"2026-02-04T23:11:59.825494","level":"info","event":"Filling up the DagBag from /opt/airflow/dags/27.Pipeline.py","logger":"airflow.models.dagbag.DagBag"}
{"timestamp":"2026-02-04T23:12:05.357749","level":"info","event":"Filling up the DagBag from /opt/airflow/dags/27.Pipeline.py","logger":"airflow.models.dagbag.DagBag"}
{"timestamp":"2026-02-04T23:12:10.818879","level":"info","event":"Filling up the DagBag from /opt/airflow/dags/27.Pipeline.py","logger":"airflow.models.dagbag.DagBag"}
{"timestamp":"2026-02-04T23:12:16.325414","level":"info","event":"Filling up the DagBag from /opt/airflow/dags/27.Pipeline.py","logger":"airflow.models.dagbag.DagBag"}
{"timestamp":"2026-02-04T23:12:21.726239","level":"info","event":"Filling up the DagBag from /opt/airflow/dags/27.Pipeline.py","logger":"airflow.models.dagbag.DagBag"}
{"timestamp":"2026-02-04T23:13:36.179969","level":"info","event":"Filling up the DagBag from /opt/airflow/dags/27.Pipeline.py","logger":"airflow.models.dagbag.DagBag"}
{"timestamp":"2026-02-04T23:13:41.730619","level":"info","event":"Filling up the DagBag from /opt/airflow/dags/27.Pipeline.py","logger":"airflow.models.dagbag.DagBag"}
{"timestamp":"2026-02-04T23:13:47.596667","level":"info","event":"Filling up the DagBag from /opt/airflow/dags/27.Pipeline.py","logger":"airflow.models.dagbag.DagBag"}
{"timestamp":"2026-02-04T23:13:53.294092","level":"info","event":"Filling up the DagBag from /opt/airflow/dags/27.Pipeline.py","logger":"airflow.models.dagbag.DagBag"}
{"timestamp":"2026-02-04T23:13:59.419358","level":"info","event":"Filling up the DagBag from /opt/airflow/dags/27.Pipeline.py","logger":"airflow.models.dagbag.DagBag"}
{"timestamp":"2026-02-04T23:14:05.424215","level":"info","event":"Filling up the DagBag from /opt/airflow/dags/27.Pipeline.py","logger":"airflow.models.dagbag.DagBag"}
{"timestamp":"2026-02-04T23:14:46.074494","level":"info","event":"Filling up the DagBag from /opt/airflow/dags/27.Pipeline.py","logger":"airflow.models.dagbag.DagBag"}
{"timestamp":"2026-02-04T23:15:01.191378","level":"info","event":"Filling up the DagBag from /opt/airflow/dags/27.Pipeline.py","logger":"airflow.models.dagbag.DagBag"}
{"timestamp":"2026-02-04T23:15:14.146084","level":"info","event":"Filling up the DagBag from /opt/airflow/dags/27.Pipeline.py","logger":"airflow.models.dagbag.DagBag"}
{"timestamp":"2026-02-04T23:15:19.646731","level":"info","event":"Filling up the DagBag from /opt/airflow/dags/27.Pipeline.py","logger":"airflow.models.dagbag.DagBag"}
{"timestamp":"2026-02-04T23:16:33.280024","level":"info","event":"Filling up the DagBag from /opt/airflow/dags/27.Pipeline.py","logger":"airflow.models.dagbag.DagBag"}
{"timestamp":"2026-02-04T23:16:38.958898","level":"info","event":"Filling up the DagBag from /opt/airflow/dags/27.Pipeline.py","logger":"airflow.models.dagbag.DagBag"}
{"timestamp":"2026-02-04T23:16:44.936519","level":"info","event":"Filling up the DagBag from /opt/airflow/dags/27.Pipeline.py","logger":"airflow.models.dagbag.DagBag"}
{"timestamp":"2026-02-04T23:16:50.822943","level":"info","event":"Filling up the DagBag from /opt/airflow/dags/27.Pipeline.py","logger":"airflow.models.dagbag.DagBag"}
{"timestamp":"2026-02-04T23:16:56.388238","level":"info","event":"Filling up the DagBag from /opt/airflow/dags/27.Pipeline.py","logger":"airflow.models.dagbag.DagBag"}
{"timestamp":"2026-02-04T23:17:02.093114","level":"info","event":"Filling up the DagBag from /opt/airflow/dags/27.Pipeline.py","logger":"airflow.models.dagbag.DagBag"}
{"timestamp":"2026-02-04T23:17:49.244726","level":"info","event":"Filling up the DagBag from /opt/airflow/dags/27.Pipeline.py","logger":"airflow.models.dagbag.DagBag"}
{"timestamp":"2026-02-04T23:18:04.895251","level":"info","event":"Filling up the DagBag from /opt/airflow/dags/27.Pipeline.py","logger":"airflow.models.dagbag.DagBag"}
{"timestamp":"2026-02-04T23:18:10.318212","level":"info","event":"Filling up the DagBag from /opt/airflow/dags/27.Pipeline.py","logger":"airflow.models.dagbag.DagBag"}
{"timestamp":"2026-02-04T23:18:15.716657","level":"info","event":"Filling up the DagBag from /opt/airflow/dags/27.Pipeline.py","logger":"airflow.models.dagbag.DagBag"}
{"timestamp":"2026-02-04T23:18:21.301650","level":"info","event":"Filling up the DagBag from /opt/airflow/dags/27.Pipeline.py","logger":"airflow.models.dagbag.DagBag"}
{"timestamp":"2026-02-04T23:18:29.300444","level":"info","event":"Filling up the DagBag from /opt/airflow/dags/27.Pipeline.py","logger":"airflow.models.dagbag.DagBag"}
{"timestamp":"2026-02-04T23:18:34.931576","level":"info","event":"Filling up the DagBag from /opt/airflow/dags/27.Pipeline.py","logger":"airflow.models.dagbag.DagBag"}
{"timestamp":"2026-02-04T23:18:40.378315","level":"info","event":"Filling up the DagBag from /opt/airflow/dags/27.Pipeline.py","logger":"airflow.models.dagbag.DagBag"}
{"timestamp":"2026-02-04T23:18:45.826694","level":"info","event":"Filling up the DagBag from /opt/airflow/dags/27.Pipeline.py","logger":"airflow.models.dagbag.DagBag"}
{"timestamp":"2026-02-04T23:18:51.254221","level":"info","event":"Filling up the DagBag from /opt/airflow/dags/27.Pipeline.py","logger":"airflow.models.dagbag.DagBag"}
{"timestamp":"2026-02-04T23:18:56.957956","level":"info","event":"Filling up the DagBag from /opt/airflow/dags/27.Pipeline.py","logger":"airflow.models.dagbag.DagBag"}
{"timestamp":"2026-02-04T23:20:15.535856Z","level":"critical","event":"Process terminated by signal. For more information, see https://airflow.apache.org/docs/apache-airflow/stable/troubleshooting.html#TaskRunner-killed","signal":-9,"signal_name":"SIGKILL","logger":"processor"}
{"timestamp":"2026-02-04T23:20:20.706304","level":"info","event":"Filling up the DagBag from /opt/airflow/dags/27.Pipeline.py","logger":"airflow.models.dagbag.DagBag"}
{"timestamp":"2026-02-04T23:20:26.017645","level":"info","event":"Filling up the DagBag from /opt/airflow/dags/27.Pipeline.py","logger":"airflow.models.dagbag.DagBag"}
{"timestamp":"2026-02-04T23:20:31.515883","level":"info","event":"Filling up the DagBag from /opt/airflow/dags/27.Pipeline.py","logger":"airflow.models.dagbag.DagBag"}
{"timestamp":"2026-02-04T23:20:37.619674","level":"info","event":"Filling up the DagBag from /opt/airflow/dags/27.Pipeline.py","logger":"airflow.models.dagbag.DagBag"}
{"timestamp":"2026-02-04T23:20:50.510321Z","level":"critical","event":"Process terminated by signal. For more information, see https://airflow.apache.org/docs/apache-airflow/stable/troubleshooting.html#TaskRunner-killed","signal":-9,"signal_name":"SIGKILL","logger":"processor"}
{"timestamp":"2026-02-04T23:24:21.680728","level":"info","event":"Filling up the DagBag from /opt/airflow/dags/27.Pipeline.py","logger":"airflow.models.dagbag.DagBag"}
{"timestamp":"2026-02-04T23:24:28.192787","level":"info","event":"Filling up the DagBag from /opt/airflow/dags/27.Pipeline.py","logger":"airflow.models.dagbag.DagBag"}
{"timestamp":"2026-02-04T23:24:33.584124","level":"info","event":"Filling up the DagBag from /opt/airflow/dags/27.Pipeline.py","logger":"airflow.models.dagbag.DagBag"}
{"timestamp":"2026-02-04T23:25:53.281078","level":"info","event":"Filling up the DagBag from /opt/airflow/dags/27.Pipeline.py","logger":"airflow.models.dagbag.DagBag"}
{"timestamp":"2026-02-04T23:26:04.988506","level":"info","event":"Filling up the DagBag from /opt/airflow/dags/27.Pipeline.py","logger":"airflow.models.dagbag.DagBag"}
{"timestamp":"2026-02-04T23:26:10.755147","level":"info","event":"Filling up the DagBag from /opt/airflow/dags/27.Pipeline.py","logger":"airflow.models.dagbag.DagBag"}
{"timestamp":"2026-02-04T23:26:16.226828","level":"info","event":"Filling up the DagBag from /opt/airflow/dags/27.Pipeline.py","logger":"airflow.models.dagbag.DagBag"}
{"timestamp":"2026-02-04T23:26:21.714772","level":"info","event":"Filling up the DagBag from /opt/airflow/dags/27.Pipeline.py","logger":"airflow.models.dagbag.DagBag"}
{"timestamp":"2026-02-04T23:27:05.523952","level":"info","event":"Filling up the DagBag from /opt/airflow/dags/27.Pipeline.py","logger":"airflow.models.dagbag.DagBag"}
{"timestamp":"2026-02-04T23:27:38.346654","level":"info","event":"Filling up the DagBag from /opt/airflow/dags/27.Pipeline.py","logger":"airflow.models.dagbag.DagBag"}
{"timestamp":"2026-02-04T23:27:44.671591","level":"info","event":"Filling up the DagBag from /opt/airflow/dags/27.Pipeline.py","logger":"airflow.models.dagbag.DagBag"}
{"timestamp":"2026-02-04T23:28:40.889797","level":"info","event":"Filling up the DagBag from /opt/airflow/dags/27.Pipeline.py","logger":"airflow.models.dagbag.DagBag"}
{"timestamp":"2026-02-04T23:28:46.900436","level":"info","event":"Filling up the DagBag from /opt/airflow/dags/27.Pipeline.py","logger":"airflow.models.dagbag.DagBag"}
{"timestamp":"2026-02-04T23:29:01.878286","level":"info","event":"Filling up the DagBag from /opt/airflow/dags/27.Pipeline.py","logger":"airflow.models.dagbag.DagBag"}
{"timestamp":"2026-02-04T23:29:10.931464","level":"info","event":"Filling up the DagBag from /opt/airflow/dags/27.Pipeline.py","logger":"airflow.models.dagbag.DagBag"}
{"timestamp":"2026-02-04T23:29:11.535074Z","level":"critical","event":"Process terminated by signal. For more information, see https://airflow.apache.org/docs/apache-airflow/stable/troubleshooting.html#TaskRunner-killed","signal":-9,"signal_name":"SIGKILL","logger":"processor"}
{"timestamp":"2026-02-04T23:29:21.353893Z","level":"critical","event":"Process terminated by signal. For more information, see https://airflow.apache.org/docs/apache-airflow/stable/troubleshooting.html#TaskRunner-killed","signal":-9,"signal_name":"SIGKILL","logger":"processor"}
{"timestamp":"2026-02-04T23:30:17.609168","level":"info","event":"Filling up the DagBag from /opt/airflow/dags/27.Pipeline.py","logger":"airflow.models.dagbag.DagBag"}
{"timestamp":"2026-02-04T23:30:25.360800","level":"info","event":"Filling up the DagBag from /opt/airflow/dags/27.Pipeline.py","logger":"airflow.models.dagbag.DagBag"}
{"timestamp":"2026-02-04T23:30:31.483933","level":"info","event":"Filling up the DagBag from /opt/airflow/dags/27.Pipeline.py","logger":"airflow.models.dagbag.DagBag"}
{"timestamp":"2026-02-04T23:30:40.208765","level":"info","event":"Filling up the DagBag from /opt/airflow/dags/27.Pipeline.py","logger":"airflow.models.dagbag.DagBag"}
{"timestamp":"2026-02-04T23:30:46.245984","level":"info","event":"Filling up the DagBag from /opt/airflow/dags/27.Pipeline.py","logger":"airflow.models.dagbag.DagBag"}
{"timestamp":"2026-02-04T23:31:03.123867","level":"info","event":"Filling up the DagBag from /opt/airflow/dags/27.Pipeline.py","logger":"airflow.models.dagbag.DagBag"}
{"timestamp":"2026-02-04T23:31:32.766928","level":"info","event":"Filling up the DagBag from /opt/airflow/dags/27.Pipeline.py","logger":"airflow.models.dagbag.DagBag"}
{"timestamp":"2026-02-04T23:31:39.431118","level":"info","event":"Filling up the DagBag from /opt/airflow/dags/27.Pipeline.py","logger":"airflow.models.dagbag.DagBag"}
{"timestamp":"2026-02-04T23:31:45.171696","level":"info","event":"Filling up the DagBag from /opt/airflow/dags/27.Pipeline.py","logger":"airflow.models.dagbag.DagBag"}
{"timestamp":"2026-02-04T23:31:51.238720","level":"info","event":"Filling up the DagBag from /opt/airflow/dags/27.Pipeline.py","logger":"airflow.models.dagbag.DagBag"}
{"timestamp":"2026-02-04T23:31:56.897894","level":"info","event":"Filling up the DagBag from /opt/airflow/dags/27.Pipeline.py","logger":"airflow.models.dagbag.DagBag"}
{"timestamp":"2026-02-04T23:32:43.290841","level":"info","event":"Filling up the DagBag from /opt/airflow/dags/27.Pipeline.py","logger":"airflow.models.dagbag.DagBag"}
{"timestamp":"2026-02-04T23:35:32.675890","level":"info","event":"Filling up the DagBag from /opt/airflow/dags/27.Pipeline.py","logger":"airflow.models.dagbag.DagBag"}
{"timestamp":"2026-02-04T23:35:39.449080","level":"info","event":"Filling up the DagBag from /opt/airflow/dags/27.Pipeline.py","logger":"airflow.models.dagbag.DagBag"}
{"timestamp":"2026-02-04T23:35:46.900058","level":"info","event":"Filling up the DagBag from /opt/airflow/dags/27.Pipeline.py","logger":"airflow.models.dagbag.DagBag"}
{"timestamp":"2026-02-04T23:35:58.649733","level":"info","event":"Filling up the DagBag from /opt/airflow/dags/27.Pipeline.py","logger":"airflow.models.dagbag.DagBag"}
{"timestamp":"2026-02-04T23:36:04.489043","level":"info","event":"Filling up the DagBag from /opt/airflow/dags/27.Pipeline.py","logger":"airflow.models.dagbag.DagBag"}
{"timestamp":"2026-02-04T23:36:09.950344","level":"info","event":"Filling up the DagBag from /opt/airflow/dags/27.Pipeline.py","logger":"airflow.models.dagbag.DagBag"}
{"timestamp":"2026-02-04T23:36:16.088267","level":"info","event":"Filling up the DagBag from /opt/airflow/dags/27.Pipeline.py","logger":"airflow.models.dagbag.DagBag"}
{"timestamp":"2026-02-04T23:36:41.339131","level":"info","event":"Filling up the DagBag from /opt/airflow/dags/27.Pipeline.py","logger":"airflow.models.dagbag.DagBag"}
{"timestamp":"2026-02-04T23:37:34.542903","level":"info","event":"Filling up the DagBag from /opt/airflow/dags/27.Pipeline.py","logger":"airflow.models.dagbag.DagBag"}
{"timestamp":"2026-02-04T23:37:40.082540","level":"info","event":"Filling up the DagBag from /opt/airflow/dags/27.Pipeline.py","logger":"airflow.models.dagbag.DagBag"}
{"timestamp":"2026-02-04T23:37:47.057829","level":"info","event":"Filling up the DagBag from /opt/airflow/dags/27.Pipeline.py","logger":"airflow.models.dagbag.DagBag"}
{"timestamp":"2026-02-04T23:37:52.446307","level":"info","event":"Filling up the DagBag from /opt/airflow/dags/27.Pipeline.py","logger":"airflow.models.dagbag.DagBag"}
{"timestamp":"2026-02-04T23:37:57.892424","level":"info","event":"Filling up the DagBag from /opt/airflow/dags/27.Pipeline.py","logger":"airflow.models.dagbag.DagBag"}
{"timestamp":"2026-02-04T23:38:23.252760","level":"info","event":"Filling up the DagBag from /opt/airflow/dags/27.Pipeline.py","logger":"airflow.models.dagbag.DagBag"}
{"timestamp":"2026-02-04T23:38:31.053475","level":"info","event":"Filling up the DagBag from /opt/airflow/dags/27.Pipeline.py","logger":"airflow.models.dagbag.DagBag"}
{"timestamp":"2026-02-04T23:38:48.799190","level":"info","event":"Filling up the DagBag from /opt/airflow/dags/27.Pipeline.py","logger":"airflow.models.dagbag.DagBag"}
{"timestamp":"2026-02-04T23:38:55.213656","level":"info","event":"Filling up the DagBag from /opt/airflow/dags/27.Pipeline.py","logger":"airflow.models.dagbag.DagBag"}
{"timestamp":"2026-02-04T23:39:02.721133","level":"info","event":"Filling up the DagBag from /opt/airflow/dags/27.Pipeline.py","logger":"airflow.models.dagbag.DagBag"}
{"timestamp":"2026-02-04T23:39:27.762811","level":"info","event":"Filling up the DagBag from /opt/airflow/dags/27.Pipeline.py","logger":"airflow.models.dagbag.DagBag"}
{"timestamp":"2026-02-04T23:39:34.227847","level":"info","event":"Filling up the DagBag from /opt/airflow/dags/27.Pipeline.py","logger":"airflow.models.dagbag.DagBag"}
{"timestamp":"2026-02-04T23:39:39.689523","level":"info","event":"Filling up the DagBag from /opt/airflow/dags/27.Pipeline.py","logger":"airflow.models.dagbag.DagBag"}
{"timestamp":"2026-02-04T23:39:45.179460","level":"info","event":"Filling up the DagBag from /opt/airflow/dags/27.Pipeline.py","logger":"airflow.models.dagbag.DagBag"}
{"timestamp":"2026-02-04T23:39:50.527564","level":"info","event":"Filling up the DagBag from /opt/airflow/dags/27.Pipeline.py","logger":"airflow.models.dagbag.DagBag"}
{"timestamp":"2026-02-04T23:39:55.907941","level":"info","event":"Filling up the DagBag from /opt/airflow/dags/27.Pipeline.py","logger":"airflow.models.dagbag.DagBag"}
{"timestamp":"2026-02-04T23:40:01.371150","level":"info","event":"Filling up the DagBag from /opt/airflow/dags/27.Pipeline.py","logger":"airflow.models.dagbag.DagBag"}
{"timestamp":"2026-02-04T23:40:51.921210","level":"info","event":"Filling up the DagBag from /opt/airflow/dags/27.Pipeline.py","logger":"airflow.models.dagbag.DagBag"}
{"timestamp":"2026-02-04T23:41:43.514847","level":"info","event":"Filling up the DagBag from /opt/airflow/dags/27.Pipeline.py","logger":"airflow.models.dagbag.DagBag"}
{"timestamp":"2026-02-04T23:41:50.183835","level":"info","event":"Filling up the DagBag from /opt/airflow/dags/27.Pipeline.py","logger":"airflow.models.dagbag.DagBag"}
{"timestamp":"2026-02-04T23:41:55.923279","level":"info","event":"Filling up the DagBag from /opt/airflow/dags/27.Pipeline.py","logger":"airflow.models.dagbag.DagBag"}
{"timestamp":"2026-02-04T23:42:01.414631","level":"info","event":"Filling up the DagBag from /opt/airflow/dags/27.Pipeline.py","logger":"airflow.models.dagbag.DagBag"}
{"timestamp":"2026-02-04T23:42:06.835663","level":"info","event":"Filling up the DagBag from /opt/airflow/dags/27.Pipeline.py","logger":"airflow.models.dagbag.DagBag"}
{"timestamp":"2026-02-04T23:42:12.272406","level":"info","event":"Filling up the DagBag from /opt/airflow/dags/27.Pipeline.py","logger":"airflow.models.dagbag.DagBag"}
{"timestamp":"2026-02-04T23:42:17.689466","level":"info","event":"Filling up the DagBag from /opt/airflow/dags/27.Pipeline.py","logger":"airflow.models.dagbag.DagBag"}
{"timestamp":"2026-02-04T23:42:23.050428","level":"info","event":"Filling up the DagBag from /opt/airflow/dags/27.Pipeline.py","logger":"airflow.models.dagbag.DagBag"}
{"timestamp":"2026-02-04T23:42:53.082789","level":"info","event":"Filling up the DagBag from /opt/airflow/dags/27.Pipeline.py","logger":"airflow.models.dagbag.DagBag"}
{"timestamp":"2026-02-04T23:42:58.808470","level":"info","event":"Filling up the DagBag from /opt/airflow/dags/27.Pipeline.py","logger":"airflow.models.dagbag.DagBag"}
{"timestamp":"2026-02-04T23:43:05.028650","level":"info","event":"Filling up the DagBag from /opt/airflow/dags/27.Pipeline.py","logger":"airflow.models.dagbag.DagBag"}
{"timestamp":"2026-02-04T23:43:10.382574","level":"info","event":"Filling up the DagBag from /opt/airflow/dags/27.Pipeline.py","logger":"airflow.models.dagbag.DagBag"}
{"timestamp":"2026-02-04T23:43:15.805640","level":"info","event":"Filling up the DagBag from /opt/airflow/dags/27.Pipeline.py","logger":"airflow.models.dagbag.DagBag"}
{"timestamp":"2026-02-04T23:43:21.166437","level":"info","event":"Filling up the DagBag from /opt/airflow/dags/27.Pipeline.py","logger":"airflow.models.dagbag.DagBag"}
{"timestamp":"2026-02-04T23:43:27.947492","level":"info","event":"Filling up the DagBag from /opt/airflow/dags/27.Pipeline.py","logger":"airflow.models.dagbag.DagBag"}
{"timestamp":"2026-02-04T23:46:10.213437","level":"info","event":"Filling up the DagBag from /opt/airflow/dags/27.Pipeline.py","logger":"airflow.models.dagbag.DagBag"}
{"timestamp":"2026-02-04T23:46:15.596410","level":"info","event":"Filling up the DagBag from /opt/airflow/dags/27.Pipeline.py","logger":"airflow.models.dagbag.DagBag"}
{"timestamp":"2026-02-04T23:46:21.618064","level":"info","event":"Filling up the DagBag from /opt/airflow/dags/27.Pipeline.py","logger":"airflow.models.dagbag.DagBag"}
{"timestamp":"2026-02-04T23:46:27.035189","level":"info","event":"Filling up the DagBag from /opt/airflow/dags/27.Pipeline.py","logger":"airflow.models.dagbag.DagBag"}
{"timestamp":"2026-02-04T23:46:32.480408","level":"info","event":"Filling up the DagBag from /opt/airflow/dags/27.Pipeline.py","logger":"airflow.models.dagbag.DagBag"}
{"timestamp":"2026-02-04T23:46:39.045997","level":"info","event":"Filling up the DagBag from /opt/airflow/dags/27.Pipeline.py","logger":"airflow.models.dagbag.DagBag"}
{"timestamp":"2026-02-04T23:47:47.501402","level":"info","event":"Filling up the DagBag from /opt/airflow/dags/27.Pipeline.py","logger":"airflow.models.dagbag.DagBag"}
{"timestamp":"2026-02-04T23:48:00.077614","level":"info","event":"Filling up the DagBag from /opt/airflow/dags/27.Pipeline.py","logger":"airflow.models.dagbag.DagBag"}
{"timestamp":"2026-02-04T23:48:05.917160","level":"info","event":"Filling up the DagBag from /opt/airflow/dags/27.Pipeline.py","logger":"airflow.models.dagbag.DagBag"}
{"timestamp":"2026-02-04T23:48:11.591813","level":"info","event":"Filling up the DagBag from /opt/airflow/dags/27.Pipeline.py","logger":"airflow.models.dagbag.DagBag"}
{"timestamp":"2026-02-04T23:48:17.444501","level":"info","event":"Filling up the DagBag from /opt/airflow/dags/27.Pipeline.py","logger":"airflow.models.dagbag.DagBag"}
{"timestamp":"2026-02-04T23:48:48.066075","level":"info","event":"Filling up the DagBag from /opt/airflow/dags/27.Pipeline.py","logger":"airflow.models.dagbag.DagBag"}
{"timestamp":"2026-02-04T23:48:54.976153","level":"info","event":"Filling up the DagBag from /opt/airflow/dags/27.Pipeline.py","logger":"airflow.models.dagbag.DagBag"}
{"timestamp":"2026-02-04T23:49:00.310978","level":"info","event":"Filling up the DagBag from /opt/airflow/dags/27.Pipeline.py","logger":"airflow.models.dagbag.DagBag"}
{"timestamp":"2026-02-04T23:49:05.755026","level":"info","event":"Filling up the DagBag from /opt/airflow/dags/27.Pipeline.py","logger":"airflow.models.dagbag.DagBag"}
{"timestamp":"2026-02-04T23:49:11.128448","level":"info","event":"Filling up the DagBag from /opt/airflow/dags/27.Pipeline.py","logger":"airflow.models.dagbag.DagBag"}
{"timestamp":"2026-02-04T23:49:16.546232","level":"info","event":"Filling up the DagBag from /opt/airflow/dags/27.Pipeline.py","logger":"airflow.models.dagbag.DagBag"}
{"timestamp":"2026-02-04T23:49:21.898585","level":"info","event":"Filling up the DagBag from /opt/airflow/dags/27.Pipeline.py","logger":"airflow.models.dagbag.DagBag"}
{"timestamp":"2026-02-04T23:50:04.193625","level":"info","event":"Filling up the DagBag from /opt/airflow/dags/27.Pipeline.py","logger":"airflow.models.dagbag.DagBag"}
{"timestamp":"2026-02-04T23:50:10.967610Z","level":"critical","event":"Process terminated by signal. For more information, see https://airflow.apache.org/docs/apache-airflow/stable/troubleshooting.html#TaskRunner-killed","signal":-9,"signal_name":"SIGKILL","logger":"processor"}
{"timestamp":"2026-02-04T23:50:28.751673","level":"info","event":"Filling up the DagBag from /opt/airflow/dags/27.Pipeline.py","logger":"airflow.models.dagbag.DagBag"}
{"timestamp":"2026-02-04T23:50:34.829176","level":"info","event":"Filling up the DagBag from /opt/airflow/dags/27.Pipeline.py","logger":"airflow.models.dagbag.DagBag"}
{"timestamp":"2026-02-04T23:50:44.806490","level":"info","event":"Filling up the DagBag from /opt/airflow/dags/27.Pipeline.py","logger":"airflow.models.dagbag.DagBag"}
{"timestamp":"2026-02-04T23:51:12.516648","level":"info","event":"Filling up the DagBag from /opt/airflow/dags/27.Pipeline.py","logger":"airflow.models.dagbag.DagBag"}
{"timestamp":"2026-02-04T23:51:18.646400","level":"info","event":"Filling up the DagBag from /opt/airflow/dags/27.Pipeline.py","logger":"airflow.models.dagbag.DagBag"}
{"timestamp":"2026-02-04T23:51:24.716905","level":"info","event":"Filling up the DagBag from /opt/airflow/dags/27.Pipeline.py","logger":"airflow.models.dagbag.DagBag"}
{"timestamp":"2026-02-04T23:51:30.232159","level":"info","event":"Filling up the DagBag from /opt/airflow/dags/27.Pipeline.py","logger":"airflow.models.dagbag.DagBag"}
{"timestamp":"2026-02-04T23:51:36.380940","level":"info","event":"Filling up the DagBag from /opt/airflow/dags/27.Pipeline.py","logger":"airflow.models.dagbag.DagBag"}
{"timestamp":"2026-02-04T23:52:02.750377","level":"info","event":"Filling up the DagBag from /opt/airflow/dags/27.Pipeline.py","logger":"airflow.models.dagbag.DagBag"}
{"timestamp":"2026-02-04T23:53:22.605521","level":"info","event":"Filling up the DagBag from /opt/airflow/dags/27.Pipeline.py","logger":"airflow.models.dagbag.DagBag"}
{"timestamp":"2026-02-04T23:53:32.267145","level":"info","event":"Filling up the DagBag from /opt/airflow/dags/27.Pipeline.py","logger":"airflow.models.dagbag.DagBag"}
{"timestamp":"2026-02-04T23:53:39.336761","level":"info","event":"Filling up the DagBag from /opt/airflow/dags/27.Pipeline.py","logger":"airflow.models.dagbag.DagBag"}
{"timestamp":"2026-02-04T23:55:01.111649","level":"info","event":"Filling up the DagBag from /opt/airflow/dags/27.Pipeline.py","logger":"airflow.models.dagbag.DagBag"}
{"timestamp":"2026-02-04T23:55:06.720950","level":"info","event":"Filling up the DagBag from /opt/airflow/dags/27.Pipeline.py","logger":"airflow.models.dagbag.DagBag"}
{"timestamp":"2026-02-04T23:55:13.344629","level":"info","event":"Filling up the DagBag from /opt/airflow/dags/27.Pipeline.py","logger":"airflow.models.dagbag.DagBag"}
{"timestamp":"2026-02-04T23:55:18.947327","level":"info","event":"Filling up the DagBag from /opt/airflow/dags/27.Pipeline.py","logger":"airflow.models.dagbag.DagBag"}
{"timestamp":"2026-02-04T23:55:24.941640","level":"info","event":"Filling up the DagBag from /opt/airflow/dags/27.Pipeline.py","logger":"airflow.models.dagbag.DagBag"}
{"timestamp":"2026-02-04T23:55:30.693498","level":"info","event":"Filling up the DagBag from /opt/airflow/dags/27.Pipeline.py","logger":"airflow.models.dagbag.DagBag"}
{"timestamp":"2026-02-04T23:56:06.381933","level":"info","event":"Filling up the DagBag from /opt/airflow/dags/27.Pipeline.py","logger":"airflow.models.dagbag.DagBag"}
{"timestamp":"2026-02-04T23:56:12.282783","level":"info","event":"Filling up the DagBag from /opt/airflow/dags/27.Pipeline.py","logger":"airflow.models.dagbag.DagBag"}
{"timestamp":"2026-02-04T23:56:18.171830","level":"info","event":"Filling up the DagBag from /opt/airflow/dags/27.Pipeline.py","logger":"airflow.models.dagbag.DagBag"}
{"timestamp":"2026-02-04T23:56:23.623347","level":"info","event":"Filling up the DagBag from /opt/airflow/dags/27.Pipeline.py","logger":"airflow.models.dagbag.DagBag"}
{"timestamp":"2026-02-04T23:56:29.013909","level":"info","event":"Filling up the DagBag from /opt/airflow/dags/27.Pipeline.py","logger":"airflow.models.dagbag.DagBag"}
{"timestamp":"2026-02-04T23:56:34.477448","level":"info","event":"Filling up the DagBag from /opt/airflow/dags/27.Pipeline.py","logger":"airflow.models.dagbag.DagBag"}
{"timestamp":"2026-02-04T23:56:50.133705","level":"info","event":"Filling up the DagBag from /opt/airflow/dags/27.Pipeline.py","logger":"airflow.models.dagbag.DagBag"}
{"timestamp":"2026-02-04T23:57:06.759135","level":"info","event":"Filling up the DagBag from /opt/airflow/dags/27.Pipeline.py","logger":"airflow.models.dagbag.DagBag"}
{"timestamp":"2026-02-04T23:57:13.147642","level":"info","event":"Filling up the DagBag from /opt/airflow/dags/27.Pipeline.py","logger":"airflow.models.dagbag.DagBag"}
{"timestamp":"2026-02-04T23:57:18.751614","level":"info","event":"Filling up the DagBag from /opt/airflow/dags/27.Pipeline.py","logger":"airflow.models.dagbag.DagBag"}
{"timestamp":"2026-02-04T23:58:15.806097","level":"info","event":"Filling up the DagBag from /opt/airflow/dags/27.Pipeline.py","logger":"airflow.models.dagbag.DagBag"}
{"timestamp":"2026-02-04T23:58:26.486027","level":"info","event":"Filling up the DagBag from /opt/airflow/dags/27.Pipeline.py","logger":"airflow.models.dagbag.DagBag"}
{"timestamp":"2026-02-04T23:58:39.468739","level":"info","event":"Filling up the DagBag from /opt/airflow/dags/27.Pipeline.py","logger":"airflow.models.dagbag.DagBag"}
{"timestamp":"2026-02-04T23:58:48.858813","level":"info","event":"Filling up the DagBag from /opt/airflow/dags/27.Pipeline.py","logger":"airflow.models.dagbag.DagBag"}
{"timestamp":"2026-02-04T23:59:04.240092","level":"info","event":"Filling up the DagBag from /opt/airflow/dags/27.Pipeline.py","logger":"airflow.models.dagbag.DagBag"}
{"timestamp":"2026-02-04T23:59:18.035463","level":"info","event":"Filling up the DagBag from /opt/airflow/dags/27.Pipeline.py","logger":"airflow.models.dagbag.DagBag"}
{"timestamp":"2026-02-04T23:59:30.193205","level":"info","event":"Filling up the DagBag from /opt/airflow/dags/27.Pipeline.py","logger":"airflow.models.dagbag.DagBag"}
{"timestamp":"2026-02-04T23:59:37.488838","level":"info","event":"Filling up the DagBag from /opt/airflow/dags/27.Pipeline.py","logger":"airflow.models.dagbag.DagBag"}
{"timestamp":"2026-02-04T23:59:43.093909","level":"info","event":"Filling up the DagBag from /opt/airflow/dags/27.Pipeline.py","logger":"airflow.models.dagbag.DagBag"}
{"timestamp":"2026-02-04T23:59:50.242755","level":"info","event":"Filling up the DagBag from /opt/airflow/dags/27.Pipeline.py","logger":"airflow.models.dagbag.DagBag"}
{"timestamp":"2026-02-04T23:59:56.521712","level":"info","event":"Filling up the DagBag from /opt/airflow/dags/27.Pipeline.py","logger":"airflow.models.dagbag.DagBag"}
