{"timestamp":"2026-01-20T01:03:49.682797","level":"info","event":"Filling up the DagBag from /home/airflow/.local/lib/python3.12/site-packages/airflow/example_dags/example_asset_decorator.py","logger":"airflow.models.dagbag.DagBag"}
{"timestamp":"2026-01-20T01:04:20.192694","level":"info","event":"Filling up the DagBag from /home/airflow/.local/lib/python3.12/site-packages/airflow/example_dags/example_asset_decorator.py","logger":"airflow.models.dagbag.DagBag"}
{"timestamp":"2026-01-20T11:16:17.557728","level":"info","event":"Filling up the DagBag from /home/airflow/.local/lib/python3.12/site-packages/airflow/example_dags/example_asset_decorator.py","logger":"airflow.models.dagbag.DagBag"}
{"timestamp":"2026-01-20T11:16:50.231939","level":"info","event":"Filling up the DagBag from /home/airflow/.local/lib/python3.12/site-packages/airflow/example_dags/example_asset_decorator.py","logger":"airflow.models.dagbag.DagBag"}
{"timestamp":"2026-01-20T11:17:21.480196","level":"info","event":"Filling up the DagBag from /home/airflow/.local/lib/python3.12/site-packages/airflow/example_dags/example_asset_decorator.py","logger":"airflow.models.dagbag.DagBag"}
{"timestamp":"2026-01-20T11:17:52.969959","level":"info","event":"Filling up the DagBag from /home/airflow/.local/lib/python3.12/site-packages/airflow/example_dags/example_asset_decorator.py","logger":"airflow.models.dagbag.DagBag"}
{"timestamp":"2026-01-20T11:18:23.338149","level":"info","event":"Filling up the DagBag from /home/airflow/.local/lib/python3.12/site-packages/airflow/example_dags/example_asset_decorator.py","logger":"airflow.models.dagbag.DagBag"}
{"timestamp":"2026-01-20T11:18:54.270244","level":"info","event":"Filling up the DagBag from /home/airflow/.local/lib/python3.12/site-packages/airflow/example_dags/example_asset_decorator.py","logger":"airflow.models.dagbag.DagBag"}
{"timestamp":"2026-01-20T11:19:25.132122","level":"info","event":"Filling up the DagBag from /home/airflow/.local/lib/python3.12/site-packages/airflow/example_dags/example_asset_decorator.py","logger":"airflow.models.dagbag.DagBag"}
{"timestamp":"2026-01-20T11:19:55.433897","level":"info","event":"Filling up the DagBag from /home/airflow/.local/lib/python3.12/site-packages/airflow/example_dags/example_asset_decorator.py","logger":"airflow.models.dagbag.DagBag"}
{"timestamp":"2026-01-20T11:20:25.732933","level":"info","event":"Filling up the DagBag from /home/airflow/.local/lib/python3.12/site-packages/airflow/example_dags/example_asset_decorator.py","logger":"airflow.models.dagbag.DagBag"}
{"timestamp":"2026-01-20T11:20:56.389012","level":"info","event":"Filling up the DagBag from /home/airflow/.local/lib/python3.12/site-packages/airflow/example_dags/example_asset_decorator.py","logger":"airflow.models.dagbag.DagBag"}
{"timestamp":"2026-01-20T11:21:26.746335","level":"info","event":"Filling up the DagBag from /home/airflow/.local/lib/python3.12/site-packages/airflow/example_dags/example_asset_decorator.py","logger":"airflow.models.dagbag.DagBag"}
{"timestamp":"2026-01-20T11:21:57.546433","level":"info","event":"Filling up the DagBag from /home/airflow/.local/lib/python3.12/site-packages/airflow/example_dags/example_asset_decorator.py","logger":"airflow.models.dagbag.DagBag"}
{"timestamp":"2026-01-20T11:22:28.409623","level":"info","event":"Filling up the DagBag from /home/airflow/.local/lib/python3.12/site-packages/airflow/example_dags/example_asset_decorator.py","logger":"airflow.models.dagbag.DagBag"}
{"timestamp":"2026-01-20T11:22:59.582702","level":"info","event":"Filling up the DagBag from /home/airflow/.local/lib/python3.12/site-packages/airflow/example_dags/example_asset_decorator.py","logger":"airflow.models.dagbag.DagBag"}
{"timestamp":"2026-01-20T11:23:30.001443","level":"info","event":"Filling up the DagBag from /home/airflow/.local/lib/python3.12/site-packages/airflow/example_dags/example_asset_decorator.py","logger":"airflow.models.dagbag.DagBag"}
{"timestamp":"2026-01-20T11:24:00.592793","level":"info","event":"Filling up the DagBag from /home/airflow/.local/lib/python3.12/site-packages/airflow/example_dags/example_asset_decorator.py","logger":"airflow.models.dagbag.DagBag"}
{"timestamp":"2026-01-20T11:24:31.450708","level":"info","event":"Filling up the DagBag from /home/airflow/.local/lib/python3.12/site-packages/airflow/example_dags/example_asset_decorator.py","logger":"airflow.models.dagbag.DagBag"}
{"timestamp":"2026-01-20T11:25:02.625243","level":"info","event":"Filling up the DagBag from /home/airflow/.local/lib/python3.12/site-packages/airflow/example_dags/example_asset_decorator.py","logger":"airflow.models.dagbag.DagBag"}
{"timestamp":"2026-01-20T11:25:33.663370","level":"info","event":"Filling up the DagBag from /home/airflow/.local/lib/python3.12/site-packages/airflow/example_dags/example_asset_decorator.py","logger":"airflow.models.dagbag.DagBag"}
{"timestamp":"2026-01-20T11:26:04.223197","level":"info","event":"Filling up the DagBag from /home/airflow/.local/lib/python3.12/site-packages/airflow/example_dags/example_asset_decorator.py","logger":"airflow.models.dagbag.DagBag"}
{"timestamp":"2026-01-20T11:26:34.919148","level":"info","event":"Filling up the DagBag from /home/airflow/.local/lib/python3.12/site-packages/airflow/example_dags/example_asset_decorator.py","logger":"airflow.models.dagbag.DagBag"}
{"timestamp":"2026-01-20T11:27:05.671783","level":"info","event":"Filling up the DagBag from /home/airflow/.local/lib/python3.12/site-packages/airflow/example_dags/example_asset_decorator.py","logger":"airflow.models.dagbag.DagBag"}
{"timestamp":"2026-01-20T11:27:36.563699","level":"info","event":"Filling up the DagBag from /home/airflow/.local/lib/python3.12/site-packages/airflow/example_dags/example_asset_decorator.py","logger":"airflow.models.dagbag.DagBag"}
{"timestamp":"2026-01-20T11:28:07.631508","level":"info","event":"Filling up the DagBag from /home/airflow/.local/lib/python3.12/site-packages/airflow/example_dags/example_asset_decorator.py","logger":"airflow.models.dagbag.DagBag"}
{"timestamp":"2026-01-20T11:28:38.549890","level":"info","event":"Filling up the DagBag from /home/airflow/.local/lib/python3.12/site-packages/airflow/example_dags/example_asset_decorator.py","logger":"airflow.models.dagbag.DagBag"}
{"timestamp":"2026-01-20T11:29:09.091732","level":"info","event":"Filling up the DagBag from /home/airflow/.local/lib/python3.12/site-packages/airflow/example_dags/example_asset_decorator.py","logger":"airflow.models.dagbag.DagBag"}
{"timestamp":"2026-01-20T11:30:03.655910","level":"info","event":"Filling up the DagBag from /home/airflow/.local/lib/python3.12/site-packages/airflow/example_dags/example_asset_decorator.py","logger":"airflow.models.dagbag.DagBag"}
{"timestamp":"2026-01-20T11:31:30.676767","level":"info","event":"Filling up the DagBag from /home/airflow/.local/lib/python3.12/site-packages/airflow/example_dags/example_asset_decorator.py","logger":"airflow.models.dagbag.DagBag"}
{"timestamp":"2026-01-20T11:32:34.752706","level":"info","event":"Filling up the DagBag from /home/airflow/.local/lib/python3.12/site-packages/airflow/example_dags/example_asset_decorator.py","logger":"airflow.models.dagbag.DagBag"}
{"timestamp":"2026-01-20T11:33:41.570228","level":"info","event":"Filling up the DagBag from /home/airflow/.local/lib/python3.12/site-packages/airflow/example_dags/example_asset_decorator.py","logger":"airflow.models.dagbag.DagBag"}
{"timestamp":"2026-01-20T11:34:47.140668","level":"info","event":"Filling up the DagBag from /home/airflow/.local/lib/python3.12/site-packages/airflow/example_dags/example_asset_decorator.py","logger":"airflow.models.dagbag.DagBag"}
{"timestamp":"2026-01-20T11:36:43.038203","level":"info","event":"Filling up the DagBag from /home/airflow/.local/lib/python3.12/site-packages/airflow/example_dags/example_asset_decorator.py","logger":"airflow.models.dagbag.DagBag"}
{"timestamp":"2026-01-20T11:37:13.681641","level":"error","event":"Process timed out, PID: 66","logger":"airflow.utils.timeout.TimeoutPosix"}
{"timestamp":"2026-01-20T11:37:17.959896","level":"error","event":"Failed to import: /home/airflow/.local/lib/python3.12/site-packages/airflow/example_dags/example_asset_decorator.py","logger":"airflow.models.dagbag.DagBag","error_detail":[{"exc_type":"AirflowTaskTimeout","exc_value":"DagBag import timeout for /home/airflow/.local/lib/python3.12/site-packages/airflow/example_dags/example_asset_decorator.py after 30.0s.\nPlease take a look at these docs to improve your DAG import time:\n* https://airflow.apache.org/docs/apache-airflow/3.0.1/best-practices.html#top-level-python-code\n* https://airflow.apache.org/docs/apache-airflow/3.0.1/best-practices.html#reducing-dag-complexity, PID: 66","exc_notes":[],"syntax_error":null,"is_cause":false,"frames":[{"filename":"/home/airflow/.local/lib/python3.12/site-packages/airflow/models/dagbag.py","lineno":382,"name":"parse"},{"filename":"<frozen importlib._bootstrap_external>","lineno":999,"name":"exec_module"},{"filename":"<frozen importlib._bootstrap>","lineno":488,"name":"_call_with_frames_removed"},{"filename":"/home/airflow/.local/lib/python3.12/site-packages/airflow/example_dags/example_asset_decorator.py","lineno":24,"name":"<module>"},{"filename":"/home/airflow/.local/lib/python3.12/site-packages/airflow/sdk/definitions/asset/decorators.py","lineno":229,"name":"__call__"},{"filename":"<attrs generated methods airflow.sdk.definitions.asset.decorators.AssetDefinition>","lineno":31,"name":"__init__"},{"filename":"/home/airflow/.local/lib/python3.12/site-packages/airflow/sdk/definitions/asset/__init__.py","lineno":170,"name":"_sanitize_uri"},{"filename":"/home/airflow/.local/lib/python3.12/site-packages/airflow/sdk/definitions/asset/__init__.py","lineno":125,"name":"_get_uri_normalizer"},{"filename":"/home/airflow/.local/lib/python3.12/site-packages/airflow/providers_manager.py","lineno":1256,"name":"asset_uri_handlers"},{"filename":"/home/airflow/.local/lib/python3.12/site-packages/airflow/providers_manager.py","lineno":357,"name":"wrapped_function"},{"filename":"/home/airflow/.local/lib/python3.12/site-packages/airflow/providers_manager.py","lineno":504,"name":"initialize_providers_asset_uri_resources"},{"filename":"/home/airflow/.local/lib/python3.12/site-packages/airflow/providers_manager.py","lineno":832,"name":"_discover_asset_uri_resources"},{"filename":"/home/airflow/.local/lib/python3.12/site-packages/airflow/providers_manager.py","lineno":820,"name":"_safe_register_resource"},{"filename":"/home/airflow/.local/lib/python3.12/site-packages/airflow/providers_manager.py","lineno":306,"name":"_correctness_check"},{"filename":"/home/airflow/.local/lib/python3.12/site-packages/airflow/utils/module_loading.py","lineno":39,"name":"import_string"},{"filename":"/usr/local/lib/python3.12/importlib/__init__.py","lineno":90,"name":"import_module"},{"filename":"<frozen importlib._bootstrap>","lineno":1387,"name":"_gcd_import"},{"filename":"<frozen importlib._bootstrap>","lineno":1360,"name":"_find_and_load"},{"filename":"<frozen importlib._bootstrap>","lineno":1331,"name":"_find_and_load_unlocked"},{"filename":"<frozen importlib._bootstrap>","lineno":935,"name":"_load_unlocked"},{"filename":"<frozen importlib._bootstrap_external>","lineno":999,"name":"exec_module"},{"filename":"<frozen importlib._bootstrap>","lineno":488,"name":"_call_with_frames_removed"},{"filename":"/home/airflow/.local/lib/python3.12/site-packages/airflow/providers/google/assets/gcs.py","lineno":21,"name":"<module>"},{"filename":"/home/airflow/.local/lib/python3.12/site-packages/airflow/providers/google/cloud/hooks/gcs.py","lineno":37,"name":"<module>"},{"filename":"/home/airflow/.local/lib/python3.12/site-packages/gcloud/aio/storage/__init__.py","lineno":156,"name":"<module>"},{"filename":"/home/airflow/.local/lib/python3.12/site-packages/gcloud/aio/storage/blob.py","lineno":19,"name":"<module>"},{"filename":"/home/airflow/.local/lib/python3.12/site-packages/pyasn1/codec/der/decoder.py","lineno":9,"name":"<module>"},{"filename":"/home/airflow/.local/lib/python3.12/site-packages/pyasn1/codec/cer/decoder.py","lineno":10,"name":"<module>"},{"filename":"/home/airflow/.local/lib/python3.12/site-packages/pyasn1/codec/streaming.py","lineno":11,"name":"<module>"},{"filename":"/home/airflow/.local/lib/python3.12/site-packages/pyasn1/type/univ.py","lineno":15,"name":"<module>"},{"filename":"<frozen importlib._bootstrap>","lineno":1360,"name":"_find_and_load"},{"filename":"<frozen importlib._bootstrap>","lineno":1331,"name":"_find_and_load_unlocked"},{"filename":"<frozen importlib._bootstrap>","lineno":935,"name":"_load_unlocked"},{"filename":"<frozen importlib._bootstrap_external>","lineno":995,"name":"exec_module"},{"filename":"<frozen importlib._bootstrap_external>","lineno":1091,"name":"get_code"},{"filename":"<frozen importlib._bootstrap_external>","lineno":1190,"name":"get_data"},{"filename":"/home/airflow/.local/lib/python3.12/site-packages/airflow/utils/timeout.py","lineno":69,"name":"handle_timeout"}]}]}
{"timestamp":"2026-01-20T11:37:58.946746","level":"info","event":"Filling up the DagBag from /home/airflow/.local/lib/python3.12/site-packages/airflow/example_dags/example_asset_decorator.py","logger":"airflow.models.dagbag.DagBag"}
{"timestamp":"2026-01-20T11:38:29.479567","level":"info","event":"Filling up the DagBag from /home/airflow/.local/lib/python3.12/site-packages/airflow/example_dags/example_asset_decorator.py","logger":"airflow.models.dagbag.DagBag"}
{"timestamp":"2026-01-20T11:38:59.979877","level":"info","event":"Filling up the DagBag from /home/airflow/.local/lib/python3.12/site-packages/airflow/example_dags/example_asset_decorator.py","logger":"airflow.models.dagbag.DagBag"}
{"timestamp":"2026-01-20T11:39:30.654996","level":"info","event":"Filling up the DagBag from /home/airflow/.local/lib/python3.12/site-packages/airflow/example_dags/example_asset_decorator.py","logger":"airflow.models.dagbag.DagBag"}
{"timestamp":"2026-01-20T11:40:01.591564","level":"info","event":"Filling up the DagBag from /home/airflow/.local/lib/python3.12/site-packages/airflow/example_dags/example_asset_decorator.py","logger":"airflow.models.dagbag.DagBag"}
{"timestamp":"2026-01-20T11:40:32.481147","level":"info","event":"Filling up the DagBag from /home/airflow/.local/lib/python3.12/site-packages/airflow/example_dags/example_asset_decorator.py","logger":"airflow.models.dagbag.DagBag"}
{"timestamp":"2026-01-20T11:41:02.903001","level":"info","event":"Filling up the DagBag from /home/airflow/.local/lib/python3.12/site-packages/airflow/example_dags/example_asset_decorator.py","logger":"airflow.models.dagbag.DagBag"}
{"timestamp":"2026-01-20T11:41:33.362693","level":"info","event":"Filling up the DagBag from /home/airflow/.local/lib/python3.12/site-packages/airflow/example_dags/example_asset_decorator.py","logger":"airflow.models.dagbag.DagBag"}
{"timestamp":"2026-01-20T11:42:04.300377","level":"info","event":"Filling up the DagBag from /home/airflow/.local/lib/python3.12/site-packages/airflow/example_dags/example_asset_decorator.py","logger":"airflow.models.dagbag.DagBag"}
{"timestamp":"2026-01-20T11:42:34.850039","level":"info","event":"Filling up the DagBag from /home/airflow/.local/lib/python3.12/site-packages/airflow/example_dags/example_asset_decorator.py","logger":"airflow.models.dagbag.DagBag"}
{"timestamp":"2026-01-20T11:43:05.343557","level":"info","event":"Filling up the DagBag from /home/airflow/.local/lib/python3.12/site-packages/airflow/example_dags/example_asset_decorator.py","logger":"airflow.models.dagbag.DagBag"}
{"timestamp":"2026-01-20T11:43:36.555208","level":"info","event":"Filling up the DagBag from /home/airflow/.local/lib/python3.12/site-packages/airflow/example_dags/example_asset_decorator.py","logger":"airflow.models.dagbag.DagBag"}
{"timestamp":"2026-01-20T11:44:13.057894","level":"info","event":"Filling up the DagBag from /home/airflow/.local/lib/python3.12/site-packages/airflow/example_dags/example_asset_decorator.py","logger":"airflow.models.dagbag.DagBag"}
{"timestamp":"2026-01-20T11:44:44.169360","level":"info","event":"Filling up the DagBag from /home/airflow/.local/lib/python3.12/site-packages/airflow/example_dags/example_asset_decorator.py","logger":"airflow.models.dagbag.DagBag"}
{"timestamp":"2026-01-20T11:45:15.095631","level":"info","event":"Filling up the DagBag from /home/airflow/.local/lib/python3.12/site-packages/airflow/example_dags/example_asset_decorator.py","logger":"airflow.models.dagbag.DagBag"}
{"timestamp":"2026-01-20T11:45:45.615874","level":"info","event":"Filling up the DagBag from /home/airflow/.local/lib/python3.12/site-packages/airflow/example_dags/example_asset_decorator.py","logger":"airflow.models.dagbag.DagBag"}
{"timestamp":"2026-01-20T11:46:16.326643","level":"info","event":"Filling up the DagBag from /home/airflow/.local/lib/python3.12/site-packages/airflow/example_dags/example_asset_decorator.py","logger":"airflow.models.dagbag.DagBag"}
{"timestamp":"2026-01-20T11:46:46.995095","level":"info","event":"Filling up the DagBag from /home/airflow/.local/lib/python3.12/site-packages/airflow/example_dags/example_asset_decorator.py","logger":"airflow.models.dagbag.DagBag"}
{"timestamp":"2026-01-20T11:47:39.731681","level":"info","event":"Filling up the DagBag from /home/airflow/.local/lib/python3.12/site-packages/airflow/example_dags/example_asset_decorator.py","logger":"airflow.models.dagbag.DagBag"}
{"timestamp":"2026-01-20T11:48:10.135333","level":"info","event":"Filling up the DagBag from /home/airflow/.local/lib/python3.12/site-packages/airflow/example_dags/example_asset_decorator.py","logger":"airflow.models.dagbag.DagBag"}
{"timestamp":"2026-01-20T11:48:40.511865","level":"info","event":"Filling up the DagBag from /home/airflow/.local/lib/python3.12/site-packages/airflow/example_dags/example_asset_decorator.py","logger":"airflow.models.dagbag.DagBag"}
{"timestamp":"2026-01-20T11:49:11.459474","level":"info","event":"Filling up the DagBag from /home/airflow/.local/lib/python3.12/site-packages/airflow/example_dags/example_asset_decorator.py","logger":"airflow.models.dagbag.DagBag"}
{"timestamp":"2026-01-20T11:49:41.892792","level":"info","event":"Filling up the DagBag from /home/airflow/.local/lib/python3.12/site-packages/airflow/example_dags/example_asset_decorator.py","logger":"airflow.models.dagbag.DagBag"}
{"timestamp":"2026-01-20T11:50:12.391568","level":"info","event":"Filling up the DagBag from /home/airflow/.local/lib/python3.12/site-packages/airflow/example_dags/example_asset_decorator.py","logger":"airflow.models.dagbag.DagBag"}
{"timestamp":"2026-01-20T11:50:42.998806","level":"info","event":"Filling up the DagBag from /home/airflow/.local/lib/python3.12/site-packages/airflow/example_dags/example_asset_decorator.py","logger":"airflow.models.dagbag.DagBag"}
{"timestamp":"2026-01-20T11:59:50.350182","level":"info","event":"Filling up the DagBag from /home/airflow/.local/lib/python3.12/site-packages/airflow/example_dags/example_asset_decorator.py","logger":"airflow.models.dagbag.DagBag"}
{"timestamp":"2026-01-20T12:00:21.453021","level":"info","event":"Filling up the DagBag from /home/airflow/.local/lib/python3.12/site-packages/airflow/example_dags/example_asset_decorator.py","logger":"airflow.models.dagbag.DagBag"}
{"timestamp":"2026-01-20T12:00:52.178274","level":"info","event":"Filling up the DagBag from /home/airflow/.local/lib/python3.12/site-packages/airflow/example_dags/example_asset_decorator.py","logger":"airflow.models.dagbag.DagBag"}
{"timestamp":"2026-01-20T12:01:22.802334","level":"info","event":"Filling up the DagBag from /home/airflow/.local/lib/python3.12/site-packages/airflow/example_dags/example_asset_decorator.py","logger":"airflow.models.dagbag.DagBag"}
{"timestamp":"2026-01-20T12:01:53.953077","level":"info","event":"Filling up the DagBag from /home/airflow/.local/lib/python3.12/site-packages/airflow/example_dags/example_asset_decorator.py","logger":"airflow.models.dagbag.DagBag"}
{"timestamp":"2026-01-20T12:04:06.214605","level":"info","event":"Filling up the DagBag from /home/airflow/.local/lib/python3.12/site-packages/airflow/example_dags/example_asset_decorator.py","logger":"airflow.models.dagbag.DagBag"}
{"timestamp":"2026-01-20T12:04:37.827322","level":"info","event":"Filling up the DagBag from /home/airflow/.local/lib/python3.12/site-packages/airflow/example_dags/example_asset_decorator.py","logger":"airflow.models.dagbag.DagBag"}
{"timestamp":"2026-01-20T12:05:29.545846","level":"info","event":"Filling up the DagBag from /home/airflow/.local/lib/python3.12/site-packages/airflow/example_dags/example_asset_decorator.py","logger":"airflow.models.dagbag.DagBag"}
{"timestamp":"2026-01-20T12:06:09.848026","level":"info","event":"Filling up the DagBag from /home/airflow/.local/lib/python3.12/site-packages/airflow/example_dags/example_asset_decorator.py","logger":"airflow.models.dagbag.DagBag"}
{"timestamp":"2026-01-20T12:06:40.574731","level":"info","event":"Filling up the DagBag from /home/airflow/.local/lib/python3.12/site-packages/airflow/example_dags/example_asset_decorator.py","logger":"airflow.models.dagbag.DagBag"}
{"timestamp":"2026-01-20T12:07:11.096496","level":"info","event":"Filling up the DagBag from /home/airflow/.local/lib/python3.12/site-packages/airflow/example_dags/example_asset_decorator.py","logger":"airflow.models.dagbag.DagBag"}
{"timestamp":"2026-01-20T12:07:41.426642","level":"info","event":"Filling up the DagBag from /home/airflow/.local/lib/python3.12/site-packages/airflow/example_dags/example_asset_decorator.py","logger":"airflow.models.dagbag.DagBag"}
{"timestamp":"2026-01-20T12:08:12.958703","level":"info","event":"Filling up the DagBag from /home/airflow/.local/lib/python3.12/site-packages/airflow/example_dags/example_asset_decorator.py","logger":"airflow.models.dagbag.DagBag"}
{"timestamp":"2026-01-20T12:08:51.254652Z","level":"critical","event":"Process terminated by signal. For more information, see https://airflow.apache.org/docs/apache-airflow/stable/troubleshooting.html#TaskRunner-killed","signal":-9,"signal_name":"SIGKILL","logger":"processor"}
{"timestamp":"2026-01-20T12:09:22.395816","level":"info","event":"Filling up the DagBag from /home/airflow/.local/lib/python3.12/site-packages/airflow/example_dags/example_asset_decorator.py","logger":"airflow.models.dagbag.DagBag"}
{"timestamp":"2026-01-20T12:09:52.955406","level":"info","event":"Filling up the DagBag from /home/airflow/.local/lib/python3.12/site-packages/airflow/example_dags/example_asset_decorator.py","logger":"airflow.models.dagbag.DagBag"}
{"timestamp":"2026-01-20T12:10:23.942178","level":"info","event":"Filling up the DagBag from /home/airflow/.local/lib/python3.12/site-packages/airflow/example_dags/example_asset_decorator.py","logger":"airflow.models.dagbag.DagBag"}
{"timestamp":"2026-01-20T12:10:55.141512","level":"info","event":"Filling up the DagBag from /home/airflow/.local/lib/python3.12/site-packages/airflow/example_dags/example_asset_decorator.py","logger":"airflow.models.dagbag.DagBag"}
{"timestamp":"2026-01-20T12:11:25.690877","level":"info","event":"Filling up the DagBag from /home/airflow/.local/lib/python3.12/site-packages/airflow/example_dags/example_asset_decorator.py","logger":"airflow.models.dagbag.DagBag"}
{"timestamp":"2026-01-20T12:11:56.435471","level":"info","event":"Filling up the DagBag from /home/airflow/.local/lib/python3.12/site-packages/airflow/example_dags/example_asset_decorator.py","logger":"airflow.models.dagbag.DagBag"}
{"timestamp":"2026-01-20T12:12:54.627030","level":"info","event":"Filling up the DagBag from /home/airflow/.local/lib/python3.12/site-packages/airflow/example_dags/example_asset_decorator.py","logger":"airflow.models.dagbag.DagBag"}
{"timestamp":"2026-01-20T12:13:25.286379","level":"info","event":"Filling up the DagBag from /home/airflow/.local/lib/python3.12/site-packages/airflow/example_dags/example_asset_decorator.py","logger":"airflow.models.dagbag.DagBag"}
{"timestamp":"2026-01-20T12:14:00.608872","level":"info","event":"Filling up the DagBag from /home/airflow/.local/lib/python3.12/site-packages/airflow/example_dags/example_asset_decorator.py","logger":"airflow.models.dagbag.DagBag"}
{"timestamp":"2026-01-20T12:14:30.975550","level":"info","event":"Filling up the DagBag from /home/airflow/.local/lib/python3.12/site-packages/airflow/example_dags/example_asset_decorator.py","logger":"airflow.models.dagbag.DagBag"}
{"timestamp":"2026-01-20T12:15:46.869506","level":"info","event":"Filling up the DagBag from /home/airflow/.local/lib/python3.12/site-packages/airflow/example_dags/example_asset_decorator.py","logger":"airflow.models.dagbag.DagBag"}
{"timestamp":"2026-01-20T12:16:55.224800","level":"info","event":"Filling up the DagBag from /home/airflow/.local/lib/python3.12/site-packages/airflow/example_dags/example_asset_decorator.py","logger":"airflow.models.dagbag.DagBag"}
{"timestamp":"2026-01-20T12:17:25.529986","level":"info","event":"Filling up the DagBag from /home/airflow/.local/lib/python3.12/site-packages/airflow/example_dags/example_asset_decorator.py","logger":"airflow.models.dagbag.DagBag"}
{"timestamp":"2026-01-20T12:17:56.539859","level":"info","event":"Filling up the DagBag from /home/airflow/.local/lib/python3.12/site-packages/airflow/example_dags/example_asset_decorator.py","logger":"airflow.models.dagbag.DagBag"}
{"timestamp":"2026-01-20T12:18:26.872320","level":"info","event":"Filling up the DagBag from /home/airflow/.local/lib/python3.12/site-packages/airflow/example_dags/example_asset_decorator.py","logger":"airflow.models.dagbag.DagBag"}
{"timestamp":"2026-01-20T12:18:57.727528","level":"info","event":"Filling up the DagBag from /home/airflow/.local/lib/python3.12/site-packages/airflow/example_dags/example_asset_decorator.py","logger":"airflow.models.dagbag.DagBag"}
{"timestamp":"2026-01-20T12:19:28.914032","level":"info","event":"Filling up the DagBag from /home/airflow/.local/lib/python3.12/site-packages/airflow/example_dags/example_asset_decorator.py","logger":"airflow.models.dagbag.DagBag"}
{"timestamp":"2026-01-20T12:19:59.276197","level":"info","event":"Filling up the DagBag from /home/airflow/.local/lib/python3.12/site-packages/airflow/example_dags/example_asset_decorator.py","logger":"airflow.models.dagbag.DagBag"}
{"timestamp":"2026-01-20T12:20:30.198492","level":"info","event":"Filling up the DagBag from /home/airflow/.local/lib/python3.12/site-packages/airflow/example_dags/example_asset_decorator.py","logger":"airflow.models.dagbag.DagBag"}
{"timestamp":"2026-01-20T12:21:01.028284","level":"info","event":"Filling up the DagBag from /home/airflow/.local/lib/python3.12/site-packages/airflow/example_dags/example_asset_decorator.py","logger":"airflow.models.dagbag.DagBag"}
{"timestamp":"2026-01-20T12:21:32.270849","level":"info","event":"Filling up the DagBag from /home/airflow/.local/lib/python3.12/site-packages/airflow/example_dags/example_asset_decorator.py","logger":"airflow.models.dagbag.DagBag"}
{"timestamp":"2026-01-20T12:22:02.886294","level":"info","event":"Filling up the DagBag from /home/airflow/.local/lib/python3.12/site-packages/airflow/example_dags/example_asset_decorator.py","logger":"airflow.models.dagbag.DagBag"}
{"timestamp":"2026-01-20T12:22:33.632780","level":"info","event":"Filling up the DagBag from /home/airflow/.local/lib/python3.12/site-packages/airflow/example_dags/example_asset_decorator.py","logger":"airflow.models.dagbag.DagBag"}
{"timestamp":"2026-01-20T12:23:30.741962","level":"info","event":"Filling up the DagBag from /home/airflow/.local/lib/python3.12/site-packages/airflow/example_dags/example_asset_decorator.py","logger":"airflow.models.dagbag.DagBag"}
{"timestamp":"2026-01-20T12:24:01.822232","level":"info","event":"Filling up the DagBag from /home/airflow/.local/lib/python3.12/site-packages/airflow/example_dags/example_asset_decorator.py","logger":"airflow.models.dagbag.DagBag"}
{"timestamp":"2026-01-20T12:24:32.334357","level":"info","event":"Filling up the DagBag from /home/airflow/.local/lib/python3.12/site-packages/airflow/example_dags/example_asset_decorator.py","logger":"airflow.models.dagbag.DagBag"}
{"timestamp":"2026-01-20T12:25:03.004362","level":"info","event":"Filling up the DagBag from /home/airflow/.local/lib/python3.12/site-packages/airflow/example_dags/example_asset_decorator.py","logger":"airflow.models.dagbag.DagBag"}
{"timestamp":"2026-01-20T12:25:34.303987","level":"info","event":"Filling up the DagBag from /home/airflow/.local/lib/python3.12/site-packages/airflow/example_dags/example_asset_decorator.py","logger":"airflow.models.dagbag.DagBag"}
{"timestamp":"2026-01-20T12:26:14.559768","level":"info","event":"Filling up the DagBag from /home/airflow/.local/lib/python3.12/site-packages/airflow/example_dags/example_asset_decorator.py","logger":"airflow.models.dagbag.DagBag"}
{"timestamp":"2026-01-20T12:26:45.856944","level":"info","event":"Filling up the DagBag from /home/airflow/.local/lib/python3.12/site-packages/airflow/example_dags/example_asset_decorator.py","logger":"airflow.models.dagbag.DagBag"}
{"timestamp":"2026-01-20T12:27:16.958413","level":"info","event":"Filling up the DagBag from /home/airflow/.local/lib/python3.12/site-packages/airflow/example_dags/example_asset_decorator.py","logger":"airflow.models.dagbag.DagBag"}
{"timestamp":"2026-01-20T12:27:47.584624","level":"info","event":"Filling up the DagBag from /home/airflow/.local/lib/python3.12/site-packages/airflow/example_dags/example_asset_decorator.py","logger":"airflow.models.dagbag.DagBag"}
{"timestamp":"2026-01-20T12:28:20.357738","level":"info","event":"Filling up the DagBag from /home/airflow/.local/lib/python3.12/site-packages/airflow/example_dags/example_asset_decorator.py","logger":"airflow.models.dagbag.DagBag"}
{"timestamp":"2026-01-20T12:28:50.763880","level":"info","event":"Filling up the DagBag from /home/airflow/.local/lib/python3.12/site-packages/airflow/example_dags/example_asset_decorator.py","logger":"airflow.models.dagbag.DagBag"}
{"timestamp":"2026-01-20T12:29:22.028551","level":"info","event":"Filling up the DagBag from /home/airflow/.local/lib/python3.12/site-packages/airflow/example_dags/example_asset_decorator.py","logger":"airflow.models.dagbag.DagBag"}
{"timestamp":"2026-01-20T12:29:53.055691","level":"info","event":"Filling up the DagBag from /home/airflow/.local/lib/python3.12/site-packages/airflow/example_dags/example_asset_decorator.py","logger":"airflow.models.dagbag.DagBag"}
{"timestamp":"2026-01-20T12:30:23.816671","level":"info","event":"Filling up the DagBag from /home/airflow/.local/lib/python3.12/site-packages/airflow/example_dags/example_asset_decorator.py","logger":"airflow.models.dagbag.DagBag"}
{"timestamp":"2026-01-20T12:30:55.483097","level":"info","event":"Filling up the DagBag from /home/airflow/.local/lib/python3.12/site-packages/airflow/example_dags/example_asset_decorator.py","logger":"airflow.models.dagbag.DagBag"}
{"timestamp":"2026-01-20T12:31:26.095748","level":"info","event":"Filling up the DagBag from /home/airflow/.local/lib/python3.12/site-packages/airflow/example_dags/example_asset_decorator.py","logger":"airflow.models.dagbag.DagBag"}
{"timestamp":"2026-01-20T12:31:58.729127","level":"info","event":"Filling up the DagBag from /home/airflow/.local/lib/python3.12/site-packages/airflow/example_dags/example_asset_decorator.py","logger":"airflow.models.dagbag.DagBag"}
{"timestamp":"2026-01-20T12:32:29.947026","level":"info","event":"Filling up the DagBag from /home/airflow/.local/lib/python3.12/site-packages/airflow/example_dags/example_asset_decorator.py","logger":"airflow.models.dagbag.DagBag"}
{"timestamp":"2026-01-20T12:33:00.490515","level":"info","event":"Filling up the DagBag from /home/airflow/.local/lib/python3.12/site-packages/airflow/example_dags/example_asset_decorator.py","logger":"airflow.models.dagbag.DagBag"}
{"timestamp":"2026-01-20T12:33:31.177930","level":"info","event":"Filling up the DagBag from /home/airflow/.local/lib/python3.12/site-packages/airflow/example_dags/example_asset_decorator.py","logger":"airflow.models.dagbag.DagBag"}
{"timestamp":"2026-01-20T12:34:02.348102","level":"info","event":"Filling up the DagBag from /home/airflow/.local/lib/python3.12/site-packages/airflow/example_dags/example_asset_decorator.py","logger":"airflow.models.dagbag.DagBag"}
{"timestamp":"2026-01-20T12:34:33.184321","level":"info","event":"Filling up the DagBag from /home/airflow/.local/lib/python3.12/site-packages/airflow/example_dags/example_asset_decorator.py","logger":"airflow.models.dagbag.DagBag"}
{"timestamp":"2026-01-20T12:35:03.974104","level":"info","event":"Filling up the DagBag from /home/airflow/.local/lib/python3.12/site-packages/airflow/example_dags/example_asset_decorator.py","logger":"airflow.models.dagbag.DagBag"}
{"timestamp":"2026-01-20T12:35:35.205885","level":"info","event":"Filling up the DagBag from /home/airflow/.local/lib/python3.12/site-packages/airflow/example_dags/example_asset_decorator.py","logger":"airflow.models.dagbag.DagBag"}
{"timestamp":"2026-01-20T12:36:05.906160","level":"info","event":"Filling up the DagBag from /home/airflow/.local/lib/python3.12/site-packages/airflow/example_dags/example_asset_decorator.py","logger":"airflow.models.dagbag.DagBag"}
{"timestamp":"2026-01-20T12:36:39.853088","level":"info","event":"Filling up the DagBag from /home/airflow/.local/lib/python3.12/site-packages/airflow/example_dags/example_asset_decorator.py","logger":"airflow.models.dagbag.DagBag"}
{"timestamp":"2026-01-20T12:37:10.608304","level":"info","event":"Filling up the DagBag from /home/airflow/.local/lib/python3.12/site-packages/airflow/example_dags/example_asset_decorator.py","logger":"airflow.models.dagbag.DagBag"}
{"timestamp":"2026-01-20T12:37:41.835522","level":"info","event":"Filling up the DagBag from /home/airflow/.local/lib/python3.12/site-packages/airflow/example_dags/example_asset_decorator.py","logger":"airflow.models.dagbag.DagBag"}
{"timestamp":"2026-01-20T12:38:12.785367","level":"info","event":"Filling up the DagBag from /home/airflow/.local/lib/python3.12/site-packages/airflow/example_dags/example_asset_decorator.py","logger":"airflow.models.dagbag.DagBag"}
{"timestamp":"2026-01-20T12:38:43.552650","level":"info","event":"Filling up the DagBag from /home/airflow/.local/lib/python3.12/site-packages/airflow/example_dags/example_asset_decorator.py","logger":"airflow.models.dagbag.DagBag"}
{"timestamp":"2026-01-20T12:39:14.389027","level":"info","event":"Filling up the DagBag from /home/airflow/.local/lib/python3.12/site-packages/airflow/example_dags/example_asset_decorator.py","logger":"airflow.models.dagbag.DagBag"}
{"timestamp":"2026-01-20T12:39:45.142767","level":"info","event":"Filling up the DagBag from /home/airflow/.local/lib/python3.12/site-packages/airflow/example_dags/example_asset_decorator.py","logger":"airflow.models.dagbag.DagBag"}
{"timestamp":"2026-01-20T12:40:15.621586","level":"info","event":"Filling up the DagBag from /home/airflow/.local/lib/python3.12/site-packages/airflow/example_dags/example_asset_decorator.py","logger":"airflow.models.dagbag.DagBag"}
{"timestamp":"2026-01-20T12:40:46.687191","level":"info","event":"Filling up the DagBag from /home/airflow/.local/lib/python3.12/site-packages/airflow/example_dags/example_asset_decorator.py","logger":"airflow.models.dagbag.DagBag"}
{"timestamp":"2026-01-20T12:41:18.201287","level":"info","event":"Filling up the DagBag from /home/airflow/.local/lib/python3.12/site-packages/airflow/example_dags/example_asset_decorator.py","logger":"airflow.models.dagbag.DagBag"}
{"timestamp":"2026-01-20T12:41:49.305651","level":"info","event":"Filling up the DagBag from /home/airflow/.local/lib/python3.12/site-packages/airflow/example_dags/example_asset_decorator.py","logger":"airflow.models.dagbag.DagBag"}
{"timestamp":"2026-01-20T12:42:20.973938","level":"info","event":"Filling up the DagBag from /home/airflow/.local/lib/python3.12/site-packages/airflow/example_dags/example_asset_decorator.py","logger":"airflow.models.dagbag.DagBag"}
{"timestamp":"2026-01-20T12:42:51.700106","level":"info","event":"Filling up the DagBag from /home/airflow/.local/lib/python3.12/site-packages/airflow/example_dags/example_asset_decorator.py","logger":"airflow.models.dagbag.DagBag"}
{"timestamp":"2026-01-20T12:43:22.506917","level":"info","event":"Filling up the DagBag from /home/airflow/.local/lib/python3.12/site-packages/airflow/example_dags/example_asset_decorator.py","logger":"airflow.models.dagbag.DagBag"}
{"timestamp":"2026-01-20T12:43:53.775201","level":"info","event":"Filling up the DagBag from /home/airflow/.local/lib/python3.12/site-packages/airflow/example_dags/example_asset_decorator.py","logger":"airflow.models.dagbag.DagBag"}
{"timestamp":"2026-01-20T12:44:24.468465","level":"info","event":"Filling up the DagBag from /home/airflow/.local/lib/python3.12/site-packages/airflow/example_dags/example_asset_decorator.py","logger":"airflow.models.dagbag.DagBag"}
{"timestamp":"2026-01-20T12:45:05.512902","level":"info","event":"Filling up the DagBag from /home/airflow/.local/lib/python3.12/site-packages/airflow/example_dags/example_asset_decorator.py","logger":"airflow.models.dagbag.DagBag"}
{"timestamp":"2026-01-20T12:45:35.913676","level":"info","event":"Filling up the DagBag from /home/airflow/.local/lib/python3.12/site-packages/airflow/example_dags/example_asset_decorator.py","logger":"airflow.models.dagbag.DagBag"}
{"timestamp":"2026-01-20T12:47:13.238859","level":"info","event":"Filling up the DagBag from /home/airflow/.local/lib/python3.12/site-packages/airflow/example_dags/example_asset_decorator.py","logger":"airflow.models.dagbag.DagBag"}
{"timestamp":"2026-01-20T12:48:58.623438","level":"info","event":"Filling up the DagBag from /home/airflow/.local/lib/python3.12/site-packages/airflow/example_dags/example_asset_decorator.py","logger":"airflow.models.dagbag.DagBag"}
{"timestamp":"2026-01-20T12:50:19.775624","level":"info","event":"Filling up the DagBag from /home/airflow/.local/lib/python3.12/site-packages/airflow/example_dags/example_asset_decorator.py","logger":"airflow.models.dagbag.DagBag"}
{"timestamp":"2026-01-20T12:50:49.990421","level":"info","event":"Filling up the DagBag from /home/airflow/.local/lib/python3.12/site-packages/airflow/example_dags/example_asset_decorator.py","logger":"airflow.models.dagbag.DagBag"}
{"timestamp":"2026-01-20T12:53:10.345855","level":"info","event":"Filling up the DagBag from /home/airflow/.local/lib/python3.12/site-packages/airflow/example_dags/example_asset_decorator.py","logger":"airflow.models.dagbag.DagBag"}
{"timestamp":"2026-01-20T12:55:50.570923","level":"info","event":"Filling up the DagBag from /home/airflow/.local/lib/python3.12/site-packages/airflow/example_dags/example_asset_decorator.py","logger":"airflow.models.dagbag.DagBag"}
{"timestamp":"2026-01-20T12:58:03.209766","level":"info","event":"Filling up the DagBag from /home/airflow/.local/lib/python3.12/site-packages/airflow/example_dags/example_asset_decorator.py","logger":"airflow.models.dagbag.DagBag"}
{"timestamp":"2026-01-20T12:59:12.551305","level":"info","event":"Filling up the DagBag from /home/airflow/.local/lib/python3.12/site-packages/airflow/example_dags/example_asset_decorator.py","logger":"airflow.models.dagbag.DagBag"}
{"timestamp":"2026-01-20T13:01:08.081566","level":"info","event":"Filling up the DagBag from /home/airflow/.local/lib/python3.12/site-packages/airflow/example_dags/example_asset_decorator.py","logger":"airflow.models.dagbag.DagBag"}
{"timestamp":"2026-01-20T13:01:47.564665","level":"info","event":"Filling up the DagBag from /home/airflow/.local/lib/python3.12/site-packages/airflow/example_dags/example_asset_decorator.py","logger":"airflow.models.dagbag.DagBag"}
{"timestamp":"2026-01-20T13:02:18.213946","level":"info","event":"Filling up the DagBag from /home/airflow/.local/lib/python3.12/site-packages/airflow/example_dags/example_asset_decorator.py","logger":"airflow.models.dagbag.DagBag"}
{"timestamp":"2026-01-20T13:03:26.175166","level":"info","event":"Filling up the DagBag from /home/airflow/.local/lib/python3.12/site-packages/airflow/example_dags/example_asset_decorator.py","logger":"airflow.models.dagbag.DagBag"}
{"timestamp":"2026-01-20T13:04:49.220902","level":"info","event":"Filling up the DagBag from /home/airflow/.local/lib/python3.12/site-packages/airflow/example_dags/example_asset_decorator.py","logger":"airflow.models.dagbag.DagBag"}
{"timestamp":"2026-01-20T13:06:23.861980","level":"info","event":"Filling up the DagBag from /home/airflow/.local/lib/python3.12/site-packages/airflow/example_dags/example_asset_decorator.py","logger":"airflow.models.dagbag.DagBag"}
{"timestamp":"2026-01-20T13:06:54.806954","level":"info","event":"Filling up the DagBag from /home/airflow/.local/lib/python3.12/site-packages/airflow/example_dags/example_asset_decorator.py","logger":"airflow.models.dagbag.DagBag"}
{"timestamp":"2026-01-20T13:09:20.608004","level":"info","event":"Filling up the DagBag from /home/airflow/.local/lib/python3.12/site-packages/airflow/example_dags/example_asset_decorator.py","logger":"airflow.models.dagbag.DagBag"}
{"timestamp":"2026-01-20T13:10:54.840180","level":"info","event":"Filling up the DagBag from /home/airflow/.local/lib/python3.12/site-packages/airflow/example_dags/example_asset_decorator.py","logger":"airflow.models.dagbag.DagBag"}
{"timestamp":"2026-01-20T13:11:41.430134","level":"info","event":"Filling up the DagBag from /home/airflow/.local/lib/python3.12/site-packages/airflow/example_dags/example_asset_decorator.py","logger":"airflow.models.dagbag.DagBag"}
{"timestamp":"2026-01-20T13:12:11.794423","level":"info","event":"Filling up the DagBag from /home/airflow/.local/lib/python3.12/site-packages/airflow/example_dags/example_asset_decorator.py","logger":"airflow.models.dagbag.DagBag"}
{"timestamp":"2026-01-20T13:12:52.400336","level":"info","event":"Filling up the DagBag from /home/airflow/.local/lib/python3.12/site-packages/airflow/example_dags/example_asset_decorator.py","logger":"airflow.models.dagbag.DagBag"}
{"timestamp":"2026-01-20T13:15:13.968991","level":"info","event":"Filling up the DagBag from /home/airflow/.local/lib/python3.12/site-packages/airflow/example_dags/example_asset_decorator.py","logger":"airflow.models.dagbag.DagBag"}
{"timestamp":"2026-01-20T13:18:23.521119","level":"info","event":"Filling up the DagBag from /home/airflow/.local/lib/python3.12/site-packages/airflow/example_dags/example_asset_decorator.py","logger":"airflow.models.dagbag.DagBag"}
{"timestamp":"2026-01-20T13:19:09.913503","level":"info","event":"Filling up the DagBag from /home/airflow/.local/lib/python3.12/site-packages/airflow/example_dags/example_asset_decorator.py","logger":"airflow.models.dagbag.DagBag"}
{"timestamp":"2026-01-20T13:23:44.904922","level":"info","event":"Filling up the DagBag from /home/airflow/.local/lib/python3.12/site-packages/airflow/example_dags/example_asset_decorator.py","logger":"airflow.models.dagbag.DagBag"}
{"timestamp":"2026-01-20T13:24:42.325804","level":"info","event":"Filling up the DagBag from /home/airflow/.local/lib/python3.12/site-packages/airflow/example_dags/example_asset_decorator.py","logger":"airflow.models.dagbag.DagBag"}
{"timestamp":"2026-01-20T13:26:23.783663","level":"info","event":"Filling up the DagBag from /home/airflow/.local/lib/python3.12/site-packages/airflow/example_dags/example_asset_decorator.py","logger":"airflow.models.dagbag.DagBag"}
{"timestamp":"2026-01-20T13:28:28.287723","level":"info","event":"Filling up the DagBag from /home/airflow/.local/lib/python3.12/site-packages/airflow/example_dags/example_asset_decorator.py","logger":"airflow.models.dagbag.DagBag"}
{"timestamp":"2026-01-20T13:30:29.847181","level":"info","event":"Filling up the DagBag from /home/airflow/.local/lib/python3.12/site-packages/airflow/example_dags/example_asset_decorator.py","logger":"airflow.models.dagbag.DagBag"}
{"timestamp":"2026-01-20T13:32:46.263938","level":"info","event":"Filling up the DagBag from /home/airflow/.local/lib/python3.12/site-packages/airflow/example_dags/example_asset_decorator.py","logger":"airflow.models.dagbag.DagBag"}
{"timestamp":"2026-01-20T13:33:16.584567","level":"info","event":"Filling up the DagBag from /home/airflow/.local/lib/python3.12/site-packages/airflow/example_dags/example_asset_decorator.py","logger":"airflow.models.dagbag.DagBag"}
{"timestamp":"2026-01-20T13:33:47.943326","level":"info","event":"Filling up the DagBag from /home/airflow/.local/lib/python3.12/site-packages/airflow/example_dags/example_asset_decorator.py","logger":"airflow.models.dagbag.DagBag"}
{"timestamp":"2026-01-20T13:34:19.148983","level":"info","event":"Filling up the DagBag from /home/airflow/.local/lib/python3.12/site-packages/airflow/example_dags/example_asset_decorator.py","logger":"airflow.models.dagbag.DagBag"}
{"timestamp":"2026-01-20T13:35:07.869132","level":"info","event":"Filling up the DagBag from /home/airflow/.local/lib/python3.12/site-packages/airflow/example_dags/example_asset_decorator.py","logger":"airflow.models.dagbag.DagBag"}
{"timestamp":"2026-01-20T13:37:12.766370","level":"info","event":"Filling up the DagBag from /home/airflow/.local/lib/python3.12/site-packages/airflow/example_dags/example_asset_decorator.py","logger":"airflow.models.dagbag.DagBag"}
{"timestamp":"2026-01-20T13:40:23.262634","level":"info","event":"Filling up the DagBag from /home/airflow/.local/lib/python3.12/site-packages/airflow/example_dags/example_asset_decorator.py","logger":"airflow.models.dagbag.DagBag"}
{"timestamp":"2026-01-20T13:40:53.776453","level":"info","event":"Filling up the DagBag from /home/airflow/.local/lib/python3.12/site-packages/airflow/example_dags/example_asset_decorator.py","logger":"airflow.models.dagbag.DagBag"}
{"timestamp":"2026-01-20T13:41:58.787846","level":"info","event":"Filling up the DagBag from /home/airflow/.local/lib/python3.12/site-packages/airflow/example_dags/example_asset_decorator.py","logger":"airflow.models.dagbag.DagBag"}
{"timestamp":"2026-01-20T13:42:51.144025","level":"info","event":"Filling up the DagBag from /home/airflow/.local/lib/python3.12/site-packages/airflow/example_dags/example_asset_decorator.py","logger":"airflow.models.dagbag.DagBag"}
{"timestamp":"2026-01-20T13:43:21.936839","level":"info","event":"Filling up the DagBag from /home/airflow/.local/lib/python3.12/site-packages/airflow/example_dags/example_asset_decorator.py","logger":"airflow.models.dagbag.DagBag"}
