{"timestamp":"2026-01-20T01:03:46.271067","level":"info","event":"Filling up the DagBag from /home/airflow/.local/lib/python3.12/site-packages/airflow/example_dags/example_simplest_dag.py","logger":"airflow.models.dagbag.DagBag"}
{"timestamp":"2026-01-20T01:04:16.822943","level":"info","event":"Filling up the DagBag from /home/airflow/.local/lib/python3.12/site-packages/airflow/example_dags/example_simplest_dag.py","logger":"airflow.models.dagbag.DagBag"}
{"timestamp":"2026-01-20T11:16:13.339938","level":"info","event":"Filling up the DagBag from /home/airflow/.local/lib/python3.12/site-packages/airflow/example_dags/example_simplest_dag.py","logger":"airflow.models.dagbag.DagBag"}
{"timestamp":"2026-01-20T11:16:45.973755","level":"info","event":"Filling up the DagBag from /home/airflow/.local/lib/python3.12/site-packages/airflow/example_dags/example_simplest_dag.py","logger":"airflow.models.dagbag.DagBag"}
{"timestamp":"2026-01-20T11:17:17.031512","level":"info","event":"Filling up the DagBag from /home/airflow/.local/lib/python3.12/site-packages/airflow/example_dags/example_simplest_dag.py","logger":"airflow.models.dagbag.DagBag"}
{"timestamp":"2026-01-20T11:17:47.535241","level":"info","event":"Filling up the DagBag from /home/airflow/.local/lib/python3.12/site-packages/airflow/example_dags/example_simplest_dag.py","logger":"airflow.models.dagbag.DagBag"}
{"timestamp":"2026-01-20T11:18:17.816037","level":"info","event":"Filling up the DagBag from /home/airflow/.local/lib/python3.12/site-packages/airflow/example_dags/example_simplest_dag.py","logger":"airflow.models.dagbag.DagBag"}
{"timestamp":"2026-01-20T11:18:48.294767","level":"info","event":"Filling up the DagBag from /home/airflow/.local/lib/python3.12/site-packages/airflow/example_dags/example_simplest_dag.py","logger":"airflow.models.dagbag.DagBag"}
{"timestamp":"2026-01-20T11:19:19.286125","level":"info","event":"Filling up the DagBag from /home/airflow/.local/lib/python3.12/site-packages/airflow/example_dags/example_simplest_dag.py","logger":"airflow.models.dagbag.DagBag"}
{"timestamp":"2026-01-20T11:19:49.739365","level":"info","event":"Filling up the DagBag from /home/airflow/.local/lib/python3.12/site-packages/airflow/example_dags/example_simplest_dag.py","logger":"airflow.models.dagbag.DagBag"}
{"timestamp":"2026-01-20T11:20:20.195770","level":"info","event":"Filling up the DagBag from /home/airflow/.local/lib/python3.12/site-packages/airflow/example_dags/example_simplest_dag.py","logger":"airflow.models.dagbag.DagBag"}
{"timestamp":"2026-01-20T11:20:50.923370","level":"info","event":"Filling up the DagBag from /home/airflow/.local/lib/python3.12/site-packages/airflow/example_dags/example_simplest_dag.py","logger":"airflow.models.dagbag.DagBag"}
{"timestamp":"2026-01-20T11:21:22.098420","level":"info","event":"Filling up the DagBag from /home/airflow/.local/lib/python3.12/site-packages/airflow/example_dags/example_simplest_dag.py","logger":"airflow.models.dagbag.DagBag"}
{"timestamp":"2026-01-20T11:21:53.302005","level":"info","event":"Filling up the DagBag from /home/airflow/.local/lib/python3.12/site-packages/airflow/example_dags/example_simplest_dag.py","logger":"airflow.models.dagbag.DagBag"}
{"timestamp":"2026-01-20T11:22:24.350580","level":"info","event":"Filling up the DagBag from /home/airflow/.local/lib/python3.12/site-packages/airflow/example_dags/example_simplest_dag.py","logger":"airflow.models.dagbag.DagBag"}
{"timestamp":"2026-01-20T11:22:54.772568","level":"info","event":"Filling up the DagBag from /home/airflow/.local/lib/python3.12/site-packages/airflow/example_dags/example_simplest_dag.py","logger":"airflow.models.dagbag.DagBag"}
{"timestamp":"2026-01-20T11:23:25.506511","level":"info","event":"Filling up the DagBag from /home/airflow/.local/lib/python3.12/site-packages/airflow/example_dags/example_simplest_dag.py","logger":"airflow.models.dagbag.DagBag"}
{"timestamp":"2026-01-20T11:23:56.411164","level":"info","event":"Filling up the DagBag from /home/airflow/.local/lib/python3.12/site-packages/airflow/example_dags/example_simplest_dag.py","logger":"airflow.models.dagbag.DagBag"}
{"timestamp":"2026-01-20T11:24:27.356872","level":"info","event":"Filling up the DagBag from /home/airflow/.local/lib/python3.12/site-packages/airflow/example_dags/example_simplest_dag.py","logger":"airflow.models.dagbag.DagBag"}
{"timestamp":"2026-01-20T11:24:58.526368","level":"info","event":"Filling up the DagBag from /home/airflow/.local/lib/python3.12/site-packages/airflow/example_dags/example_simplest_dag.py","logger":"airflow.models.dagbag.DagBag"}
{"timestamp":"2026-01-20T11:25:29.381626","level":"info","event":"Filling up the DagBag from /home/airflow/.local/lib/python3.12/site-packages/airflow/example_dags/example_simplest_dag.py","logger":"airflow.models.dagbag.DagBag"}
{"timestamp":"2026-01-20T11:25:59.719806","level":"info","event":"Filling up the DagBag from /home/airflow/.local/lib/python3.12/site-packages/airflow/example_dags/example_simplest_dag.py","logger":"airflow.models.dagbag.DagBag"}
{"timestamp":"2026-01-20T11:26:30.432164","level":"info","event":"Filling up the DagBag from /home/airflow/.local/lib/python3.12/site-packages/airflow/example_dags/example_simplest_dag.py","logger":"airflow.models.dagbag.DagBag"}
{"timestamp":"2026-01-20T11:27:01.295350","level":"info","event":"Filling up the DagBag from /home/airflow/.local/lib/python3.12/site-packages/airflow/example_dags/example_simplest_dag.py","logger":"airflow.models.dagbag.DagBag"}
{"timestamp":"2026-01-20T11:27:32.179028","level":"info","event":"Filling up the DagBag from /home/airflow/.local/lib/python3.12/site-packages/airflow/example_dags/example_simplest_dag.py","logger":"airflow.models.dagbag.DagBag"}
{"timestamp":"2026-01-20T11:28:02.905323","level":"info","event":"Filling up the DagBag from /home/airflow/.local/lib/python3.12/site-packages/airflow/example_dags/example_simplest_dag.py","logger":"airflow.models.dagbag.DagBag"}
{"timestamp":"2026-01-20T11:28:33.310021","level":"info","event":"Filling up the DagBag from /home/airflow/.local/lib/python3.12/site-packages/airflow/example_dags/example_simplest_dag.py","logger":"airflow.models.dagbag.DagBag"}
{"timestamp":"2026-01-20T11:29:04.212490","level":"info","event":"Filling up the DagBag from /home/airflow/.local/lib/python3.12/site-packages/airflow/example_dags/example_simplest_dag.py","logger":"airflow.models.dagbag.DagBag"}
{"timestamp":"2026-01-20T11:29:34.702696","level":"info","event":"Filling up the DagBag from /home/airflow/.local/lib/python3.12/site-packages/airflow/example_dags/example_simplest_dag.py","logger":"airflow.models.dagbag.DagBag"}
{"timestamp":"2026-01-20T11:31:24.496548","level":"info","event":"Filling up the DagBag from /home/airflow/.local/lib/python3.12/site-packages/airflow/example_dags/example_simplest_dag.py","logger":"airflow.models.dagbag.DagBag"}
{"timestamp":"2026-01-20T11:32:32.112709","level":"info","event":"Filling up the DagBag from /home/airflow/.local/lib/python3.12/site-packages/airflow/example_dags/example_simplest_dag.py","logger":"airflow.models.dagbag.DagBag"}
{"timestamp":"2026-01-20T11:33:38.877310","level":"info","event":"Filling up the DagBag from /home/airflow/.local/lib/python3.12/site-packages/airflow/example_dags/example_simplest_dag.py","logger":"airflow.models.dagbag.DagBag"}
{"timestamp":"2026-01-20T11:34:41.088264","level":"info","event":"Filling up the DagBag from /home/airflow/.local/lib/python3.12/site-packages/airflow/example_dags/example_simplest_dag.py","logger":"airflow.models.dagbag.DagBag"}
{"timestamp":"2026-01-20T11:35:11.817305","level":"info","event":"Filling up the DagBag from /home/airflow/.local/lib/python3.12/site-packages/airflow/example_dags/example_simplest_dag.py","logger":"airflow.models.dagbag.DagBag"}
{"timestamp":"2026-01-20T11:37:30.932877","level":"info","event":"Filling up the DagBag from /home/airflow/.local/lib/python3.12/site-packages/airflow/example_dags/example_simplest_dag.py","logger":"airflow.models.dagbag.DagBag"}
{"timestamp":"2026-01-20T11:38:01.276314","level":"info","event":"Filling up the DagBag from /home/airflow/.local/lib/python3.12/site-packages/airflow/example_dags/example_simplest_dag.py","logger":"airflow.models.dagbag.DagBag"}
{"timestamp":"2026-01-20T11:38:31.748277","level":"info","event":"Filling up the DagBag from /home/airflow/.local/lib/python3.12/site-packages/airflow/example_dags/example_simplest_dag.py","logger":"airflow.models.dagbag.DagBag"}
{"timestamp":"2026-01-20T11:39:02.329673","level":"info","event":"Filling up the DagBag from /home/airflow/.local/lib/python3.12/site-packages/airflow/example_dags/example_simplest_dag.py","logger":"airflow.models.dagbag.DagBag"}
{"timestamp":"2026-01-20T11:39:32.973883","level":"info","event":"Filling up the DagBag from /home/airflow/.local/lib/python3.12/site-packages/airflow/example_dags/example_simplest_dag.py","logger":"airflow.models.dagbag.DagBag"}
{"timestamp":"2026-01-20T11:40:03.878225","level":"info","event":"Filling up the DagBag from /home/airflow/.local/lib/python3.12/site-packages/airflow/example_dags/example_simplest_dag.py","logger":"airflow.models.dagbag.DagBag"}
{"timestamp":"2026-01-20T11:40:34.986527","level":"info","event":"Filling up the DagBag from /home/airflow/.local/lib/python3.12/site-packages/airflow/example_dags/example_simplest_dag.py","logger":"airflow.models.dagbag.DagBag"}
{"timestamp":"2026-01-20T11:41:05.466818","level":"info","event":"Filling up the DagBag from /home/airflow/.local/lib/python3.12/site-packages/airflow/example_dags/example_simplest_dag.py","logger":"airflow.models.dagbag.DagBag"}
{"timestamp":"2026-01-20T11:41:35.977405","level":"info","event":"Filling up the DagBag from /home/airflow/.local/lib/python3.12/site-packages/airflow/example_dags/example_simplest_dag.py","logger":"airflow.models.dagbag.DagBag"}
{"timestamp":"2026-01-20T11:42:06.447733","level":"info","event":"Filling up the DagBag from /home/airflow/.local/lib/python3.12/site-packages/airflow/example_dags/example_simplest_dag.py","logger":"airflow.models.dagbag.DagBag"}
{"timestamp":"2026-01-20T11:42:37.020245","level":"info","event":"Filling up the DagBag from /home/airflow/.local/lib/python3.12/site-packages/airflow/example_dags/example_simplest_dag.py","logger":"airflow.models.dagbag.DagBag"}
{"timestamp":"2026-01-20T11:43:07.681705","level":"info","event":"Filling up the DagBag from /home/airflow/.local/lib/python3.12/site-packages/airflow/example_dags/example_simplest_dag.py","logger":"airflow.models.dagbag.DagBag"}
{"timestamp":"2026-01-20T11:43:38.197179","level":"info","event":"Filling up the DagBag from /home/airflow/.local/lib/python3.12/site-packages/airflow/example_dags/example_simplest_dag.py","logger":"airflow.models.dagbag.DagBag"}
{"timestamp":"2026-01-20T11:44:14.888939","level":"info","event":"Filling up the DagBag from /home/airflow/.local/lib/python3.12/site-packages/airflow/example_dags/example_simplest_dag.py","logger":"airflow.models.dagbag.DagBag"}
{"timestamp":"2026-01-20T11:44:45.848832","level":"info","event":"Filling up the DagBag from /home/airflow/.local/lib/python3.12/site-packages/airflow/example_dags/example_simplest_dag.py","logger":"airflow.models.dagbag.DagBag"}
{"timestamp":"2026-01-20T11:45:16.758331","level":"info","event":"Filling up the DagBag from /home/airflow/.local/lib/python3.12/site-packages/airflow/example_dags/example_simplest_dag.py","logger":"airflow.models.dagbag.DagBag"}
{"timestamp":"2026-01-20T11:45:48.279938","level":"info","event":"Filling up the DagBag from /home/airflow/.local/lib/python3.12/site-packages/airflow/example_dags/example_simplest_dag.py","logger":"airflow.models.dagbag.DagBag"}
{"timestamp":"2026-01-20T11:46:19.464973","level":"info","event":"Filling up the DagBag from /home/airflow/.local/lib/python3.12/site-packages/airflow/example_dags/example_simplest_dag.py","logger":"airflow.models.dagbag.DagBag"}
{"timestamp":"2026-01-20T11:46:49.856662","level":"info","event":"Filling up the DagBag from /home/airflow/.local/lib/python3.12/site-packages/airflow/example_dags/example_simplest_dag.py","logger":"airflow.models.dagbag.DagBag"}
{"timestamp":"2026-01-20T11:47:41.046311","level":"info","event":"Filling up the DagBag from /home/airflow/.local/lib/python3.12/site-packages/airflow/example_dags/example_simplest_dag.py","logger":"airflow.models.dagbag.DagBag"}
{"timestamp":"2026-01-20T11:48:12.512192","level":"info","event":"Filling up the DagBag from /home/airflow/.local/lib/python3.12/site-packages/airflow/example_dags/example_simplest_dag.py","logger":"airflow.models.dagbag.DagBag"}
{"timestamp":"2026-01-20T11:48:43.088710","level":"info","event":"Filling up the DagBag from /home/airflow/.local/lib/python3.12/site-packages/airflow/example_dags/example_simplest_dag.py","logger":"airflow.models.dagbag.DagBag"}
{"timestamp":"2026-01-20T11:49:14.190389","level":"info","event":"Filling up the DagBag from /home/airflow/.local/lib/python3.12/site-packages/airflow/example_dags/example_simplest_dag.py","logger":"airflow.models.dagbag.DagBag"}
{"timestamp":"2026-01-20T11:49:44.623712","level":"info","event":"Filling up the DagBag from /home/airflow/.local/lib/python3.12/site-packages/airflow/example_dags/example_simplest_dag.py","logger":"airflow.models.dagbag.DagBag"}
{"timestamp":"2026-01-20T11:50:15.036596","level":"info","event":"Filling up the DagBag from /home/airflow/.local/lib/python3.12/site-packages/airflow/example_dags/example_simplest_dag.py","logger":"airflow.models.dagbag.DagBag"}
{"timestamp":"2026-01-20T11:50:45.546244","level":"info","event":"Filling up the DagBag from /home/airflow/.local/lib/python3.12/site-packages/airflow/example_dags/example_simplest_dag.py","logger":"airflow.models.dagbag.DagBag"}
{"timestamp":"2026-01-20T11:59:53.561659","level":"info","event":"Filling up the DagBag from /home/airflow/.local/lib/python3.12/site-packages/airflow/example_dags/example_simplest_dag.py","logger":"airflow.models.dagbag.DagBag"}
{"timestamp":"2026-01-20T12:00:24.372039","level":"info","event":"Filling up the DagBag from /home/airflow/.local/lib/python3.12/site-packages/airflow/example_dags/example_simplest_dag.py","logger":"airflow.models.dagbag.DagBag"}
{"timestamp":"2026-01-20T12:00:55.257537","level":"info","event":"Filling up the DagBag from /home/airflow/.local/lib/python3.12/site-packages/airflow/example_dags/example_simplest_dag.py","logger":"airflow.models.dagbag.DagBag"}
{"timestamp":"2026-01-20T12:01:25.641482","level":"info","event":"Filling up the DagBag from /home/airflow/.local/lib/python3.12/site-packages/airflow/example_dags/example_simplest_dag.py","logger":"airflow.models.dagbag.DagBag"}
{"timestamp":"2026-01-20T12:01:56.614430","level":"info","event":"Filling up the DagBag from /home/airflow/.local/lib/python3.12/site-packages/airflow/example_dags/example_simplest_dag.py","logger":"airflow.models.dagbag.DagBag"}
{"timestamp":"2026-01-20T12:04:07.693386","level":"info","event":"Filling up the DagBag from /home/airflow/.local/lib/python3.12/site-packages/airflow/example_dags/example_simplest_dag.py","logger":"airflow.models.dagbag.DagBag"}
{"timestamp":"2026-01-20T12:04:41.535465","level":"info","event":"Filling up the DagBag from /home/airflow/.local/lib/python3.12/site-packages/airflow/example_dags/example_simplest_dag.py","logger":"airflow.models.dagbag.DagBag"}
{"timestamp":"2026-01-20T12:05:13.982323","level":"error","event":"Process timed out, PID: 2254","logger":"airflow.utils.timeout.TimeoutPosix"}
{"timestamp":"2026-01-20T12:05:18.504216","level":"error","event":"Failed to import: /home/airflow/.local/lib/python3.12/site-packages/airflow/example_dags/example_simplest_dag.py","logger":"airflow.models.dagbag.DagBag","error_detail":[{"exc_type":"AirflowTaskTimeout","exc_value":"DagBag import timeout for /home/airflow/.local/lib/python3.12/site-packages/airflow/example_dags/example_simplest_dag.py after 30.0s.\nPlease take a look at these docs to improve your DAG import time:\n* https://airflow.apache.org/docs/apache-airflow/3.0.1/best-practices.html#top-level-python-code\n* https://airflow.apache.org/docs/apache-airflow/3.0.1/best-practices.html#reducing-dag-complexity, PID: 2254","exc_notes":[],"syntax_error":null,"is_cause":false,"frames":[{"filename":"/home/airflow/.local/lib/python3.12/site-packages/airflow/models/dagbag.py","lineno":382,"name":"parse"},{"filename":"<frozen importlib._bootstrap_external>","lineno":999,"name":"exec_module"},{"filename":"<frozen importlib._bootstrap>","lineno":488,"name":"_call_with_frames_removed"},{"filename":"/home/airflow/.local/lib/python3.12/site-packages/airflow/example_dags/example_simplest_dag.py","lineno":21,"name":"<module>"},{"filename":"<frozen importlib._bootstrap>","lineno":1412,"name":"_handle_fromlist"},{"filename":"/home/airflow/.local/lib/python3.12/site-packages/airflow/sdk/__init__.py","lineno":121,"name":"__getattr__"},{"filename":"/usr/local/lib/python3.12/importlib/__init__.py","lineno":90,"name":"import_module"},{"filename":"/home/airflow/.local/lib/python3.12/site-packages/airflow/sdk/definitions/decorators/__init__.py","lineno":25,"name":"<module>"},{"filename":"/home/airflow/.local/lib/python3.12/site-packages/airflow/sdk/definitions/decorators/setup_teardown.py","lineno":63,"name":"<module>"},{"filename":"/home/airflow/.local/lib/python3.12/site-packages/airflow/utils/timeout.py","lineno":69,"name":"handle_timeout"}]}]}
{"timestamp":"2026-01-20T12:05:54.791132","level":"info","event":"Filling up the DagBag from /home/airflow/.local/lib/python3.12/site-packages/airflow/example_dags/example_simplest_dag.py","logger":"airflow.models.dagbag.DagBag"}
{"timestamp":"2026-01-20T12:06:25.634136","level":"info","event":"Filling up the DagBag from /home/airflow/.local/lib/python3.12/site-packages/airflow/example_dags/example_simplest_dag.py","logger":"airflow.models.dagbag.DagBag"}
{"timestamp":"2026-01-20T12:06:56.459836","level":"info","event":"Filling up the DagBag from /home/airflow/.local/lib/python3.12/site-packages/airflow/example_dags/example_simplest_dag.py","logger":"airflow.models.dagbag.DagBag"}
{"timestamp":"2026-01-20T12:07:26.945994","level":"info","event":"Filling up the DagBag from /home/airflow/.local/lib/python3.12/site-packages/airflow/example_dags/example_simplest_dag.py","logger":"airflow.models.dagbag.DagBag"}
{"timestamp":"2026-01-20T12:07:58.189104","level":"info","event":"Filling up the DagBag from /home/airflow/.local/lib/python3.12/site-packages/airflow/example_dags/example_simplest_dag.py","logger":"airflow.models.dagbag.DagBag"}
{"timestamp":"2026-01-20T12:08:33.971153","level":"info","event":"Filling up the DagBag from /home/airflow/.local/lib/python3.12/site-packages/airflow/example_dags/example_simplest_dag.py","logger":"airflow.models.dagbag.DagBag"}
{"timestamp":"2026-01-20T12:09:04.689579","level":"info","event":"Filling up the DagBag from /home/airflow/.local/lib/python3.12/site-packages/airflow/example_dags/example_simplest_dag.py","logger":"airflow.models.dagbag.DagBag"}
{"timestamp":"2026-01-20T12:09:35.221282","level":"info","event":"Filling up the DagBag from /home/airflow/.local/lib/python3.12/site-packages/airflow/example_dags/example_simplest_dag.py","logger":"airflow.models.dagbag.DagBag"}
{"timestamp":"2026-01-20T12:10:05.646655","level":"info","event":"Filling up the DagBag from /home/airflow/.local/lib/python3.12/site-packages/airflow/example_dags/example_simplest_dag.py","logger":"airflow.models.dagbag.DagBag"}
{"timestamp":"2026-01-20T12:10:36.395063","level":"info","event":"Filling up the DagBag from /home/airflow/.local/lib/python3.12/site-packages/airflow/example_dags/example_simplest_dag.py","logger":"airflow.models.dagbag.DagBag"}
{"timestamp":"2026-01-20T12:11:07.763151","level":"info","event":"Filling up the DagBag from /home/airflow/.local/lib/python3.12/site-packages/airflow/example_dags/example_simplest_dag.py","logger":"airflow.models.dagbag.DagBag"}
{"timestamp":"2026-01-20T12:11:38.493752","level":"info","event":"Filling up the DagBag from /home/airflow/.local/lib/python3.12/site-packages/airflow/example_dags/example_simplest_dag.py","logger":"airflow.models.dagbag.DagBag"}
{"timestamp":"2026-01-20T12:12:09.099810","level":"info","event":"Filling up the DagBag from /home/airflow/.local/lib/python3.12/site-packages/airflow/example_dags/example_simplest_dag.py","logger":"airflow.models.dagbag.DagBag"}
{"timestamp":"2026-01-20T12:13:11.372353","level":"info","event":"Filling up the DagBag from /home/airflow/.local/lib/python3.12/site-packages/airflow/example_dags/example_simplest_dag.py","logger":"airflow.models.dagbag.DagBag"}
{"timestamp":"2026-01-20T12:14:02.237330","level":"info","event":"Filling up the DagBag from /home/airflow/.local/lib/python3.12/site-packages/airflow/example_dags/example_simplest_dag.py","logger":"airflow.models.dagbag.DagBag"}
{"timestamp":"2026-01-20T12:14:33.678269","level":"info","event":"Filling up the DagBag from /home/airflow/.local/lib/python3.12/site-packages/airflow/example_dags/example_simplest_dag.py","logger":"airflow.models.dagbag.DagBag"}
{"timestamp":"2026-01-20T12:15:48.534532","level":"info","event":"Filling up the DagBag from /home/airflow/.local/lib/python3.12/site-packages/airflow/example_dags/example_simplest_dag.py","logger":"airflow.models.dagbag.DagBag"}
{"timestamp":"2026-01-20T12:16:56.859668","level":"info","event":"Filling up the DagBag from /home/airflow/.local/lib/python3.12/site-packages/airflow/example_dags/example_simplest_dag.py","logger":"airflow.models.dagbag.DagBag"}
{"timestamp":"2026-01-20T12:17:27.159852","level":"info","event":"Filling up the DagBag from /home/airflow/.local/lib/python3.12/site-packages/airflow/example_dags/example_simplest_dag.py","logger":"airflow.models.dagbag.DagBag"}
{"timestamp":"2026-01-20T12:17:57.749435","level":"info","event":"Filling up the DagBag from /home/airflow/.local/lib/python3.12/site-packages/airflow/example_dags/example_simplest_dag.py","logger":"airflow.models.dagbag.DagBag"}
{"timestamp":"2026-01-20T12:18:28.063605","level":"info","event":"Filling up the DagBag from /home/airflow/.local/lib/python3.12/site-packages/airflow/example_dags/example_simplest_dag.py","logger":"airflow.models.dagbag.DagBag"}
{"timestamp":"2026-01-20T12:18:58.826526","level":"info","event":"Filling up the DagBag from /home/airflow/.local/lib/python3.12/site-packages/airflow/example_dags/example_simplest_dag.py","logger":"airflow.models.dagbag.DagBag"}
{"timestamp":"2026-01-20T12:19:30.150512","level":"info","event":"Filling up the DagBag from /home/airflow/.local/lib/python3.12/site-packages/airflow/example_dags/example_simplest_dag.py","logger":"airflow.models.dagbag.DagBag"}
{"timestamp":"2026-01-20T12:20:00.674356","level":"info","event":"Filling up the DagBag from /home/airflow/.local/lib/python3.12/site-packages/airflow/example_dags/example_simplest_dag.py","logger":"airflow.models.dagbag.DagBag"}
{"timestamp":"2026-01-20T12:20:31.638986","level":"info","event":"Filling up the DagBag from /home/airflow/.local/lib/python3.12/site-packages/airflow/example_dags/example_simplest_dag.py","logger":"airflow.models.dagbag.DagBag"}
{"timestamp":"2026-01-20T12:21:03.005028","level":"info","event":"Filling up the DagBag from /home/airflow/.local/lib/python3.12/site-packages/airflow/example_dags/example_simplest_dag.py","logger":"airflow.models.dagbag.DagBag"}
{"timestamp":"2026-01-20T12:21:34.145632","level":"info","event":"Filling up the DagBag from /home/airflow/.local/lib/python3.12/site-packages/airflow/example_dags/example_simplest_dag.py","logger":"airflow.models.dagbag.DagBag"}
{"timestamp":"2026-01-20T12:22:04.712136","level":"info","event":"Filling up the DagBag from /home/airflow/.local/lib/python3.12/site-packages/airflow/example_dags/example_simplest_dag.py","logger":"airflow.models.dagbag.DagBag"}
{"timestamp":"2026-01-20T12:22:35.339388","level":"info","event":"Filling up the DagBag from /home/airflow/.local/lib/python3.12/site-packages/airflow/example_dags/example_simplest_dag.py","logger":"airflow.models.dagbag.DagBag"}
{"timestamp":"2026-01-20T12:23:32.817979","level":"info","event":"Filling up the DagBag from /home/airflow/.local/lib/python3.12/site-packages/airflow/example_dags/example_simplest_dag.py","logger":"airflow.models.dagbag.DagBag"}
{"timestamp":"2026-01-20T12:24:05.114564","level":"info","event":"Filling up the DagBag from /home/airflow/.local/lib/python3.12/site-packages/airflow/example_dags/example_simplest_dag.py","logger":"airflow.models.dagbag.DagBag"}
{"timestamp":"2026-01-20T12:24:35.625915","level":"info","event":"Filling up the DagBag from /home/airflow/.local/lib/python3.12/site-packages/airflow/example_dags/example_simplest_dag.py","logger":"airflow.models.dagbag.DagBag"}
{"timestamp":"2026-01-20T12:25:07.127630","level":"info","event":"Filling up the DagBag from /home/airflow/.local/lib/python3.12/site-packages/airflow/example_dags/example_simplest_dag.py","logger":"airflow.models.dagbag.DagBag"}
{"timestamp":"2026-01-20T12:25:54.627261","level":"info","event":"Filling up the DagBag from /home/airflow/.local/lib/python3.12/site-packages/airflow/example_dags/example_simplest_dag.py","logger":"airflow.models.dagbag.DagBag"}
{"timestamp":"2026-01-20T12:26:25.098151","level":"info","event":"Filling up the DagBag from /home/airflow/.local/lib/python3.12/site-packages/airflow/example_dags/example_simplest_dag.py","logger":"airflow.models.dagbag.DagBag"}
{"timestamp":"2026-01-20T12:26:55.762360","level":"info","event":"Filling up the DagBag from /home/airflow/.local/lib/python3.12/site-packages/airflow/example_dags/example_simplest_dag.py","logger":"airflow.models.dagbag.DagBag"}
{"timestamp":"2026-01-20T12:27:26.760858","level":"info","event":"Filling up the DagBag from /home/airflow/.local/lib/python3.12/site-packages/airflow/example_dags/example_simplest_dag.py","logger":"airflow.models.dagbag.DagBag"}
{"timestamp":"2026-01-20T12:27:57.403266","level":"info","event":"Filling up the DagBag from /home/airflow/.local/lib/python3.12/site-packages/airflow/example_dags/example_simplest_dag.py","logger":"airflow.models.dagbag.DagBag"}
{"timestamp":"2026-01-20T12:28:28.749754","level":"info","event":"Filling up the DagBag from /home/airflow/.local/lib/python3.12/site-packages/airflow/example_dags/example_simplest_dag.py","logger":"airflow.models.dagbag.DagBag"}
{"timestamp":"2026-01-20T12:28:59.886189","level":"info","event":"Filling up the DagBag from /home/airflow/.local/lib/python3.12/site-packages/airflow/example_dags/example_simplest_dag.py","logger":"airflow.models.dagbag.DagBag"}
{"timestamp":"2026-01-20T12:29:31.104575","level":"info","event":"Filling up the DagBag from /home/airflow/.local/lib/python3.12/site-packages/airflow/example_dags/example_simplest_dag.py","logger":"airflow.models.dagbag.DagBag"}
{"timestamp":"2026-01-20T12:30:02.514200","level":"info","event":"Filling up the DagBag from /home/airflow/.local/lib/python3.12/site-packages/airflow/example_dags/example_simplest_dag.py","logger":"airflow.models.dagbag.DagBag"}
{"timestamp":"2026-01-20T12:30:33.365042","level":"info","event":"Filling up the DagBag from /home/airflow/.local/lib/python3.12/site-packages/airflow/example_dags/example_simplest_dag.py","logger":"airflow.models.dagbag.DagBag"}
{"timestamp":"2026-01-20T12:31:05.091809","level":"info","event":"Filling up the DagBag from /home/airflow/.local/lib/python3.12/site-packages/airflow/example_dags/example_simplest_dag.py","logger":"airflow.models.dagbag.DagBag"}
{"timestamp":"2026-01-20T12:31:35.903744","level":"info","event":"Filling up the DagBag from /home/airflow/.local/lib/python3.12/site-packages/airflow/example_dags/example_simplest_dag.py","logger":"airflow.models.dagbag.DagBag"}
{"timestamp":"2026-01-20T12:32:06.410889","level":"info","event":"Filling up the DagBag from /home/airflow/.local/lib/python3.12/site-packages/airflow/example_dags/example_simplest_dag.py","logger":"airflow.models.dagbag.DagBag"}
{"timestamp":"2026-01-20T12:32:36.886313","level":"info","event":"Filling up the DagBag from /home/airflow/.local/lib/python3.12/site-packages/airflow/example_dags/example_simplest_dag.py","logger":"airflow.models.dagbag.DagBag"}
{"timestamp":"2026-01-20T12:33:08.213852","level":"info","event":"Filling up the DagBag from /home/airflow/.local/lib/python3.12/site-packages/airflow/example_dags/example_simplest_dag.py","logger":"airflow.models.dagbag.DagBag"}
{"timestamp":"2026-01-20T12:33:38.894723","level":"info","event":"Filling up the DagBag from /home/airflow/.local/lib/python3.12/site-packages/airflow/example_dags/example_simplest_dag.py","logger":"airflow.models.dagbag.DagBag"}
{"timestamp":"2026-01-20T12:34:09.969512","level":"info","event":"Filling up the DagBag from /home/airflow/.local/lib/python3.12/site-packages/airflow/example_dags/example_simplest_dag.py","logger":"airflow.models.dagbag.DagBag"}
{"timestamp":"2026-01-20T12:34:40.606324","level":"info","event":"Filling up the DagBag from /home/airflow/.local/lib/python3.12/site-packages/airflow/example_dags/example_simplest_dag.py","logger":"airflow.models.dagbag.DagBag"}
{"timestamp":"2026-01-20T12:35:11.460714","level":"info","event":"Filling up the DagBag from /home/airflow/.local/lib/python3.12/site-packages/airflow/example_dags/example_simplest_dag.py","logger":"airflow.models.dagbag.DagBag"}
{"timestamp":"2026-01-20T12:35:41.991536","level":"info","event":"Filling up the DagBag from /home/airflow/.local/lib/python3.12/site-packages/airflow/example_dags/example_simplest_dag.py","logger":"airflow.models.dagbag.DagBag"}
{"timestamp":"2026-01-20T12:36:12.517288","level":"info","event":"Filling up the DagBag from /home/airflow/.local/lib/python3.12/site-packages/airflow/example_dags/example_simplest_dag.py","logger":"airflow.models.dagbag.DagBag"}
{"timestamp":"2026-01-20T12:36:43.370075","level":"info","event":"Filling up the DagBag from /home/airflow/.local/lib/python3.12/site-packages/airflow/example_dags/example_simplest_dag.py","logger":"airflow.models.dagbag.DagBag"}
{"timestamp":"2026-01-20T12:37:14.419246","level":"info","event":"Filling up the DagBag from /home/airflow/.local/lib/python3.12/site-packages/airflow/example_dags/example_simplest_dag.py","logger":"airflow.models.dagbag.DagBag"}
{"timestamp":"2026-01-20T12:37:44.915792","level":"info","event":"Filling up the DagBag from /home/airflow/.local/lib/python3.12/site-packages/airflow/example_dags/example_simplest_dag.py","logger":"airflow.models.dagbag.DagBag"}
{"timestamp":"2026-01-20T12:38:16.326892","level":"info","event":"Filling up the DagBag from /home/airflow/.local/lib/python3.12/site-packages/airflow/example_dags/example_simplest_dag.py","logger":"airflow.models.dagbag.DagBag"}
{"timestamp":"2026-01-20T12:38:46.801517","level":"info","event":"Filling up the DagBag from /home/airflow/.local/lib/python3.12/site-packages/airflow/example_dags/example_simplest_dag.py","logger":"airflow.models.dagbag.DagBag"}
{"timestamp":"2026-01-20T12:39:18.186150","level":"info","event":"Filling up the DagBag from /home/airflow/.local/lib/python3.12/site-packages/airflow/example_dags/example_simplest_dag.py","logger":"airflow.models.dagbag.DagBag"}
{"timestamp":"2026-01-20T12:39:49.338470","level":"info","event":"Filling up the DagBag from /home/airflow/.local/lib/python3.12/site-packages/airflow/example_dags/example_simplest_dag.py","logger":"airflow.models.dagbag.DagBag"}
{"timestamp":"2026-01-20T12:40:19.989682","level":"info","event":"Filling up the DagBag from /home/airflow/.local/lib/python3.12/site-packages/airflow/example_dags/example_simplest_dag.py","logger":"airflow.models.dagbag.DagBag"}
{"timestamp":"2026-01-20T12:40:51.226293","level":"info","event":"Filling up the DagBag from /home/airflow/.local/lib/python3.12/site-packages/airflow/example_dags/example_simplest_dag.py","logger":"airflow.models.dagbag.DagBag"}
{"timestamp":"2026-01-20T12:41:22.214240","level":"info","event":"Filling up the DagBag from /home/airflow/.local/lib/python3.12/site-packages/airflow/example_dags/example_simplest_dag.py","logger":"airflow.models.dagbag.DagBag"}
{"timestamp":"2026-01-20T12:41:53.215996","level":"info","event":"Filling up the DagBag from /home/airflow/.local/lib/python3.12/site-packages/airflow/example_dags/example_simplest_dag.py","logger":"airflow.models.dagbag.DagBag"}
{"timestamp":"2026-01-20T12:42:23.818075","level":"info","event":"Filling up the DagBag from /home/airflow/.local/lib/python3.12/site-packages/airflow/example_dags/example_simplest_dag.py","logger":"airflow.models.dagbag.DagBag"}
{"timestamp":"2026-01-20T12:42:54.715076","level":"info","event":"Filling up the DagBag from /home/airflow/.local/lib/python3.12/site-packages/airflow/example_dags/example_simplest_dag.py","logger":"airflow.models.dagbag.DagBag"}
{"timestamp":"2026-01-20T12:43:25.540767","level":"info","event":"Filling up the DagBag from /home/airflow/.local/lib/python3.12/site-packages/airflow/example_dags/example_simplest_dag.py","logger":"airflow.models.dagbag.DagBag"}
{"timestamp":"2026-01-20T12:43:56.365305","level":"info","event":"Filling up the DagBag from /home/airflow/.local/lib/python3.12/site-packages/airflow/example_dags/example_simplest_dag.py","logger":"airflow.models.dagbag.DagBag"}
{"timestamp":"2026-01-20T12:44:26.854503","level":"info","event":"Filling up the DagBag from /home/airflow/.local/lib/python3.12/site-packages/airflow/example_dags/example_simplest_dag.py","logger":"airflow.models.dagbag.DagBag"}
{"timestamp":"2026-01-20T12:45:07.517830","level":"info","event":"Filling up the DagBag from /home/airflow/.local/lib/python3.12/site-packages/airflow/example_dags/example_simplest_dag.py","logger":"airflow.models.dagbag.DagBag"}
{"timestamp":"2026-01-20T12:45:38.193197","level":"info","event":"Filling up the DagBag from /home/airflow/.local/lib/python3.12/site-packages/airflow/example_dags/example_simplest_dag.py","logger":"airflow.models.dagbag.DagBag"}
{"timestamp":"2026-01-20T12:47:14.811333","level":"info","event":"Filling up the DagBag from /home/airflow/.local/lib/python3.12/site-packages/airflow/example_dags/example_simplest_dag.py","logger":"airflow.models.dagbag.DagBag"}
{"timestamp":"2026-01-20T12:50:14.501353","level":"info","event":"Filling up the DagBag from /home/airflow/.local/lib/python3.12/site-packages/airflow/example_dags/example_simplest_dag.py","logger":"airflow.models.dagbag.DagBag"}
{"timestamp":"2026-01-20T12:50:45.412308","level":"info","event":"Filling up the DagBag from /home/airflow/.local/lib/python3.12/site-packages/airflow/example_dags/example_simplest_dag.py","logger":"airflow.models.dagbag.DagBag"}
{"timestamp":"2026-01-20T12:53:13.078988","level":"info","event":"Filling up the DagBag from /home/airflow/.local/lib/python3.12/site-packages/airflow/example_dags/example_simplest_dag.py","logger":"airflow.models.dagbag.DagBag"}
{"timestamp":"2026-01-20T12:55:52.205348","level":"info","event":"Filling up the DagBag from /home/airflow/.local/lib/python3.12/site-packages/airflow/example_dags/example_simplest_dag.py","logger":"airflow.models.dagbag.DagBag"}
{"timestamp":"2026-01-20T12:58:04.207641","level":"info","event":"Filling up the DagBag from /home/airflow/.local/lib/python3.12/site-packages/airflow/example_dags/example_simplest_dag.py","logger":"airflow.models.dagbag.DagBag"}
{"timestamp":"2026-01-20T12:59:13.945953","level":"info","event":"Filling up the DagBag from /home/airflow/.local/lib/python3.12/site-packages/airflow/example_dags/example_simplest_dag.py","logger":"airflow.models.dagbag.DagBag"}
{"timestamp":"2026-01-20T13:01:10.242029","level":"info","event":"Filling up the DagBag from /home/airflow/.local/lib/python3.12/site-packages/airflow/example_dags/example_simplest_dag.py","logger":"airflow.models.dagbag.DagBag"}
{"timestamp":"2026-01-20T13:01:53.803464","level":"info","event":"Filling up the DagBag from /home/airflow/.local/lib/python3.12/site-packages/airflow/example_dags/example_simplest_dag.py","logger":"airflow.models.dagbag.DagBag"}
{"timestamp":"2026-01-20T13:03:27.472244","level":"info","event":"Filling up the DagBag from /home/airflow/.local/lib/python3.12/site-packages/airflow/example_dags/example_simplest_dag.py","logger":"airflow.models.dagbag.DagBag"}
{"timestamp":"2026-01-20T13:06:12.142680","level":"info","event":"Filling up the DagBag from /home/airflow/.local/lib/python3.12/site-packages/airflow/example_dags/example_simplest_dag.py","logger":"airflow.models.dagbag.DagBag"}
{"timestamp":"2026-01-20T13:06:43.244597","level":"info","event":"Filling up the DagBag from /home/airflow/.local/lib/python3.12/site-packages/airflow/example_dags/example_simplest_dag.py","logger":"airflow.models.dagbag.DagBag"}
{"timestamp":"2026-01-20T13:09:21.870262","level":"info","event":"Filling up the DagBag from /home/airflow/.local/lib/python3.12/site-packages/airflow/example_dags/example_simplest_dag.py","logger":"airflow.models.dagbag.DagBag"}
{"timestamp":"2026-01-20T13:10:56.606849","level":"info","event":"Filling up the DagBag from /home/airflow/.local/lib/python3.12/site-packages/airflow/example_dags/example_simplest_dag.py","logger":"airflow.models.dagbag.DagBag"}
{"timestamp":"2026-01-20T13:11:44.014415","level":"info","event":"Filling up the DagBag from /home/airflow/.local/lib/python3.12/site-packages/airflow/example_dags/example_simplest_dag.py","logger":"airflow.models.dagbag.DagBag"}
{"timestamp":"2026-01-20T13:12:47.321050","level":"info","event":"Filling up the DagBag from /home/airflow/.local/lib/python3.12/site-packages/airflow/example_dags/example_simplest_dag.py","logger":"airflow.models.dagbag.DagBag"}
{"timestamp":"2026-01-20T13:15:10.846508","level":"info","event":"Filling up the DagBag from /home/airflow/.local/lib/python3.12/site-packages/airflow/example_dags/example_simplest_dag.py","logger":"airflow.models.dagbag.DagBag"}
{"timestamp":"2026-01-20T13:17:55.568530Z","level":"critical","event":"Process terminated by signal. For more information, see https://airflow.apache.org/docs/apache-airflow/stable/troubleshooting.html#TaskRunner-killed","signal":-9,"signal_name":"SIGKILL","logger":"processor"}
{"timestamp":"2026-01-20T13:18:26.659089","level":"info","event":"Filling up the DagBag from /home/airflow/.local/lib/python3.12/site-packages/airflow/example_dags/example_simplest_dag.py","logger":"airflow.models.dagbag.DagBag"}
{"timestamp":"2026-01-20T13:19:06.725505","level":"info","event":"Filling up the DagBag from /home/airflow/.local/lib/python3.12/site-packages/airflow/example_dags/example_simplest_dag.py","logger":"airflow.models.dagbag.DagBag"}
{"timestamp":"2026-01-20T13:19:37.876765","level":"info","event":"Filling up the DagBag from /home/airflow/.local/lib/python3.12/site-packages/airflow/example_dags/example_simplest_dag.py","logger":"airflow.models.dagbag.DagBag"}
{"timestamp":"2026-01-20T13:23:47.110658","level":"info","event":"Filling up the DagBag from /home/airflow/.local/lib/python3.12/site-packages/airflow/example_dags/example_simplest_dag.py","logger":"airflow.models.dagbag.DagBag"}
{"timestamp":"2026-01-20T13:24:38.756972","level":"info","event":"Filling up the DagBag from /home/airflow/.local/lib/python3.12/site-packages/airflow/example_dags/example_simplest_dag.py","logger":"airflow.models.dagbag.DagBag"}
{"timestamp":"2026-01-20T13:25:09.012665","level":"info","event":"Filling up the DagBag from /home/airflow/.local/lib/python3.12/site-packages/airflow/example_dags/example_simplest_dag.py","logger":"airflow.models.dagbag.DagBag"}
{"timestamp":"2026-01-20T13:26:21.360369","level":"info","event":"Filling up the DagBag from /home/airflow/.local/lib/python3.12/site-packages/airflow/example_dags/example_simplest_dag.py","logger":"airflow.models.dagbag.DagBag"}
{"timestamp":"2026-01-20T13:28:23.218446","level":"info","event":"Filling up the DagBag from /home/airflow/.local/lib/python3.12/site-packages/airflow/example_dags/example_simplest_dag.py","logger":"airflow.models.dagbag.DagBag"}
{"timestamp":"2026-01-20T13:30:26.631334","level":"info","event":"Filling up the DagBag from /home/airflow/.local/lib/python3.12/site-packages/airflow/example_dags/example_simplest_dag.py","logger":"airflow.models.dagbag.DagBag"}
{"timestamp":"2026-01-20T13:31:25.834139","level":"info","event":"Filling up the DagBag from /home/airflow/.local/lib/python3.12/site-packages/airflow/example_dags/example_simplest_dag.py","logger":"airflow.models.dagbag.DagBag"}
{"timestamp":"2026-01-20T13:32:50.837104","level":"info","event":"Filling up the DagBag from /home/airflow/.local/lib/python3.12/site-packages/airflow/example_dags/example_simplest_dag.py","logger":"airflow.models.dagbag.DagBag"}
{"timestamp":"2026-01-20T13:33:21.115265","level":"info","event":"Filling up the DagBag from /home/airflow/.local/lib/python3.12/site-packages/airflow/example_dags/example_simplest_dag.py","logger":"airflow.models.dagbag.DagBag"}
{"timestamp":"2026-01-20T13:33:51.494388","level":"info","event":"Filling up the DagBag from /home/airflow/.local/lib/python3.12/site-packages/airflow/example_dags/example_simplest_dag.py","logger":"airflow.models.dagbag.DagBag"}
{"timestamp":"2026-01-20T13:35:04.359837","level":"info","event":"Filling up the DagBag from /home/airflow/.local/lib/python3.12/site-packages/airflow/example_dags/example_simplest_dag.py","logger":"airflow.models.dagbag.DagBag"}
{"timestamp":"2026-01-20T13:37:10.349277","level":"info","event":"Filling up the DagBag from /home/airflow/.local/lib/python3.12/site-packages/airflow/example_dags/example_simplest_dag.py","logger":"airflow.models.dagbag.DagBag"}
{"timestamp":"2026-01-20T13:37:41.523908","level":"info","event":"Filling up the DagBag from /home/airflow/.local/lib/python3.12/site-packages/airflow/example_dags/example_simplest_dag.py","logger":"airflow.models.dagbag.DagBag"}
{"timestamp":"2026-01-20T13:40:26.199888","level":"info","event":"Filling up the DagBag from /home/airflow/.local/lib/python3.12/site-packages/airflow/example_dags/example_simplest_dag.py","logger":"airflow.models.dagbag.DagBag"}
{"timestamp":"2026-01-20T13:41:55.599061","level":"info","event":"Filling up the DagBag from /home/airflow/.local/lib/python3.12/site-packages/airflow/example_dags/example_simplest_dag.py","logger":"airflow.models.dagbag.DagBag"}
{"timestamp":"2026-01-20T13:42:26.231186","level":"info","event":"Filling up the DagBag from /home/airflow/.local/lib/python3.12/site-packages/airflow/example_dags/example_simplest_dag.py","logger":"airflow.models.dagbag.DagBag"}
{"timestamp":"2026-01-20T13:42:56.608881","level":"info","event":"Filling up the DagBag from /home/airflow/.local/lib/python3.12/site-packages/airflow/example_dags/example_simplest_dag.py","logger":"airflow.models.dagbag.DagBag"}
{"timestamp":"2026-01-20T13:43:55.048810","level":"info","event":"Filling up the DagBag from /home/airflow/.local/lib/python3.12/site-packages/airflow/example_dags/example_simplest_dag.py","logger":"airflow.models.dagbag.DagBag"}
