{"timestamp":"2026-01-20T01:03:51.257859","level":"info","event":"Filling up the DagBag from /home/airflow/.local/lib/python3.12/site-packages/airflow/example_dags/example_asset_alias_with_no_taskflow.py","logger":"airflow.models.dagbag.DagBag"}
{"timestamp":"2026-01-20T01:04:21.530858","level":"info","event":"Filling up the DagBag from /home/airflow/.local/lib/python3.12/site-packages/airflow/example_dags/example_asset_alias_with_no_taskflow.py","logger":"airflow.models.dagbag.DagBag"}
{"timestamp":"2026-01-20T11:16:08.267713","level":"info","event":"Filling up the DagBag from /home/airflow/.local/lib/python3.12/site-packages/airflow/example_dags/example_asset_alias_with_no_taskflow.py","logger":"airflow.models.dagbag.DagBag"}
{"timestamp":"2026-01-20T11:16:44.101232","level":"info","event":"Filling up the DagBag from /home/airflow/.local/lib/python3.12/site-packages/airflow/example_dags/example_asset_alias_with_no_taskflow.py","logger":"airflow.models.dagbag.DagBag"}
{"timestamp":"2026-01-20T11:17:15.401030","level":"info","event":"Filling up the DagBag from /home/airflow/.local/lib/python3.12/site-packages/airflow/example_dags/example_asset_alias_with_no_taskflow.py","logger":"airflow.models.dagbag.DagBag"}
{"timestamp":"2026-01-20T11:17:45.956495","level":"info","event":"Filling up the DagBag from /home/airflow/.local/lib/python3.12/site-packages/airflow/example_dags/example_asset_alias_with_no_taskflow.py","logger":"airflow.models.dagbag.DagBag"}
{"timestamp":"2026-01-20T11:18:16.974571","level":"info","event":"Filling up the DagBag from /home/airflow/.local/lib/python3.12/site-packages/airflow/example_dags/example_asset_alias_with_no_taskflow.py","logger":"airflow.models.dagbag.DagBag"}
{"timestamp":"2026-01-20T11:18:47.575325","level":"info","event":"Filling up the DagBag from /home/airflow/.local/lib/python3.12/site-packages/airflow/example_dags/example_asset_alias_with_no_taskflow.py","logger":"airflow.models.dagbag.DagBag"}
{"timestamp":"2026-01-20T11:19:18.555420","level":"info","event":"Filling up the DagBag from /home/airflow/.local/lib/python3.12/site-packages/airflow/example_dags/example_asset_alias_with_no_taskflow.py","logger":"airflow.models.dagbag.DagBag"}
{"timestamp":"2026-01-20T11:19:48.907977","level":"info","event":"Filling up the DagBag from /home/airflow/.local/lib/python3.12/site-packages/airflow/example_dags/example_asset_alias_with_no_taskflow.py","logger":"airflow.models.dagbag.DagBag"}
{"timestamp":"2026-01-20T11:20:19.371588","level":"info","event":"Filling up the DagBag from /home/airflow/.local/lib/python3.12/site-packages/airflow/example_dags/example_asset_alias_with_no_taskflow.py","logger":"airflow.models.dagbag.DagBag"}
{"timestamp":"2026-01-20T11:20:49.755764","level":"info","event":"Filling up the DagBag from /home/airflow/.local/lib/python3.12/site-packages/airflow/example_dags/example_asset_alias_with_no_taskflow.py","logger":"airflow.models.dagbag.DagBag"}
{"timestamp":"2026-01-20T11:21:20.329349","level":"info","event":"Filling up the DagBag from /home/airflow/.local/lib/python3.12/site-packages/airflow/example_dags/example_asset_alias_with_no_taskflow.py","logger":"airflow.models.dagbag.DagBag"}
{"timestamp":"2026-01-20T11:21:50.904300","level":"info","event":"Filling up the DagBag from /home/airflow/.local/lib/python3.12/site-packages/airflow/example_dags/example_asset_alias_with_no_taskflow.py","logger":"airflow.models.dagbag.DagBag"}
{"timestamp":"2026-01-20T11:22:22.091921","level":"info","event":"Filling up the DagBag from /home/airflow/.local/lib/python3.12/site-packages/airflow/example_dags/example_asset_alias_with_no_taskflow.py","logger":"airflow.models.dagbag.DagBag"}
{"timestamp":"2026-01-20T11:22:52.595917","level":"info","event":"Filling up the DagBag from /home/airflow/.local/lib/python3.12/site-packages/airflow/example_dags/example_asset_alias_with_no_taskflow.py","logger":"airflow.models.dagbag.DagBag"}
{"timestamp":"2026-01-20T11:23:23.188305","level":"info","event":"Filling up the DagBag from /home/airflow/.local/lib/python3.12/site-packages/airflow/example_dags/example_asset_alias_with_no_taskflow.py","logger":"airflow.models.dagbag.DagBag"}
{"timestamp":"2026-01-20T11:23:54.408296","level":"info","event":"Filling up the DagBag from /home/airflow/.local/lib/python3.12/site-packages/airflow/example_dags/example_asset_alias_with_no_taskflow.py","logger":"airflow.models.dagbag.DagBag"}
{"timestamp":"2026-01-20T11:24:25.432647","level":"info","event":"Filling up the DagBag from /home/airflow/.local/lib/python3.12/site-packages/airflow/example_dags/example_asset_alias_with_no_taskflow.py","logger":"airflow.models.dagbag.DagBag"}
{"timestamp":"2026-01-20T11:24:56.511990","level":"info","event":"Filling up the DagBag from /home/airflow/.local/lib/python3.12/site-packages/airflow/example_dags/example_asset_alias_with_no_taskflow.py","logger":"airflow.models.dagbag.DagBag"}
{"timestamp":"2026-01-20T11:25:27.248811","level":"info","event":"Filling up the DagBag from /home/airflow/.local/lib/python3.12/site-packages/airflow/example_dags/example_asset_alias_with_no_taskflow.py","logger":"airflow.models.dagbag.DagBag"}
{"timestamp":"2026-01-20T11:25:57.505929","level":"info","event":"Filling up the DagBag from /home/airflow/.local/lib/python3.12/site-packages/airflow/example_dags/example_asset_alias_with_no_taskflow.py","logger":"airflow.models.dagbag.DagBag"}
{"timestamp":"2026-01-20T11:26:28.393184","level":"info","event":"Filling up the DagBag from /home/airflow/.local/lib/python3.12/site-packages/airflow/example_dags/example_asset_alias_with_no_taskflow.py","logger":"airflow.models.dagbag.DagBag"}
{"timestamp":"2026-01-20T11:26:59.178045","level":"info","event":"Filling up the DagBag from /home/airflow/.local/lib/python3.12/site-packages/airflow/example_dags/example_asset_alias_with_no_taskflow.py","logger":"airflow.models.dagbag.DagBag"}
{"timestamp":"2026-01-20T11:27:30.066067","level":"info","event":"Filling up the DagBag from /home/airflow/.local/lib/python3.12/site-packages/airflow/example_dags/example_asset_alias_with_no_taskflow.py","logger":"airflow.models.dagbag.DagBag"}
{"timestamp":"2026-01-20T11:28:00.421104","level":"info","event":"Filling up the DagBag from /home/airflow/.local/lib/python3.12/site-packages/airflow/example_dags/example_asset_alias_with_no_taskflow.py","logger":"airflow.models.dagbag.DagBag"}
{"timestamp":"2026-01-20T11:28:30.896392","level":"info","event":"Filling up the DagBag from /home/airflow/.local/lib/python3.12/site-packages/airflow/example_dags/example_asset_alias_with_no_taskflow.py","logger":"airflow.models.dagbag.DagBag"}
{"timestamp":"2026-01-20T11:29:01.985387","level":"info","event":"Filling up the DagBag from /home/airflow/.local/lib/python3.12/site-packages/airflow/example_dags/example_asset_alias_with_no_taskflow.py","logger":"airflow.models.dagbag.DagBag"}
{"timestamp":"2026-01-20T11:29:32.294195","level":"info","event":"Filling up the DagBag from /home/airflow/.local/lib/python3.12/site-packages/airflow/example_dags/example_asset_alias_with_no_taskflow.py","logger":"airflow.models.dagbag.DagBag"}
{"timestamp":"2026-01-20T11:31:22.925928","level":"info","event":"Filling up the DagBag from /home/airflow/.local/lib/python3.12/site-packages/airflow/example_dags/example_asset_alias_with_no_taskflow.py","logger":"airflow.models.dagbag.DagBag"}
{"timestamp":"2026-01-20T11:32:31.257900","level":"info","event":"Filling up the DagBag from /home/airflow/.local/lib/python3.12/site-packages/airflow/example_dags/example_asset_alias_with_no_taskflow.py","logger":"airflow.models.dagbag.DagBag"}
{"timestamp":"2026-01-20T11:33:37.839672","level":"info","event":"Filling up the DagBag from /home/airflow/.local/lib/python3.12/site-packages/airflow/example_dags/example_asset_alias_with_no_taskflow.py","logger":"airflow.models.dagbag.DagBag"}
{"timestamp":"2026-01-20T11:34:39.665866","level":"info","event":"Filling up the DagBag from /home/airflow/.local/lib/python3.12/site-packages/airflow/example_dags/example_asset_alias_with_no_taskflow.py","logger":"airflow.models.dagbag.DagBag"}
{"timestamp":"2026-01-20T11:35:10.766922","level":"info","event":"Filling up the DagBag from /home/airflow/.local/lib/python3.12/site-packages/airflow/example_dags/example_asset_alias_with_no_taskflow.py","logger":"airflow.models.dagbag.DagBag"}
{"timestamp":"2026-01-20T11:36:42.924731","level":"info","event":"Filling up the DagBag from /home/airflow/.local/lib/python3.12/site-packages/airflow/example_dags/example_asset_alias_with_no_taskflow.py","logger":"airflow.models.dagbag.DagBag"}
{"timestamp":"2026-01-20T11:37:13.696371","level":"error","event":"Process timed out, PID: 65","logger":"airflow.utils.timeout.TimeoutPosix"}
{"timestamp":"2026-01-20T11:37:18.336747","level":"error","event":"Failed to import: /home/airflow/.local/lib/python3.12/site-packages/airflow/example_dags/example_asset_alias_with_no_taskflow.py","logger":"airflow.models.dagbag.DagBag","error_detail":[{"exc_type":"AirflowTaskTimeout","exc_value":"DagBag import timeout for /home/airflow/.local/lib/python3.12/site-packages/airflow/example_dags/example_asset_alias_with_no_taskflow.py after 30.0s.\nPlease take a look at these docs to improve your DAG import time:\n* https://airflow.apache.org/docs/apache-airflow/3.0.1/best-practices.html#top-level-python-code\n* https://airflow.apache.org/docs/apache-airflow/3.0.1/best-practices.html#reducing-dag-complexity, PID: 65","exc_notes":[],"syntax_error":null,"is_cause":false,"frames":[{"filename":"/home/airflow/.local/lib/python3.12/site-packages/airflow/models/dagbag.py","lineno":382,"name":"parse"},{"filename":"<frozen importlib._bootstrap_external>","lineno":999,"name":"exec_module"},{"filename":"<frozen importlib._bootstrap>","lineno":488,"name":"_call_with_frames_removed"},{"filename":"/home/airflow/.local/lib/python3.12/site-packages/airflow/example_dags/example_asset_alias_with_no_taskflow.py","lineno":54,"name":"<module>"},{"filename":"/home/airflow/.local/lib/python3.12/site-packages/airflow/sdk/definitions/asset/__init__.py","lineno":378,"name":"__init__"},{"filename":"<attrs generated methods airflow.sdk.definitions.asset.Asset>","lineno":19,"name":"__attrs_init__"},{"filename":"/home/airflow/.local/lib/python3.12/site-packages/airflow/sdk/definitions/asset/__init__.py","lineno":170,"name":"_sanitize_uri"},{"filename":"/home/airflow/.local/lib/python3.12/site-packages/airflow/sdk/definitions/asset/__init__.py","lineno":125,"name":"_get_uri_normalizer"},{"filename":"/home/airflow/.local/lib/python3.12/site-packages/airflow/providers_manager.py","lineno":1256,"name":"asset_uri_handlers"},{"filename":"/home/airflow/.local/lib/python3.12/site-packages/airflow/providers_manager.py","lineno":357,"name":"wrapped_function"},{"filename":"/home/airflow/.local/lib/python3.12/site-packages/airflow/providers_manager.py","lineno":504,"name":"initialize_providers_asset_uri_resources"},{"filename":"/home/airflow/.local/lib/python3.12/site-packages/airflow/providers_manager.py","lineno":832,"name":"_discover_asset_uri_resources"},{"filename":"/home/airflow/.local/lib/python3.12/site-packages/airflow/providers_manager.py","lineno":820,"name":"_safe_register_resource"},{"filename":"/home/airflow/.local/lib/python3.12/site-packages/airflow/providers_manager.py","lineno":306,"name":"_correctness_check"},{"filename":"/home/airflow/.local/lib/python3.12/site-packages/airflow/utils/module_loading.py","lineno":39,"name":"import_string"},{"filename":"/usr/local/lib/python3.12/importlib/__init__.py","lineno":90,"name":"import_module"},{"filename":"<frozen importlib._bootstrap>","lineno":1387,"name":"_gcd_import"},{"filename":"<frozen importlib._bootstrap>","lineno":1360,"name":"_find_and_load"},{"filename":"<frozen importlib._bootstrap>","lineno":1331,"name":"_find_and_load_unlocked"},{"filename":"<frozen importlib._bootstrap>","lineno":935,"name":"_load_unlocked"},{"filename":"<frozen importlib._bootstrap_external>","lineno":999,"name":"exec_module"},{"filename":"<frozen importlib._bootstrap>","lineno":488,"name":"_call_with_frames_removed"},{"filename":"/home/airflow/.local/lib/python3.12/site-packages/airflow/providers/google/assets/gcs.py","lineno":21,"name":"<module>"},{"filename":"/home/airflow/.local/lib/python3.12/site-packages/airflow/providers/google/cloud/hooks/gcs.py","lineno":37,"name":"<module>"},{"filename":"/home/airflow/.local/lib/python3.12/site-packages/gcloud/aio/storage/__init__.py","lineno":156,"name":"<module>"},{"filename":"/home/airflow/.local/lib/python3.12/site-packages/gcloud/aio/storage/blob.py","lineno":19,"name":"<module>"},{"filename":"/home/airflow/.local/lib/python3.12/site-packages/pyasn1/codec/der/decoder.py","lineno":9,"name":"<module>"},{"filename":"/home/airflow/.local/lib/python3.12/site-packages/pyasn1/codec/cer/decoder.py","lineno":10,"name":"<module>"},{"filename":"/home/airflow/.local/lib/python3.12/site-packages/pyasn1/codec/streaming.py","lineno":11,"name":"<module>"},{"filename":"/home/airflow/.local/lib/python3.12/site-packages/pyasn1/type/univ.py","lineno":15,"name":"<module>"},{"filename":"<frozen importlib._bootstrap>","lineno":1360,"name":"_find_and_load"},{"filename":"<frozen importlib._bootstrap>","lineno":1331,"name":"_find_and_load_unlocked"},{"filename":"<frozen importlib._bootstrap>","lineno":935,"name":"_load_unlocked"},{"filename":"<frozen importlib._bootstrap_external>","lineno":995,"name":"exec_module"},{"filename":"<frozen importlib._bootstrap_external>","lineno":1091,"name":"get_code"},{"filename":"<frozen importlib._bootstrap_external>","lineno":1190,"name":"get_data"},{"filename":"/home/airflow/.local/lib/python3.12/site-packages/airflow/utils/timeout.py","lineno":69,"name":"handle_timeout"}]}]}
{"timestamp":"2026-01-20T11:37:58.917541","level":"info","event":"Filling up the DagBag from /home/airflow/.local/lib/python3.12/site-packages/airflow/example_dags/example_asset_alias_with_no_taskflow.py","logger":"airflow.models.dagbag.DagBag"}
{"timestamp":"2026-01-20T11:38:29.357797","level":"info","event":"Filling up the DagBag from /home/airflow/.local/lib/python3.12/site-packages/airflow/example_dags/example_asset_alias_with_no_taskflow.py","logger":"airflow.models.dagbag.DagBag"}
{"timestamp":"2026-01-20T11:38:59.871312","level":"info","event":"Filling up the DagBag from /home/airflow/.local/lib/python3.12/site-packages/airflow/example_dags/example_asset_alias_with_no_taskflow.py","logger":"airflow.models.dagbag.DagBag"}
{"timestamp":"2026-01-20T11:39:30.653204","level":"info","event":"Filling up the DagBag from /home/airflow/.local/lib/python3.12/site-packages/airflow/example_dags/example_asset_alias_with_no_taskflow.py","logger":"airflow.models.dagbag.DagBag"}
{"timestamp":"2026-01-20T11:40:01.587436","level":"info","event":"Filling up the DagBag from /home/airflow/.local/lib/python3.12/site-packages/airflow/example_dags/example_asset_alias_with_no_taskflow.py","logger":"airflow.models.dagbag.DagBag"}
{"timestamp":"2026-01-20T11:40:32.481490","level":"info","event":"Filling up the DagBag from /home/airflow/.local/lib/python3.12/site-packages/airflow/example_dags/example_asset_alias_with_no_taskflow.py","logger":"airflow.models.dagbag.DagBag"}
{"timestamp":"2026-01-20T11:41:02.999857","level":"info","event":"Filling up the DagBag from /home/airflow/.local/lib/python3.12/site-packages/airflow/example_dags/example_asset_alias_with_no_taskflow.py","logger":"airflow.models.dagbag.DagBag"}
{"timestamp":"2026-01-20T11:41:33.532114","level":"info","event":"Filling up the DagBag from /home/airflow/.local/lib/python3.12/site-packages/airflow/example_dags/example_asset_alias_with_no_taskflow.py","logger":"airflow.models.dagbag.DagBag"}
{"timestamp":"2026-01-20T11:42:04.300422","level":"info","event":"Filling up the DagBag from /home/airflow/.local/lib/python3.12/site-packages/airflow/example_dags/example_asset_alias_with_no_taskflow.py","logger":"airflow.models.dagbag.DagBag"}
{"timestamp":"2026-01-20T11:42:34.845415","level":"info","event":"Filling up the DagBag from /home/airflow/.local/lib/python3.12/site-packages/airflow/example_dags/example_asset_alias_with_no_taskflow.py","logger":"airflow.models.dagbag.DagBag"}
{"timestamp":"2026-01-20T11:43:05.316087","level":"info","event":"Filling up the DagBag from /home/airflow/.local/lib/python3.12/site-packages/airflow/example_dags/example_asset_alias_with_no_taskflow.py","logger":"airflow.models.dagbag.DagBag"}
{"timestamp":"2026-01-20T11:43:36.548427","level":"info","event":"Filling up the DagBag from /home/airflow/.local/lib/python3.12/site-packages/airflow/example_dags/example_asset_alias_with_no_taskflow.py","logger":"airflow.models.dagbag.DagBag"}
{"timestamp":"2026-01-20T11:44:13.057884","level":"info","event":"Filling up the DagBag from /home/airflow/.local/lib/python3.12/site-packages/airflow/example_dags/example_asset_alias_with_no_taskflow.py","logger":"airflow.models.dagbag.DagBag"}
{"timestamp":"2026-01-20T11:44:44.169382","level":"info","event":"Filling up the DagBag from /home/airflow/.local/lib/python3.12/site-packages/airflow/example_dags/example_asset_alias_with_no_taskflow.py","logger":"airflow.models.dagbag.DagBag"}
{"timestamp":"2026-01-20T11:45:15.061154","level":"info","event":"Filling up the DagBag from /home/airflow/.local/lib/python3.12/site-packages/airflow/example_dags/example_asset_alias_with_no_taskflow.py","logger":"airflow.models.dagbag.DagBag"}
{"timestamp":"2026-01-20T11:45:45.609773","level":"info","event":"Filling up the DagBag from /home/airflow/.local/lib/python3.12/site-packages/airflow/example_dags/example_asset_alias_with_no_taskflow.py","logger":"airflow.models.dagbag.DagBag"}
{"timestamp":"2026-01-20T11:46:16.310729","level":"info","event":"Filling up the DagBag from /home/airflow/.local/lib/python3.12/site-packages/airflow/example_dags/example_asset_alias_with_no_taskflow.py","logger":"airflow.models.dagbag.DagBag"}
{"timestamp":"2026-01-20T11:46:46.756085","level":"info","event":"Filling up the DagBag from /home/airflow/.local/lib/python3.12/site-packages/airflow/example_dags/example_asset_alias_with_no_taskflow.py","logger":"airflow.models.dagbag.DagBag"}
{"timestamp":"2026-01-20T11:47:39.631988","level":"info","event":"Filling up the DagBag from /home/airflow/.local/lib/python3.12/site-packages/airflow/example_dags/example_asset_alias_with_no_taskflow.py","logger":"airflow.models.dagbag.DagBag"}
{"timestamp":"2026-01-20T11:48:10.023672","level":"info","event":"Filling up the DagBag from /home/airflow/.local/lib/python3.12/site-packages/airflow/example_dags/example_asset_alias_with_no_taskflow.py","logger":"airflow.models.dagbag.DagBag"}
{"timestamp":"2026-01-20T11:48:40.299564","level":"info","event":"Filling up the DagBag from /home/airflow/.local/lib/python3.12/site-packages/airflow/example_dags/example_asset_alias_with_no_taskflow.py","logger":"airflow.models.dagbag.DagBag"}
{"timestamp":"2026-01-20T11:49:11.361549","level":"info","event":"Filling up the DagBag from /home/airflow/.local/lib/python3.12/site-packages/airflow/example_dags/example_asset_alias_with_no_taskflow.py","logger":"airflow.models.dagbag.DagBag"}
{"timestamp":"2026-01-20T11:49:41.738890","level":"info","event":"Filling up the DagBag from /home/airflow/.local/lib/python3.12/site-packages/airflow/example_dags/example_asset_alias_with_no_taskflow.py","logger":"airflow.models.dagbag.DagBag"}
{"timestamp":"2026-01-20T11:50:12.289326","level":"info","event":"Filling up the DagBag from /home/airflow/.local/lib/python3.12/site-packages/airflow/example_dags/example_asset_alias_with_no_taskflow.py","logger":"airflow.models.dagbag.DagBag"}
{"timestamp":"2026-01-20T11:50:42.901961","level":"info","event":"Filling up the DagBag from /home/airflow/.local/lib/python3.12/site-packages/airflow/example_dags/example_asset_alias_with_no_taskflow.py","logger":"airflow.models.dagbag.DagBag"}
{"timestamp":"2026-01-20T11:59:50.246006","level":"info","event":"Filling up the DagBag from /home/airflow/.local/lib/python3.12/site-packages/airflow/example_dags/example_asset_alias_with_no_taskflow.py","logger":"airflow.models.dagbag.DagBag"}
{"timestamp":"2026-01-20T12:00:21.324434","level":"info","event":"Filling up the DagBag from /home/airflow/.local/lib/python3.12/site-packages/airflow/example_dags/example_asset_alias_with_no_taskflow.py","logger":"airflow.models.dagbag.DagBag"}
{"timestamp":"2026-01-20T12:00:52.041023","level":"info","event":"Filling up the DagBag from /home/airflow/.local/lib/python3.12/site-packages/airflow/example_dags/example_asset_alias_with_no_taskflow.py","logger":"airflow.models.dagbag.DagBag"}
{"timestamp":"2026-01-20T12:01:22.687331","level":"info","event":"Filling up the DagBag from /home/airflow/.local/lib/python3.12/site-packages/airflow/example_dags/example_asset_alias_with_no_taskflow.py","logger":"airflow.models.dagbag.DagBag"}
{"timestamp":"2026-01-20T12:01:53.869353","level":"info","event":"Filling up the DagBag from /home/airflow/.local/lib/python3.12/site-packages/airflow/example_dags/example_asset_alias_with_no_taskflow.py","logger":"airflow.models.dagbag.DagBag"}
{"timestamp":"2026-01-20T12:04:06.130052","level":"info","event":"Filling up the DagBag from /home/airflow/.local/lib/python3.12/site-packages/airflow/example_dags/example_asset_alias_with_no_taskflow.py","logger":"airflow.models.dagbag.DagBag"}
{"timestamp":"2026-01-20T12:04:37.718681","level":"info","event":"Filling up the DagBag from /home/airflow/.local/lib/python3.12/site-packages/airflow/example_dags/example_asset_alias_with_no_taskflow.py","logger":"airflow.models.dagbag.DagBag"}
{"timestamp":"2026-01-20T12:05:29.445322","level":"info","event":"Filling up the DagBag from /home/airflow/.local/lib/python3.12/site-packages/airflow/example_dags/example_asset_alias_with_no_taskflow.py","logger":"airflow.models.dagbag.DagBag"}
{"timestamp":"2026-01-20T12:06:09.767538","level":"info","event":"Filling up the DagBag from /home/airflow/.local/lib/python3.12/site-packages/airflow/example_dags/example_asset_alias_with_no_taskflow.py","logger":"airflow.models.dagbag.DagBag"}
{"timestamp":"2026-01-20T12:06:40.464273","level":"info","event":"Filling up the DagBag from /home/airflow/.local/lib/python3.12/site-packages/airflow/example_dags/example_asset_alias_with_no_taskflow.py","logger":"airflow.models.dagbag.DagBag"}
{"timestamp":"2026-01-20T12:07:10.988494","level":"info","event":"Filling up the DagBag from /home/airflow/.local/lib/python3.12/site-packages/airflow/example_dags/example_asset_alias_with_no_taskflow.py","logger":"airflow.models.dagbag.DagBag"}
{"timestamp":"2026-01-20T12:07:41.307851","level":"info","event":"Filling up the DagBag from /home/airflow/.local/lib/python3.12/site-packages/airflow/example_dags/example_asset_alias_with_no_taskflow.py","logger":"airflow.models.dagbag.DagBag"}
{"timestamp":"2026-01-20T12:08:12.865422","level":"info","event":"Filling up the DagBag from /home/airflow/.local/lib/python3.12/site-packages/airflow/example_dags/example_asset_alias_with_no_taskflow.py","logger":"airflow.models.dagbag.DagBag"}
{"timestamp":"2026-01-20T12:08:50.005920Z","level":"critical","event":"Process terminated by signal. For more information, see https://airflow.apache.org/docs/apache-airflow/stable/troubleshooting.html#TaskRunner-killed","signal":-9,"signal_name":"SIGKILL","logger":"processor"}
{"timestamp":"2026-01-20T12:09:20.281361","level":"info","event":"Filling up the DagBag from /home/airflow/.local/lib/python3.12/site-packages/airflow/example_dags/example_asset_alias_with_no_taskflow.py","logger":"airflow.models.dagbag.DagBag"}
{"timestamp":"2026-01-20T12:09:50.900073","level":"info","event":"Filling up the DagBag from /home/airflow/.local/lib/python3.12/site-packages/airflow/example_dags/example_asset_alias_with_no_taskflow.py","logger":"airflow.models.dagbag.DagBag"}
{"timestamp":"2026-01-20T12:10:21.571663","level":"info","event":"Filling up the DagBag from /home/airflow/.local/lib/python3.12/site-packages/airflow/example_dags/example_asset_alias_with_no_taskflow.py","logger":"airflow.models.dagbag.DagBag"}
{"timestamp":"2026-01-20T12:10:52.220056","level":"info","event":"Filling up the DagBag from /home/airflow/.local/lib/python3.12/site-packages/airflow/example_dags/example_asset_alias_with_no_taskflow.py","logger":"airflow.models.dagbag.DagBag"}
{"timestamp":"2026-01-20T12:11:22.891420","level":"info","event":"Filling up the DagBag from /home/airflow/.local/lib/python3.12/site-packages/airflow/example_dags/example_asset_alias_with_no_taskflow.py","logger":"airflow.models.dagbag.DagBag"}
{"timestamp":"2026-01-20T12:11:56.028409","level":"info","event":"Filling up the DagBag from /home/airflow/.local/lib/python3.12/site-packages/airflow/example_dags/example_asset_alias_with_no_taskflow.py","logger":"airflow.models.dagbag.DagBag"}
{"timestamp":"2026-01-20T12:12:53.710371","level":"info","event":"Filling up the DagBag from /home/airflow/.local/lib/python3.12/site-packages/airflow/example_dags/example_asset_alias_with_no_taskflow.py","logger":"airflow.models.dagbag.DagBag"}
{"timestamp":"2026-01-20T12:13:25.245218","level":"info","event":"Filling up the DagBag from /home/airflow/.local/lib/python3.12/site-packages/airflow/example_dags/example_asset_alias_with_no_taskflow.py","logger":"airflow.models.dagbag.DagBag"}
{"timestamp":"2026-01-20T12:14:00.486954","level":"info","event":"Filling up the DagBag from /home/airflow/.local/lib/python3.12/site-packages/airflow/example_dags/example_asset_alias_with_no_taskflow.py","logger":"airflow.models.dagbag.DagBag"}
{"timestamp":"2026-01-20T12:14:30.880964","level":"info","event":"Filling up the DagBag from /home/airflow/.local/lib/python3.12/site-packages/airflow/example_dags/example_asset_alias_with_no_taskflow.py","logger":"airflow.models.dagbag.DagBag"}
{"timestamp":"2026-01-20T12:15:46.758983","level":"info","event":"Filling up the DagBag from /home/airflow/.local/lib/python3.12/site-packages/airflow/example_dags/example_asset_alias_with_no_taskflow.py","logger":"airflow.models.dagbag.DagBag"}
{"timestamp":"2026-01-20T12:16:55.105654","level":"info","event":"Filling up the DagBag from /home/airflow/.local/lib/python3.12/site-packages/airflow/example_dags/example_asset_alias_with_no_taskflow.py","logger":"airflow.models.dagbag.DagBag"}
{"timestamp":"2026-01-20T12:17:25.394977","level":"info","event":"Filling up the DagBag from /home/airflow/.local/lib/python3.12/site-packages/airflow/example_dags/example_asset_alias_with_no_taskflow.py","logger":"airflow.models.dagbag.DagBag"}
{"timestamp":"2026-01-20T12:17:56.413318","level":"info","event":"Filling up the DagBag from /home/airflow/.local/lib/python3.12/site-packages/airflow/example_dags/example_asset_alias_with_no_taskflow.py","logger":"airflow.models.dagbag.DagBag"}
{"timestamp":"2026-01-20T12:18:26.804248","level":"info","event":"Filling up the DagBag from /home/airflow/.local/lib/python3.12/site-packages/airflow/example_dags/example_asset_alias_with_no_taskflow.py","logger":"airflow.models.dagbag.DagBag"}
{"timestamp":"2026-01-20T12:18:57.622846","level":"info","event":"Filling up the DagBag from /home/airflow/.local/lib/python3.12/site-packages/airflow/example_dags/example_asset_alias_with_no_taskflow.py","logger":"airflow.models.dagbag.DagBag"}
{"timestamp":"2026-01-20T12:19:28.833874","level":"info","event":"Filling up the DagBag from /home/airflow/.local/lib/python3.12/site-packages/airflow/example_dags/example_asset_alias_with_no_taskflow.py","logger":"airflow.models.dagbag.DagBag"}
{"timestamp":"2026-01-20T12:19:59.185996","level":"info","event":"Filling up the DagBag from /home/airflow/.local/lib/python3.12/site-packages/airflow/example_dags/example_asset_alias_with_no_taskflow.py","logger":"airflow.models.dagbag.DagBag"}
{"timestamp":"2026-01-20T12:20:30.102673","level":"info","event":"Filling up the DagBag from /home/airflow/.local/lib/python3.12/site-packages/airflow/example_dags/example_asset_alias_with_no_taskflow.py","logger":"airflow.models.dagbag.DagBag"}
{"timestamp":"2026-01-20T12:21:00.866872","level":"info","event":"Filling up the DagBag from /home/airflow/.local/lib/python3.12/site-packages/airflow/example_dags/example_asset_alias_with_no_taskflow.py","logger":"airflow.models.dagbag.DagBag"}
{"timestamp":"2026-01-20T12:21:32.148661","level":"info","event":"Filling up the DagBag from /home/airflow/.local/lib/python3.12/site-packages/airflow/example_dags/example_asset_alias_with_no_taskflow.py","logger":"airflow.models.dagbag.DagBag"}
{"timestamp":"2026-01-20T12:22:02.741755","level":"info","event":"Filling up the DagBag from /home/airflow/.local/lib/python3.12/site-packages/airflow/example_dags/example_asset_alias_with_no_taskflow.py","logger":"airflow.models.dagbag.DagBag"}
{"timestamp":"2026-01-20T12:22:33.490951","level":"info","event":"Filling up the DagBag from /home/airflow/.local/lib/python3.12/site-packages/airflow/example_dags/example_asset_alias_with_no_taskflow.py","logger":"airflow.models.dagbag.DagBag"}
{"timestamp":"2026-01-20T12:23:30.557924","level":"info","event":"Filling up the DagBag from /home/airflow/.local/lib/python3.12/site-packages/airflow/example_dags/example_asset_alias_with_no_taskflow.py","logger":"airflow.models.dagbag.DagBag"}
{"timestamp":"2026-01-20T12:24:01.617634","level":"info","event":"Filling up the DagBag from /home/airflow/.local/lib/python3.12/site-packages/airflow/example_dags/example_asset_alias_with_no_taskflow.py","logger":"airflow.models.dagbag.DagBag"}
{"timestamp":"2026-01-20T12:24:32.058874","level":"info","event":"Filling up the DagBag from /home/airflow/.local/lib/python3.12/site-packages/airflow/example_dags/example_asset_alias_with_no_taskflow.py","logger":"airflow.models.dagbag.DagBag"}
{"timestamp":"2026-01-20T12:25:02.731688","level":"info","event":"Filling up the DagBag from /home/airflow/.local/lib/python3.12/site-packages/airflow/example_dags/example_asset_alias_with_no_taskflow.py","logger":"airflow.models.dagbag.DagBag"}
{"timestamp":"2026-01-20T12:25:34.277841","level":"info","event":"Filling up the DagBag from /home/airflow/.local/lib/python3.12/site-packages/airflow/example_dags/example_asset_alias_with_no_taskflow.py","logger":"airflow.models.dagbag.DagBag"}
{"timestamp":"2026-01-20T12:26:14.345673","level":"info","event":"Filling up the DagBag from /home/airflow/.local/lib/python3.12/site-packages/airflow/example_dags/example_asset_alias_with_no_taskflow.py","logger":"airflow.models.dagbag.DagBag"}
{"timestamp":"2026-01-20T12:26:45.666304","level":"info","event":"Filling up the DagBag from /home/airflow/.local/lib/python3.12/site-packages/airflow/example_dags/example_asset_alias_with_no_taskflow.py","logger":"airflow.models.dagbag.DagBag"}
{"timestamp":"2026-01-20T12:27:16.770732","level":"info","event":"Filling up the DagBag from /home/airflow/.local/lib/python3.12/site-packages/airflow/example_dags/example_asset_alias_with_no_taskflow.py","logger":"airflow.models.dagbag.DagBag"}
{"timestamp":"2026-01-20T12:27:47.257385","level":"info","event":"Filling up the DagBag from /home/airflow/.local/lib/python3.12/site-packages/airflow/example_dags/example_asset_alias_with_no_taskflow.py","logger":"airflow.models.dagbag.DagBag"}
{"timestamp":"2026-01-20T12:28:20.206234","level":"info","event":"Filling up the DagBag from /home/airflow/.local/lib/python3.12/site-packages/airflow/example_dags/example_asset_alias_with_no_taskflow.py","logger":"airflow.models.dagbag.DagBag"}
{"timestamp":"2026-01-20T12:28:50.526135","level":"info","event":"Filling up the DagBag from /home/airflow/.local/lib/python3.12/site-packages/airflow/example_dags/example_asset_alias_with_no_taskflow.py","logger":"airflow.models.dagbag.DagBag"}
{"timestamp":"2026-01-20T12:29:21.848990","level":"info","event":"Filling up the DagBag from /home/airflow/.local/lib/python3.12/site-packages/airflow/example_dags/example_asset_alias_with_no_taskflow.py","logger":"airflow.models.dagbag.DagBag"}
{"timestamp":"2026-01-20T12:29:52.881072","level":"info","event":"Filling up the DagBag from /home/airflow/.local/lib/python3.12/site-packages/airflow/example_dags/example_asset_alias_with_no_taskflow.py","logger":"airflow.models.dagbag.DagBag"}
{"timestamp":"2026-01-20T12:30:23.524211","level":"info","event":"Filling up the DagBag from /home/airflow/.local/lib/python3.12/site-packages/airflow/example_dags/example_asset_alias_with_no_taskflow.py","logger":"airflow.models.dagbag.DagBag"}
{"timestamp":"2026-01-20T12:30:55.225186","level":"info","event":"Filling up the DagBag from /home/airflow/.local/lib/python3.12/site-packages/airflow/example_dags/example_asset_alias_with_no_taskflow.py","logger":"airflow.models.dagbag.DagBag"}
{"timestamp":"2026-01-20T12:31:25.877727","level":"info","event":"Filling up the DagBag from /home/airflow/.local/lib/python3.12/site-packages/airflow/example_dags/example_asset_alias_with_no_taskflow.py","logger":"airflow.models.dagbag.DagBag"}
{"timestamp":"2026-01-20T12:31:58.365309","level":"info","event":"Filling up the DagBag from /home/airflow/.local/lib/python3.12/site-packages/airflow/example_dags/example_asset_alias_with_no_taskflow.py","logger":"airflow.models.dagbag.DagBag"}
{"timestamp":"2026-01-20T12:32:29.149255","level":"info","event":"Filling up the DagBag from /home/airflow/.local/lib/python3.12/site-packages/airflow/example_dags/example_asset_alias_with_no_taskflow.py","logger":"airflow.models.dagbag.DagBag"}
{"timestamp":"2026-01-20T12:33:00.060091","level":"info","event":"Filling up the DagBag from /home/airflow/.local/lib/python3.12/site-packages/airflow/example_dags/example_asset_alias_with_no_taskflow.py","logger":"airflow.models.dagbag.DagBag"}
{"timestamp":"2026-01-20T12:33:30.725827","level":"info","event":"Filling up the DagBag from /home/airflow/.local/lib/python3.12/site-packages/airflow/example_dags/example_asset_alias_with_no_taskflow.py","logger":"airflow.models.dagbag.DagBag"}
{"timestamp":"2026-01-20T12:34:02.078669","level":"info","event":"Filling up the DagBag from /home/airflow/.local/lib/python3.12/site-packages/airflow/example_dags/example_asset_alias_with_no_taskflow.py","logger":"airflow.models.dagbag.DagBag"}
{"timestamp":"2026-01-20T12:34:32.917286","level":"info","event":"Filling up the DagBag from /home/airflow/.local/lib/python3.12/site-packages/airflow/example_dags/example_asset_alias_with_no_taskflow.py","logger":"airflow.models.dagbag.DagBag"}
{"timestamp":"2026-01-20T12:35:03.537445","level":"info","event":"Filling up the DagBag from /home/airflow/.local/lib/python3.12/site-packages/airflow/example_dags/example_asset_alias_with_no_taskflow.py","logger":"airflow.models.dagbag.DagBag"}
{"timestamp":"2026-01-20T12:35:34.989051","level":"info","event":"Filling up the DagBag from /home/airflow/.local/lib/python3.12/site-packages/airflow/example_dags/example_asset_alias_with_no_taskflow.py","logger":"airflow.models.dagbag.DagBag"}
{"timestamp":"2026-01-20T12:36:05.659827","level":"info","event":"Filling up the DagBag from /home/airflow/.local/lib/python3.12/site-packages/airflow/example_dags/example_asset_alias_with_no_taskflow.py","logger":"airflow.models.dagbag.DagBag"}
{"timestamp":"2026-01-20T12:36:39.594761","level":"info","event":"Filling up the DagBag from /home/airflow/.local/lib/python3.12/site-packages/airflow/example_dags/example_asset_alias_with_no_taskflow.py","logger":"airflow.models.dagbag.DagBag"}
{"timestamp":"2026-01-20T12:37:10.273644","level":"info","event":"Filling up the DagBag from /home/airflow/.local/lib/python3.12/site-packages/airflow/example_dags/example_asset_alias_with_no_taskflow.py","logger":"airflow.models.dagbag.DagBag"}
{"timestamp":"2026-01-20T12:37:41.809489","level":"info","event":"Filling up the DagBag from /home/airflow/.local/lib/python3.12/site-packages/airflow/example_dags/example_asset_alias_with_no_taskflow.py","logger":"airflow.models.dagbag.DagBag"}
{"timestamp":"2026-01-20T12:38:12.731057","level":"info","event":"Filling up the DagBag from /home/airflow/.local/lib/python3.12/site-packages/airflow/example_dags/example_asset_alias_with_no_taskflow.py","logger":"airflow.models.dagbag.DagBag"}
{"timestamp":"2026-01-20T12:38:43.364335","level":"info","event":"Filling up the DagBag from /home/airflow/.local/lib/python3.12/site-packages/airflow/example_dags/example_asset_alias_with_no_taskflow.py","logger":"airflow.models.dagbag.DagBag"}
{"timestamp":"2026-01-20T12:39:13.994714","level":"info","event":"Filling up the DagBag from /home/airflow/.local/lib/python3.12/site-packages/airflow/example_dags/example_asset_alias_with_no_taskflow.py","logger":"airflow.models.dagbag.DagBag"}
{"timestamp":"2026-01-20T12:39:44.568736","level":"info","event":"Filling up the DagBag from /home/airflow/.local/lib/python3.12/site-packages/airflow/example_dags/example_asset_alias_with_no_taskflow.py","logger":"airflow.models.dagbag.DagBag"}
{"timestamp":"2026-01-20T12:40:15.396077","level":"info","event":"Filling up the DagBag from /home/airflow/.local/lib/python3.12/site-packages/airflow/example_dags/example_asset_alias_with_no_taskflow.py","logger":"airflow.models.dagbag.DagBag"}
{"timestamp":"2026-01-20T12:40:46.525755","level":"info","event":"Filling up the DagBag from /home/airflow/.local/lib/python3.12/site-packages/airflow/example_dags/example_asset_alias_with_no_taskflow.py","logger":"airflow.models.dagbag.DagBag"}
{"timestamp":"2026-01-20T12:41:18.037586","level":"info","event":"Filling up the DagBag from /home/airflow/.local/lib/python3.12/site-packages/airflow/example_dags/example_asset_alias_with_no_taskflow.py","logger":"airflow.models.dagbag.DagBag"}
{"timestamp":"2026-01-20T12:41:49.092905","level":"info","event":"Filling up the DagBag from /home/airflow/.local/lib/python3.12/site-packages/airflow/example_dags/example_asset_alias_with_no_taskflow.py","logger":"airflow.models.dagbag.DagBag"}
{"timestamp":"2026-01-20T12:42:20.668678","level":"info","event":"Filling up the DagBag from /home/airflow/.local/lib/python3.12/site-packages/airflow/example_dags/example_asset_alias_with_no_taskflow.py","logger":"airflow.models.dagbag.DagBag"}
{"timestamp":"2026-01-20T12:42:51.378931","level":"info","event":"Filling up the DagBag from /home/airflow/.local/lib/python3.12/site-packages/airflow/example_dags/example_asset_alias_with_no_taskflow.py","logger":"airflow.models.dagbag.DagBag"}
{"timestamp":"2026-01-20T12:43:22.168418","level":"info","event":"Filling up the DagBag from /home/airflow/.local/lib/python3.12/site-packages/airflow/example_dags/example_asset_alias_with_no_taskflow.py","logger":"airflow.models.dagbag.DagBag"}
{"timestamp":"2026-01-20T12:43:53.567524","level":"info","event":"Filling up the DagBag from /home/airflow/.local/lib/python3.12/site-packages/airflow/example_dags/example_asset_alias_with_no_taskflow.py","logger":"airflow.models.dagbag.DagBag"}
{"timestamp":"2026-01-20T12:44:24.286067","level":"info","event":"Filling up the DagBag from /home/airflow/.local/lib/python3.12/site-packages/airflow/example_dags/example_asset_alias_with_no_taskflow.py","logger":"airflow.models.dagbag.DagBag"}
{"timestamp":"2026-01-20T12:45:05.375728","level":"info","event":"Filling up the DagBag from /home/airflow/.local/lib/python3.12/site-packages/airflow/example_dags/example_asset_alias_with_no_taskflow.py","logger":"airflow.models.dagbag.DagBag"}
{"timestamp":"2026-01-20T12:45:35.698364","level":"info","event":"Filling up the DagBag from /home/airflow/.local/lib/python3.12/site-packages/airflow/example_dags/example_asset_alias_with_no_taskflow.py","logger":"airflow.models.dagbag.DagBag"}
{"timestamp":"2026-01-20T12:47:13.125171","level":"info","event":"Filling up the DagBag from /home/airflow/.local/lib/python3.12/site-packages/airflow/example_dags/example_asset_alias_with_no_taskflow.py","logger":"airflow.models.dagbag.DagBag"}
{"timestamp":"2026-01-20T12:48:58.369782","level":"info","event":"Filling up the DagBag from /home/airflow/.local/lib/python3.12/site-packages/airflow/example_dags/example_asset_alias_with_no_taskflow.py","logger":"airflow.models.dagbag.DagBag"}
{"timestamp":"2026-01-20T12:50:19.672696","level":"info","event":"Filling up the DagBag from /home/airflow/.local/lib/python3.12/site-packages/airflow/example_dags/example_asset_alias_with_no_taskflow.py","logger":"airflow.models.dagbag.DagBag"}
{"timestamp":"2026-01-20T12:50:49.869613","level":"info","event":"Filling up the DagBag from /home/airflow/.local/lib/python3.12/site-packages/airflow/example_dags/example_asset_alias_with_no_taskflow.py","logger":"airflow.models.dagbag.DagBag"}
{"timestamp":"2026-01-20T12:53:10.252789","level":"info","event":"Filling up the DagBag from /home/airflow/.local/lib/python3.12/site-packages/airflow/example_dags/example_asset_alias_with_no_taskflow.py","logger":"airflow.models.dagbag.DagBag"}
{"timestamp":"2026-01-20T12:55:50.492650","level":"info","event":"Filling up the DagBag from /home/airflow/.local/lib/python3.12/site-packages/airflow/example_dags/example_asset_alias_with_no_taskflow.py","logger":"airflow.models.dagbag.DagBag"}
{"timestamp":"2026-01-20T12:58:03.144381","level":"info","event":"Filling up the DagBag from /home/airflow/.local/lib/python3.12/site-packages/airflow/example_dags/example_asset_alias_with_no_taskflow.py","logger":"airflow.models.dagbag.DagBag"}
{"timestamp":"2026-01-20T12:59:12.430832","level":"info","event":"Filling up the DagBag from /home/airflow/.local/lib/python3.12/site-packages/airflow/example_dags/example_asset_alias_with_no_taskflow.py","logger":"airflow.models.dagbag.DagBag"}
{"timestamp":"2026-01-20T13:01:07.944672","level":"info","event":"Filling up the DagBag from /home/airflow/.local/lib/python3.12/site-packages/airflow/example_dags/example_asset_alias_with_no_taskflow.py","logger":"airflow.models.dagbag.DagBag"}
{"timestamp":"2026-01-20T13:01:47.223946","level":"info","event":"Filling up the DagBag from /home/airflow/.local/lib/python3.12/site-packages/airflow/example_dags/example_asset_alias_with_no_taskflow.py","logger":"airflow.models.dagbag.DagBag"}
{"timestamp":"2026-01-20T13:02:18.080043","level":"info","event":"Filling up the DagBag from /home/airflow/.local/lib/python3.12/site-packages/airflow/example_dags/example_asset_alias_with_no_taskflow.py","logger":"airflow.models.dagbag.DagBag"}
{"timestamp":"2026-01-20T13:03:26.074128","level":"info","event":"Filling up the DagBag from /home/airflow/.local/lib/python3.12/site-packages/airflow/example_dags/example_asset_alias_with_no_taskflow.py","logger":"airflow.models.dagbag.DagBag"}
{"timestamp":"2026-01-20T13:04:46.738186","level":"info","event":"Filling up the DagBag from /home/airflow/.local/lib/python3.12/site-packages/airflow/example_dags/example_asset_alias_with_no_taskflow.py","logger":"airflow.models.dagbag.DagBag"}
{"timestamp":"2026-01-20T13:06:23.764834","level":"info","event":"Filling up the DagBag from /home/airflow/.local/lib/python3.12/site-packages/airflow/example_dags/example_asset_alias_with_no_taskflow.py","logger":"airflow.models.dagbag.DagBag"}
{"timestamp":"2026-01-20T13:06:54.670902","level":"info","event":"Filling up the DagBag from /home/airflow/.local/lib/python3.12/site-packages/airflow/example_dags/example_asset_alias_with_no_taskflow.py","logger":"airflow.models.dagbag.DagBag"}
{"timestamp":"2026-01-20T13:09:20.501157","level":"info","event":"Filling up the DagBag from /home/airflow/.local/lib/python3.12/site-packages/airflow/example_dags/example_asset_alias_with_no_taskflow.py","logger":"airflow.models.dagbag.DagBag"}
{"timestamp":"2026-01-20T13:10:54.728155","level":"info","event":"Filling up the DagBag from /home/airflow/.local/lib/python3.12/site-packages/airflow/example_dags/example_asset_alias_with_no_taskflow.py","logger":"airflow.models.dagbag.DagBag"}
{"timestamp":"2026-01-20T13:11:41.343157","level":"info","event":"Filling up the DagBag from /home/airflow/.local/lib/python3.12/site-packages/airflow/example_dags/example_asset_alias_with_no_taskflow.py","logger":"airflow.models.dagbag.DagBag"}
{"timestamp":"2026-01-20T13:12:11.710472","level":"info","event":"Filling up the DagBag from /home/airflow/.local/lib/python3.12/site-packages/airflow/example_dags/example_asset_alias_with_no_taskflow.py","logger":"airflow.models.dagbag.DagBag"}
{"timestamp":"2026-01-20T13:12:45.603805","level":"info","event":"Filling up the DagBag from /home/airflow/.local/lib/python3.12/site-packages/airflow/example_dags/example_asset_alias_with_no_taskflow.py","logger":"airflow.models.dagbag.DagBag"}
{"timestamp":"2026-01-20T13:12:46.840784Z","level":"critical","event":"Process terminated by signal. For more information, see https://airflow.apache.org/docs/apache-airflow/stable/troubleshooting.html#TaskRunner-killed","signal":-9,"signal_name":"SIGKILL","logger":"processor"}
{"timestamp":"2026-01-20T13:15:10.259225","level":"info","event":"Filling up the DagBag from /home/airflow/.local/lib/python3.12/site-packages/airflow/example_dags/example_asset_alias_with_no_taskflow.py","logger":"airflow.models.dagbag.DagBag"}
{"timestamp":"2026-01-20T13:15:41.149078","level":"info","event":"Filling up the DagBag from /home/airflow/.local/lib/python3.12/site-packages/airflow/example_dags/example_asset_alias_with_no_taskflow.py","logger":"airflow.models.dagbag.DagBag"}
{"timestamp":"2026-01-20T13:18:19.957313","level":"info","event":"Filling up the DagBag from /home/airflow/.local/lib/python3.12/site-packages/airflow/example_dags/example_asset_alias_with_no_taskflow.py","logger":"airflow.models.dagbag.DagBag"}
{"timestamp":"2026-01-20T13:19:06.021108","level":"info","event":"Filling up the DagBag from /home/airflow/.local/lib/python3.12/site-packages/airflow/example_dags/example_asset_alias_with_no_taskflow.py","logger":"airflow.models.dagbag.DagBag"}
{"timestamp":"2026-01-20T13:19:36.776504","level":"info","event":"Filling up the DagBag from /home/airflow/.local/lib/python3.12/site-packages/airflow/example_dags/example_asset_alias_with_no_taskflow.py","logger":"airflow.models.dagbag.DagBag"}
{"timestamp":"2026-01-20T13:23:42.227988","level":"info","event":"Filling up the DagBag from /home/airflow/.local/lib/python3.12/site-packages/airflow/example_dags/example_asset_alias_with_no_taskflow.py","logger":"airflow.models.dagbag.DagBag"}
{"timestamp":"2026-01-20T13:24:12.579117","level":"info","event":"Filling up the DagBag from /home/airflow/.local/lib/python3.12/site-packages/airflow/example_dags/example_asset_alias_with_no_taskflow.py","logger":"airflow.models.dagbag.DagBag"}
{"timestamp":"2026-01-20T13:24:44.194002","level":"info","event":"Filling up the DagBag from /home/airflow/.local/lib/python3.12/site-packages/airflow/example_dags/example_asset_alias_with_no_taskflow.py","logger":"airflow.models.dagbag.DagBag"}
{"timestamp":"2026-01-20T13:26:20.550299","level":"info","event":"Filling up the DagBag from /home/airflow/.local/lib/python3.12/site-packages/airflow/example_dags/example_asset_alias_with_no_taskflow.py","logger":"airflow.models.dagbag.DagBag"}
{"timestamp":"2026-01-20T13:27:04.039225","level":"info","event":"Filling up the DagBag from /home/airflow/.local/lib/python3.12/site-packages/airflow/example_dags/example_asset_alias_with_no_taskflow.py","logger":"airflow.models.dagbag.DagBag"}
{"timestamp":"2026-01-20T13:28:31.083392","level":"info","event":"Filling up the DagBag from /home/airflow/.local/lib/python3.12/site-packages/airflow/example_dags/example_asset_alias_with_no_taskflow.py","logger":"airflow.models.dagbag.DagBag"}
{"timestamp":"2026-01-20T13:30:25.579463","level":"info","event":"Filling up the DagBag from /home/airflow/.local/lib/python3.12/site-packages/airflow/example_dags/example_asset_alias_with_no_taskflow.py","logger":"airflow.models.dagbag.DagBag"}
{"timestamp":"2026-01-20T13:31:24.753036","level":"info","event":"Filling up the DagBag from /home/airflow/.local/lib/python3.12/site-packages/airflow/example_dags/example_asset_alias_with_no_taskflow.py","logger":"airflow.models.dagbag.DagBag"}
{"timestamp":"2026-01-20T13:32:50.014722","level":"info","event":"Filling up the DagBag from /home/airflow/.local/lib/python3.12/site-packages/airflow/example_dags/example_asset_alias_with_no_taskflow.py","logger":"airflow.models.dagbag.DagBag"}
{"timestamp":"2026-01-20T13:33:20.192196","level":"info","event":"Filling up the DagBag from /home/airflow/.local/lib/python3.12/site-packages/airflow/example_dags/example_asset_alias_with_no_taskflow.py","logger":"airflow.models.dagbag.DagBag"}
{"timestamp":"2026-01-20T13:33:50.657165","level":"info","event":"Filling up the DagBag from /home/airflow/.local/lib/python3.12/site-packages/airflow/example_dags/example_asset_alias_with_no_taskflow.py","logger":"airflow.models.dagbag.DagBag"}
{"timestamp":"2026-01-20T13:34:58.368002","level":"info","event":"Filling up the DagBag from /home/airflow/.local/lib/python3.12/site-packages/airflow/example_dags/example_asset_alias_with_no_taskflow.py","logger":"airflow.models.dagbag.DagBag"}
{"timestamp":"2026-01-20T13:37:09.728510","level":"info","event":"Filling up the DagBag from /home/airflow/.local/lib/python3.12/site-packages/airflow/example_dags/example_asset_alias_with_no_taskflow.py","logger":"airflow.models.dagbag.DagBag"}
{"timestamp":"2026-01-20T13:37:40.502130","level":"info","event":"Filling up the DagBag from /home/airflow/.local/lib/python3.12/site-packages/airflow/example_dags/example_asset_alias_with_no_taskflow.py","logger":"airflow.models.dagbag.DagBag"}
{"timestamp":"2026-01-20T13:40:25.631564","level":"info","event":"Filling up the DagBag from /home/airflow/.local/lib/python3.12/site-packages/airflow/example_dags/example_asset_alias_with_no_taskflow.py","logger":"airflow.models.dagbag.DagBag"}
{"timestamp":"2026-01-20T13:41:54.925491","level":"info","event":"Filling up the DagBag from /home/airflow/.local/lib/python3.12/site-packages/airflow/example_dags/example_asset_alias_with_no_taskflow.py","logger":"airflow.models.dagbag.DagBag"}
{"timestamp":"2026-01-20T13:42:25.421329","level":"info","event":"Filling up the DagBag from /home/airflow/.local/lib/python3.12/site-packages/airflow/example_dags/example_asset_alias_with_no_taskflow.py","logger":"airflow.models.dagbag.DagBag"}
{"timestamp":"2026-01-20T13:42:55.655748","level":"info","event":"Filling up the DagBag from /home/airflow/.local/lib/python3.12/site-packages/airflow/example_dags/example_asset_alias_with_no_taskflow.py","logger":"airflow.models.dagbag.DagBag"}
{"timestamp":"2026-01-20T13:43:54.467275","level":"info","event":"Filling up the DagBag from /home/airflow/.local/lib/python3.12/site-packages/airflow/example_dags/example_asset_alias_with_no_taskflow.py","logger":"airflow.models.dagbag.DagBag"}
